********************************************************************************
db2gds 22.14-s007 64 bit (Tue Jan 31 16:35:56 PST 2023)
Build Ref No.: 031 Release Candidate (01-31-2023) [2214_pgs]

Copyright 2023 Cadence Design Systems, Inc.
All rights reserved worldwide.

Build O/S:       Linux x86_64 3.10.0-693.el7.x86_64
Executed on:     atlas (Linux x86_64 5.3.18-lp152.106-default)
Process Id:      14864
Starting Time:   Tue Sep 30 02:19:40 2025 (Tue Sep 30 07:19:40 2025 GMT)
With parameters: pad_ring_14596 ./pad_ring.agf pad_ring -lmap lmapgCBg8v -netmap ./pad_ring.lnn -property_nqrc -gds_scale 1000 -vircolon 
********************************************************************************

Library name: pad_ring_14596
GDSII file name: ./pad_ring.agf
Cells to be written out: pad_ring
Source Library: pad_ring_14596
Layer mapping file(GDS <- DMC): lmapgCBg8v
    1 (dt:0 tt:0) <- 1
    48 (dt:0 tt:0) <- 48
    54 (dt:0 tt:0) <- 54
    67 (dt:0 tt:0) <- 67
    70 (dt:0 tt:0) <- 70
    71 (dt:0 tt:0) <- 71
    41 (dt:0 tt:0) <- 41
    120 (dt:0 tt:0) <- 120
    122 (dt:0 tt:0) <- 122
    125 (dt:0 tt:0) <- 125
    129 (dt:0 tt:0) <- 129
    131 (dt:0 tt:0) <- 131
    133 (dt:0 tt:0) <- 133
    135 (dt:0 tt:0) <- 135
    72 (dt:2 tt:2) <- 584
    84 (dt:2 tt:2) <- 596
    85 (dt:2 tt:2) <- 597
    91 (dt:2 tt:2) <- 603
    93 (dt:2 tt:2) <- 605
    95 (dt:2 tt:2) <- 607
    124 (dt:2 tt:2) <- 636
    126 (dt:2 tt:2) <- 638
    127 (dt:2 tt:2) <- 639
    129 (dt:2 tt:2) <- 641
    130 (dt:2 tt:2) <- 642
    131 (dt:2 tt:2) <- 643
    133 (dt:2 tt:2) <- 645
    7 (dt:0 tt:0) <- 7
    8 (dt:0 tt:0) <- 8
    10 (dt:0 tt:0) <- 10
    13 (dt:0 tt:0) <- 13
    250 (dt:0 tt:0) <- 250
    2 (dt:1 tt:1) <- 258
    149 (dt:1 tt:1) <- 405
    152 (dt:1 tt:1) <- 408
    153 (dt:1 tt:1) <- 409
    157 (dt:1 tt:1) <- 413
    159 (dt:1 tt:1) <- 415
    162 (dt:1 tt:1) <- 418
    166 (dt:1 tt:1) <- 422
    196 (dt:1 tt:1) <- 452
    197 (dt:1 tt:1) <- 453
    198 (dt:1 tt:1) <- 454
    199 (dt:1 tt:1) <- 455
    200 (dt:1 tt:1) <- 456
    201 (dt:1 tt:1) <- 457
    202 (dt:1 tt:1) <- 458
    203 (dt:1 tt:1) <- 459
    204 (dt:1 tt:1) <- 460
    205 (dt:1 tt:1) <- 461
    230 (dt:1 tt:1) <- 486
    234 (dt:1 tt:1) <- 490
    239 (dt:1 tt:1) <- 495
    241 (dt:1 tt:1) <- 497
    243 (dt:1 tt:1) <- 499
    245 (dt:1 tt:1) <- 501
    247 (dt:1 tt:1) <- 503
    249 (dt:1 tt:1) <- 505
    253 (dt:1 tt:1) <- 509
    1 (dt:2 tt:2) <- 513
    5 (dt:2 tt:2) <- 517
    9 (dt:2 tt:2) <- 521
    14 (dt:2 tt:2) <- 526
    20 (dt:2 tt:2) <- 532
    147 (dt:2 tt:2) <- 659
    148 (dt:2 tt:2) <- 660
    6 (dt:0 tt:0) <- 6
    21 (dt:0 tt:0) <- 21
    24 (dt:0 tt:0) <- 24
    26 (dt:0 tt:0) <- 26
    29 (dt:0 tt:0) <- 29
    31 (dt:0 tt:0) <- 31
    44 (dt:0 tt:0) <- 44
    50 (dt:0 tt:0) <- 50
    51 (dt:0 tt:0) <- 51
    52 (dt:0 tt:0) <- 52
    53 (dt:0 tt:0) <- 53
    56 (dt:0 tt:0) <- 56
    58 (dt:0 tt:0) <- 58
    60 (dt:0 tt:0) <- 60
    94 (dt:0 tt:0) <- 94
    98 (dt:0 tt:0) <- 98
    106 (dt:0 tt:0) <- 106
    107 (dt:0 tt:0) <- 107
    118 (dt:0 tt:0) <- 118
    144 (dt:0 tt:0) <- 144
    146 (dt:0 tt:0) <- 146
    148 (dt:0 tt:0) <- 148
    149 (dt:0 tt:0) <- 149
    151 (dt:0 tt:0) <- 151
    152 (dt:0 tt:0) <- 152
    153 (dt:0 tt:0) <- 153
    156 (dt:0 tt:0) <- 156
    157 (dt:0 tt:0) <- 157
    159 (dt:0 tt:0) <- 159
    160 (dt:0 tt:0) <- 160
    163 (dt:0 tt:0) <- 163
    167 (dt:0 tt:0) <- 167
    168 (dt:0 tt:0) <- 168
    172 (dt:0 tt:0) <- 172
    179 (dt:0 tt:0) <- 179
    181 (dt:0 tt:0) <- 181
    184 (dt:0 tt:0) <- 184
    187 (dt:0 tt:0) <- 187
    197 (dt:0 tt:0) <- 197
    198 (dt:0 tt:0) <- 198
    201 (dt:0 tt:0) <- 201
    202 (dt:0 tt:0) <- 202
    204 (dt:0 tt:0) <- 204
    206 (dt:0 tt:0) <- 206
    208 (dt:0 tt:0) <- 208
    213 (dt:0 tt:0) <- 213
    214 (dt:0 tt:0) <- 214
    215 (dt:0 tt:0) <- 215
    218 (dt:0 tt:0) <- 218
    219 (dt:0 tt:0) <- 219
    221 (dt:0 tt:0) <- 221
    222 (dt:0 tt:0) <- 222
    223 (dt:0 tt:0) <- 223
    225 (dt:0 tt:0) <- 225
    227 (dt:0 tt:0) <- 227
    229 (dt:0 tt:0) <- 229
    231 (dt:0 tt:0) <- 231
    238 (dt:0 tt:0) <- 238
    243 (dt:0 tt:0) <- 243
    245 (dt:0 tt:0) <- 245
    248 (dt:0 tt:0) <- 248
    251 (dt:0 tt:0) <- 251
    253 (dt:0 tt:0) <- 253
    254 (dt:0 tt:0) <- 254
    0 (dt:1 tt:1) <- 256
    1 (dt:1 tt:1) <- 257
    4 (dt:1 tt:1) <- 260
    5 (dt:1 tt:1) <- 261
    6 (dt:1 tt:1) <- 262
    10 (dt:1 tt:1) <- 266
    11 (dt:1 tt:1) <- 267
    13 (dt:1 tt:1) <- 269
    16 (dt:1 tt:1) <- 272
    18 (dt:1 tt:1) <- 274
    19 (dt:1 tt:1) <- 275
    22 (dt:1 tt:1) <- 278
    24 (dt:1 tt:1) <- 280
    26 (dt:1 tt:1) <- 282
    27 (dt:1 tt:1) <- 283
    28 (dt:1 tt:1) <- 284
    29 (dt:1 tt:1) <- 285
    35 (dt:1 tt:1) <- 291
    37 (dt:1 tt:1) <- 293
    38 (dt:1 tt:1) <- 294
    41 (dt:1 tt:1) <- 297
    42 (dt:1 tt:1) <- 298
    251 (dt:1 tt:1) <- 507
    252 (dt:1 tt:1) <- 508
    254 (dt:1 tt:1) <- 510
    255 (dt:1 tt:1) <- 511
    4 (dt:2 tt:2) <- 516
    6 (dt:2 tt:2) <- 518
    7 (dt:2 tt:2) <- 519
    8 (dt:2 tt:2) <- 520
    10 (dt:2 tt:2) <- 522
    11 (dt:2 tt:2) <- 523
    44 (dt:2 tt:2) <- 556
    45 (dt:2 tt:2) <- 557
    46 (dt:2 tt:2) <- 558
    48 (dt:2 tt:2) <- 560
    50 (dt:2 tt:2) <- 562
    51 (dt:2 tt:2) <- 563
    216 (dt:0 tt:0) <- 216
    108 (dt:2 tt:2) <- 620
    120 (dt:2 tt:2) <- 632
    134 (dt:2 tt:2) <- 646
    135 (dt:2 tt:2) <- 647
    136 (dt:2 tt:2) <- 648
    149 (dt:2 tt:2) <- 661
    150 (dt:2 tt:2) <- 662
    153 (dt:2 tt:2) <- 665
    155 (dt:2 tt:2) <- 667
    2 (dt:0 tt:0) <- 2
    14 (dt:0 tt:0) <- 14
    16 (dt:0 tt:0) <- 16
    19 (dt:0 tt:0) <- 19
    28 (dt:0 tt:0) <- 28
    30 (dt:0 tt:0) <- 30
    33 (dt:0 tt:0) <- 33
    35 (dt:0 tt:0) <- 35
    40 (dt:0 tt:0) <- 40
    55 (dt:0 tt:0) <- 55
    57 (dt:0 tt:0) <- 57
    59 (dt:0 tt:0) <- 59
    61 (dt:0 tt:0) <- 61
    62 (dt:0 tt:0) <- 62
    63 (dt:0 tt:0) <- 63
    65 (dt:0 tt:0) <- 65
    66 (dt:0 tt:0) <- 66
    69 (dt:0 tt:0) <- 69
    73 (dt:0 tt:0) <- 73
    74 (dt:0 tt:0) <- 74
    77 (dt:0 tt:0) <- 77
    78 (dt:0 tt:0) <- 78
    79 (dt:0 tt:0) <- 79
    82 (dt:0 tt:0) <- 82
    84 (dt:0 tt:0) <- 84
    87 (dt:0 tt:0) <- 87
    89 (dt:0 tt:0) <- 89
    90 (dt:0 tt:0) <- 90
    91 (dt:0 tt:0) <- 91
    92 (dt:0 tt:0) <- 92
    93 (dt:0 tt:0) <- 93
    95 (dt:0 tt:0) <- 95
    97 (dt:0 tt:0) <- 97
    99 (dt:0 tt:0) <- 99
    101 (dt:0 tt:0) <- 101
    104 (dt:0 tt:0) <- 104
    108 (dt:0 tt:0) <- 108
    109 (dt:0 tt:0) <- 109
    110 (dt:0 tt:0) <- 110
    114 (dt:0 tt:0) <- 114
    115 (dt:0 tt:0) <- 115
    116 (dt:0 tt:0) <- 116
    117 (dt:0 tt:0) <- 117
    123 (dt:0 tt:0) <- 123
    128 (dt:0 tt:0) <- 128
    130 (dt:0 tt:0) <- 130
    134 (dt:0 tt:0) <- 134
    136 (dt:0 tt:0) <- 136
    139 (dt:0 tt:0) <- 139
    140 (dt:0 tt:0) <- 140
    143 (dt:0 tt:0) <- 143
    145 (dt:0 tt:0) <- 145
    147 (dt:0 tt:0) <- 147
    150 (dt:0 tt:0) <- 150
    154 (dt:0 tt:0) <- 154
    155 (dt:0 tt:0) <- 155
    158 (dt:0 tt:0) <- 158
    161 (dt:0 tt:0) <- 161
    162 (dt:0 tt:0) <- 162
    164 (dt:0 tt:0) <- 164
    169 (dt:0 tt:0) <- 169
    170 (dt:0 tt:0) <- 170
    176 (dt:0 tt:0) <- 176
    182 (dt:0 tt:0) <- 182
    188 (dt:0 tt:0) <- 188
    190 (dt:0 tt:0) <- 190
    200 (dt:0 tt:0) <- 200
    203 (dt:0 tt:0) <- 203
    205 (dt:0 tt:0) <- 205
    207 (dt:0 tt:0) <- 207
    209 (dt:0 tt:0) <- 209
    210 (dt:0 tt:0) <- 210
    211 (dt:0 tt:0) <- 211
    212 (dt:0 tt:0) <- 212
    224 (dt:0 tt:0) <- 224
    234 (dt:0 tt:0) <- 234
    235 (dt:0 tt:0) <- 235
    236 (dt:0 tt:0) <- 236
    237 (dt:0 tt:0) <- 237
    239 (dt:0 tt:0) <- 239
    240 (dt:0 tt:0) <- 240
    241 (dt:0 tt:0) <- 241
    242 (dt:0 tt:0) <- 242
    244 (dt:0 tt:0) <- 244
    246 (dt:0 tt:0) <- 246
    247 (dt:0 tt:0) <- 247
    249 (dt:0 tt:0) <- 249
    252 (dt:0 tt:0) <- 252
    255 (dt:0 tt:0) <- 255
    3 (dt:1 tt:1) <- 259
    9 (dt:1 tt:1) <- 265
    15 (dt:1 tt:1) <- 271
    17 (dt:1 tt:1) <- 273
    20 (dt:1 tt:1) <- 276
    30 (dt:1 tt:1) <- 286
    31 (dt:1 tt:1) <- 287
    32 (dt:1 tt:1) <- 288
    33 (dt:1 tt:1) <- 289
    34 (dt:1 tt:1) <- 290
    36 (dt:1 tt:1) <- 292
    39 (dt:1 tt:1) <- 295
    40 (dt:1 tt:1) <- 296
    43 (dt:1 tt:1) <- 299
    44 (dt:1 tt:1) <- 300
    45 (dt:1 tt:1) <- 301
    46 (dt:1 tt:1) <- 302
    47 (dt:1 tt:1) <- 303
    48 (dt:1 tt:1) <- 304
    51 (dt:1 tt:1) <- 307
    52 (dt:1 tt:1) <- 308
    55 (dt:1 tt:1) <- 311
    56 (dt:1 tt:1) <- 312
    57 (dt:1 tt:1) <- 313
    58 (dt:1 tt:1) <- 314
    59 (dt:1 tt:1) <- 315
    60 (dt:1 tt:1) <- 316
    62 (dt:1 tt:1) <- 318
    64 (dt:1 tt:1) <- 320
    66 (dt:1 tt:1) <- 322
    67 (dt:1 tt:1) <- 323
    68 (dt:1 tt:1) <- 324
    69 (dt:1 tt:1) <- 325
    70 (dt:1 tt:1) <- 326
    71 (dt:1 tt:1) <- 327
    72 (dt:1 tt:1) <- 328
    73 (dt:1 tt:1) <- 329
    74 (dt:1 tt:1) <- 330
    75 (dt:1 tt:1) <- 331
    76 (dt:1 tt:1) <- 332
    77 (dt:1 tt:1) <- 333
    78 (dt:1 tt:1) <- 334
    81 (dt:1 tt:1) <- 337
    82 (dt:1 tt:1) <- 338
    85 (dt:1 tt:1) <- 341
    86 (dt:1 tt:1) <- 342
    87 (dt:1 tt:1) <- 343
    89 (dt:1 tt:1) <- 345
    90 (dt:1 tt:1) <- 346
    92 (dt:1 tt:1) <- 348
    94 (dt:1 tt:1) <- 350
    95 (dt:1 tt:1) <- 351
    96 (dt:1 tt:1) <- 352
    102 (dt:1 tt:1) <- 358
    104 (dt:1 tt:1) <- 360
    106 (dt:1 tt:1) <- 362
    107 (dt:1 tt:1) <- 363
    108 (dt:1 tt:1) <- 364
    109 (dt:1 tt:1) <- 365
    110 (dt:1 tt:1) <- 366
    111 (dt:1 tt:1) <- 367
    112 (dt:1 tt:1) <- 368
    113 (dt:1 tt:1) <- 369
    114 (dt:1 tt:1) <- 370
    115 (dt:1 tt:1) <- 371
    116 (dt:1 tt:1) <- 372
    117 (dt:1 tt:1) <- 373
    120 (dt:1 tt:1) <- 376
    121 (dt:1 tt:1) <- 377
    122 (dt:1 tt:1) <- 378
    123 (dt:1 tt:1) <- 379
    124 (dt:1 tt:1) <- 380
    125 (dt:1 tt:1) <- 381
    128 (dt:1 tt:1) <- 384
    130 (dt:1 tt:1) <- 386
    133 (dt:1 tt:1) <- 389
    134 (dt:1 tt:1) <- 390
    135 (dt:1 tt:1) <- 391
    136 (dt:1 tt:1) <- 392
    137 (dt:1 tt:1) <- 393
    138 (dt:1 tt:1) <- 394
    139 (dt:1 tt:1) <- 395
    140 (dt:1 tt:1) <- 396
    141 (dt:1 tt:1) <- 397
    142 (dt:1 tt:1) <- 398
    143 (dt:1 tt:1) <- 399
    144 (dt:1 tt:1) <- 400
    145 (dt:1 tt:1) <- 401
    146 (dt:1 tt:1) <- 402
    147 (dt:1 tt:1) <- 403
    148 (dt:1 tt:1) <- 404
    156 (dt:1 tt:1) <- 412
    163 (dt:1 tt:1) <- 419
    164 (dt:1 tt:1) <- 420
    165 (dt:1 tt:1) <- 421
    167 (dt:1 tt:1) <- 423
    168 (dt:1 tt:1) <- 424
    169 (dt:1 tt:1) <- 425
    170 (dt:1 tt:1) <- 426
    171 (dt:1 tt:1) <- 427
    172 (dt:1 tt:1) <- 428
    174 (dt:1 tt:1) <- 430
    176 (dt:1 tt:1) <- 432
    177 (dt:1 tt:1) <- 433
    178 (dt:1 tt:1) <- 434
    180 (dt:1 tt:1) <- 436
    182 (dt:1 tt:1) <- 438
    183 (dt:1 tt:1) <- 439
    184 (dt:1 tt:1) <- 440
    185 (dt:1 tt:1) <- 441
    186 (dt:1 tt:1) <- 442
    187 (dt:1 tt:1) <- 443
    188 (dt:1 tt:1) <- 444
    190 (dt:1 tt:1) <- 446
    191 (dt:1 tt:1) <- 447
    194 (dt:1 tt:1) <- 450
    195 (dt:1 tt:1) <- 451
    206 (dt:1 tt:1) <- 462
    208 (dt:1 tt:1) <- 464
    210 (dt:1 tt:1) <- 466
    211 (dt:1 tt:1) <- 467
    214 (dt:1 tt:1) <- 470
    215 (dt:1 tt:1) <- 471
    219 (dt:1 tt:1) <- 475
    220 (dt:1 tt:1) <- 476
    221 (dt:1 tt:1) <- 477
    222 (dt:1 tt:1) <- 478
    223 (dt:1 tt:1) <- 479
    224 (dt:1 tt:1) <- 480
    225 (dt:1 tt:1) <- 481
    226 (dt:1 tt:1) <- 482
    227 (dt:1 tt:1) <- 483
    233 (dt:1 tt:1) <- 489
    237 (dt:1 tt:1) <- 493
    240 (dt:1 tt:1) <- 496
    242 (dt:1 tt:1) <- 498
    244 (dt:1 tt:1) <- 500
    246 (dt:1 tt:1) <- 502
    248 (dt:1 tt:1) <- 504
    250 (dt:1 tt:1) <- 506
    0 (dt:2 tt:2) <- 512
    2 (dt:2 tt:2) <- 514
    3 (dt:2 tt:2) <- 515
    17 (dt:2 tt:2) <- 529
    21 (dt:2 tt:2) <- 533
    24 (dt:2 tt:2) <- 536
    26 (dt:2 tt:2) <- 538
    27 (dt:2 tt:2) <- 539
    28 (dt:2 tt:2) <- 540
    29 (dt:2 tt:2) <- 541
    31 (dt:2 tt:2) <- 543
    33 (dt:2 tt:2) <- 545
    34 (dt:2 tt:2) <- 546
    36 (dt:2 tt:2) <- 548
    39 (dt:2 tt:2) <- 551
    47 (dt:2 tt:2) <- 559
    49 (dt:2 tt:2) <- 561
    52 (dt:2 tt:2) <- 564
    53 (dt:2 tt:2) <- 565
    54 (dt:2 tt:2) <- 566
    55 (dt:2 tt:2) <- 567
    56 (dt:2 tt:2) <- 568
    57 (dt:2 tt:2) <- 569
    58 (dt:2 tt:2) <- 570
    59 (dt:2 tt:2) <- 571
    60 (dt:2 tt:2) <- 572
    61 (dt:2 tt:2) <- 573
    62 (dt:2 tt:2) <- 574
    63 (dt:2 tt:2) <- 575
    64 (dt:2 tt:2) <- 576
    65 (dt:2 tt:2) <- 577
    66 (dt:2 tt:2) <- 578
    67 (dt:2 tt:2) <- 579
    68 (dt:2 tt:2) <- 580
    69 (dt:2 tt:2) <- 581
    70 (dt:2 tt:2) <- 582
    71 (dt:2 tt:2) <- 583
    73 (dt:2 tt:2) <- 585
    74 (dt:2 tt:2) <- 586
    75 (dt:2 tt:2) <- 587
    76 (dt:2 tt:2) <- 588
    77 (dt:2 tt:2) <- 589
    78 (dt:2 tt:2) <- 590
    79 (dt:2 tt:2) <- 591
    80 (dt:2 tt:2) <- 592
    81 (dt:2 tt:2) <- 593
    82 (dt:2 tt:2) <- 594
    83 (dt:2 tt:2) <- 595
    86 (dt:2 tt:2) <- 598
    87 (dt:2 tt:2) <- 599
    88 (dt:2 tt:2) <- 600
    89 (dt:2 tt:2) <- 601
    90 (dt:2 tt:2) <- 602
    92 (dt:2 tt:2) <- 604
    94 (dt:2 tt:2) <- 606
    96 (dt:2 tt:2) <- 608
    97 (dt:2 tt:2) <- 609
    98 (dt:2 tt:2) <- 610
    99 (dt:2 tt:2) <- 611
    100 (dt:2 tt:2) <- 612
    101 (dt:2 tt:2) <- 613
    102 (dt:2 tt:2) <- 614
    103 (dt:2 tt:2) <- 615
    104 (dt:2 tt:2) <- 616
    105 (dt:2 tt:2) <- 617
    106 (dt:2 tt:2) <- 618
    107 (dt:2 tt:2) <- 619
    109 (dt:2 tt:2) <- 621
    110 (dt:2 tt:2) <- 622
    111 (dt:2 tt:2) <- 623
    112 (dt:2 tt:2) <- 624
    113 (dt:2 tt:2) <- 625
    114 (dt:2 tt:2) <- 626
    115 (dt:2 tt:2) <- 627
    116 (dt:2 tt:2) <- 628
    117 (dt:2 tt:2) <- 629
    118 (dt:2 tt:2) <- 630
    119 (dt:2 tt:2) <- 631
    121 (dt:2 tt:2) <- 633
    122 (dt:2 tt:2) <- 634
    123 (dt:2 tt:2) <- 635
    125 (dt:2 tt:2) <- 637
    128 (dt:2 tt:2) <- 640
    132 (dt:2 tt:2) <- 644
    137 (dt:2 tt:2) <- 649
    138 (dt:2 tt:2) <- 650
    139 (dt:2 tt:2) <- 651
    140 (dt:2 tt:2) <- 652
    141 (dt:2 tt:2) <- 653
    142 (dt:2 tt:2) <- 654
    143 (dt:2 tt:2) <- 655
    144 (dt:2 tt:2) <- 656
    145 (dt:2 tt:2) <- 657
    146 (dt:2 tt:2) <- 658
    151 (dt:2 tt:2) <- 663
    152 (dt:2 tt:2) <- 664
    154 (dt:2 tt:2) <- 666
    156 (dt:2 tt:2) <- 668
    157 (dt:2 tt:2) <- 669
    158 (dt:2 tt:2) <- 670
    159 (dt:2 tt:2) <- 671
    160 (dt:2 tt:2) <- 672
    161 (dt:2 tt:2) <- 673
    3 (dt:0 tt:0) <- 3
    12 (dt:0 tt:0) <- 12
    15 (dt:0 tt:0) <- 15
    17 (dt:0 tt:0) <- 17
    18 (dt:0 tt:0) <- 18
    25 (dt:0 tt:0) <- 25
    27 (dt:0 tt:0) <- 27
    32 (dt:0 tt:0) <- 32
    37 (dt:0 tt:0) <- 37
    46 (dt:0 tt:0) <- 46
    47 (dt:0 tt:0) <- 47
    49 (dt:0 tt:0) <- 49
    64 (dt:0 tt:0) <- 64
    68 (dt:0 tt:0) <- 68
    75 (dt:0 tt:0) <- 75
    83 (dt:0 tt:0) <- 83
    96 (dt:0 tt:0) <- 96
    100 (dt:0 tt:0) <- 100
    105 (dt:0 tt:0) <- 105
    113 (dt:0 tt:0) <- 113
    121 (dt:0 tt:0) <- 121
    126 (dt:0 tt:0) <- 126
    132 (dt:0 tt:0) <- 132
    137 (dt:0 tt:0) <- 137
    138 (dt:0 tt:0) <- 138
    141 (dt:0 tt:0) <- 141
    142 (dt:0 tt:0) <- 142
    4 (dt:0 tt:0) <- 4
    5 (dt:0 tt:0) <- 5
    9 (dt:0 tt:0) <- 9
    11 (dt:0 tt:0) <- 11
    20 (dt:0 tt:0) <- 20
    22 (dt:0 tt:0) <- 22
    23 (dt:0 tt:0) <- 23
    34 (dt:0 tt:0) <- 34
    36 (dt:0 tt:0) <- 36
    38 (dt:0 tt:0) <- 38
    39 (dt:0 tt:0) <- 39
    42 (dt:0 tt:0) <- 42
    43 (dt:0 tt:0) <- 43
    45 (dt:0 tt:0) <- 45
    72 (dt:0 tt:0) <- 72
    76 (dt:0 tt:0) <- 76
    80 (dt:0 tt:0) <- 80
    81 (dt:0 tt:0) <- 81
    85 (dt:0 tt:0) <- 85
    86 (dt:0 tt:0) <- 86
    88 (dt:0 tt:0) <- 88
    102 (dt:0 tt:0) <- 102
    103 (dt:0 tt:0) <- 103
    111 (dt:0 tt:0) <- 111
    112 (dt:0 tt:0) <- 112
    119 (dt:0 tt:0) <- 119
    124 (dt:0 tt:0) <- 124
    127 (dt:0 tt:0) <- 127
    165 (dt:0 tt:0) <- 165
    166 (dt:0 tt:0) <- 166
    174 (dt:0 tt:0) <- 174
    178 (dt:0 tt:0) <- 178
    193 (dt:0 tt:0) <- 193
    196 (dt:0 tt:0) <- 196
    199 (dt:0 tt:0) <- 199
    217 (dt:0 tt:0) <- 217
    220 (dt:0 tt:0) <- 220
    226 (dt:0 tt:0) <- 226
    228 (dt:0 tt:0) <- 228
    230 (dt:0 tt:0) <- 230
    232 (dt:0 tt:0) <- 232
    233 (dt:0 tt:0) <- 233
    7 (dt:1 tt:1) <- 263
    8 (dt:1 tt:1) <- 264
    12 (dt:1 tt:1) <- 268
    14 (dt:1 tt:1) <- 270
    21 (dt:1 tt:1) <- 277
    23 (dt:1 tt:1) <- 279
    25 (dt:1 tt:1) <- 281
    49 (dt:1 tt:1) <- 305
    50 (dt:1 tt:1) <- 306
    53 (dt:1 tt:1) <- 309
    54 (dt:1 tt:1) <- 310
    61 (dt:1 tt:1) <- 317
    63 (dt:1 tt:1) <- 319
    65 (dt:1 tt:1) <- 321
    79 (dt:1 tt:1) <- 335
    80 (dt:1 tt:1) <- 336
    83 (dt:1 tt:1) <- 339
    84 (dt:1 tt:1) <- 340
    88 (dt:1 tt:1) <- 344
    91 (dt:1 tt:1) <- 347
    93 (dt:1 tt:1) <- 349
    97 (dt:1 tt:1) <- 353
    98 (dt:1 tt:1) <- 354
    99 (dt:1 tt:1) <- 355
    100 (dt:1 tt:1) <- 356
    101 (dt:1 tt:1) <- 357
    103 (dt:1 tt:1) <- 359
    105 (dt:1 tt:1) <- 361
    118 (dt:1 tt:1) <- 374
    119 (dt:1 tt:1) <- 375
    126 (dt:1 tt:1) <- 382
    127 (dt:1 tt:1) <- 383
    129 (dt:1 tt:1) <- 385
    131 (dt:1 tt:1) <- 387
    132 (dt:1 tt:1) <- 388
    150 (dt:1 tt:1) <- 406
    151 (dt:1 tt:1) <- 407
    154 (dt:1 tt:1) <- 410
    155 (dt:1 tt:1) <- 411
    158 (dt:1 tt:1) <- 414
    160 (dt:1 tt:1) <- 416
    161 (dt:1 tt:1) <- 417
    173 (dt:1 tt:1) <- 429
    175 (dt:1 tt:1) <- 431
    179 (dt:1 tt:1) <- 435
    181 (dt:1 tt:1) <- 437
    189 (dt:1 tt:1) <- 445
    192 (dt:1 tt:1) <- 448
    193 (dt:1 tt:1) <- 449
    207 (dt:1 tt:1) <- 463
    209 (dt:1 tt:1) <- 465
    212 (dt:1 tt:1) <- 468
    213 (dt:1 tt:1) <- 469
    216 (dt:1 tt:1) <- 472
    217 (dt:1 tt:1) <- 473
    218 (dt:1 tt:1) <- 474
    228 (dt:1 tt:1) <- 484
    229 (dt:1 tt:1) <- 485
    231 (dt:1 tt:1) <- 487
    232 (dt:1 tt:1) <- 488
    235 (dt:1 tt:1) <- 491
    236 (dt:1 tt:1) <- 492
    238 (dt:1 tt:1) <- 494
    12 (dt:2 tt:2) <- 524
    13 (dt:2 tt:2) <- 525
    15 (dt:2 tt:2) <- 527
    16 (dt:2 tt:2) <- 528
    18 (dt:2 tt:2) <- 530
    19 (dt:2 tt:2) <- 531
    22 (dt:2 tt:2) <- 534
    23 (dt:2 tt:2) <- 535
    25 (dt:2 tt:2) <- 537
    30 (dt:2 tt:2) <- 542
    32 (dt:2 tt:2) <- 544
    35 (dt:2 tt:2) <- 547
    37 (dt:2 tt:2) <- 549
    38 (dt:2 tt:2) <- 550
    40 (dt:2 tt:2) <- 552
    41 (dt:2 tt:2) <- 553
    42 (dt:2 tt:2) <- 554
    43 (dt:2 tt:2) <- 555
Cell name case: PRESERVE
Option: output object property for new qrc flow


                Object Statistics of Cells                            
Cell Name         Box  Polygon     Path   Label Instance Array    Total
----------------------------------------------------------------------
pad_ring        97412      299        0       0  2133      0     99844
M2_M1_CDNS_759216768300       62        0        0       0     0      0        62
PFILLER20_G         0        0        0       0     8      0         8
PFILLER10_G         0        0        0       0     4      0         4
PFILLER1_G         96        0        0       0    60      0       156
PFILLER58P95_G        0        0        0       0    54      0        54
PFILLER05_G        96        0        0       0     1      0        97
PFILLER25_G         0        0        0       0     2      0         2
PFILLER97P6_G        6        0        0       0    42      0        48
PFILLER61P3_G        0        0        0       0    21      0        21
PFILLER05A_G      124       16        0       0     0      0       140
PFILLER10A_G       15        0        0       0    72      0        87
PFILLER25A_G       15        0        0       0    77      0        92
PFILLER58P95A_G       15        0        0       0   268      0       283
N65CHIPCDU2_New     1103        0        0       0     0      0      1103
UCSRN             116        0        0       0    65      0       181
UCSRN_NOVIA        60        0        0       0     0      0        60
VZ_45               4        0        0       0     0      0         4
VX_CO_45           66        0        0       0     0      0        66
PAD70GU_SL          1        4        0       0   108      0       113
PDUW16SDGZ_G      112       33        0       0  1219      0      1364
PCORNER_G           0      311        0       0     2      0       313
HBG526_PL_M3456789_VDD2       11       11        0       0   202      0       224
PVDD1DGZ_G         19       11        0       0   301      0       331
PVDD2POC_G         13        0        0       0     3      0        16
PVDD2DGZ_G         12        0        0       0     3      0        15
PRCUTA_G           61        8        0       0   227      0       296
PVDD3A_G           62       24        0       0   450      0       536
PDB3A_G           237       12        0       0   636      0       885
rppoly_CDNS_759216768300       37        0        0       0     0      0        37
PVSS2DGZ_G         26       14        0       0   283      0       323
HBG526_POSTVSS1DGZ_G       35       26        0       0   311      0       372
HBG526_PREVSS1DGZ_G       14       16        0       0   309      0       339
PVSS3A_G          106       22        0       0   874      0      1002
MASCO__A271         0        0        0       0     2      0         2
MASCO__A275         0        0        0       0     2      0         2
MASCO__A276         0        0        0       0     2      0         2
MASCO__A281         0        0        0       0     2      0         2
MASCO__A282         0        0        0       0     2      0         2
MASCO__A284         0        0        0       0     2      0         2
MASCO__B285         0        0        0       0     2      0         2
MASCO__B288         0        0        0       0     2      0         2
MASCO__B291         0        0        0       0     2      0         2
MASCO__B292         0        0        0       0     2      0         2
MASCO__A293         0        0        0       0     2      0         2
MASCO__A294         0        0        0       0     2      0         2
MASCO__A297         0        0        0       0     2      0         2
MASCO__A298         0        0        0       0     2      0         2
MASCO__B299         0        0        0       0     2      0         2
MASCO__B300         0        0        0       0     2      0         2
HBG526_PFILLER5_BASE_G       31       32        0       0   818      0       881
HBG526_PL_M3456789_FILLER5       96        0        0       0   125      0       221
HBG526_V456789XZ_4X4       52        0        0       0     0      0        52
HBG526_V3456789XZ_4X4       18        0        0       0     1      0        19
HBG526_PFILLER1_BASE_G       71       29        0       0   530      0       630
MASCO__B342         5        0        0       0     4      0         9
PFILLER50_G         6        0        0       0     3      0         9
PFILLER5_G          0        0        0       0     2      0         2
PFILLER0005_G      139        0        0       0     0      0       139
MASCO__A339         0        0        0       0     4      0         4
HBG526_PFILLER05_BASE_G       17       26        0       0     0      0        43
HBG526_V3456789XZ_4X4_1       18        0        0       0     1      0        19
HBG526_PL_M3456789_FILLER5A      105        0        0       0   134      0       239
HBG526_BASE_PFILLER5A       43       28        0       0   938      0      1009
HBG526_PL_M3456789_BASE2_1        5        0        0       0     6      0        11
HBG526_PL_M3456789_BASE6_1        5        0        0       0     6      0        11
PFILLER5A_G         0        0        0       0     2      0         2
PFILLER1A_G       180       19        0       0   857      0      1056
PFILLER0005A_G      140        0        0       0     0      0       140
CONT_VIA1_6        11        0        0       0     0      0        11
VIA7_8              2        0        0       0     0      0         2
HAE261_V8U_UNIT        4        0        0       0     0      0         4
MASCO__X102         2        0        0       0    12      0        14
MASCO__X103         2        0        0       0     4      0         6
MASCO__X105         2        0        0       0     4      0         6
MASCO__Y232         0        0        0       0    11      0        11
HBG526_V2_BASE        3        0        0       0     0      0         3
HBG526_V1_BASE        3        0        0       0     0      0         3
HBG526_OC           2        0        0       0     0      0         2
HBG526_PC           3        0        0       0     0      0         3
HBG526_V1_1         3        0        0       0     0      0         3
HBG526_V1_V2_BASE        0        0        0       0     2      0         2
HBG526_OC_1         2        0        0       0     0      0         2
HBG526_POSTDRV_PBASE_EDGE        6       12        0       0   111      0       129
HBG526_PC_2X1        6        2        0       0     8      0        16
HBG526_PMOS_1       16        4        0       0   154      0       174
HBG526_PMOS        16        4        0       0   176      0       196
HBG526_POSTN       14        3        0       0    74      0        91
HBG526_PREDRV      318      122        0       0  2018      0      2458
HBG526_PL_M3456789_BASE7        5        0        0       0    57      0        62
HBG526_PL_M3456789_BASE5        5        0        0       0    18      0        23
HBG526_PAD_CONNECT        5        0        0       0    26      0        31
HBG526_PL_M3456789_BASE6        5        0        0       0     6      0        11
HBG526_PL_M3456789_BASE_UP        5        0        0       0    45      0        50
HBG526_PL_M3456789_BASE4        5        0        0       0    42      0        47
HBG526_PL_M3456789_BASE3        5        0        0       0    15      0        20
HBG526_PL_M3456789_BASE2        5        0        0       0     9      0        14
HBG526_PL_M3456789_BASE1        5        0        0       0    45      0        50
MASCO__X25          1        0        0       0     8      0         9
MASCO__Y125         0        0        0       0     6      0         6
MASCO__Y128         6        0        0       0     6      0        12
MASCO__Y218        11        0        0       0    11      0        22
MASCO__Y219         1        0        0       0     6      0         7
MASCO__Y220         0        0        0       0     5      0         5
MASCO__Y221        11        0        0       0    11      0        22
MASCO__Y222         1        0        0       0    11      0        12
MASCO__Y223        11        0        0       0    11      0        22
HBG526_SUB_CORNER     1156        4        0       0  7155      0      8315
MASCO__B321         5        0        0       0     4      0         9
MASCO__B322         4        0        0       0     4      0         8
MASCO__B327         5        0        0       0     6      0        11
HBG526_V1           3        0        0       0     1      0         4
HBG526_RES_04X22D11        0        0        0       0     0      0         0
HBG526_PC_1_2X1        1        0        0       0     2      0         3
HBG526_NPLUSNVDD1        3        3        0       0    57      0        63
HBG526_PPLUSNVDD1       22        5        0       0    62      0        89
HBG526_POSTN_EDGE_VDD1       13        9        0       0   196      0       218
HBG526_POSTVDD1_PBASE_EDGE       10       21        0       0   238      0       269
HBG526_NMOS10X1D81        8        3        0       0    14      0        25
HBG526_POSTVDD1_CONN_M12_1        4        4        0       0   216      0       224
HBG526_POSTVDD1_CONN_M12        6        4        0       0   224      0       234
HBG526_VDD1_INV_P       11        3        0       0    97      0       111
HBG526_PREVDD1       31       30        0       0   608      0       669
MASCO__X71          1        0        0       0     8      0         9
MASCO__Y179         5        0        0       0     5      0        10
HBG526_PREVDD2       61       28        0       0   187      0       276
HBG526_POSTVDD2POC_G       80       21        0       0   321      0       422
HBG526_V456789XZ_4X4_1       52        0        0       0     0      0        52
HBG526_POST_PRCUT_1        4       26        0       0   369      0       399
HBG526_PRE_PRCUT_1        4       11        0       0   444      0       459
HBG526_PRE_TAVDD_PRCUT        6        1        0       0    23      0        30
MASCO__B303         5        0        0       0     4      0         9
MASCO__A306         5        0        0       0     4      0         9
MASCO__B307         5        0        0       0     3      0         8
MASCO__B308         5        0        0       0     4      0         9
MASCO__B313         4        0        0       0     4      0         8
HBG526_OC_2         2        0        0       0     0      0         2
HBG526_V2_2         3        0        0       0     1      0         4
HBG526_BASE_PVDD3A_RPO_EN_RC_V2        2        1        0       0     6      0         9
HBG526_BASE_PVDD3A_RPO_EN_RC_V12        2        1        0       0    12      0        15
HBG526_BASE_PVDD3        3        0        0       0   111      0       114
HBG526_PC_2         3        0        0       0     0      0         3
HBG526_PMOS5XD4       11        1        0       0    26      0        38
HBG526_RES_D4X22D92        0        0        0       0     0      0         0
HBG526_PC_1_1        3        0        0       0     0      0         3
HBG526_PREVDD3A_RPO_DIS       56        9        0       0   734      0       799
HBG526_BASE_PVDD3A_DCAP_M1        1        1        0       0    49      0        51
HBG526_BASE_PVDD3A_DCAP_M        9        1        0       0    52      0        62
HBG526_MOS36XD5_RPO_DIS        7        4        0       0   211      0       222
HBG526_BASE_PVDD3A_M12_RPO_EN_RC       29        4        0       0   646      0       679
HBG526_C_4X7        4        1        0       0    32      0        37
HBG526_POWERLINE       21       14        0       0   153      0       188
MASCO__X1           0        0        0       0     4      0         4
MASCO__X2           0        0        0       0     4      0         4
MASCO__X3           1        0        0       0    12      0        13
MASCO__X4           1        0        0       0     9      0        10
MASCO__X5           1        0        0       0     9      0        10
MASCO__X6           1        0        0       0    12      0        13
MASCO__X7           1        0        0       0    12      0        13
MASCO__X8           0        0        0       0     9      0         9
MASCO__Y112         2        0        0       0    12      0        14
MASCO__Y157         1        0        0       0     4      0         5
MASCO__Y158         1        0        0       0     7      0         8
MASCO__X242         2        0        0       0     4      0         6
HBG526_V1_2         3        0        0       0     1      0         4
HBG526_POST_EDGE_PDB3A        9       13        0       0   197      0       219
HBG526_DIO_1D7X19_N        4        4        0       0     1      0         9
HBG526_BASE_PDB3A_M2      136       20        0       0   815      0       971
HBG526_BASE_PDB3A_VSS        6        0        0       0     0      0         6
HBG526_DIO_GR_TAVDD        3        4        0       0    56      0        63
HBG526_DIO_1D7X19_P        5        3        0       0     1      0         9
MASCO__X9           0        0        0       0     4      0         4
MASCO__X251         2        0        0       0    12      0        14
HBG526_V2_1         3        0        0       0     0      0         3
HBG526_POSTN_EDGE_VSS2DGZ_G       15        7        0       0   161      0       183
HBG526_POSTVSS2DGZ_PBASE_EDGE        1        8        0       0    86      0        95
HBG526_NPLUSH_D6X22D58_BOT        2        2        0       0    74      0        78
HBG526_NPLUSH_D6X22D58        4        2        0       0    46      0        52
HBG526_PPLUSH_1D66X22D58        3        2        0       0    55      0        60
HBG526_POSTVSS2DGZ_COMM_V2        1        1        0       0   228      0       230
HBG526_PREVSS2DGZ_G       12       14        0       0   359      0       385
MASCO__X17          0        0        0       0     9      0         9
MASCO__X21          0        0        0       0     9      0         9
MASCO__X26          0        0        0       0     7      0         7
MASCO__X27          0        0        0       0    10      0        10
HBG526_POSTN_EDGE_VSS1DGZ_G       13        9        0       0   161      0       183
HBG526_NPLUSH_D6X18D88        3        2        0       0    50      0        55
HBG526_PPLUSH_1D66X18D88        5        0        0       0    48      0        53
HBG526_PPLUSH_D6X18D88       20        6        0       0    44      0        70
HBG526_NPLUSH_1D66X18D88        4        2        0       0    48      0        54
HBG526_POSTVSS1DGZ_COMM_V2        3        3        0       0   228      0       234
HBG526_PREVSSDN_CUT        0       13        0       0   503      0       516
HBG526_PREVDDPST_CUT        5        5        0       0   148      0       158
HBG526_PPLUSH_1D66X8D77        3        2        0       0    66      0        71
HBG526_PREVSS1DGZ_CONN_V12        2        1        0       0    79      0        82
HBG526_NPLUSH_D6X9D54_PVSS1DGZ        2        2        0       0   112      0       116
MASCO__X18          0        0        0       0    11      0        11
MASCO__X20          0        0        0       0     6      0         6
MASCO__X22          0        0        0       0     5      0         5
MASCO__Y123         0        0        0       0     8      0         8
MASCO__X249         1        0        0       0     5      0         6
HBG526_C_8X4        5        1        0       0    80      0        86
HBG526_DIO_3D2X20_P       10        4        0       0   104      0       118
HBG526_DIO_3D2X16D4_P        5        3        0       0     1      0         9
HBG526_DIO_3D2X16D4_N        4        4        0       0     1      0         9
HBG526_BASE_PVSS3A_M12       36        9        0       0  4925      0      4970
MASCO__Y111         1        0        0       0     4      0         5
MASCO__Y113         1        0        0       0     9      0        10
MASCO__X243         0        0        0       0     4      0         4
MASCO__X244         0        0        0       0     4      0         4
MASCO__A272         0        0        0       0     2      0         2
MASCO__B277         0        0        0       0     2      0         2
MASCO__B280         0        0        0       0     2      0         2
MASCO__B286         0        0        0       0     2      0         2
MASCO__B287         0        0        0       0     2      0         2
MASCO__A289         0        0        0       0     2      0         2
MASCO__A290         0        0        0       0     2      0         2
MASCO__B295         0        0        0       0     2      0         2
MASCO__B296         0        0        0       0     2      0         2
HBG526_V2           3        0        0       0     1      0         4
MASCO__X19          1        0        0       0    10      0        11
MASCO__X34          2        0        0       0     9      0        11
MASCO__X35          0        0        0       0     7      0         7
MASCO__X39          1        0        0       0     7      0         8
MASCO__X40          0        0        0       0    12      0        12
MASCO__X41          0        0        0       0     9      0         9
MASCO__X42          0        0        0       0     8      0         8
MASCO__X58          0        0        0       0     4      0         4
MASCO__X66          0        0        0       0    12      0        12
MASCO__Y194         0        0        0       0    10      0        10
MASCO__Y236         1        0        0       0     9      0        10
MASCO__Y237         7        0        0       0     7      0        14
MASCO__Y238         6        0        0       0     7      0        13
MASCO__Y239         1        0        0       0     4      0         5
MASCO__Y240         6        0        0       0     7      0        13
MASCO__Y241         1        0        0       0     4      0         5
MASCO__X263         2        0        0       0     4      0         6
MASCO__X264         0        0        0       0     5      0         5
MASCO__Y270         0        0        0       0     4      0         4
MASCO__X36          0        0        0       0    10      0        10
MASCO__X43          0        0        0       0     5      0         5
MASCO__X65          0        0        0       0     5      0         5
MASCO__X70          0        0        0       0     4      0         4
MASCO__X97          1        0        0       0     4      0         5
MASCO__Y235         0        0        0       0     4      0         4
HBG526_V1_BASE_1        3        0        0       0     0      0         3
HBG526_V2_BASE_1        3        0        0       0     0      0         3
MASCO__X10          0        0        0       0    11      0        11
MASCO__X13          0        0        0       0     8      0         8
MASCO__X14          0        0        0       0     4      0         4
MASCO__X55          0        0        0       0     9      0         9
MASCO__X107         0        0        0       0    12      0        12
MASCO__X108         0        0        0       0    11      0        11
MASCO__X109         0        0        0       0     9      0         9
MASCO__X110         0        0        0       0    10      0        10
MASCO__Y160         1        0        0       0     4      0         5
MASCO__Y165         1        0        0       0     4      0         5
MASCO__Y166         7        0        0       0     7      0        14
MASCO__Y167         2        0        0       0     9      0        11
MASCO__Y168         2        0        0       0    10      0        12
MASCO__Y233         1        0        0       0     7      0         8
MASCO__Y234         0        0        0       0     4      0         4
MASCO__X261         0        0        0       0     5      0         5
MASCO__X262         2        0        0       0     4      0         6
MASCO__Y265         0        0        0       0     4      0         4
MASCO__X57          1        0        0       0     4      0         5
MASCO__X106         0        0        0       0     5      0         5
MASCO__Y159         0        0        0       0     4      0         4
HAE261_V8U_UNIT_4        3        0        0       0     0      0         3
HAE261_V7Z_UNIT_4        3        0        0       0     0      0         3
MASCO__X104         0        0        0       0    12      0        12
MASCO__X31          1        0        0       0    12      0        13
MASCO__X101         2        0        0       0     7      0         9
HBG526_PC_1         3        0        0       0     0      0         3
MASCO__Y231         1        0        0       0     6      0         7
MASCO__X260         1        0        0       0     5      0         6
MASCO__X98          1        0        0       0    11      0        12
MASCO__Y230         1        0        0       0     6      0         7
MASCO__X259         1        0        0       0     6      0         7
HBG526_POSTN_EDGE       15        6        0       0   136      0       157
HBG526_MOS_ESDN01       24        5        0       0   206      0       235
MASCO__X74          1        0        0       0    10      0        11
MASCO__Y176         1        0        0       0     6      0         7
HBG526_PMOS1D2X0D4        8        1        0       0     8      0        17
HBG526_V1_V2        0        0        0       0     2      0         2
HBG526_PIN          8        0        0       0    15      0        23
HBG526_RES_1D5XD5        5        0        0       0    24      0        29
HBG526_PMOS04X1_NEW        8        1        0       0     7      0        16
HBG526_NMOS2X05        8        2        0       0    20      0        30
HBG526_NTN_LS_TINY       19        5        0       0   132      0       156
HBG526_PMOS5D3X9_2       10        1        0       0    42      0        53
HBG526_PREDRVVDD       14       17        0       0   824      0       855
HBG526_NMOS5D15X09       11        1        0       0    48      0        60
HBG526_NMOS2D5X05_1        8        2        0       0    22      0        32
HBG526_PMOS3X04        8        1        0       0    30      0        39
HBG526_PMOS1X04        8        1        0       0    12      0        21
HBG526_NMOS7X06        8        2        0       0    66      0        76
HBG526_PMOS3D5X9       10        1        0       0    34      0        45
HBG526_NMOS3D5X05        8        2        0       0    34      0        44
HBG526_PMOS7X9       10        1        0       0    66      0        77
HBG526_NMOS3D2X05        8        2        0       0    32      0        42
HBG526_PMOS3D5X04        8        1        0       0    34      0        43
HBG526_PMOS21X4        6        3        0       0    42      0        51
HBG526_PMOS19D5X4        6        3        0       0    42      0        51
HBG526_PMOS7X04        9        0        0       0    66      0        75
HBG526_NMOS2D1X09       11        1        0       0    22      0        34
HBG526_NMOS7X05       10        0        0       0    66      0        76
HBG526_NMOS3X05        8        2        0       0    30      0        40
HBG526_PMOS0D8X04        8        1        0       0     8      0        17
MASCO__X23          1        0        0       0     7      0         8
MASCO__X28          0        0        0       0    12      0        12
MASCO__X37          0        0        0       0     7      0         7
MASCO__X38          0        0        0       0    12      0        12
MASCO__X86          1        0        0       0     4      0         5
MASCO__X87          0        0        0       0     6      0         6
MASCO__X88          1        0        0       0     7      0         8
MASCO__X89          1        0        0       0    12      0        13
MASCO__Y131         0        0        0       0    12      0        12
MASCO__Y133         0        0        0       0     9      0         9
MASCO__Y136         0        0        0       0     9      0         9
MASCO__Y224         1        0        0       0     6      0         7
MASCO__Y225         1        0        0       0    12      0        13
MASCO__Y226         1        0        0       0     5      0         6
MASCO__Y227         0        0        0       0    10      0        10
MASCO__A330         5        0        0       0     4      0         9
MASCO__X30          1        0        0       0     5      0         6
MASCO__X77          5        0        0       0     5      0        10
MASCO__X78          6        0        0       0     6      0        12
MASCO__X79          0        0        0       0    12      0        12
MASCO__X82          0        0        0       0     8      0         8
MASCO__X83          0        0        0       0    12      0        12
MASCO__X84          0        0        0       0     4      0         4
MASCO__X85          0        0        0       0     6      0         6
MASCO__Y137         0        0        0       0     6      0         6
MASCO__Y174         0        0        0       0     5      0         5
MASCO__Y181         0        0        0       0    12      0        12
MASCO__Y182         0        0        0       0     9      0         9
MASCO__Y183         0        0        0       0    11      0        11
MASCO__Y184         0        0        0       0     8      0         8
MASCO__Y185         0        0        0       0     5      0         5
MASCO__Y186         0        0        0       0    10      0        10
MASCO__Y187         0        0        0       0    12      0        12
MASCO__Y188         0        0        0       0     9      0         9
MASCO__Y189         0        0        0       0     7      0         7
MASCO__Y190         0        0        0       0     5      0         5
MASCO__Y191         0        0        0       0     8      0         8
MASCO__Y193         0        0        0       0    12      0        12
MASCO__Y195        16        0        0       0     4      0        20
MASCO__Y196        32        0        0       0     8      0        40
MASCO__Y197         0        0        0       0     7      0         7
MASCO__Y198         0        0        0       0     8      0         8
MASCO__Y199         0        0        0       0    12      0        12
MASCO__Y200         0        0        0       0     7      0         7
MASCO__Y201         0        0        0       0     7      0         7
MASCO__Y202         0        0        0       0    12      0        12
MASCO__Y203         0        0        0       0     6      0         6
MASCO__Y204         0        0        0       0     7      0         7
MASCO__Y205         0        0        0       0     9      0         9
MASCO__Y206         0        0        0       0     4      0         4
MASCO__Y207         0        0        0       0    10      0        10
MASCO__Y208         0        0        0       0    11      0        11
MASCO__Y209         0        0        0       0     5      0         5
MASCO__Y210         0        0        0       0    12      0        12
MASCO__Y211         0        0        0       0     4      0         4
MASCO__Y212         0        0        0       0     6      0         6
MASCO__Y213         0        0        0       0     7      0         7
MASCO__Y214         0        0        0       0     6      0         6
MASCO__Y215         0        0        0       0    12      0        12
MASCO__Y217         0        0        0       0     8      0         8
MASCO__X255         0        0        0       0     5      0         5
MASCO__X256         0        0        0       0     5      0         5
MASCO__X257         0        0        0       0     5      0         5
MASCO__X258         0        0        0       0     4      0         4
MASCO__Y266         0        0        0       0    12      0        12
MASCO__Y267         0        0        0       0     5      0         5
MASCO__Y268         0        0        0       0     6      0         6
MASCO__Y269         0        0        0       0     7      0         7
MASCO__X67          1        0        0       0    11      0        12
MASCO__X76          0        0        0       0     5      0         5
MASCO__X45          2        0        0       0     4      0         6
MASCO__X75          1        0        0       0     9      0        10
MASCO__X32          0        0        0       0     7      0         7
HBG526_VDD_CONN_M12        1        1        0       0    10      0        12
HBG526_PREVDD1_CONN_M12        6        5        0       0   206      0       217
HBG526_NMOS0D13X34D99X2       16        1        0       0    44      0        61
HBG526_VDD1_INV_N       11        3        0       0    17      0        31
MASCO__Y180         4        0        0       0     4      0         8
MASCO__X72          1        0        0       0     6      0         7
HBG526_PREVDD        3        7        0       0   842      0       852
HBG526_RES_04X23        0        0        0       0     0      0         0
HBG526_PREVSS1        4        8        0       0   557      0       569
HBG526_RES_H        1        0        0       0     2      0         3
HBG526_PREVSS2       27       15        0       0   601      0       643
HBG526_PREVDDPST        5        5        0       0   373      0       383
HBG526_RES_04X23D87        0        0        0       0     0      0         0
HBG526_PMOS6D5XD5       10        0        0       0    12      0        22
HBG526_POSTVDDPSR_PBASE_EDGE        8       12        0       0   122      0       142
HBG526_RES_04X21D86        0        0        0       0     0      0         0
HBG526_POSTN_EDGE_VDD2       24        8        0       0   156      0       188
HBG526_VDD2_INV_P_1       10        3        0       0    66      0        79
HBG526_VDD2_INV_P       10        3        0       0    66      0        79
HBG526_POST_CONN_M12_RPO_048        8        5        0       0   777      0       790
HBG526_VDD2_C_3D5X3D3        8        2        0       0    52      0        62
HBG526_VDD2_INV_N       12        2        0       0    12      0        26
HBG526_MOS_ESDN01_VDD2_RPO_095       12        5        0       0    99      0       116
MASCO__X44          1        0        0       0     8      0         9
MASCO__X59          1        0        0       0     9      0        10
MASCO__Y169         0        0        0       0     5      0         5
MASCO__Y170         0        0        0       0     5      0         5
MASCO__Y171         1        0        0       0     5      0         6
HBG526_V1_V2_BASE_1        0        0        0       0     2      0         2
MASCO__X53          1        0        0       0     6      0         7
MASCO__X56          1        0        0       0     5      0         6
MASCO__X254         1        0        0       0     9      0        10
MASCO__X51          1        0        0       0     7      0         8
MASCO__X12          0        0        0       0     5      0         5
MASCO__X52          1        0        0       0     7      0         8
HBG526_MOS35D925XD5_RPO_DIS        7        1        0       0   124      0       132
HBG526_PREVDD3A_RPO_DIS_M2        3        3        0       0   206      0       212
HBG526_MOS1D2XD5X2        7        0        0       0    30      0        37
HBG526_PC_1_2X1_1        2        0        0       0     2      0         4
MASCO__X49          0        0        0       0     5      0         5
MASCO__Y163         1        0        0       0    12      0        13
MASCO__X48          1        0        0       0    10      0        11
MASCO__Y162         1        0        0       0    10      0        11
MASCO__X11          0        0        0       0    12      0        12
MASCO__X46          0        0        0       0     6      0         6
MASCO__Y154         0        0        0       0     4      0         4
MASCO__Y161         0        0        0       0     4      0         4
HBG526_PL_M3456789_BASE5_1        5        0        0       0    18      0        23
HBG526_PL_M3456789_BASE1_1        5        0        0       0    57      0        62
MASCO__A304         5        0        0       0     3      0         8
MASCO__A310         5        0        0       0     4      0         9
MASCO__X50          0        0        0       0     6      0         6
HBG526_DIO_1D7X19        1        2        0       0   124      0       127
MASCO__X16          0        0        0       0    10      0        10
MASCO__Y143         0        0        0       0     6      0         6
MASCO__Y145         0        0        0       0     6      0         6
MASCO__Y146         1        0        0       0     6      0         7
MASCO__Y147         1        0        0       0     6      0         7
MASCO__Y148         0        0        0       0     6      0         6
MASCO__Y149         0        0        0       0     6      0         6
MASCO__Y150         0        0        0       0     6      0         6
MASCO__Y151         0        0        0       0     6      0         6
MASCO__Y152         1        0        0       0     6      0         7
MASCO__Y153         0        0        0       0     6      0         6
MASCO__X252         0        0        0       0     4      0         4
MASCO__X253         0        0        0       0     6      0         6
MASCO__Y142         1        0        0       0    10      0        11
MASCO__Y144         1        0        0       0    10      0        11
MASCO__Y129         4        0        0       0     4      0         8
MASCO__Y141         3        0        0       0     4      0         7
MASCO__X33          0        0        0       0    12      0        12
MASCO__Y140         1        0        0       0     6      0         7
MASCO__X29          0        0        0       0     8      0         8
MASCO__Y126         5        0        0       0     6      0        11
MASCO__Y138         5        0        0       0     6      0        11
MASCO__Y139         6        0        0       0     6      0        12
MASCO__X250         0        0        0       0     5      0         5
HBG526_PREVSS2DGZ_CONN_V12        2        1        0       0    83      0        86
HBG526_NPLUSH_D6X9D54        2        2        0       0    40      0        44
MASCO__Y130         6        0        0       0     7      0        13
MASCO__Y127         6        0        0       0     6      0        12
MASCO__Y132         0        0        0       0     9      0         9
MASCO__Y134         2        0        0       0     6      0         8
MASCO__Y135         6        0        0       0     6      0        12
MASCO__Y124         1        0        0       0     6      0         7
MASCO__Y122         1        0        0       0     4      0         5
HBG526_DIO_3D2X16D4        3        0        0       0    80      0        83
MASCO__Y114         0        0        0       0     5      0         5
MASCO__Y116         0        0        0       0     5      0         5
MASCO__Y117         0        0        0       0    10      0        10
MASCO__Y118         1        0        0       0     5      0         6
MASCO__Y119         1        0        0       0    10      0        11
MASCO__Y120        11        0        0       0    10      0        21
MASCO__X245         1        0        0       0     7      0         8
MASCO__X246         0        0        0       0     5      0         5
MASCO__X247         0        0        0       0     4      0         4
MASCO__X248         0        0        0       0     5      0         5
MASCO__B278         0        0        0       0     2      0         2
MASCO__B279         0        0        0       0     2      0         2
MASCO__X99          1        0        0       0     9      0        10
MASCO__X100         1        0        0       0     5      0         6
MASCO__X96          1        0        0       0     6      0         7
MASCO__X64          1        0        0       0    10      0        11
MASCO__X94          1        0        0       0    12      0        13
MASCO__X95          1        0        0       0     5      0         6
MASCO__Y229        10        0        0       0    10      0        20
MASCO__X93          2        0        0       0     4      0         6
MASCO__X91          1        0        0       0     5      0         6
MASCO__X92          2        0        0       0    10      0        12
MASCO__Y228         2        0        0       0    11      0        13
MASCO__X90          2        0        0       0     5      0         7
MASCO__X81          0        0        0       0     5      0         5
MASCO__X80          0        0        0       0     4      0         4
MASCO__Y192         0        0        0       0    11      0        11
MASCO__Y216         0        0        0       0     5      0         5
MASCO__X61          0        0        0       0     9      0         9
MASCO__X73          1        0        0       0    12      0        13
MASCO__X69          2        0        0       0    11      0        13
MASCO__Y178        11        0        0       0    11      0        22
MASCO__X68          0        0        0       0    11      0        11
MASCO__Y177         1        0        0       0     5      0         6
MASCO__Y175         2        0        0       0     7      0         9
MASCO__X60          0        0        0       0     8      0         8
MASCO__Y173         4        0        0       0     5      0         9
MASCO__X62          1        0        0       0    12      0        13
MASCO__Y172         1        0        0       0    11      0        12
MASCO__Y164         1        0        0       0    10      0        11
MASCO__X15          1        0        0       0    11      0        12
MASCO__Y155         1        0        0       0     9      0        10
MASCO__Y156         1        0        0       0    10      0        11
MASCO__X47          1        0        0       0     4      0         5
MASCO__X24          1        0        0       0     9      0        10
MASCO__Y121         1        0        0       0     4      0         5
MASCO__Y115         0        0        0       0    10      0        10
MASCO__X63          1        0        0       0    11      0        12
MASCO__X54          1        0        0       0    11      0        12
----------------------------------------------------------------------

Object Statistics of Layers
Layer   Objects
----------------
   0        7636
   1           7
   2           3
  10        2298
  11        2302
  13        9512
  19        7749
  24        7749
  28        7749
  30           2
  35          96
  41         183
  59           2
  67        7717
  70        7717
  71        7717
  72         297
  84          75
  90          29
  95          63
  96           5
 102           3
 108           5
 131         358
 133         132
 136           1
 137           1
 144          34
 167        7717
 168         637
 184         154
 194       16103
 197         177
 208           7
 210           9
 211           2
 214          10
 216          10
 219           1
 221        7780
 227           2
 229          69
 230         969
 233           2
 234         949
 238          69
 239         365
 241         287
 242          44
 243         285
 245         285
 247         290
 249          18
 253          79
----------------

Object Summary
------------------
     Box    104162
 Polygon      1600
    Path         0
   Label         0
Instance     43856
   Array         0
------------------
   Total    149618


Output property: 149618
Total CPU Time          : 0(s)
Total Real Time         : 0(s)
Peak Memory Used        : 7(M)
