********************************************************************************
db2gds 20.10-p029 64 bit (Mon Sep 28 20:09:41 PDT 2020)
Build Ref No.: 029 Production (09-28-2020) [pvs_2010]

Copyright 2020 Cadence Design Systems, Inc.
All rights reserved worldwide.

Build O/S:       Linux x86_64 2.6.32-431.11.2.el6.x86_64
Executed on:     atlas (Linux x86_64 5.3.18-lp152.106-default)
Process Id:      88328
Starting Time:   Mon Sep 22 15:58:10 2025 (Mon Sep 22 20:58:10 2025 GMT)
With parameters: AND2X8_88180 erc.db AND2X8 -lmap lmapS9abA3 -gdslib drc.db -gds_scale 1000 -property 
********************************************************************************

Library name: AND2X8_88180
GDSII file name: erc.db
Cells to be written out: AND2X8
Source Library: AND2X8_88180
Layer mapping file(GDS <- DMC): lmapS9abA3
    0 (dt:0) <- 0
    0 (dt:0) <- 0
    0 (dt:0) <- 0
    0 (dt:0) <- 0
    0 (dt:0) <- 0
    0 (dt:0) <- 0
    0 (dt:0) <- 0
    0 (dt:0) <- 0
    0 (dt:0) <- 0
Cell name case: PRESERVE
Option: output object property


                Object Statistics of Cells                            
Cell Name         Box  Polygon     Path   Label Instance Array    Total
----------------------------------------------------------------------
AND2X8              0        0        0       0     4      0         4
M1_PO_CDNS_758574688790        0        0        0       0     0      0         0
nch_25_macx_CDNS_758574688792        0        0        0       0     0      0         0
----------------------------------------------------------------------

Object Statistics of Layers
Layer   Objects
----------------
----------------

Object Summary
------------------
     Box         0
 Polygon         0
    Path         0
   Label         0
Instance         4
   Array         0
------------------
   Total         4


Output property: 4
Total CPU Time          : 0(s)
Total Real Time         : 0(s)
Peak Memory Used        : 7(M)
