********************************************************************************
db2gds 20.10-p029 64 bit (Mon Sep 28 20:09:41 PDT 2020)
Build Ref No.: 029 Production (09-28-2020) [pvs_2010]

Copyright 2020 Cadence Design Systems, Inc.
All rights reserved worldwide.

Build O/S:       Linux x86_64 2.6.32-431.11.2.el6.x86_64
Executed on:     atlas (Linux x86_64 5.3.18-lp152.106-default)
Process Id:      97276
Starting Time:   Mon Sep 22 16:22:31 2025 (Mon Sep 22 21:22:31 2025 GMT)
With parameters: OpAmpCurrentMirrorP_97138 erc.db OpAmpCurrentMirrorP -lmap lmapJtqoLj -gdslib drc.db -gds_scale 1000 -property 
********************************************************************************

Library name: OpAmpCurrentMirrorP_97138
GDSII file name: erc.db
Cells to be written out: OpAmpCurrentMirrorP
Source Library: OpAmpCurrentMirrorP_97138
Layer mapping file(GDS <- DMC): lmapJtqoLj
    0 (dt:0) <- 0
    0 (dt:0) <- 0
    0 (dt:0) <- 0
    0 (dt:0) <- 0
    0 (dt:0) <- 0
    0 (dt:0) <- 0
    0 (dt:0) <- 0
    0 (dt:0) <- 0
    0 (dt:0) <- 0
Cell name case: PRESERVE
Option: output object property


                Object Statistics of Cells                            
Cell Name         Box  Polygon     Path   Label Instance Array    Total
----------------------------------------------------------------------
OpAmpCurrentMirrorP        0        0        0       0   213      0       213
M1_PO_CDNS_758576149810        0        0        0       0     0      0         0
M1_PO_CDNS_758576149811        0        0        0       0     0      0         0
M2_M1_CDNS_758576149812        0        0        0       0     0      0         0
M2_M1_CDNS_758576149813        0        0        0       0     0      0         0
M1_OD_CDNS_758576149814        0        0        0       0     0      0         0
M3_M2_CDNS_758576149815        0        0        0       0     0      0         0
M3_M2_CDNS_758576149816        0        0        0       0     0      0         0
M2_M1_CDNS_758576149818        0        0        0       0     0      0         0
M2_M1_CDNS_7585761498110        0        0        0       0     0      0         0
M6_M5_CDNS_7585761498112        0        0        0       0     0      0         0
M5_M4_CDNS_7585761498113        0        0        0       0     0      0         0
M4_M3_CDNS_7585761498114        0        0        0       0     0      0         0
M3_M2_CDNS_7585761498115        0        0        0       0     0      0         0
M7_M6_CDNS_7585761498116        0        0        0       0     0      0         0
M8_M7_CDNS_7585761498117        0        0        0       0     0      0         0
pch_25_mac_CDNS_758576149810        0        0        0       0     0      0         0
pch_25_mac_CDNS_758576149811        0        0        0       0     0      0         0
nch_25_macx_CDNS_758576149815        0        0        0       0     0      0         0
nch_25_macx_CDNS_758576149816        0        0        0       0     0      0         0
M2_M1_CDNS_7585761498118        0        0        0       0     0      0         0
M1_PO_CDNS_7585761498119        0        0        0       0     0      0         0
pch_25_macx_CDNS_758576149818        0        0        0       0     0      0         0
nch_25_macx_CDNS_7585761498111        0        0        0       0     0      0         0
TGP2A               0        0        0       0     5      0         5
nch_25_macx_CDNS_7585761498112        0        0        0       0     0      0         0
pch_25_macx_CDNS_7585761498113        0        0        0       0     0      0         0
nch_25_macx_CDNS_7585761498114        0        0        0       0     0      0         0
nch_25_macx_CDNS_7585761498115        0        0        0       0     0      0         0
pch_25_macx_CDNS_7585761498120        0        0        0       0     0      0         0
pch_25_macx_CDNS_7585761498121        0        0        0       0     0      0         0
pch_25_macx_CDNS_7585761498122        0        0        0       0     0      0         0
pch_25_macx_CDNS_7585761498123        0        0        0       0     0      0         0
nch_25_macx_CDNS_7585761498126        0        0        0       0     0      0         0
nch_25_macx_CDNS_7585761498127        0        0        0       0     0      0         0
M1_OD_CDNS_7585761498121        0        0        0       0     0      0         0
----------------------------------------------------------------------

Object Statistics of Layers
Layer   Objects
----------------
----------------

Object Summary
------------------
     Box         0
 Polygon         0
    Path         0
   Label         0
Instance       218
   Array         0
------------------
   Total       218


Output property: 218
Total CPU Time          : 0(s)
Total Real Time         : 0(s)
Peak Memory Used        : 7(M)
