Streaming in library MCU, cell MCU from ../innovus/out/MCU.gds2 ...
INFO (XSTRM-234): Translation completed. '0' error(s) and '0' warning(s) found.
-------------------- FRIENDLY REMINDER -------------------
Please ensure the reflib.list file is up-to-date
make[1]: Entering directory '/home/smurray5/chips/washakie'
cd ic && calibre/drc MCU MCU celldrc -turbo
Running Calibre DRC with rule celldrc on library MCU, cell MCU...
The results of the run are located under ./calibre/MCU/MCU

----------------------------------------------------------------------------------
--- RULECHECK RESULTS STATISTICS (BY CELL)
---
CELL MCU ........................... TOTAL Result Count = 92441 (92441)
    RULECHECK NW.S.1 ............... TOTAL Result Count = 9497  (9497)
    RULECHECK NW.S.2 ............... TOTAL Result Count = 4617  (4617)
    RULECHECK OD.DN.2 .............. TOTAL Result Count = 1     (1)
    RULECHECK OD.DN.3 .............. TOTAL Result Count = 5     (5)
    RULECHECK OD2.S.5 .............. TOTAL Result Count = 9497  (9497)
    RULECHECK PO.DN.2 .............. TOTAL Result Count = 4     (4)
    RULECHECK PP.S.1 ............... TOTAL Result Count = 5864  (5864)
    RULECHECK NP.S.1 ............... TOTAL Result Count = 5884  (5884)
    RULECHECK M1.S.2 ............... TOTAL Result Count = 9     (9)
    RULECHECK M1.DN.1 .............. TOTAL Result Count = 1     (1)
    RULECHECK VIA1.R.4:M2 .......... TOTAL Result Count = 1     (1)
    RULECHECK M2.S.2 ............... TOTAL Result Count = 4     (4)
    RULECHECK M2.S.2.1 ............. TOTAL Result Count = 1     (1)
    RULECHECK M2.DN.1 .............. TOTAL Result Count = 2     (2)
    RULECHECK VIA2.R.4:M2 .......... TOTAL Result Count = 1     (1)
    RULECHECK M3.S.2 ............... TOTAL Result Count = 178   (178)
    RULECHECK M3.DN.1 .............. TOTAL Result Count = 2     (2)
    RULECHECK M3.DN.4 .............. TOTAL Result Count = 4     (4)
    RULECHECK VIA3.R.4:M3 .......... TOTAL Result Count = 1     (1)
    RULECHECK M4.S.2 ............... TOTAL Result Count = 1     (1)
    RULECHECK M4.DN.1 .............. TOTAL Result Count = 3     (3)
    RULECHECK M4.DN.4 .............. TOTAL Result Count = 2     (2)
    RULECHECK VIA4.R.2__VIA4.R.3 ... TOTAL Result Count = 1     (1)
    RULECHECK VIA4.R.4:M4 .......... TOTAL Result Count = 1     (1)
    RULECHECK M5.S.2 ............... TOTAL Result Count = 588   (588)
    RULECHECK M5.DN.1 .............. TOTAL Result Count = 1     (1)
    RULECHECK M6.DN.1 .............. TOTAL Result Count = 1     (1)
    RULECHECK M7.DN.1 .............. TOTAL Result Count = 2     (2)
    RULECHECK M8.DN.1 .............. TOTAL Result Count = 1     (1)
    RULECHECK M9.DN.2:L ............ TOTAL Result Count = 1     (1)
    RULECHECK LUP.6 ................ TOTAL Result Count = 56266 (56266)
----------------------------------------------------------------------------------
--- SUMMARY
---
TOTAL CPU Time:                  535
TOTAL REAL Time:                 109
TOTAL Original Layer Geometries: 2331482 (410005723)
TOTAL DRC RuleChecks Executed:   1560
TOTAL DRC Results Generated:     92441 (92441)
make[1]: Leaving directory '/home/smurray5/chips/washakie'
