\o Program:		@(#)$CDS: libManager version 6.1.8 - CAT37 10/27/2020 22:20 (sjfhw691) $
\o Sub version:		sub-version  s154 
\o Arguments:		-unmapped -mpssession virtuoso97869 -mpshost atlas 
\o Working Directory:	atlas:/home/mseminario2/chips/myshkin
\o 64-bit offsets
\o Qt version: 		5.9.1
\o changeWorkingDir("/home/mseminario2/chips/myshkin") unnecessary.
\o ddSetForcedLib("") unnecessary.
\o Log file is "/home/mseminario2/chips/myshkin/libManager.log".
\o Opening libManager window.
\a nrSetWindowVisibility(cdsLibManager "show")
\o MPS service: map window
\o Library Manager customization server connected.
\a nrSetCurrentWindow(cdsLibManager)
\a nrResizeWindow(cdsLibManager list(12 10 704 725))
\a nrSetWindowVisibility(cdsLibManager "hide")
\a _lmgrCloseIconify("cdsLibManager" 1)
\o MPS service: shutdown
\o libManager is exiting.
\a exit(0)
