********************************************************************************
db2gds 20.10-p029 64 bit (Mon Sep 28 20:09:41 PDT 2020)
Build Ref No.: 029 Production (09-28-2020) [pvs_2010]

Copyright 2020 Cadence Design Systems, Inc.
All rights reserved worldwide.

Build O/S:       Linux x86_64 2.6.32-431.11.2.el6.x86_64
Executed on:     atlas (Linux x86_64 5.3.18-lp152.106-default)
Process Id:      98368
Starting Time:   Mon Sep 22 16:24:57 2025 (Mon Sep 22 21:24:57 2025 GMT)
With parameters: dualSlope_sch4lay_98230 erc.db dualSlope_sch4lay -lmap lmapPRQIsS -gdslib drc.db -gds_scale 1000 -property 
********************************************************************************

Library name: dualSlope_sch4lay_98230
GDSII file name: erc.db
Cells to be written out: dualSlope_sch4lay
Source Library: dualSlope_sch4lay_98230
Layer mapping file(GDS <- DMC): lmapPRQIsS
    0 (dt:0) <- 0
    0 (dt:0) <- 0
    0 (dt:0) <- 0
    0 (dt:0) <- 0
    0 (dt:0) <- 0
    0 (dt:0) <- 0
    0 (dt:0) <- 0
    0 (dt:0) <- 0
    0 (dt:0) <- 0
Cell name case: PRESERVE
Option: output object property


                Object Statistics of Cells                            
Cell Name         Box  Polygon     Path   Label Instance Array    Total
----------------------------------------------------------------------
dualSlope_sch4lay        0        0        0       0   227      0       227
M3_M2_CDNS_758576295900        0        0        0       0     0      0         0
M3_M2_CDNS_758576295901        0        0        0       0     0      0         0
M2_M1_CDNS_758576295902        0        0        0       0     0      0         0
M4_M3_CDNS_758576295903        0        0        0       0     0      0         0
M4_M3_CDNS_758576295904        0        0        0       0     0      0         0
M2_M1_CDNS_758576295905        0        0        0       0     0      0         0
M1_PO_CDNS_758576295906        0        0        0       0     0      0         0
M3_M2_CDNS_758576295907        0        0        0       0     0      0         0
M2_M1_CDNS_758576295908        0        0        0       0     0      0         0
M2_M1_CDNS_7585762959010        0        0        0       0     0      0         0
M8_M7_CDNS_7585762959011        0        0        0       0     0      0         0
M7_M6_CDNS_7585762959012        0        0        0       0     0      0         0
M6_M5_CDNS_7585762959013        0        0        0       0     0      0         0
M5_M4_CDNS_7585762959014        0        0        0       0     0      0         0
M4_M3_CDNS_7585762959015        0        0        0       0     0      0         0
M4_M3_CDNS_7585762959016        0        0        0       0     0      0         0
M4_M3_CDNS_7585762959017        0        0        0       0     0      0         0
M3_M2_CDNS_7585762959018        0        0        0       0     0      0         0
M3_M2_CDNS_7585762959019        0        0        0       0     0      0         0
M2_M1_CDNS_7585762959020        0        0        0       0     0      0         0
mimcap_CDNS_758576295900        0        0        0       0     0      0         0
TGP2A               0        0        0       0     4      0         4
rnpoly_CDNS_7585762959013        0        0        0       0     0      0         0
rnpoly_CDNS_7585762959014        0        0        0       0     0      0         0
rnpoly_CDNS_7585762959015        0        0        0       0     0      0         0
rnpoly_CDNS_7585762959016        0        0        0       0     0      0         0
rnpoly_CDNS_7585762959017        0        0        0       0     0      0         0
rnpoly_CDNS_7585762959018        0        0        0       0     0      0         0
AdcMimComparatorMei        0        0        0       0   173      0       173
bts_pmos            0        0        0       0   468      0       468
M1_OD_CDNS_7585762959023        0        0        0       0     0      0         0
pch_25_macx_CDNS_758576295903        0        0        0       0     0      0         0
nch_25_macx_CDNS_758576295904        0        0        0       0     0      0         0
M1_PO_CDNS_7585762959024        0        0        0       0     0      0         0
M3_M2_CDNS_7585762959025        0        0        0       0     0      0         0
M2_M1_CDNS_7585762959026        0        0        0       0     0      0         0
M1_OD_CDNS_7585762959029        0        0        0       0     0      0         0
INVX1               0        0        0       0     3      0         3
pch_25_macx_CDNS_7585762959021        0        0        0       0     0      0         0
nch_25_macx_CDNS_7585762959022        0        0        0       0     0      0         0
NOR2X1              0        0        0       0     6      0         6
M1_PO_CDNS_7585762959030        0        0        0       0     0      0         0
M1_PO_CDNS_7585762959032        0        0        0       0     0      0         0
M1_PO_CDNS_7585762959033        0        0        0       0     0      0         0
M3_M2_CDNS_7585762959034        0        0        0       0     0      0         0
M2_M1_CDNS_7585762959035        0        0        0       0     0      0         0
M1_PO_CDNS_7585762959036        0        0        0       0     0      0         0
M1_PO_CDNS_7585762959037        0        0        0       0     0      0         0
M2_M1_CDNS_7585762959038        0        0        0       0     0      0         0
M3_M2_CDNS_7585762959039        0        0        0       0     0      0         0
M1_PO_CDNS_7585762959040        0        0        0       0     0      0         0
M2_M1_CDNS_7585762959044        0        0        0       0     0      0         0
M8_M7_CDNS_7585762959045        0        0        0       0     0      0         0
M7_M6_CDNS_7585762959046        0        0        0       0     0      0         0
M6_M5_CDNS_7585762959047        0        0        0       0     0      0         0
M5_M4_CDNS_7585762959048        0        0        0       0     0      0         0
M4_M3_CDNS_7585762959049        0        0        0       0     0      0         0
M3_M2_CDNS_7585762959050        0        0        0       0     0      0         0
pch_25_mac_CDNS_7585762959026        0        0        0       0     0      0         0
pch_25_mac_CDNS_7585762959027        0        0        0       0     0      0         0
nch_25_mac_CDNS_7585762959029        0        0        0       0     0      0         0
nch_25_mac_CDNS_7585762959030        0        0        0       0     0      0         0
pch_25_mac_CDNS_7585762959036        0        0        0       0     0      0         0
nch_25_mac_CDNS_7585762959038        0        0        0       0     0      0         0
nch_25_mac_CDNS_7585762959046        0        0        0       0     0      0         0
pch_25_mac_CDNS_7585762959047        0        0        0       0     0      0         0
nch_25_mac_CDNS_7585762959049        0        0        0       0     0      0         0
pch_25_mac_CDNS_7585762959050        0        0        0       0     0      0         0
pch_25_mac_CDNS_7585762959052        0        0        0       0     0      0         0
pch_25_mac_CDNS_7585762959055        0        0        0       0     0      0         0
nch_25_mac_CDNS_7585762959056        0        0        0       0     0      0         0
pch_25_mac_CDNS_7585762959058        0        0        0       0     0      0         0
nch_25_mac_CDNS_7585762959059        0        0        0       0     0      0         0
nch_25_mac_CDNS_7585762959061        0        0        0       0     0      0         0
nch_25_mac_CDNS_7585762959062        0        0        0       0     0      0         0
nch_25_mac_CDNS_7585762959065        0        0        0       0     0      0         0
nch_25_mac_CDNS_7585762959069        0        0        0       0     0      0         0
nch_25_mac_CDNS_7585762959076        0        0        0       0     0      0         0
pch_25_mac_CDNS_7585762959077        0        0        0       0     0      0         0
pch_25_mac_CDNS_7585762959078        0        0        0       0     0      0         0
pch_25_mac_CDNS_7585762959079        0        0        0       0     0      0         0
pch_25_mac_CDNS_7585762959081        0        0        0       0     0      0         0
pch_25_mac_CDNS_7585762959082        0        0        0       0     0      0         0
nch_25_mac_CDNS_7585762959083        0        0        0       0     0      0         0
nch_25_mac_CDNS_7585762959084        0        0        0       0     0      0         0
pch_25_mac_CDNS_7585762959085        0        0        0       0     0      0         0
pch_25_mac_CDNS_7585762959089        0        0        0       0     0      0         0
nch_25_mac_CDNS_7585762959091        0        0        0       0     0      0         0
pch_25_mac_CDNS_7585762959092        0        0        0       0     0      0         0
nch_25_mac_CDNS_7585762959093        0        0        0       0     0      0         0
M1_OD_CDNS_7585762959031        0        0        0       0     0      0         0
pch_25_CDNS_7585762959023        0        0        0       0     0      0         0
nch_25_CDNS_7585762959024        0        0        0       0     0      0         0
----------------------------------------------------------------------

Object Statistics of Layers
Layer   Objects
----------------
----------------

Object Summary
------------------
     Box         0
 Polygon         0
    Path         0
   Label         0
Instance       881
   Array         0
------------------
   Total       881


Output property: 881
Total CPU Time          : 0(s)
Total Real Time         : 0(s)
Peak Memory Used        : 7(M)
