Virtuoso Framework License (111) was checked out successfully. Total checkout time was 0.01s.
Initializing from libInit.il for library tsmcN65...
   --  /opt/design_kits/TSMC65-PDK/tsmcN65/../skill/pcode1.cxt
   --  /opt/design_kits/TSMC65-PDK/tsmcN65/../skill/pcode2.cxt
   --  tsmcN65_updateCDFs.il
   --  tsmcPdkParamTable.il
   --  tsmc_esti.ile
   --  /opt/design_kits/TSMC65-PDK/tsmcN65/../skill/tsmcN65gp_v1d0c.cxt
   --  /opt/design_kits/TSMC65-PDK/tsmcN65/../skill/tsmcN65_newAMS.cxt
   --  /opt/design_kits/TSMC65-PDK/tsmcN65/../skill/tsmcN65_newRTMOM.cxt
   --  /opt/design_kits/TSMC65-PDK/tsmcN65/../skill/tsmcN65GP_v1d0.cxt
   --  tif_tcf_crn65gp_v1.0a.cxt
   --  tsmcN65.cxt
   --  tsmcN65Tool.cxt
   --  /opt/design_kits/TSMC65-PDK/tsmcN65/../skill/tsmcN65GP_v1d0.cxt
   --  /opt/design_kits/TSMC65-PDK/tsmcN65/../skill/tsmcN65_newRTMOM.cxt
*WARNING* (loadContext): context //opt/design_kits/TSMC65-PDK/tsmcN65/../skill/64bit/tsmcN65GP_v1d0.cxt already loaded
   --  /opt/design_kits/TSMC65-PDK/tsmcN65/../skill/tsmcN65_newAMS.cxt
*WARNING* (loadContext): context //opt/design_kits/TSMC65-PDK/tsmcN65/../skill/64bit/tsmcN65_newRTMOM.cxt already loaded
Loading Working place Display File '/home/mseminario2/chips/myshkin/ic/display.drf'
*WARNING* (loadContext): context //opt/design_kits/TSMC65-PDK/tsmcN65/../skill/64bit/tsmcN65_newAMS.cxt already loaded
Running Artist Hierarchical Netlisting ...
Loading cdf.cxt 
WARNING (AUCDL-42): Terminal EnBar appearing in CDF termOrder for 
		component   : AdcMimComparatorMei
		in cellview : schematic
		of library  : potentiostat_final
is either invalid or duplicated. CDF termOrder for this component will be ignored.
Ensure that termOrder matches actual terminals in cellview and re-netlist to reflect any change in termOrder.
Nets will be printed in default terminal order for this component.

End netlisting Sep 22 16:24:55 2025
