============================================================
  Generated by:           Genus(TM) Synthesis Solution 19.15-s090_1
  Generated on:           Oct 21 2025  09:43:50 pm
  Module:                 MCU
  Technology libraries:   USERLIB_nldm_tt_1p00v_1p00v_25c 1.1
                          scadv10_cln65gp_hvt_tt_1p0v_25c 1.0
  Operating conditions:   tt_1p00v_1p00v_25c (balanced_tree)
  Wireload mode:          enclosed
  Area mode:              timing library
============================================================

                                           
        Gate         Instances     Area                  Library              
------------------------------------------------------------------------------
A2DFFQX1MA10TH              25     220.000    scadv10_cln65gp_hvt_tt_1p0v_25c 
A2SDFFQX0P5MA10TH            1      10.800    scadv10_cln65gp_hvt_tt_1p0v_25c 
ADDFX1MA10TH              1407   11818.800    scadv10_cln65gp_hvt_tt_1p0v_25c 
ADDHX1MA10TH               539    2802.800    scadv10_cln65gp_hvt_tt_1p0v_25c 
AND2X0P5MA10TH             173     415.200    scadv10_cln65gp_hvt_tt_1p0v_25c 
AND2X0P7MA10TH               3       7.200    scadv10_cln65gp_hvt_tt_1p0v_25c 
AND2X1MA10TH               237     568.800    scadv10_cln65gp_hvt_tt_1p0v_25c 
AND2X1P4MA10TH               2       5.600    scadv10_cln65gp_hvt_tt_1p0v_25c 
AND2X8MA10TH                23     211.600    scadv10_cln65gp_hvt_tt_1p0v_25c 
AND3X0P5MA10TH               6      16.800    scadv10_cln65gp_hvt_tt_1p0v_25c 
AND3X0P7MA10TH               5      14.000    scadv10_cln65gp_hvt_tt_1p0v_25c 
AND3X1MA10TH                43     120.400    scadv10_cln65gp_hvt_tt_1p0v_25c 
AND4X0P5MA10TH              11      35.200    scadv10_cln65gp_hvt_tt_1p0v_25c 
AND4X0P7MA10TH              61     195.200    scadv10_cln65gp_hvt_tt_1p0v_25c 
AO1B2X0P5MA10TH             37     103.600    scadv10_cln65gp_hvt_tt_1p0v_25c 
AO1B2X0P7MA10TH             13      36.400    scadv10_cln65gp_hvt_tt_1p0v_25c 
AO1B2X1MA10TH              129     361.200    scadv10_cln65gp_hvt_tt_1p0v_25c 
AO1B2X2MA10TH                3      12.000    scadv10_cln65gp_hvt_tt_1p0v_25c 
AO21BX1MA10TH              147     411.600    scadv10_cln65gp_hvt_tt_1p0v_25c 
AO21BX2MA10TH               41     164.000    scadv10_cln65gp_hvt_tt_1p0v_25c 
AO21X0P5MA10TH               8      25.600    scadv10_cln65gp_hvt_tt_1p0v_25c 
AO21X0P7MA10TH               1       3.200    scadv10_cln65gp_hvt_tt_1p0v_25c 
AO21X1MA10TH                66     211.200    scadv10_cln65gp_hvt_tt_1p0v_25c 
AO22X0P5MA10TH              36     144.000    scadv10_cln65gp_hvt_tt_1p0v_25c 
AO22X1MA10TH               423    1692.000    scadv10_cln65gp_hvt_tt_1p0v_25c 
AOI211X0P5MA10TH             6      16.800    scadv10_cln65gp_hvt_tt_1p0v_25c 
AOI211X1MA10TH             191     534.800    scadv10_cln65gp_hvt_tt_1p0v_25c 
AOI21BX0P5MA10TH            15      48.000    scadv10_cln65gp_hvt_tt_1p0v_25c 
AOI21BX0P7MA10TH             1       3.200    scadv10_cln65gp_hvt_tt_1p0v_25c 
AOI21BX1MA10TH              16      51.200    scadv10_cln65gp_hvt_tt_1p0v_25c 
AOI21X0P5MA10TH             19      45.600    scadv10_cln65gp_hvt_tt_1p0v_25c 
AOI21X0P7MA10TH              1       2.400    scadv10_cln65gp_hvt_tt_1p0v_25c 
AOI21X1MA10TH              199     477.600    scadv10_cln65gp_hvt_tt_1p0v_25c 
AOI221X0P5MA10TH            21      75.600    scadv10_cln65gp_hvt_tt_1p0v_25c 
AOI221X1MA10TH             684    2462.400    scadv10_cln65gp_hvt_tt_1p0v_25c 
AOI222X0P5MA10TH             1       4.400    scadv10_cln65gp_hvt_tt_1p0v_25c 
AOI222X1MA10TH             266    1170.400    scadv10_cln65gp_hvt_tt_1p0v_25c 
AOI22X0P5MA10TH            321     898.800    scadv10_cln65gp_hvt_tt_1p0v_25c 
AOI22X0P7MA10TH             24      67.200    scadv10_cln65gp_hvt_tt_1p0v_25c 
AOI22X1MA10TH             2857    7999.600    scadv10_cln65gp_hvt_tt_1p0v_25c 
AOI2XB1X0P5MA10TH           10      32.000    scadv10_cln65gp_hvt_tt_1p0v_25c 
AOI2XB1X0P7MA10TH            2       6.400    scadv10_cln65gp_hvt_tt_1p0v_25c 
AOI2XB1X1MA10TH             99     316.800    scadv10_cln65gp_hvt_tt_1p0v_25c 
AOI31X0P5MA10TH              9      25.200    scadv10_cln65gp_hvt_tt_1p0v_25c 
AOI31X1MA10TH               98     274.400    scadv10_cln65gp_hvt_tt_1p0v_25c 
AOI32X0P5MA10TH              7      22.400    scadv10_cln65gp_hvt_tt_1p0v_25c 
AOI32X0P7MA10TH              2       6.400    scadv10_cln65gp_hvt_tt_1p0v_25c 
AOI32X1MA10TH               85     272.000    scadv10_cln65gp_hvt_tt_1p0v_25c 
BUFHX5MA10TH                18      86.400    scadv10_cln65gp_hvt_tt_1p0v_25c 
BUFX2MA10TH                  2       4.800    scadv10_cln65gp_hvt_tt_1p0v_25c 
BUFX7P5BA10TH               64     409.600    scadv10_cln65gp_hvt_tt_1p0v_25c 
BUFX9MA10TH                122     829.600    scadv10_cln65gp_hvt_tt_1p0v_25c 
DFFNQX1MA10TH              361    3032.400    scadv10_cln65gp_hvt_tt_1p0v_25c 
DFFNRPQX1MA10TH             78     748.800    scadv10_cln65gp_hvt_tt_1p0v_25c 
DFFNSQX1MA10TH               2      19.200    scadv10_cln65gp_hvt_tt_1p0v_25c 
DFFQNX0P5MA10TH             15     120.000    scadv10_cln65gp_hvt_tt_1p0v_25c 
DFFQX0P5MA10TH             657    5256.000    scadv10_cln65gp_hvt_tt_1p0v_25c 
DFFQX1MA10TH                12     100.800    scadv10_cln65gp_hvt_tt_1p0v_25c 
DFFQX2MA10TH                 8      70.400    scadv10_cln65gp_hvt_tt_1p0v_25c 
DFFRPQNX1MA10TH            311    2985.600    scadv10_cln65gp_hvt_tt_1p0v_25c 
DFFRPQX1MA10TH            2920   28032.000    scadv10_cln65gp_hvt_tt_1p0v_25c 
DFFRPQX2MA10TH               1      10.400    scadv10_cln65gp_hvt_tt_1p0v_25c 
DFFSQNX1MA10TH               7      70.000    scadv10_cln65gp_hvt_tt_1p0v_25c 
DFFSQX1MA10TH              110    1100.000    scadv10_cln65gp_hvt_tt_1p0v_25c 
DFFSRPQX1MA10TH            164    1968.000    scadv10_cln65gp_hvt_tt_1p0v_25c 
INVX0P5BA10TH               14      16.800    scadv10_cln65gp_hvt_tt_1p0v_25c 
INVX0P5MA10TH              226     271.200    scadv10_cln65gp_hvt_tt_1p0v_25c 
INVX0P6BA10TH              151     181.200    scadv10_cln65gp_hvt_tt_1p0v_25c 
INVX0P7MA10TH              168     201.600    scadv10_cln65gp_hvt_tt_1p0v_25c 
INVX0P8BA10TH               11      13.200    scadv10_cln65gp_hvt_tt_1p0v_25c 
INVX1BA10TH                311     373.200    scadv10_cln65gp_hvt_tt_1p0v_25c 
INVX1MA10TH                910    1092.000    scadv10_cln65gp_hvt_tt_1p0v_25c 
INVX2MA10TH                  3       4.800    scadv10_cln65gp_hvt_tt_1p0v_25c 
INVX3MA10TH                  2       4.800    scadv10_cln65gp_hvt_tt_1p0v_25c 
INVX5MA10TH                  1       3.200    scadv10_cln65gp_hvt_tt_1p0v_25c 
INVX7P5BA10TH               22     105.600    scadv10_cln65gp_hvt_tt_1p0v_25c 
INVX7P5MA10TH                6      28.800    scadv10_cln65gp_hvt_tt_1p0v_25c 
LATNQX1MA10TH              128     614.400    scadv10_cln65gp_hvt_tt_1p0v_25c 
LATQX1MA10TH                48     230.400    scadv10_cln65gp_hvt_tt_1p0v_25c 
MXIT2X0P7MA10TH              3      12.000    scadv10_cln65gp_hvt_tt_1p0v_25c 
MXIT2X1MA10TH               36     144.000    scadv10_cln65gp_hvt_tt_1p0v_25c 
MXT2X1MA10TH                19      83.600    scadv10_cln65gp_hvt_tt_1p0v_25c 
NAND2BX0P7MA10TH           146     350.400    scadv10_cln65gp_hvt_tt_1p0v_25c 
NAND2BX1MA10TH             130     312.000    scadv10_cln65gp_hvt_tt_1p0v_25c 
NAND2X0P7AA10TH            418     668.800    scadv10_cln65gp_hvt_tt_1p0v_25c 
NAND2X0P7BA10TH            421     673.600    scadv10_cln65gp_hvt_tt_1p0v_25c 
NAND2X1AA10TH              281     449.600    scadv10_cln65gp_hvt_tt_1p0v_25c 
NAND2X1BA10TH             1058    1692.800    scadv10_cln65gp_hvt_tt_1p0v_25c 
NAND2X1MA10TH              714    1142.400    scadv10_cln65gp_hvt_tt_1p0v_25c 
NAND2X2BA10TH               15      42.000    scadv10_cln65gp_hvt_tt_1p0v_25c 
NAND2X2MA10TH                1       2.800    scadv10_cln65gp_hvt_tt_1p0v_25c 
NAND2X3BA10TH                5      20.000    scadv10_cln65gp_hvt_tt_1p0v_25c 
NAND2X4BA10TH                1       4.800    scadv10_cln65gp_hvt_tt_1p0v_25c 
NAND2X6BA10TH                1       6.800    scadv10_cln65gp_hvt_tt_1p0v_25c 
NAND2X8AA10TH               45     414.000    scadv10_cln65gp_hvt_tt_1p0v_25c 
NAND2XBX0P7MA10TH           16      38.400    scadv10_cln65gp_hvt_tt_1p0v_25c 
NAND2XBX1MA10TH            224     537.600    scadv10_cln65gp_hvt_tt_1p0v_25c 
NAND3BX0P5MA10TH            17      47.600    scadv10_cln65gp_hvt_tt_1p0v_25c 
NAND3BX0P7MA10TH             6      16.800    scadv10_cln65gp_hvt_tt_1p0v_25c 
NAND3BX1MA10TH              69     193.200    scadv10_cln65gp_hvt_tt_1p0v_25c 
NAND3X0P5AA10TH             42     100.800    scadv10_cln65gp_hvt_tt_1p0v_25c 
NAND3X0P5MA10TH              1       2.400    scadv10_cln65gp_hvt_tt_1p0v_25c 
NAND3X0P7MA10TH              2       4.800    scadv10_cln65gp_hvt_tt_1p0v_25c 
NAND3X1AA10TH               81     194.400    scadv10_cln65gp_hvt_tt_1p0v_25c 
NAND3X1MA10TH              123     295.200    scadv10_cln65gp_hvt_tt_1p0v_25c 
NAND3XXBX1MA10TH            66     184.800    scadv10_cln65gp_hvt_tt_1p0v_25c 
NAND4BX1MA10TH              86     275.200    scadv10_cln65gp_hvt_tt_1p0v_25c 
NAND4X0P5MA10TH             34      95.200    scadv10_cln65gp_hvt_tt_1p0v_25c 
NAND4X1AA10TH               84     235.200    scadv10_cln65gp_hvt_tt_1p0v_25c 
NAND4X1MA10TH              265     742.000    scadv10_cln65gp_hvt_tt_1p0v_25c 
NAND4XXXBX0P5MA10TH          8      25.600    scadv10_cln65gp_hvt_tt_1p0v_25c 
NAND4XXXBX1MA10TH           68     217.600    scadv10_cln65gp_hvt_tt_1p0v_25c 
NOR2BX0P7MA10TH             52     124.800    scadv10_cln65gp_hvt_tt_1p0v_25c 
NOR2BX1MA10TH               79     189.600    scadv10_cln65gp_hvt_tt_1p0v_25c 
NOR2BX2MA10TH                2       6.400    scadv10_cln65gp_hvt_tt_1p0v_25c 
NOR2X0P5AA10TH               3       4.800    scadv10_cln65gp_hvt_tt_1p0v_25c 
NOR2X0P5MA10TH             132     211.200    scadv10_cln65gp_hvt_tt_1p0v_25c 
NOR2X0P7AA10TH              37      59.200    scadv10_cln65gp_hvt_tt_1p0v_25c 
NOR2X0P7MA10TH              58      92.800    scadv10_cln65gp_hvt_tt_1p0v_25c 
NOR2X1AA10TH               316     505.600    scadv10_cln65gp_hvt_tt_1p0v_25c 
NOR2X1MA10TH              1128    1804.800    scadv10_cln65gp_hvt_tt_1p0v_25c 
NOR2X1P4MA10TH               3       8.400    scadv10_cln65gp_hvt_tt_1p0v_25c 
NOR2X2AA10TH                26      72.800    scadv10_cln65gp_hvt_tt_1p0v_25c 
NOR2X2MA10TH                 5      14.000    scadv10_cln65gp_hvt_tt_1p0v_25c 
NOR2XBX0P7MA10TH             7      16.800    scadv10_cln65gp_hvt_tt_1p0v_25c 
NOR2XBX1MA10TH              69     165.600    scadv10_cln65gp_hvt_tt_1p0v_25c 
NOR2XBX2MA10TH               3       9.600    scadv10_cln65gp_hvt_tt_1p0v_25c 
NOR3X0P5AA10TH              12      28.800    scadv10_cln65gp_hvt_tt_1p0v_25c 
NOR3X0P5MA10TH              30      72.000    scadv10_cln65gp_hvt_tt_1p0v_25c 
NOR3X0P7MA10TH               1       2.400    scadv10_cln65gp_hvt_tt_1p0v_25c 
NOR3X1AA10TH                31      74.400    scadv10_cln65gp_hvt_tt_1p0v_25c 
NOR3X1MA10TH               155     372.000    scadv10_cln65gp_hvt_tt_1p0v_25c 
OA211X0P7MA10TH              7      25.200    scadv10_cln65gp_hvt_tt_1p0v_25c 
OA21X0P5MA10TH               2       6.400    scadv10_cln65gp_hvt_tt_1p0v_25c 
OA21X0P7MA10TH               6      19.200    scadv10_cln65gp_hvt_tt_1p0v_25c 
OA21X1MA10TH                18      57.600    scadv10_cln65gp_hvt_tt_1p0v_25c 
OA22X0P5MA10TH              11      44.000    scadv10_cln65gp_hvt_tt_1p0v_25c 
OA22X1MA10TH                13      52.000    scadv10_cln65gp_hvt_tt_1p0v_25c 
OAI211X0P5MA10TH            10      28.000    scadv10_cln65gp_hvt_tt_1p0v_25c 
OAI211X1MA10TH             321     898.800    scadv10_cln65gp_hvt_tt_1p0v_25c 
OAI21BX0P5MA10TH             4      12.800    scadv10_cln65gp_hvt_tt_1p0v_25c 
OAI21BX0P7MA10TH             3       9.600    scadv10_cln65gp_hvt_tt_1p0v_25c 
OAI21BX1MA10TH              52     166.400    scadv10_cln65gp_hvt_tt_1p0v_25c 
OAI21X0P5MA10TH            135     324.000    scadv10_cln65gp_hvt_tt_1p0v_25c 
OAI21X0P7MA10TH             35      84.000    scadv10_cln65gp_hvt_tt_1p0v_25c 
OAI21X1MA10TH              307     736.800    scadv10_cln65gp_hvt_tt_1p0v_25c 
OAI221X0P5MA10TH             2       8.000    scadv10_cln65gp_hvt_tt_1p0v_25c 
OAI221X1MA10TH              97     388.000    scadv10_cln65gp_hvt_tt_1p0v_25c 
OAI222X0P5MA10TH             9      39.600    scadv10_cln65gp_hvt_tt_1p0v_25c 
OAI222X1MA10TH              56     246.400    scadv10_cln65gp_hvt_tt_1p0v_25c 
OAI22X0P5MA10TH            135     378.000    scadv10_cln65gp_hvt_tt_1p0v_25c 
OAI22X0P7MA10TH              8      22.400    scadv10_cln65gp_hvt_tt_1p0v_25c 
OAI22X1MA10TH             1311    3670.800    scadv10_cln65gp_hvt_tt_1p0v_25c 
OAI2XB1X0P5MA10TH           13      41.600    scadv10_cln65gp_hvt_tt_1p0v_25c 
OAI2XB1X0P7MA10TH            2       6.400    scadv10_cln65gp_hvt_tt_1p0v_25c 
OAI2XB1X1MA10TH            103     329.600    scadv10_cln65gp_hvt_tt_1p0v_25c 
OR2X0P5MA10TH               73     175.200    scadv10_cln65gp_hvt_tt_1p0v_25c 
OR2X1MA10TH                210     504.000    scadv10_cln65gp_hvt_tt_1p0v_25c 
OR2X2MA10TH                  1       4.000    scadv10_cln65gp_hvt_tt_1p0v_25c 
OR2X8MA10TH                  2      22.400    scadv10_cln65gp_hvt_tt_1p0v_25c 
OR3X0P5MA10TH               52     145.600    scadv10_cln65gp_hvt_tt_1p0v_25c 
OR3X1MA10TH                  2       8.000    scadv10_cln65gp_hvt_tt_1p0v_25c 
OR4X0P7MA10TH                2       8.800    scadv10_cln65gp_hvt_tt_1p0v_25c 
OR4X1MA10TH                 14      61.600    scadv10_cln65gp_hvt_tt_1p0v_25c 
OR6X0P5MA10TH               12      62.400    scadv10_cln65gp_hvt_tt_1p0v_25c 
OR6X0P7MA10TH                2      10.400    scadv10_cln65gp_hvt_tt_1p0v_25c 
OR6X1MA10TH                 85     442.000    scadv10_cln65gp_hvt_tt_1p0v_25c 
PREICGX0P5BA10TH           315    2268.000    scadv10_cln65gp_hvt_tt_1p0v_25c 
PREICGX1BA10TH             117     842.400    scadv10_cln65gp_hvt_tt_1p0v_25c 
SDFFNQX1MA10TH               2      20.800    scadv10_cln65gp_hvt_tt_1p0v_25c 
SDFFNRPQX1MA10TH             4      46.400    scadv10_cln65gp_hvt_tt_1p0v_25c 
SDFFNSQX1MA10TH              1      12.400    scadv10_cln65gp_hvt_tt_1p0v_25c 
SDFFQNX0P5MA10TH             1      10.000    scadv10_cln65gp_hvt_tt_1p0v_25c 
SDFFQX0P5MA10TH              3      30.000    scadv10_cln65gp_hvt_tt_1p0v_25c 
SDFFQX1MA10TH                1      10.800    scadv10_cln65gp_hvt_tt_1p0v_25c 
SDFFRPQNX0P5MA10TH           5      58.000    scadv10_cln65gp_hvt_tt_1p0v_25c 
SDFFRPQNX1MA10TH            24     278.400    scadv10_cln65gp_hvt_tt_1p0v_25c 
SDFFRPQX0P5MA10TH          128    1484.800    scadv10_cln65gp_hvt_tt_1p0v_25c 
SDFFRPQX1MA10TH            232    2691.200    scadv10_cln65gp_hvt_tt_1p0v_25c 
SDFFSQNX1MA10TH              2      24.800    scadv10_cln65gp_hvt_tt_1p0v_25c 
SDFFSQX1MA10TH               7      86.800    scadv10_cln65gp_hvt_tt_1p0v_25c 
SDFFSRPQX0P5MA10TH           5      70.000    scadv10_cln65gp_hvt_tt_1p0v_25c 
SDFFSRPQX1MA10TH            19     266.000    scadv10_cln65gp_hvt_tt_1p0v_25c 
TIEHIX1MA10TH               14      22.400    scadv10_cln65gp_hvt_tt_1p0v_25c 
TIELOX1MA10TH              473     756.800    scadv10_cln65gp_hvt_tt_1p0v_25c 
XNOR2X0P7MA10TH              3      12.000    scadv10_cln65gp_hvt_tt_1p0v_25c 
XNOR2X1MA10TH              544    2176.000    scadv10_cln65gp_hvt_tt_1p0v_25c 
XNOR3X1MA10TH              447    3397.200    scadv10_cln65gp_hvt_tt_1p0v_25c 
XOR2X0P5MA10TH              42     168.000    scadv10_cln65gp_hvt_tt_1p0v_25c 
XOR2X0P7MA10TH               3      12.000    scadv10_cln65gp_hvt_tt_1p0v_25c 
XOR2X1MA10TH               215     860.000    scadv10_cln65gp_hvt_tt_1p0v_25c 
XOR3X0P5MA10TH               1       7.600    scadv10_cln65gp_hvt_tt_1p0v_25c 
XOR3X1MA10TH                18     136.800    scadv10_cln65gp_hvt_tt_1p0v_25c 
rom_hvt_pg                   1   50879.234    USERLIB_nldm_tt_1p00v_1p00v_25c 
sram1p16k_hvt_pg             2  273562.594    USERLIB_nldm_tt_1p00v_1p00v_25c 
------------------------------------------------------------------------------
total                    27606  444699.828                                    


            Library             Instances    Area    Instances % 
-----------------------------------------------------------------
USERLIB_nldm_tt_1p00v_1p00v_25c         3 324441.828         0.0 
scadv10_cln65gp_hvt_tt_1p0v_25c     27603 120258.000       100.0 

                                                         
            Type             Instances    Area    Area % 
---------------------------------------------------------
timing_model                         3 324441.828   73.0 
sequential                        5282  49679.600   11.2 
inverter                          1825   2296.400    0.5 
buffer                             206   1330.400    0.3 
clock_gating_integrated_cell       432   3110.400    0.7 
unresolved                           6      0.000    0.0 
logic                            19858  63841.200   14.4 
physical_cells                       0      0.000    0.0 
---------------------------------------------------------
total                            27612 444699.828  100.0 

