============================================================
  Generated by:           Genus(TM) Synthesis Solution 19.15-s090_1
  Generated on:           Nov 15 2025  01:23:35 pm
  Module:                 MCU
  Operating conditions:   tt_1p00v_1p00v_25c (balanced_tree)
  Wireload mode:          enclosed
  Area mode:              timing library
============================================================


Path 1: MET (2830 ps) Setup Check with Pin adddec0/RC_CG_HIER_INST4/RC_CGIC_INST/CK->E
          Group: cg_enable_group_clk_cpu
     Startpoint: (R) rom0/CLK
          Clock: (R) clk_cpu
       Endpoint: (R) adddec0/RC_CG_HIER_INST4/RC_CGIC_INST/E
          Clock: (F) clk_cpu

                     Capture       Launch     
        Clock Edge:+   14286            0     
       Src Latency:+       0            0     
       Net Latency:+       0 (I)        0 (I) 
           Arrival:=   14286            0     
                                              
             Setup:-      77                  
     Required Time:=   14209                  
      Launch Clock:-       0                  
         Data Path:-   11379                  
             Slack:=    2830                  

#---------------------------------------------------------------------------------------------------------------------------------------------------------------
#                               Timing Point                                Flags     Arc     Edge       Cell         Fanout  Load Trans Delay Arrival Instance 
#                                                                                                                             (fF)  (ps)  (ps)   (ps)  Location 
#---------------------------------------------------------------------------------------------------------------------------------------------------------------
  rom0/CLK                                                                  -       -         R     (arrival)              1     -     0     0       0    (-,-) 
  rom0/Q[0]                                                                 (P)     CLK->Q[0] F     rom_hvt_pg             1   1.4    14  1780    1780    (-,-) 
  adddec0/g11813__5526/Y                                                    -       B1->Y     R     AOI222X1MA10TH         1   1.7    86    77    1857    (-,-) 
  adddec0/g11719__4319/Y                                                    -       A->Y      F     NAND3X1MA10TH          1   1.5    38    37    1894    (-,-) 
  adddec0/g11665__5526/Y                                                    -       C0->Y     R     AOI221X1MA10TH         1   1.6    71    53    1947    (-,-) 
  adddec0/g11646__6131/Y                                                    -       A->Y      F     NAND4X1MA10TH          1   1.4    41    38    1985    (-,-) 
  adddec0/g11581__5526/Y                                                    -       B0->Y     R     AOI211X1MA10TH         1   1.7    67    59    2044    (-,-) 
  adddec0/g11578__6260/Y                                                    -       A->Y      F     NAND3X1MA10TH          6   8.8    85    68    2112    (-,-) 
  core/g14492/Y                                                             -       B1->Y     R     AOI222X1MA10TH         1   1.9    90    97    2209    (-,-) 
  core/g14486/Y                                                             -       A->Y      F     INVX1MA10TH            4   5.3    33    37    2245    (-,-) 
  core/c_dec_inst/g9860/Y                                                   -       CN->Y     F     NAND3XXBX1MA10TH       9  14.9   162   122    2367    (-,-) 
  core/c_dec_inst/g9839/Y                                                   -       A->Y      R     NOR2X1MA10TH           3   4.8    91    86    2453    (-,-) 
  core/c_dec_inst/g9808__6161/Y                                             -       B->Y      F     NAND2X1AA10TH          2   3.3    33    41    2494    (-,-) 
  core/c_dec_inst/g9803/Y                                                   -       A->Y      R     INVX0P7MA10TH          2   2.5    29    28    2522    (-,-) 
  core/c_dec_inst/g9792__6783/Y                                             -       A->Y      R     AND2X1MA10TH           3   4.7    39    56    2578    (-,-) 
  core/c_dec_inst/g9785__5477/Y                                             -       B0->Y     F     AOI21X1MA10TH          3   4.7    54    33    2611    (-,-) 
  core/c_dec_inst/g9750__7410/Y                                             -       A->Y      R     NAND4X1AA10TH          3   4.8    66    49    2660    (-,-) 
  core/c_dec_inst/g9720__2346/Y                                             -       C0->Y     F     AOI222X1MA10TH         1   1.9    83    45    2705    (-,-) 
  core/c_dec_inst/g9703__3680/Y                                             -       A->Y      R     NAND2X1BA10TH          1   1.0    31    32    2737    (-,-) 
  core/g14388/Y                                                             -       B1->Y     R     AO1B2X1MA10TH          7   9.2    69    80    2817    (-,-) 
  core/datapath_inst/rf/g49598/Y                                            -       A->Y      F     INVX0P6BA10TH          1   1.1    24    27    2844    (-,-) 
  core/datapath_inst/rf/g49577/Y                                            -       B->Y      F     AND2X1MA10TH          36  57.1   175   145    2990    (-,-) 
  core/datapath_inst/rf/g49568/Y                                            -       A->Y      R     INVX1MA10TH           12  19.7   125   121    3111    (-,-) 
  core/datapath_inst/rf/g49550/Y                                            -       A->Y      F     NOR2X1MA10TH          20  32.6   186   144    3254    (-,-) 
  core/datapath_inst/rf/g49282/Y                                            -       B0->Y     R     AOI22X1MA10TH          1   1.4    69    68    3322    (-,-) 
  core/datapath_inst/rf/g48758/Y                                            -       B->Y      F     NAND4XXXBX1MA10TH      1   1.4    42    43    3365    (-,-) 
  core/datapath_inst/rf/g48690/Y                                            -       B1->Y     R     AOI222X1MA10TH         1   1.6    84    83    3448    (-,-) 
  core/datapath_inst/rf/g48650/Y                                            -       A->Y      F     NAND4XXXBX1MA10TH      1   1.5    45    42    3491    (-,-) 
  core/datapath_inst/rf/g48638/Y                                            -       C0->Y     R     AOI221X1MA10TH         1   1.7    73    55    3546    (-,-) 
  core/datapath_inst/rf/g48625/Y                                            -       A->Y      F     NAND2X1MA10TH          4   6.3    47    46    3592    (-,-) 
  core/datapath_inst/g2199/Y                                                -       B0->Y     R     AOI22X1MA10TH          1   3.6    85    52    3644    (-,-) 
  core/datapath_inst/g2158/Y                                                -       A->Y      F     NAND2X2BA10TH         98 157.7   422   264    3909    (-,-) 
  core/datapath_inst/mainalu/mul_260_70_Y_mul_251_62_Y_mul_257_64_g50229/Y  -       A->Y      R     INVX1MA10TH           42  69.9   415   350    4259    (-,-) 
  core/datapath_inst/mainalu/mul_260_70_Y_mul_251_62_Y_mul_257_64_g49843/Y  -       A->Y      R     MXT2X1MA10TH          36  61.0   341   286    4545    (-,-) 
  core/datapath_inst/mainalu/mul_260_70_Y_mul_251_62_Y_mul_257_64_g49487/Y  -       A->Y      F     NAND2X1AA10TH         34  60.8   340   288    4833    (-,-) 
  core/datapath_inst/mainalu/mul_260_70_Y_mul_251_62_Y_mul_257_64_g48890/Y  -       A0->Y     R     OAI22X1MA10TH          1   3.8   142   131    4964    (-,-) 
  core/datapath_inst/mainalu/mul_260_70_Y_mul_251_62_Y_mul_257_64_g48791/S  -       CI->S     F     ADDFX1MA10TH           1   4.8    42   143    5107    (-,-) 
  core/datapath_inst/mainalu/mul_260_70_Y_mul_251_62_Y_mul_257_64_g48642/CO -       A->CO     F     ADDFX1MA10TH           1   3.8    34    88    5194    (-,-) 
  core/datapath_inst/mainalu/mul_260_70_Y_mul_251_62_Y_mul_257_64_g48565/CO -       CI->CO    F     ADDFX1MA10TH           1   3.8    34    76    5270    (-,-) 
  core/datapath_inst/mainalu/mul_260_70_Y_mul_251_62_Y_mul_257_64_g48519/CO -       CI->CO    F     ADDFX1MA10TH           1   3.8    34    76    5347    (-,-) 
  core/datapath_inst/mainalu/mul_260_70_Y_mul_251_62_Y_mul_257_64_g48479/CO -       CI->CO    F     ADDFX1MA10TH           1   3.8    34    76    5423    (-,-) 
  core/datapath_inst/mainalu/mul_260_70_Y_mul_251_62_Y_mul_257_64_g48440/CO -       CI->CO    F     ADDFX1MA10TH           1   3.8    34    76    5499    (-,-) 
  core/datapath_inst/mainalu/mul_260_70_Y_mul_251_62_Y_mul_257_64_g48403/CO -       CI->CO    F     ADDFX1MA10TH           1   3.8    34    76    5576    (-,-) 
  core/datapath_inst/mainalu/mul_260_70_Y_mul_251_62_Y_mul_257_64_g48380/CO -       CI->CO    F     ADDFX1MA10TH           1   3.8    34    76    5652    (-,-) 
  core/datapath_inst/mainalu/mul_260_70_Y_mul_251_62_Y_mul_257_64_g48364/CO -       CI->CO    F     ADDFX1MA10TH           1   3.8    34    76    5728    (-,-) 
  core/datapath_inst/mainalu/mul_260_70_Y_mul_251_62_Y_mul_257_64_g48352/CO -       CI->CO    F     ADDFX1MA10TH           1   3.8    34    76    5805    (-,-) 
  core/datapath_inst/mainalu/mul_260_70_Y_mul_251_62_Y_mul_257_64_g48344/CO -       CI->CO    F     ADDFX1MA10TH           1   3.8    34    76    5881    (-,-) 
  core/datapath_inst/mainalu/mul_260_70_Y_mul_251_62_Y_mul_257_64_g48340/CO -       CI->CO    F     ADDFX1MA10TH           1   3.8    34    76    5957    (-,-) 
  core/datapath_inst/mainalu/mul_260_70_Y_mul_251_62_Y_mul_257_64_g48339/CO -       CI->CO    F     ADDFX1MA10TH           1   3.8    34    76    6034    (-,-) 
  core/datapath_inst/mainalu/mul_260_70_Y_mul_251_62_Y_mul_257_64_g48338/CO -       CI->CO    F     ADDFX1MA10TH           1   3.8    34    76    6110    (-,-) 
  core/datapath_inst/mainalu/mul_260_70_Y_mul_251_62_Y_mul_257_64_g48337/CO -       CI->CO    F     ADDFX1MA10TH           1   3.8    34    76    6186    (-,-) 
  core/datapath_inst/mainalu/mul_260_70_Y_mul_251_62_Y_mul_257_64_g48336/CO -       CI->CO    F     ADDFX1MA10TH           1   3.8    34    76    6262    (-,-) 
  core/datapath_inst/mainalu/mul_260_70_Y_mul_251_62_Y_mul_257_64_g48335/CO -       CI->CO    F     ADDFX1MA10TH           1   3.8    34    76    6339    (-,-) 
  core/datapath_inst/mainalu/mul_260_70_Y_mul_251_62_Y_mul_257_64_g48334/CO -       CI->CO    F     ADDFX1MA10TH           1   3.8    34    76    6415    (-,-) 
  core/datapath_inst/mainalu/mul_260_70_Y_mul_251_62_Y_mul_257_64_g48333/CO -       CI->CO    F     ADDFX1MA10TH           1   3.8    34    76    6491    (-,-) 
  core/datapath_inst/mainalu/mul_260_70_Y_mul_251_62_Y_mul_257_64_g48332/CO -       CI->CO    F     ADDFX1MA10TH           1   3.8    34    76    6568    (-,-) 
  core/datapath_inst/mainalu/mul_260_70_Y_mul_251_62_Y_mul_257_64_g48331/CO -       CI->CO    F     ADDFX1MA10TH           1   3.8    34    76    6644    (-,-) 
  core/datapath_inst/mainalu/mul_260_70_Y_mul_251_62_Y_mul_257_64_g48330/CO -       CI->CO    F     ADDFX1MA10TH           1   3.8    34    76    6720    (-,-) 
  core/datapath_inst/mainalu/mul_260_70_Y_mul_251_62_Y_mul_257_64_g48329/CO -       CI->CO    F     ADDFX1MA10TH           1   3.8    34    76    6796    (-,-) 
  core/datapath_inst/mainalu/mul_260_70_Y_mul_251_62_Y_mul_257_64_g48328/CO -       CI->CO    F     ADDFX1MA10TH           1   3.8    34    76    6873    (-,-) 
  core/datapath_inst/mainalu/mul_260_70_Y_mul_251_62_Y_mul_257_64_g48327/CO -       CI->CO    F     ADDFX1MA10TH           1   3.8    34    76    6949    (-,-) 
  core/datapath_inst/mainalu/mul_260_70_Y_mul_251_62_Y_mul_257_64_g48326/CO -       CI->CO    F     ADDFX1MA10TH           1   3.8    34    76    7025    (-,-) 
  core/datapath_inst/mainalu/mul_260_70_Y_mul_251_62_Y_mul_257_64_g48325/CO -       CI->CO    F     ADDFX1MA10TH           1   3.8    34    76    7102    (-,-) 
  core/datapath_inst/mainalu/mul_260_70_Y_mul_251_62_Y_mul_257_64_g48324/CO -       CI->CO    F     ADDFX1MA10TH           1   3.8    34    76    7178    (-,-) 
  core/datapath_inst/mainalu/mul_260_70_Y_mul_251_62_Y_mul_257_64_g48323/CO -       CI->CO    F     ADDFX1MA10TH           1   3.8    34    76    7254    (-,-) 
  core/datapath_inst/mainalu/mul_260_70_Y_mul_251_62_Y_mul_257_64_g48322/CO -       CI->CO    F     ADDFX1MA10TH           1   3.8    34    76    7331    (-,-) 
  core/datapath_inst/mainalu/mul_260_70_Y_mul_251_62_Y_mul_257_64_g48321/CO -       CI->CO    F     ADDFX1MA10TH           1   3.8    34    76    7407    (-,-) 
  core/datapath_inst/mainalu/mul_260_70_Y_mul_251_62_Y_mul_257_64_g48320/CO -       CI->CO    F     ADDFX1MA10TH           1   3.8    34    76    7483    (-,-) 
  core/datapath_inst/mainalu/mul_260_70_Y_mul_251_62_Y_mul_257_64_g48319/CO -       CI->CO    F     ADDFX1MA10TH           1   3.8    34    76    7560    (-,-) 
  core/datapath_inst/mainalu/mul_260_70_Y_mul_251_62_Y_mul_257_64_g48318/CO -       CI->CO    F     ADDFX1MA10TH           1   3.8    34    76    7636    (-,-) 
  core/datapath_inst/mainalu/mul_260_70_Y_mul_251_62_Y_mul_257_64_g48317/CO -       CI->CO    F     ADDFX1MA10TH           1   3.8    34    76    7712    (-,-) 
  core/datapath_inst/mainalu/mul_260_70_Y_mul_251_62_Y_mul_257_64_g48316/CO -       CI->CO    F     ADDFX1MA10TH           1   3.8    34    76    7788    (-,-) 
  core/datapath_inst/mainalu/mul_260_70_Y_mul_251_62_Y_mul_257_64_g48315/CO -       CI->CO    F     ADDFX1MA10TH           1   3.8    34    76    7865    (-,-) 
  core/datapath_inst/mainalu/mul_260_70_Y_mul_251_62_Y_mul_257_64_g48314/CO -       CI->CO    F     ADDFX1MA10TH           1   3.8    34    76    7941    (-,-) 
  core/datapath_inst/mainalu/mul_260_70_Y_mul_251_62_Y_mul_257_64_g48313/CO -       CI->CO    F     ADDFX1MA10TH           1   3.8    34    76    8017    (-,-) 
  core/datapath_inst/mainalu/mul_260_70_Y_mul_251_62_Y_mul_257_64_g48312/CO -       CI->CO    F     ADDFX1MA10TH           1   3.8    34    76    8094    (-,-) 
  core/datapath_inst/mainalu/mul_260_70_Y_mul_251_62_Y_mul_257_64_g48311/CO -       CI->CO    F     ADDFX1MA10TH           1   3.8    34    76    8170    (-,-) 
  core/datapath_inst/mainalu/mul_260_70_Y_mul_251_62_Y_mul_257_64_g48310/CO -       CI->CO    F     ADDFX1MA10TH           1   3.8    34    76    8246    (-,-) 
  core/datapath_inst/mainalu/mul_260_70_Y_mul_251_62_Y_mul_257_64_g48309/CO -       CI->CO    F     ADDFX1MA10TH           1   3.8    34    76    8322    (-,-) 
  core/datapath_inst/mainalu/mul_260_70_Y_mul_251_62_Y_mul_257_64_g48308/CO -       CI->CO    F     ADDFX1MA10TH           1   3.8    34    76    8399    (-,-) 
  core/datapath_inst/mainalu/mul_260_70_Y_mul_251_62_Y_mul_257_64_g48307/CO -       CI->CO    F     ADDFX1MA10TH           1   3.8    34    76    8475    (-,-) 
  core/datapath_inst/mainalu/mul_260_70_Y_mul_251_62_Y_mul_257_64_g48306/CO -       CI->CO    F     ADDFX1MA10TH           1   3.8    34    76    8551    (-,-) 
  core/datapath_inst/mainalu/mul_260_70_Y_mul_251_62_Y_mul_257_64_g48305/CO -       CI->CO    F     ADDFX1MA10TH           1   3.8    34    76    8628    (-,-) 
  core/datapath_inst/mainalu/mul_260_70_Y_mul_251_62_Y_mul_257_64_g48304/CO -       CI->CO    F     ADDFX1MA10TH           1   3.8    34    76    8704    (-,-) 
  core/datapath_inst/mainalu/mul_260_70_Y_mul_251_62_Y_mul_257_64_g48303/CO -       CI->CO    F     ADDFX1MA10TH           1   3.8    34    76    8780    (-,-) 
  core/datapath_inst/mainalu/mul_260_70_Y_mul_251_62_Y_mul_257_64_g48302/CO -       CI->CO    F     ADDFX1MA10TH           1   3.8    34    76    8857    (-,-) 
  core/datapath_inst/mainalu/mul_260_70_Y_mul_251_62_Y_mul_257_64_g48301/CO -       CI->CO    F     ADDFX1MA10TH           1   3.8    34    76    8933    (-,-) 
  core/datapath_inst/mainalu/mul_260_70_Y_mul_251_62_Y_mul_257_64_g48300/CO -       CI->CO    F     ADDFX1MA10TH           1   3.8    34    76    9009    (-,-) 
  core/datapath_inst/mainalu/mul_260_70_Y_mul_251_62_Y_mul_257_64_g48299/CO -       CI->CO    F     ADDFX1MA10TH           1   3.8    34    76    9086    (-,-) 
  core/datapath_inst/mainalu/mul_260_70_Y_mul_251_62_Y_mul_257_64_g48298/CO -       CI->CO    F     ADDFX1MA10TH           1   3.8    34    76    9162    (-,-) 
  core/datapath_inst/mainalu/mul_260_70_Y_mul_251_62_Y_mul_257_64_g48297/CO -       CI->CO    F     ADDFX1MA10TH           1   3.8    34    76    9238    (-,-) 
  core/datapath_inst/mainalu/mul_260_70_Y_mul_251_62_Y_mul_257_64_g48296/CO -       CI->CO    F     ADDFX1MA10TH           1   3.8    34    76    9314    (-,-) 
  core/datapath_inst/mainalu/mul_260_70_Y_mul_251_62_Y_mul_257_64_g48295/CO -       CI->CO    F     ADDFX1MA10TH           1   3.8    34    76    9391    (-,-) 
  core/datapath_inst/mainalu/mul_260_70_Y_mul_251_62_Y_mul_257_64_g48294/CO -       CI->CO    F     ADDFX1MA10TH           1   3.8    34    76    9467    (-,-) 
  core/datapath_inst/mainalu/mul_260_70_Y_mul_251_62_Y_mul_257_64_g48293/CO -       CI->CO    F     ADDFX1MA10TH           1   3.8    34    76    9543    (-,-) 
  core/datapath_inst/mainalu/mul_260_70_Y_mul_251_62_Y_mul_257_64_g48292/CO -       CI->CO    F     ADDFX1MA10TH           1   3.8    34    76    9620    (-,-) 
  core/datapath_inst/mainalu/mul_260_70_Y_mul_251_62_Y_mul_257_64_g48291/CO -       CI->CO    F     ADDFX1MA10TH           1   1.8    27    70    9689    (-,-) 
  core/datapath_inst/mainalu/mul_260_70_Y_mul_251_62_Y_mul_257_64_g48290/Y  -       A->Y      F     XNOR3X1MA10TH          1   1.8    35    55    9744    (-,-) 
  core/datapath_inst/mainalu/g210378/Y                                      -       B0->Y     R     AOI22X1MA10TH          1   1.6    57    37    9781    (-,-) 
  core/datapath_inst/mainalu/g209813/Y                                      -       A->Y      F     NAND4X1MA10TH          1   1.5    40    36    9817    (-,-) 
  core/datapath_inst/mainalu/g209704/Y                                      -       C0->Y     R     AOI211X1MA10TH         1   1.6    69    50    9866    (-,-) 
  core/datapath_inst/mainalu/g209668/Y                                      -       C0->Y     F     OAI211X1MA10TH         1   1.5    37    38    9905    (-,-) 
  core/datapath_inst/mainalu/g209098/Y                                      -       C0->Y     R     AOI221X1MA10TH         1   1.6    71    53    9957    (-,-) 
  core/datapath_inst/mainalu/g209086/Y                                      -       A->Y      F     NAND4X1MA10TH          7  11.4   154    98   10055    (-,-) 
  core/datapath_inst/mainalu/g209072/Y                                      -       A->Y      F     OR6X1MA10TH            1   1.6    34    95   10151    (-,-) 
  core/datapath_inst/mainalu/g209071/Y                                      -       A->Y      F     OR6X1MA10TH            1   1.6    32    69   10219    (-,-) 
  core/datapath_inst/mainalu/g209070/Y                                      -       A->Y      R     NOR2X1MA10TH           1   2.4    47    37   10257    (-,-) 
  core/controller_inst/bval/g49/Y                                           -       A->Y      R     XNOR2X1MA10TH          2   3.3    99    44   10301    (-,-) 
  core/controller_inst/bval/g48/Y                                           -       A->Y      F     NOR3X1AA10TH           1   1.4    47    32   10334    (-,-) 
  core/controller_inst/bval/g47/Y                                           -       B0->Y     F     AO21X1MA10TH           1   1.6    20    60   10393    (-,-) 
  core/controller_inst/g15/Y                                                -       A0->Y     F     AO21X1MA10TH           4   6.8    34    69   10462    (-,-) 
  core/g19173/Y                                                             -       A0->Y     R     AOI211X2MA10TH        31  52.7   460   284   10746    (-,-) 
  core/g19151/Y                                                             -       A->Y      F     INVX1BA10TH            2   3.3    98    75   10821    (-,-) 
  core/g19047/Y                                                             -       A0->Y     R     OAI211X1MA10TH         2   2.7    75    77   10898    (-,-) 
  core/g18965/Y                                                             -       B1->Y     F     AOI222X1MA10TH         2   3.7   157    69   10967    (-,-) 
  core/g18949/Y                                                             -       A->Y      R     INVX1MA10TH            3   4.0    58    59   11026    (-,-) 
  core/g18857/Y                                                             -       B1->Y     F     AOI222X1MA10TH         1   1.9   116    55   11081    (-,-) 
  core/g18855/Y                                                             -       A->Y      R     INVX1MA10TH            5   7.4    61    64   11144    (-,-) 
  core/controller_inst/md/g16065/Y                                          -       A->Y      F     INVX1MA10TH            4   6.4    29    32   11177    (-,-) 
  core/controller_inst/md/g16062/Y                                          -       A0->Y     R     OAI21BX1MA10TH         2   2.9    63    49   11226    (-,-) 
  core/controller_inst/md/g16061/Y                                          -       A->Y      F     INVX0P6BA10TH          1   1.4    24    28   11254    (-,-) 
  core/controller_inst/md/g16058/Y                                          -       B0->Y     F     OA21X1MA10TH           1   1.1    19    46   11300    (-,-) 
  core/g14079/Y                                                             -       A0->Y     F     AO21BX1MA10TH          2   2.8    44    54   11355    (-,-) 
  adddec0/g6396/Y                                                           -       A->Y      R     INVX0P7MA10TH          1   0.9    21    24   11379    (-,-) 
  adddec0/RC_CG_HIER_INST4/RC_CGIC_INST/E                                   <<<     -         R     PREICGX0P5BA10TH       1     -     -     0   11379    (-,-) 
#---------------------------------------------------------------------------------------------------------------------------------------------------------------

(P) : Instance is preserved

