Power Unit: W
PDB Frame : /stim#0/frame#0
-------------------------------------------------------------------------------------------------------------
Cells Pct_cells     Leakage     Internal   Switching       Total Lvl Instance                                
-------------------------------------------------------------------------------------------------------------
27777   100.00% 1.26229e-03  1.95534e-03 4.46049e-04 3.66368e-03   0 /MCU                                    
13893    50.02% 1.85049e-04  9.81578e-04 3.53844e-04 1.52047e-03   1 /MCU/core                               
10313    37.13% 1.43498e-04  7.14752e-04 2.88542e-04 1.14679e-03   2 /MCU/core/datapath_inst                 
 6968    25.09% 9.24956e-05  3.14357e-04 1.77394e-04 5.84246e-04   3 /MCU/core/datapath_inst/mainalu         
 1296     4.67% 1.56809e-05  6.62351e-05 1.61605e-05 9.80765e-05   4 /MCU/core/datapath_inst/mainalu/divider 
 2751     9.90% 4.30521e-05  3.45548e-04 1.78827e-05 4.06483e-04   3 /MCU/core/datapath_inst/rf              
   77     0.28% 7.13960e-07  3.77898e-06 1.93605e-06 6.42900e-06   3 /MCU/core/datapath_inst/loadextender    
   45     0.16% 4.52645e-07  1.74993e-06 1.08002e-06 3.28259e-06   3 /MCU/core/datapath_inst/storeextender   
   43     0.15% 4.16436e-07  1.21125e-06 1.43988e-06 3.06757e-06   3 /MCU/core/datapath_inst/ext             
 1364     4.91% 1.49718e-05  8.28878e-05 1.63408e-05 1.14200e-04   2 /MCU/core/irq_handler_inst              
  474     1.71% 7.91376e-06  6.35536e-05 3.78749e-06 7.52548e-05   2 /MCU/core/csr_unit_inst                 
  268     0.96% 2.05780e-06  4.84103e-06 3.76897e-06 1.06678e-05   2 /MCU/core/controller_inst               
  264     0.95% 2.01303e-06  4.70208e-06 3.72372e-06 1.04388e-05   3 /MCU/core/controller_inst/md            
    3     0.01% 3.35044e-08  1.26302e-07 4.43564e-08 2.04163e-07   3 /MCU/core/controller_inst/bval          
    2     0.01% 1.95948e-08  2.60671e-07 9.97501e-06 1.02553e-05   2 /MCU/core/cg_clk_cpu                    
  213     0.77% 1.74372e-06  3.99148e-06 2.90369e-06 8.63890e-06   2 /MCU/core/c_dec_inst                    
    2     0.01% 1.86180e-08  4.10816e-07 1.06736e-08 4.40107e-07   2 /MCU/core/cg_insret                     
 3170    11.41% 4.96574e-05  9.46184e-05 3.80123e-05 1.82288e-04   1 /MCU/npu0                               
 1617     5.82% 2.76263e-05  6.47328e-05 3.25069e-05 1.24866e-04   2 /MCU/npu0/NPU_FPMAC                     
  975     3.51% 1.48399e-05  0.00000e+00 0.00000e+00 1.48399e-05   2 /MCU/npu0/NPU_FPSIGMOID                 
    2     0.01% 1.93193e-08  2.54030e-07 5.16743e-07 7.90092e-07   2 /MCU/npu0/NPU_CLK_CG                    
    2     0.01% 1.89088e-08  3.05584e-07 4.02304e-07 7.26797e-07   2 /MCU/npu0/MAC_CLK_CG                    
    2     0.01% 1.91164e-08  2.92975e-07 2.08404e-08 3.32932e-07   2 /MCU/npu0/SRAM_CLK_CG                   
 1361     4.90% 1.64098e-05  7.38764e-05 6.07765e-06 9.63638e-05   1 /MCU/spi0                               
    2     0.01% 1.96586e-08  1.99182e-07 3.07816e-07 5.26656e-07   2 /MCU/spi0/gen_flash.CGFlash             
    2     0.01% 1.85172e-08  2.84792e-07 1.67703e-08 3.20080e-07   2 /MCU/spi0/cg_clk_baud_src               
    2     0.01% 1.82443e-08  2.92684e-07 5.21500e-10 3.11449e-07   2 /MCU/spi0/cg_clk_baud                   
  641     2.31% 7.12409e-06  7.69329e-05 9.25471e-06 9.33117e-05   1 /MCU/adddec0                            
    2     0.01% 1.95615e-08  3.46536e-07 3.08070e-08 3.96904e-07   2 /MCU/adddec0/gen_flash_clk.cg_flash     
    2     0.01% 1.83407e-08  3.19211e-07 2.85950e-08 3.66147e-07   2 /MCU/adddec0/gen_cg_mem[0].cg_mem       
    2     0.01% 1.82632e-08  3.00423e-07 1.07068e-08 3.29393e-07   2 /MCU/adddec0/gen_cg_mem[1].cg_mem       
    2     0.01% 1.82514e-08  2.96846e-07 3.13040e-09 3.18228e-07   2 /MCU/adddec0/gen_cg_periph[0].cg_periph 
    2     0.01% 1.82443e-08  2.93503e-07 1.80810e-09 3.13555e-07   2 /MCU/adddec0/gen_cg_periph[2].cg_periph 
    2     0.01% 1.82464e-08  2.94404e-07 7.98000e-11 3.12730e-07   2 /MCU/adddec0/gen_cg_mem[2].cg_mem       
    2     0.01% 1.82443e-08  2.93501e-07 8.00100e-10 3.12545e-07   2 /MCU/adddec0/gen_cg_periph[4].cg_periph 
    2     0.01% 1.82443e-08  2.93629e-07 6.55200e-10 3.12529e-07   2 /MCU/adddec0/gen_cg_periph[1].cg_periph 
    2     0.01% 1.82442e-08  2.93524e-07 5.82400e-10 3.12351e-07   2 /MCU/adddec0/gen_cg_periph[8].cg_periph 
    2     0.01% 1.82426e-08  2.92788e-07 0.00000e+00 3.11031e-07   2 /MCU/adddec0/gen_cg_periph[3].cg_periph 
    2     0.01% 1.82426e-08  2.92788e-07 0.00000e+00 3.11030e-07   2 /MCU/adddec0/gen_cg_periph[5].cg_periph 
    2     0.01% 1.82426e-08  2.92787e-07 0.00000e+00 3.11029e-07   2 /MCU/adddec0/gen_cg_periph[9].cg_periph 
    2     0.01% 1.82426e-08  2.92766e-07 0.00000e+00 3.11009e-07   2 /MCU/adddec0/gen_cg_periph[10].cg_periph
    2     0.01% 1.82426e-08  2.92762e-07 0.00000e+00 3.11004e-07   2 /MCU/adddec0/gen_cg_periph[12].cg_periph
    2     0.01% 1.82426e-08  2.92759e-07 0.00000e+00 3.11001e-07   2 /MCU/adddec0/gen_cg_periph[6].cg_periph 
    2     0.01% 1.82425e-08  2.92542e-07 0.00000e+00 3.10785e-07   2 /MCU/adddec0/gen_cg_periph[7].cg_periph 
    2     0.01% 1.82425e-08  2.92542e-07 0.00000e+00 3.10785e-07   2 /MCU/adddec0/gen_cg_periph[11].cg_periph
    2     0.01% 1.82425e-08  2.92542e-07 0.00000e+00 3.10785e-07   2 /MCU/adddec0/gen_cg_periph[13].cg_periph
    2     0.01% 1.82425e-08  2.92542e-07 0.00000e+00 3.10785e-07   2 /MCU/adddec0/gen_cg_periph[14].cg_periph
    2     0.01% 1.82425e-08  2.92542e-07 0.00000e+00 3.10785e-07   2 /MCU/adddec0/gen_cg_periph[15].cg_periph
 1073     3.86% 1.21187e-05  5.64451e-05 3.64775e-06 7.22116e-05   1 /MCU/spi1                               
    2     0.01% 1.85021e-08  2.83773e-07 1.58025e-08 3.18077e-07   2 /MCU/spi1/cg_clk_baud_src               
    2     0.01% 1.82442e-08  2.92658e-07 4.72500e-10 3.11375e-07   2 /MCU/spi1/cg_clk_baud                   
 1163     4.19% 1.51201e-05  1.43873e-05 4.67179e-06 3.41792e-05   1 /MCU/system0                            
   70     0.25% 8.14506e-07  6.01184e-08 2.20284e-06 3.07746e-06   2 /MCU/system0/mclk_div_mux               
    2     0.01% 1.92277e-08 -8.77733e-08 1.79900e-06 1.73046e-06   2 /MCU/system0/cg_smclk                   
   70     0.25% 8.14507e-07  2.87963e-08 1.34725e-09 8.44650e-07   2 /MCU/system0/smclk_divider_mux          
   41     0.15% 6.83309e-07  0.00000e+00 0.00000e+00 6.83309e-07   2 /MCU/system0/CRC0                       
    2     0.01% 1.89369e-08  2.64094e-07 3.16596e-07 5.99627e-07   2 /MCU/system0/cg_wdt_clk                 
   37     0.13% 4.37609e-07  1.06878e-07 6.45110e-09 5.50938e-07   2 /MCU/system0/smclk_mux                  
   35     0.13% 4.32159e-07  8.24920e-08 5.57649e-09 5.20227e-07   2 /MCU/system0/mclk_mux                   
    2     0.01% 1.96431e-08  2.02075e-07 1.19879e-07 3.41596e-07   2 /MCU/system0/cg_unlock                  
    2     0.01% 1.95636e-08  3.69719e-09 3.52157e-09 2.67824e-08   2 /MCU/system0/cg_clk_dco0                
    2     0.01% 1.95636e-08  3.52427e-09 3.52157e-09 2.66095e-08   2 /MCU/system0/cg_clk_dco1                
    2     0.01% 1.95802e-08  2.60317e-09 3.59699e-09 2.57804e-08   2 /MCU/system0/cg_clk_hfxt                
    2     0.01% 1.95881e-08  2.36651e-09 1.81685e-09 2.37715e-08   2 /MCU/system0/cg_clk_lfxt                
  991     3.57% 1.84869e-05  7.86141e-06 7.51579e-06 3.38641e-05   1 /MCU/afe0                               
  187     0.67% 2.05743e-06  2.26193e-06 7.33058e-06 1.16499e-05   2 /MCU/afe0/adc_fsm                       
    2     0.01% 1.96195e-08  4.17201e-08 4.50610e-06 4.56744e-06   3 /MCU/afe0/adc_fsm/cg_dsadc              
  103     0.37% 1.14038e-06  9.70236e-07 2.39101e-06 4.50162e-06   3 /MCU/afe0/adc_fsm/fsm                   
   82     0.30% 8.97431e-07  1.24997e-06 4.33467e-07 2.58087e-06   3 /MCU/afe0/adc_fsm/counter               
    2     0.01% 1.86539e-08  2.77719e-07 1.98734e-08 3.16247e-07   2 /MCU/afe0/cg_clk_afe                    
 1072     3.86% 1.47623e-05  1.45967e-05 1.45560e-06 3.08146e-05   1 /MCU/timer1                             
   25     0.09% 2.74108e-07  4.65819e-06 5.86221e-08 4.99092e-06   2 /MCU/timer1/clk_mux                     
    2     0.01% 1.93014e-08  3.52453e-08 1.47000e-08 6.92467e-08   2 /MCU/timer1/clock_gate_divider          
    2     0.01% 1.84891e-08  4.38064e-08 1.38010e-09 6.36756e-08   2 /MCU/timer1/clock_gate_timer            
 1063     3.83% 1.47082e-05  1.46211e-05 1.44681e-06 3.07761e-05   1 /MCU/timer0                             
   25     0.09% 2.74108e-07  4.65819e-06 5.86221e-08 4.99092e-06   2 /MCU/timer0/clk_mux                     
    2     0.01% 1.93014e-08  3.52453e-08 1.47000e-08 6.92467e-08   2 /MCU/timer0/clock_gate_divider          
    2     0.01% 1.84891e-08  4.38064e-08 1.38010e-09 6.36756e-08   2 /MCU/timer0/clock_gate_timer            
  214     0.77% 2.52520e-06  1.82161e-05 6.40842e-06 2.71497e-05   1 /MCU/saradc0                            
  492     1.77% 5.74396e-06  1.65362e-05 1.53550e-06 2.38156e-05   1 /MCU/i2c0                               
  115     0.41% 1.20022e-06  1.16684e-05 1.06760e-06 1.39362e-05   2 /MCU/i2c0/CGMaster                      
    2     0.01% 1.96172e-08  2.11453e-07 1.68808e-07 3.99878e-07   3 /MCU/i2c0/CGMaster/CG0                  
    2     0.01% 1.93686e-08  7.01694e-08 1.37397e-07 2.26935e-07   3 /MCU/i2c0/CGMaster/CG1                  
  489     1.76% 5.72579e-06  1.65359e-05 1.53995e-06 2.38016e-05   1 /MCU/i2c1                               
  115     0.41% 1.18562e-06  1.16693e-05 1.06655e-06 1.39215e-05   2 /MCU/i2c1/CGMaster                      
    2     0.01% 1.96172e-08  2.11453e-07 1.68808e-07 3.99878e-07   3 /MCU/i2c1/CGMaster/CG0                  
    2     0.01% 1.93686e-08  7.01694e-08 1.37397e-07 2.26935e-07   3 /MCU/i2c1/CGMaster/CG1                  
  347     1.25% 4.87513e-06  6.27557e-06 2.33672e-06 1.34874e-05   1 /MCU/gpio0                              
    2     0.01% 1.86549e-08  1.38840e-07 3.68900e-09 1.61184e-07   2 /MCU/gpio0/gen_if_clks[3].CGClkIFG      
    2     0.01% 1.88400e-08  2.69164e-08 1.11038e-09 4.68668e-08   2 /MCU/gpio0/gen_if_clks[1].CGClkIFG      
    2     0.01% 1.88400e-08  2.69164e-08 1.11038e-09 4.68668e-08   2 /MCU/gpio0/gen_if_clks[2].CGClkIFG      
    2     0.01% 1.91874e-08  2.48417e-09 1.91625e-10 2.18632e-08   2 /MCU/gpio0/gen_if_clks[4].CGClkIFG      
    2     0.01% 1.91874e-08  2.48417e-09 1.91625e-10 2.18632e-08   2 /MCU/gpio0/gen_if_clks[5].CGClkIFG      
    2     0.01% 1.91874e-08  2.48417e-09 1.91625e-10 2.18632e-08   2 /MCU/gpio0/gen_if_clks[6].CGClkIFG      
    2     0.01% 1.91874e-08  2.48417e-09 1.91625e-10 2.18632e-08   2 /MCU/gpio0/gen_if_clks[7].CGClkIFG      
    2     0.01% 1.95494e-08  0.00000e+00 0.00000e+00 1.95494e-08   2 /MCU/gpio0/gen_if_clks[0].CGClkIFG      
  344     1.24% 4.75243e-06  6.25564e-06 1.75338e-06 1.27615e-05   1 /MCU/gpio1                              
    2     0.01% 1.86549e-08  1.38840e-07 3.68900e-09 1.61184e-07   2 /MCU/gpio1/gen_if_clks[3].CGClkIFG      
    2     0.01% 1.88400e-08  2.69164e-08 1.11038e-09 4.68668e-08   2 /MCU/gpio1/gen_if_clks[1].CGClkIFG      
    2     0.01% 1.88400e-08  2.69164e-08 1.11038e-09 4.68668e-08   2 /MCU/gpio1/gen_if_clks[2].CGClkIFG      
    2     0.01% 1.88400e-08  2.69164e-08 1.11038e-09 4.68668e-08   2 /MCU/gpio1/gen_if_clks[5].CGClkIFG      
    2     0.01% 1.88400e-08  2.69164e-08 1.11038e-09 4.68668e-08   2 /MCU/gpio1/gen_if_clks[7].CGClkIFG      
    2     0.01% 1.91874e-08  2.48417e-09 1.91625e-10 2.18632e-08   2 /MCU/gpio1/gen_if_clks[4].CGClkIFG      
    2     0.01% 1.91874e-08  2.48417e-09 1.91625e-10 2.18632e-08   2 /MCU/gpio1/gen_if_clks[6].CGClkIFG      
    2     0.01% 1.95494e-08  0.00000e+00 0.00000e+00 1.95494e-08   2 /MCU/gpio1/gen_if_clks[0].CGClkIFG      
  374     1.35% 4.79505e-06  6.31576e-06 5.27013e-07 1.16378e-05   1 /MCU/uart0                              
    2     0.01% 1.86539e-08  2.77719e-07 4.56351e-08 3.42008e-07   2 /MCU/uart0/cgu_baud_clk_src             
    2     0.01% 1.81484e-08  6.15216e-08 0.00000e+00 7.96700e-08   2 /MCU/uart0/cg_clk_baud                  
    2     0.01% 1.81234e-08  0.00000e+00 0.00000e+00 1.81234e-08   2 /MCU/uart0/cg_clk_tx                    
  371     1.34% 4.79356e-06  6.27701e-06 5.24488e-07 1.15951e-05   1 /MCU/uart1                              
    2     0.01% 1.86539e-08  2.77719e-07 4.56351e-08 3.42008e-07   2 /MCU/uart1/cgu_baud_clk_src             
    2     0.01% 1.81484e-08  6.15216e-08 0.00000e+00 7.96700e-08   2 /MCU/uart1/cg_clk_baud                  
    2     0.01% 1.81234e-08  0.00000e+00 0.00000e+00 1.81234e-08   2 /MCU/uart1/cg_clk_tx                    
  348     1.25% 4.79836e-06  4.52445e-06 1.94881e-06 1.12716e-05   1 /MCU/gpio3                              
    2     0.01% 1.91874e-08  2.48417e-09 1.91625e-10 2.18632e-08   2 /MCU/gpio3/gen_if_clks[0].CGClkIFG      
    2     0.01% 1.91874e-08  2.48417e-09 1.91625e-10 2.18632e-08   2 /MCU/gpio3/gen_if_clks[1].CGClkIFG      
    2     0.01% 1.91874e-08  2.48417e-09 1.91625e-10 2.18632e-08   2 /MCU/gpio3/gen_if_clks[2].CGClkIFG      
    2     0.01% 1.91874e-08  2.48417e-09 1.91625e-10 2.18632e-08   2 /MCU/gpio3/gen_if_clks[3].CGClkIFG      
    2     0.01% 1.91874e-08  2.48417e-09 1.91625e-10 2.18632e-08   2 /MCU/gpio3/gen_if_clks[4].CGClkIFG      
    2     0.01% 1.91874e-08  2.48417e-09 1.91625e-10 2.18632e-08   2 /MCU/gpio3/gen_if_clks[5].CGClkIFG      
    2     0.01% 1.91874e-08  2.48417e-09 1.91625e-10 2.18632e-08   2 /MCU/gpio3/gen_if_clks[6].CGClkIFG      
    2     0.01% 1.91874e-08  2.48417e-09 1.91625e-10 2.18632e-08   2 /MCU/gpio3/gen_if_clks[7].CGClkIFG      
  343     1.23% 4.67574e-06  4.67481e-06 1.80712e-06 1.11577e-05   1 /MCU/gpio2                              
    2     0.01% 1.91874e-08  2.48417e-09 1.91625e-10 2.18632e-08   2 /MCU/gpio2/gen_if_clks[0].CGClkIFG      
    2     0.01% 1.91874e-08  2.48417e-09 1.91625e-10 2.18632e-08   2 /MCU/gpio2/gen_if_clks[1].CGClkIFG      
    2     0.01% 1.91874e-08  2.48417e-09 1.91625e-10 2.18632e-08   2 /MCU/gpio2/gen_if_clks[2].CGClkIFG      
    2     0.01% 1.91874e-08  2.48417e-09 1.91625e-10 2.18632e-08   2 /MCU/gpio2/gen_if_clks[3].CGClkIFG      
    2     0.01% 1.91874e-08  2.48417e-09 1.91625e-10 2.18632e-08   2 /MCU/gpio2/gen_if_clks[4].CGClkIFG      
    2     0.01% 1.91874e-08  2.48417e-09 1.91625e-10 2.18632e-08   2 /MCU/gpio2/gen_if_clks[5].CGClkIFG      
    2     0.01% 1.91874e-08  2.48417e-09 1.91625e-10 2.18632e-08   2 /MCU/gpio2/gen_if_clks[6].CGClkIFG      
    2     0.01% 1.91874e-08  2.48417e-09 1.91625e-10 2.18632e-08   2 /MCU/gpio2/gen_if_clks[7].CGClkIFG      
    1     0.00% 5.04165e-09  0.00000e+00 0.00000e+00 5.04165e-09   1 /MCU/IrqGlitchyZeroTieLow               
-------------------------------------------------------------------------------------------------------------
