********************************************************************************
db2gds 22.14-s007 64 bit (Tue Jan 31 16:35:56 PST 2023)
Build Ref No.: 031 Release Candidate (01-31-2023) [2214_pgs]

Copyright 2023 Cadence Design Systems, Inc.
All rights reserved worldwide.

Build O/S:       Linux x86_64 3.10.0-693.el7.x86_64
Executed on:     atlas (Linux x86_64 5.3.18-lp152.106-default)
Process Id:      120954
Starting Time:   Tue Sep 30 00:44:30 2025 (Tue Sep 30 05:44:30 2025 GMT)
With parameters: PowerOnResetCheng_120537 erc.db PowerOnResetCheng -lmap lmapWDGya3 -gdslib drc.db -gds_scale 1000 -property 
********************************************************************************

Library name: PowerOnResetCheng_120537
GDSII file name: erc.db
Cells to be written out: PowerOnResetCheng
Source Library: PowerOnResetCheng_120537
Layer mapping file(GDS <- DMC): lmapWDGya3
    0 (dt:0) <- 0
    0 (dt:0) <- 0
    0 (dt:0) <- 0
    0 (dt:0) <- 0
    0 (dt:0) <- 0
    0 (dt:0) <- 0
    0 (dt:0) <- 0
    0 (dt:0) <- 0
    0 (dt:0) <- 0
Cell name case: PRESERVE
Option: output object property


                Object Statistics of Cells                            
Cell Name         Box  Polygon     Path   Label Instance Array    Total
----------------------------------------------------------------------
PowerOnResetCheng        0        0        0       0    81      0        81
M1_PO_CDNS_759211062890        0        0        0       0     0      0         0
M2_M1_CDNS_759211062891        0        0        0       0     0      0         0
M1_PO_CDNS_759211062892        0        0        0       0     0      0         0
M2_M1_CDNS_759211062894        0        0        0       0     0      0         0
M3_M2_CDNS_759211062897        0        0        0       0     0      0         0
M3_M2_CDNS_759211062898        0        0        0       0     0      0         0
NOR2BX1MA10TH        0        0        0       0     0      0         0
FILLTIE2A10TH        0        0        0       0     0      0         0
DelayCell0P5MA10TH        0        0        0       0     0      0         0
M1_PO_CDNS_7592110628913        0        0        0       0     0      0         0
pch_hvt_CDNS_759211062898        0        0        0       0     0      0         0
----------------------------------------------------------------------

Object Statistics of Layers
Layer   Objects
----------------
----------------

Object Summary
------------------
     Box         0
 Polygon         0
    Path         0
   Label         0
Instance        81
   Array         0
------------------
   Total        81


Output property: 81
Total CPU Time          : 0(s)
Total Real Time         : 0(s)
Peak Memory Used        : 7(M)
