###############################################################
#  Generated by:      Cadence Innovus 20.12-s088_1
#  OS:                Linux x86_64(Host ID atlas)
#  Generated on:      Tue Oct 21 22:45:38 2025
#  Design:            MCU
#  Command:           report_timing > $REPORT_DIR/$DESIGN_NAME.report_timing.hold.signoff.rpt
###############################################################
Path 1: VIOLATED Clock Gating Hold Check with Pin saradc0/g2854/A 
Endpoint:   saradc0/g2854/B                                  (v) checked with  
leading edge of 'smclk'
Beginpoint: saradc0/ADC_sync_clock_phase_shift_reg_reg[12]/Q (^) triggered by 
trailing edge of 'smclk'
Path Groups: {clock_gating_default}
Analysis View: hold_analysis_view
Other End Arrival Time         -0.159
+ Clock Gating Hold             0.000
+ Phase Shift                  28.571
- CPPR Adjustment               0.000
= Required Time                28.413
  Arrival Time                 22.256
  Slack Time                   -6.156
     Clock Fall Edge                 14.286
     + Clock Network Latency (Prop)  -0.014
     = Beginpoint Arrival Time       14.272
     +---------------------------------------------------------------------------------------------------------------+ 
     |                    Instance                    |     Arc     |       Cell        | Delay | Arrival | Required | 
     |                                                |             |                   |       |  Time   |   Time   | 
     |------------------------------------------------+-------------+-------------------+-------+---------+----------| 
     | saradc0/ADC_sync_clock_phase_shift_reg_reg[12] | CK ^        |                   |       |  14.272 |   20.428 | 
     | saradc0/ADC_sync_clock_phase_shift_reg_reg[12] | CK ^ -> Q ^ | DFFRPQX1MA10TH    | 0.099 |  14.371 |   20.527 | 
     | saradc0/g3438                                  | BN ^ -> Y ^ | NAND2XBX0P5MA10TH | 0.040 |  14.410 |   20.567 | 
     | saradc0/FE_PHC7463_n_128                       | A ^ -> Y ^  | DLY4X0P5MA10TH    | 0.113 |  14.523 |   20.679 | 
     | saradc0/FE_PHC7471_n_128                       | A ^ -> Y ^  | DLY4X0P5MA10TH    | 0.110 |  14.633 |   20.790 | 
     | saradc0/FE_PHC7472_n_128                       | A ^ -> Y ^  | DLY4X0P5MA10TH    | 0.111 |  14.745 |   20.901 | 
     | saradc0/FE_PHC7464_n_128                       | A ^ -> Y ^  | DLY4X0P5MA10TH    | 0.112 |  14.857 |   21.013 | 
     | saradc0/FE_PHC7503_n_128                       | A ^ -> Y ^  | DLY4X0P5MA10TH    | 0.116 |  14.973 |   21.129 | 
     | saradc0/FE_PHC7468_n_128                       | A ^ -> Y ^  | DLY4X0P5MA10TH    | 0.117 |  15.090 |   21.246 | 
     | saradc0/FE_PHC7485_n_128                       | A ^ -> Y ^  | DLY4X0P5MA10TH    | 0.116 |  15.205 |   21.362 | 
     | saradc0/FE_PHC7496_n_128                       | A ^ -> Y ^  | DLY4X0P5MA10TH    | 0.118 |  15.323 |   21.480 | 
     | saradc0/FE_PHC7492_n_128                       | A ^ -> Y ^  | DLY4X0P5MA10TH    | 0.115 |  15.439 |   21.595 | 
     | saradc0/FE_PHC7495_n_128                       | A ^ -> Y ^  | DLY4X0P5MA10TH    | 0.115 |  15.554 |   21.710 | 
     | saradc0/FE_PHC7493_n_128                       | A ^ -> Y ^  | DLY4X0P5MA10TH    | 0.113 |  15.667 |   21.823 | 
     | saradc0/FE_PHC7508_n_128                       | A ^ -> Y ^  | DLY4X0P5MA10TH    | 0.112 |  15.779 |   21.935 | 
     | saradc0/FE_PHC7510_n_128                       | A ^ -> Y ^  | DLY4X0P5MA10TH    | 0.114 |  15.893 |   22.049 | 
     | saradc0/FE_PHC7511_n_128                       | A ^ -> Y ^  | DLY4X0P5MA10TH    | 0.113 |  16.006 |   22.162 | 
     | saradc0/FE_PHC7523_n_128                       | A ^ -> Y ^  | DLY4X0P5MA10TH    | 0.115 |  16.120 |   22.277 | 
     | saradc0/FE_PHC7524_n_128                       | A ^ -> Y ^  | DLY4X0P5MA10TH    | 0.114 |  16.234 |   22.390 | 
     | saradc0/FE_PHC7522_n_128                       | A ^ -> Y ^  | DLY4X0P5MA10TH    | 0.111 |  16.345 |   22.501 | 
     | saradc0/FE_PHC7512_n_128                       | A ^ -> Y ^  | DLY4X0P5MA10TH    | 0.111 |  16.456 |   22.612 | 
     | saradc0/FE_PHC7514_n_128                       | A ^ -> Y ^  | DLY4X0P5MA10TH    | 0.111 |  16.567 |   22.723 | 
     | saradc0/FE_PHC7516_n_128                       | A ^ -> Y ^  | DLY4X0P5MA10TH    | 0.113 |  16.680 |   22.837 | 
     | saradc0/FE_PHC7518_n_128                       | A ^ -> Y ^  | DLY4X0P5MA10TH    | 0.112 |  16.792 |   22.948 | 
     | saradc0/FE_PHC7517_n_128                       | A ^ -> Y ^  | DLY4X0P5MA10TH    | 0.111 |  16.903 |   23.059 | 
     | saradc0/FE_PHC7515_n_128                       | A ^ -> Y ^  | DLY4X0P5MA10TH    | 0.111 |  17.014 |   23.170 | 
     | saradc0/FE_PHC7513_n_128                       | A ^ -> Y ^  | DLY4X0P5MA10TH    | 0.112 |  17.126 |   23.282 | 
     | saradc0/FE_PHC7509_n_128                       | A ^ -> Y ^  | DLY4X0P5MA10TH    | 0.111 |  17.237 |   23.394 | 
     | saradc0/FE_PHC7494_n_128                       | A ^ -> Y ^  | DLY4X0P5MA10TH    | 0.121 |  17.358 |   23.514 | 
     | saradc0/FE_PHC7525_n_128                       | A ^ -> Y ^  | BUFX1MA10TH       | 0.040 |  17.399 |   23.555 | 
     | saradc0/FE_PHC7499_n_128                       | A ^ -> Y ^  | DLY4X0P5MA10TH    | 0.111 |  17.510 |   23.666 | 
     | saradc0/FE_PHC7505_n_128                       | A ^ -> Y ^  | DLY4X0P5MA10TH    | 0.115 |  17.625 |   23.781 | 
     | saradc0/FE_PHC7506_n_128                       | A ^ -> Y ^  | DLY4X0P5MA10TH    | 0.113 |  17.737 |   23.894 | 
     | saradc0/FE_PHC7527_n_128                       | A ^ -> Y ^  | DLY4X0P5MA10TH    | 0.109 |  17.846 |   24.002 | 
     | saradc0/FE_PHC7529_n_128                       | A ^ -> Y ^  | DLY4X0P5MA10TH    | 0.111 |  17.957 |   24.114 | 
     | saradc0/FE_PHC7528_n_128                       | A ^ -> Y ^  | DLY4X0P5MA10TH    | 0.110 |  18.067 |   24.223 | 
     | saradc0/FE_PHC7531_n_128                       | A ^ -> Y ^  | BUFHX0P8MA10TH    | 0.028 |  18.095 |   24.251 | 
     | saradc0/FE_PHC7533_n_128                       | A ^ -> Y ^  | BUFHX0P8MA10TH    | 0.023 |  18.118 |   24.274 | 
     | saradc0/FE_PHC7535_n_128                       | A ^ -> Y ^  | BUFHX0P8MA10TH    | 0.022 |  18.140 |   24.296 | 
     | saradc0/FE_PHC7534_n_128                       | A ^ -> Y ^  | BUFHX0P8MA10TH    | 0.025 |  18.165 |   24.321 | 
     | saradc0/FE_PHC7530_n_128                       | A ^ -> Y ^  | DLY2X0P5MA10TH    | 0.045 |  18.210 |   24.366 | 
     | saradc0/FE_PHC7507_n_128                       | A ^ -> Y ^  | DLY4X0P5MA10TH    | 0.121 |  18.331 |   24.487 | 
     | saradc0/FE_PHC7500_n_128                       | A ^ -> Y ^  | DLY4X0P5MA10TH    | 0.117 |  18.448 |   24.605 | 
     | saradc0/FE_PHC7498_n_128                       | A ^ -> Y ^  | DLY4X0P5MA10TH    | 0.113 |  18.561 |   24.717 | 
     | saradc0/FE_PHC7501_n_128                       | A ^ -> Y ^  | DLY4X0P5MA10TH    | 0.114 |  18.675 |   24.831 | 
     | saradc0/FE_PHC7519_n_128                       | A ^ -> Y ^  | DLY4X0P5MA10TH    | 0.112 |  18.787 |   24.943 | 
     | saradc0/FE_PHC7520_n_128                       | A ^ -> Y ^  | DLY4X0P5MA10TH    | 0.115 |  18.902 |   25.059 | 
     | saradc0/FE_PHC7502_n_128                       | A ^ -> Y ^  | DLY4X0P5MA10TH    | 0.115 |  19.018 |   25.174 | 
     | saradc0/FE_PHC7497_n_128                       | A ^ -> Y ^  | DLY4X0P5MA10TH    | 0.113 |  19.131 |   25.287 | 
     | saradc0/FE_PHC7491_n_128                       | A ^ -> Y ^  | DLY4X0P5MA10TH    | 0.121 |  19.251 |   25.408 | 
     | saradc0/FE_PHC7526_n_128                       | A ^ -> Y ^  | BUFHX1MA10TH      | 0.035 |  19.286 |   25.442 | 
     | saradc0/FE_PHC7475_n_128                       | A ^ -> Y ^  | DLY4X0P5MA10TH    | 0.109 |  19.395 |   25.551 | 
     | saradc0/FE_PHC7482_n_128                       | A ^ -> Y ^  | BUFX1MA10TH       | 0.036 |  19.431 |   25.587 | 
     | saradc0/FE_PHC7481_n_128                       | A ^ -> Y ^  | DLY4X0P5MA10TH    | 0.117 |  19.548 |   25.705 | 
     | saradc0/FE_PHC7504_n_128                       | A ^ -> Y ^  | DLY4X0P5MA10TH    | 0.119 |  19.667 |   25.824 | 
     | saradc0/FE_PHC7477_n_128                       | A ^ -> Y ^  | DLY4X0P5MA10TH    | 0.113 |  19.780 |   25.936 | 
     | saradc0/FE_PHC7480_n_128                       | A ^ -> Y ^  | DLY4X0P5MA10TH    | 0.114 |  19.894 |   26.050 | 
     | saradc0/FE_PHC7479_n_128                       | A ^ -> Y ^  | DLY4X0P5MA10TH    | 0.119 |  20.013 |   26.169 | 
     | saradc0/FE_PHC7483_n_128                       | A ^ -> Y ^  | DLY4X0P5MA10TH    | 0.119 |  20.132 |   26.288 | 
     | saradc0/FE_PHC7478_n_128                       | A ^ -> Y ^  | DLY4X0P5MA10TH    | 0.116 |  20.248 |   26.404 | 
     | saradc0/FE_PHC7490_n_128                       | A ^ -> Y ^  | DLY4X0P5MA10TH    | 0.117 |  20.365 |   26.521 | 
     | saradc0/FE_PHC7476_n_128                       | A ^ -> Y ^  | DLY4X0P5MA10TH    | 0.119 |  20.484 |   26.640 | 
     | saradc0/FE_PHC7521_n_128                       | A ^ -> Y ^  | DLY4X0P5MA10TH    | 0.122 |  20.606 |   26.762 | 
     | saradc0/FE_PHC7474_n_128                       | A ^ -> Y ^  | DLY4X0P5MA10TH    | 0.117 |  20.722 |   26.879 | 
     | saradc0/FE_PHC7484_n_128                       | A ^ -> Y ^  | DLY4X0P5MA10TH    | 0.117 |  20.839 |   26.995 | 
     | saradc0/FE_PHC7473_n_128                       | A ^ -> Y ^  | DLY4X0P5MA10TH    | 0.113 |  20.952 |   27.108 | 
     | saradc0/FE_PHC7467_n_128                       | A ^ -> Y ^  | DLY4X0P5MA10TH    | 0.114 |  21.066 |   27.222 | 
     | saradc0/FE_PHC7486_n_128                       | A ^ -> Y ^  | DLY4X0P5MA10TH    | 0.112 |  21.177 |   27.334 | 
     | saradc0/FE_PHC7470_n_128                       | A ^ -> Y ^  | DLY4X0P5MA10TH    | 0.111 |  21.288 |   27.445 | 
     | saradc0/FE_PHC7469_n_128                       | A ^ -> Y ^  | DLY4X0P5MA10TH    | 0.112 |  21.401 |   27.557 | 
     | saradc0/FE_PHC7466_n_128                       | A ^ -> Y ^  | DLY4X0P5MA10TH    | 0.114 |  21.515 |   27.671 | 
     | saradc0/FE_PHC7488_n_128                       | A ^ -> Y ^  | DLY4X0P5MA10TH    | 0.111 |  21.626 |   27.782 | 
     | saradc0/FE_PHC7489_n_128                       | A ^ -> Y ^  | DLY4X0P5MA10TH    | 0.111 |  21.737 |   27.893 | 
     | saradc0/FE_PHC7465_n_128                       | A ^ -> Y ^  | DLY4X0P5MA10TH    | 0.114 |  21.850 |   28.007 | 
     | saradc0/FE_PHC7487_n_128                       | A ^ -> Y ^  | DLY4X0P5MA10TH    | 0.114 |  21.964 |   28.121 | 
     | saradc0/FE_PHC7462_n_128                       | A ^ -> Y ^  | DLY4X0P5MA10TH    | 0.114 |  22.078 |   28.234 | 
     | saradc0/FE_OFC5964_n_128                       | A ^ -> Y v  | INVX1P4BA10TH     | 0.019 |  22.097 |   28.253 | 
     | saradc0/FE_PHC7537_n_125                       | A v -> Y v  | BUFHX3MA10TH      | 0.021 |  22.118 |   28.274 | 
     | saradc0/FE_PHC7554_n_125                       | A v -> Y v  | BUFHX2MA10TH      | 0.018 |  22.136 |   28.293 | 
     | saradc0/FE_PHC7553_n_125                       | A v -> Y v  | BUFHX2MA10TH      | 0.018 |  22.154 |   28.311 | 
     | saradc0/FE_PHC7552_n_125                       | A v -> Y v  | BUFX2MA10TH       | 0.027 |  22.181 |   28.338 | 
     | saradc0/FE_PHC7551_n_125                       | A v -> Y v  | BUFHX2MA10TH      | 0.019 |  22.201 |   28.357 | 
     | saradc0/FE_PHC7550_n_125                       | A v -> Y v  | BUFX3P5MA10TH     | 0.031 |  22.232 |   28.388 | 
     | saradc0/FE_PHC7536_n_125                       | A v -> Y v  | BUFHX13MA10TH     | 0.021 |  22.253 |   28.409 | 
     | saradc0/g2854                                  | B v         | NAND2X0P5AA10TH   | 0.003 |  22.256 |   28.413 | 
     +---------------------------------------------------------------------------------------------------------------+ 

