###############################################################
#  Generated by:      Cadence Innovus 20.12-s088_1
#  OS:                Linux x86_64(Host ID atlas)
#  Generated on:      Tue Nov 11 20:18:50 2025
#  Design:            MCU
#  Command:           report_timing > $REPORT_DIR/$DESIGN_NAME.report_timing.setup.signoff.rpt
###############################################################
Path 1: MET Setup Check with Pin adddec0/mem_en_reg[0]/CKN 
Endpoint:   adddec0/mem_en_reg[0]/D (v) checked with trailing edge of 'clk_cpu'
Beginpoint: rom0/Q[15]              (v) triggered by  leading edge of 'clk_cpu'
Path Groups: {clk_cpu}
Analysis View: setup_analysis_view
Other End Arrival Time         14.532
- Setup                        -0.001
+ Phase Shift                   0.000
+ CPPR Adjustment               0.000
= Required Time                14.532
- Arrival Time                 14.505
= Slack Time                    0.027
     Clock Rise Edge                 0.000
     + Clock Network Latency (Prop)  -0.071
     = Beginpoint Arrival Time       -0.071
     +-----------------------------------------------------------------------------------------------------------------------+ 
     |                      Instance                      |       Arc        |       Cell       | Delay | Arrival | Required | 
     |                                                    |                  |                  |       |  Time   |   Time   | 
     |----------------------------------------------------+------------------+------------------+-------+---------+----------| 
     | rom0                                               | CLK ^            |                  |       |  -0.071 |   -0.044 | 
     | rom0                                               | CLK ^ -> Q[15] v | rom_hvt_pg       | 3.117 |   3.046 |    3.073 | 
     | adddec0/g11633__2398                               | B0 v -> Y ^      | AOI22X4MA10TH    | 0.082 |   3.128 |    3.155 | 
     | adddec0/g11597__9315                               | B ^ -> Y v       | NAND4X2MA10TH    | 0.071 |   3.199 |    3.227 | 
     | adddec0/g11575__6417                               | C0 v -> Y ^      | AOI221X2MA10TH   | 0.084 |   3.283 |    3.310 | 
     | adddec0/FE_OFC1239_n_356                           | A ^ -> Y ^       | BUFX3MA10TH      | 0.102 |   3.385 |    3.412 | 
     | adddec0/g11541__9315                               | A ^ -> Y v       | NAND4X4MA10TH    | 0.095 |   3.480 |    3.507 | 
     | core/FE_RC_587_0                                   | B0 v -> Y ^      | AOI22X4MA10TH    | 0.103 |   3.583 |    3.610 | 
     | core/FE_RC_590_0                                   | A ^ -> Y v       | NAND2X6AA10TH    | 0.074 |   3.657 |    3.684 | 
     | core/c_dec_inst/FE_OFC1797_instr_to_decomp_15      | A v -> Y ^       | INVX3BA10TH      | 0.056 |   3.713 |    3.740 | 
     | core/c_dec_inst/g9872                              | B ^ -> Y v       | NAND2X3MA10TH    | 0.068 |   3.780 |    3.808 | 
     | core/c_dec_inst/g9853                              | A v -> Y ^       | NOR2X4AA10TH     | 0.089 |   3.870 |    3.897 | 
     | core/c_dec_inst/g9839                              | BN ^ -> Y ^      | NOR2XBX3MA10TH   | 0.131 |   4.001 |    4.029 | 
     | core/c_dec_inst/g9778__5115                        | BN ^ -> Y ^      | NOR2XBX1MA10TH   | 0.171 |   4.172 |    4.200 | 
     | core/c_dec_inst/g9768__6783                        | A ^ -> Y v       | NOR2X1AA10TH     | 0.066 |   4.238 |    4.266 | 
     | core/c_dec_inst/FE_RC_40_0                         | AN v -> Y v      | NOR2BX1MA10TH    | 0.104 |   4.342 |    4.369 | 
     | core/c_dec_inst/g9694__2346                        | A v -> Y ^       | NAND4X0P7AA10TH  | 0.097 |   4.439 |    4.466 | 
     | core/c_dec_inst/FE_OFC5011_n_192                   | A ^ -> Y v       | INVX1MA10TH      | 0.054 |   4.493 |    4.520 | 
     | core/c_dec_inst/g9683__7098                        | A0 v -> Y ^      | AOI22X1MA10TH    | 0.095 |   4.587 |    4.615 | 
     | core/c_dec_inst/g9672__6260                        | A ^ -> Y v       | NAND3X1MA10TH    | 0.071 |   4.658 |    4.686 | 
     | core/g14892                                        | A0 v -> Y ^      | AOI22X1MA10TH    | 0.097 |   4.755 |    4.782 | 
     | core/g14875                                        | A0N ^ -> Y v     | AO1B2X0P5MA10TH  | 0.074 |   4.829 |    4.856 | 
     | core/FE_OFC7590_instr_curr_28                      | A v -> Y v       | BUFX3MA10TH      | 0.132 |   4.961 |    4.988 | 
     | core/controller_inst/md/g14704                     | B v -> Y ^       | NOR3X2MA10TH     | 0.151 |   5.112 |    5.139 | 
     | core/controller_inst/md/g14656                     | A ^ -> Y v       | NAND3X1MA10TH    | 0.125 |   5.236 |    5.264 | 
     | core/controller_inst/md/g14627                     | A v -> Y ^       | NOR2X2MA10TH     | 0.177 |   5.413 |    5.440 | 
     | core/controller_inst/md/g14615                     | A ^ -> Y v       | NAND3XXBX2MA10TH | 0.098 |   5.511 |    5.538 | 
     | core/controller_inst/md/g14571                     | B v -> Y ^       | NOR3X1MA10TH     | 0.228 |   5.739 |    5.767 | 
     | core/controller_inst/md/g14551                     | C0 ^ -> Y v      | AOI211X1MA10TH   | 0.132 |   5.871 |    5.898 | 
     | core/controller_inst/md/g14518                     | B v -> Y ^       | NAND4X1AA10TH    | 0.094 |   5.965 |    5.992 | 
     | core/controller_inst/md/g14513                     | A ^ -> Y v       | NOR2X2AA10TH     | 0.054 |   6.019 |    6.047 | 
     | core/controller_inst/md/FE_OFC3818_n_196           | A v -> Y ^       | INVX3BA10TH      | 0.048 |   6.068 |    6.095 | 
     | core/controller_inst/md/g14508                     | AN ^ -> Y ^      | NAND4BX3MA10TH   | 0.145 |   6.213 |    6.241 | 
     | core/controller_inst/md/g14499                     | A0 ^ -> Y v      | OAI22X1MA10TH    | 0.100 |   6.314 |    6.341 | 
     | core/controller_inst/md/g14493                     | B v -> Y ^       | NOR3X1AA10TH     | 0.149 |   6.462 |    6.490 | 
     | core/controller_inst/md/g14487                     | A ^ -> Y v       | NAND4X1AA10TH    | 0.134 |   6.596 |    6.624 | 
     | core/controller_inst/md/g14486                     | A v -> Y ^       | NOR3X1AA10TH     | 0.134 |   6.730 |    6.758 | 
     | core/controller_inst/md/g14483                     | A ^ -> Y v       | NAND3XXBX1MA10TH | 0.091 |   6.821 |    6.848 | 
     | core/g14583                                        | A v -> Y v       | OR2X2MA10TH      | 0.171 |   6.992 |    7.019 | 
     | core/datapath_inst/mainalu/g153516                 | A v -> Y ^       | NAND2XBX1MA10TH  | 0.090 |   7.081 |    7.109 | 
     | core/datapath_inst/mainalu/g153513                 | B ^ -> Y ^       | OR2X0P7MA10TH    | 0.217 |   7.299 |    7.326 | 
     | core/datapath_inst/mainalu/g153501                 | A ^ -> Y v       | NOR2X2MA10TH     | 0.184 |   7.482 |    7.510 | 
     | core/datapath_inst/mainalu/FE_OFC7272_n_2629       | A v -> Y v       | BUFX2BA10TH      | 0.215 |   7.697 |    7.724 | 
     | core/datapath_inst/mainalu/g153440                 | A0 v -> Y v      | AO22X1MA10TH     | 0.181 |   7.878 |    7.905 | 
     | core/datapath_inst/mainalu/add_313_87_Y_add_219_66 | B v -> CO v      | ADDFX1MA10TH     | 0.154 |   8.031 |    8.059 | 
     | _Y_sub_221_66_Y_add_307_85_Y_add_310_86_g2907      |                  |                  |       |         |          | 
     | core/datapath_inst/mainalu/add_313_87_Y_add_219_66 | CI v -> CO v     | ADDFX1MA10TH     | 0.139 |   8.170 |    8.197 | 
     | _Y_sub_221_66_Y_add_307_85_Y_add_310_86_g2906      |                  |                  |       |         |          | 
     | core/datapath_inst/mainalu/add_313_87_Y_add_219_66 | CI v -> CO v     | ADDFX1MA10TH     | 0.140 |   8.310 |    8.338 | 
     | _Y_sub_221_66_Y_add_307_85_Y_add_310_86_g2905      |                  |                  |       |         |          | 
     | core/datapath_inst/mainalu/add_313_87_Y_add_219_66 | CI v -> CO v     | ADDFX1MA10TH     | 0.158 |   8.469 |    8.496 | 
     | _Y_sub_221_66_Y_add_307_85_Y_add_310_86_g2904      |                  |                  |       |         |          | 
     | core/datapath_inst/mainalu/add_313_87_Y_add_219_66 | CI v -> CO v     | ADDFX1MA10TH     | 0.144 |   8.613 |    8.640 | 
     | _Y_sub_221_66_Y_add_307_85_Y_add_310_86_g2903      |                  |                  |       |         |          | 
     | core/datapath_inst/mainalu/add_313_87_Y_add_219_66 | CI v -> CO v     | ADDFX1MA10TH     | 0.139 |   8.752 |    8.780 | 
     | _Y_sub_221_66_Y_add_307_85_Y_add_310_86_g2902      |                  |                  |       |         |          | 
     | core/datapath_inst/mainalu/add_313_87_Y_add_219_66 | CI v -> CO v     | ADDFX1MA10TH     | 0.140 |   8.892 |    8.920 | 
     | _Y_sub_221_66_Y_add_307_85_Y_add_310_86_g2901      |                  |                  |       |         |          | 
     | core/datapath_inst/mainalu/add_313_87_Y_add_219_66 | CI v -> CO v     | ADDFX1MA10TH     | 0.138 |   9.031 |    9.058 | 
     | _Y_sub_221_66_Y_add_307_85_Y_add_310_86_g2900      |                  |                  |       |         |          | 
     | core/datapath_inst/mainalu/add_313_87_Y_add_219_66 | CI v -> CO v     | ADDFX1MA10TH     | 0.140 |   9.171 |    9.198 | 
     | _Y_sub_221_66_Y_add_307_85_Y_add_310_86_g2899      |                  |                  |       |         |          | 
     | core/datapath_inst/mainalu/add_313_87_Y_add_219_66 | CI v -> CO v     | ADDFX1MA10TH     | 0.139 |   9.310 |    9.337 | 
     | _Y_sub_221_66_Y_add_307_85_Y_add_310_86_g2898      |                  |                  |       |         |          | 
     | core/datapath_inst/mainalu/add_313_87_Y_add_219_66 | CI v -> CO v     | ADDFX1MA10TH     | 0.139 |   9.448 |    9.476 | 
     | _Y_sub_221_66_Y_add_307_85_Y_add_310_86_g2897      |                  |                  |       |         |          | 
     | core/datapath_inst/mainalu/add_313_87_Y_add_219_66 | CI v -> CO v     | ADDFX1MA10TH     | 0.142 |   9.590 |    9.618 | 
     | _Y_sub_221_66_Y_add_307_85_Y_add_310_86_g2896      |                  |                  |       |         |          | 
     | core/datapath_inst/mainalu/add_313_87_Y_add_219_66 | CI v -> CO v     | ADDFX1MA10TH     | 0.139 |   9.729 |    9.757 | 
     | _Y_sub_221_66_Y_add_307_85_Y_add_310_86_g2895      |                  |                  |       |         |          | 
     | core/datapath_inst/mainalu/add_313_87_Y_add_219_66 | CI v -> CO v     | ADDFX1MA10TH     | 0.137 |   9.866 |    9.894 | 
     | _Y_sub_221_66_Y_add_307_85_Y_add_310_86_g2894      |                  |                  |       |         |          | 
     | core/datapath_inst/mainalu/add_313_87_Y_add_219_66 | CI v -> CO v     | ADDFX1MA10TH     | 0.139 |  10.005 |   10.032 | 
     | _Y_sub_221_66_Y_add_307_85_Y_add_310_86_g2893      |                  |                  |       |         |          | 
     | core/datapath_inst/mainalu/add_313_87_Y_add_219_66 | CI v -> CO v     | ADDFX1MA10TH     | 0.142 |  10.147 |   10.174 | 
     | _Y_sub_221_66_Y_add_307_85_Y_add_310_86_g2892      |                  |                  |       |         |          | 
     | core/datapath_inst/mainalu/add_313_87_Y_add_219_66 | CI v -> CO v     | ADDFX1MA10TH     | 0.139 |  10.285 |   10.313 | 
     | _Y_sub_221_66_Y_add_307_85_Y_add_310_86_g2891      |                  |                  |       |         |          | 
     | core/datapath_inst/mainalu/add_313_87_Y_add_219_66 | CI v -> CO v     | ADDFX1MA10TH     | 0.143 |  10.429 |   10.456 | 
     | _Y_sub_221_66_Y_add_307_85_Y_add_310_86_g2890      |                  |                  |       |         |          | 
     | core/datapath_inst/mainalu/add_313_87_Y_add_219_66 | CI v -> CO v     | ADDFX1MA10TH     | 0.143 |  10.572 |   10.599 | 
     | _Y_sub_221_66_Y_add_307_85_Y_add_310_86_g2889      |                  |                  |       |         |          | 
     | core/datapath_inst/mainalu/add_313_87_Y_add_219_66 | CI v -> CO v     | ADDFX1MA10TH     | 0.139 |  10.710 |   10.738 | 
     | _Y_sub_221_66_Y_add_307_85_Y_add_310_86_g2888      |                  |                  |       |         |          | 
     | core/datapath_inst/mainalu/add_313_87_Y_add_219_66 | CI v -> CO v     | ADDFX1MA10TH     | 0.141 |  10.852 |   10.879 | 
     | _Y_sub_221_66_Y_add_307_85_Y_add_310_86_g2887      |                  |                  |       |         |          | 
     | core/datapath_inst/mainalu/add_313_87_Y_add_219_66 | CI v -> CO v     | ADDFX1MA10TH     | 0.139 |  10.991 |   11.018 | 
     | _Y_sub_221_66_Y_add_307_85_Y_add_310_86_g2886      |                  |                  |       |         |          | 
     | core/datapath_inst/mainalu/add_313_87_Y_add_219_66 | CI v -> CO v     | ADDFX1MA10TH     | 0.138 |  11.129 |   11.156 | 
     | _Y_sub_221_66_Y_add_307_85_Y_add_310_86_g2885      |                  |                  |       |         |          | 
     | core/datapath_inst/mainalu/add_313_87_Y_add_219_66 | CI v -> CO v     | ADDFX1MA10TH     | 0.139 |  11.268 |   11.296 | 
     | _Y_sub_221_66_Y_add_307_85_Y_add_310_86_g2884      |                  |                  |       |         |          | 
     | core/datapath_inst/mainalu/add_313_87_Y_add_219_66 | CI v -> CO v     | ADDFX1MA10TH     | 0.140 |  11.408 |   11.435 | 
     | _Y_sub_221_66_Y_add_307_85_Y_add_310_86_g2883      |                  |                  |       |         |          | 
     | core/datapath_inst/mainalu/add_313_87_Y_add_219_66 | CI v -> CO v     | ADDFX1MA10TH     | 0.140 |  11.547 |   11.575 | 
     | _Y_sub_221_66_Y_add_307_85_Y_add_310_86_g2882      |                  |                  |       |         |          | 
     | core/datapath_inst/mainalu/add_313_87_Y_add_219_66 | CI v -> CO v     | ADDFX1MA10TH     | 0.142 |  11.689 |   11.717 | 
     | _Y_sub_221_66_Y_add_307_85_Y_add_310_86_g2881      |                  |                  |       |         |          | 
     | core/datapath_inst/mainalu/add_313_87_Y_add_219_66 | CI v -> CO v     | ADDFX1MA10TH     | 0.142 |  11.831 |   11.859 | 
     | _Y_sub_221_66_Y_add_307_85_Y_add_310_86_g2880      |                  |                  |       |         |          | 
     | core/datapath_inst/mainalu/add_313_87_Y_add_219_66 | CI v -> CO v     | ADDFX1MA10TH     | 0.141 |  11.972 |   11.999 | 
     | _Y_sub_221_66_Y_add_307_85_Y_add_310_86_g2879      |                  |                  |       |         |          | 
     | core/datapath_inst/mainalu/add_313_87_Y_add_219_66 | CI v -> CO v     | ADDFX1MA10TH     | 0.134 |  12.106 |   12.134 | 
     | _Y_sub_221_66_Y_add_307_85_Y_add_310_86_g2878      |                  |                  |       |         |          | 
     | core/datapath_inst/mainalu/add_313_87_Y_add_219_66 | A v -> Y ^       | XNOR3X1MA10TH    | 0.174 |  12.280 |   12.307 | 
     | _Y_sub_221_66_Y_add_307_85_Y_add_310_86_g2877      |                  |                  |       |         |          | 
     | core/datapath_inst/mainalu/FE_RC_632_0             | A0 ^ -> Y v      | AOI22X2MA10TH    | 0.084 |  12.364 |   12.391 | 
     | core/datapath_inst/mainalu/FE_RC_47_0              | A v -> Y ^       | NAND3XXBX2MA10TH | 0.080 |  12.443 |   12.471 | 
     | core/datapath_inst/mainalu/FE_RC_49_0              | A ^ -> Y v       | NOR2XBX2MA10TH   | 0.055 |  12.498 |   12.526 | 
     | core/datapath_inst/mainalu/FE_RC_630_0             | A v -> Y ^       | NAND2XBX2MA10TH  | 0.049 |  12.547 |   12.575 | 
     | core/datapath_inst/mainalu/FE_RC_56_0              | A ^ -> Y v       | NOR2XBX3MA10TH   | 0.043 |  12.591 |   12.618 | 
     | core/datapath_inst/mainalu/FE_RC_53_0              | A v -> Y ^       | NAND3XXBX3MA10TH | 0.059 |  12.650 |   12.677 | 
     | core/datapath_inst/mainalu/FE_OFC1984_FE_OFN1676_A | A ^ -> Y ^       | BUFX13MA10TH     | 0.088 |  12.738 |   12.765 | 
     | LU_result_31                                       |                  |                  |       |         |          | 
     | core/datapath_inst/mainalu/FE_RC_544_0             | B ^ -> Y v       | NOR2X4AA10TH     | 0.049 |  12.787 |   12.814 | 
     | core/datapath_inst/mainalu/FE_RC_701_0             | A v -> Y ^       | NAND3XXBX3MA10TH | 0.052 |  12.839 |   12.866 | 
     | core/datapath_inst/mainalu/g209954                 | A ^ -> Y v       | NOR2X4MA10TH     | 0.045 |  12.884 |   12.911 | 
     | core/controller_inst/bval/g49                      | A v -> Y v       | XNOR2X3MA10TH    | 0.068 |  12.952 |   12.979 | 
     | core/controller_inst/bval/FE_RC_683_0              | A v -> Y ^       | NOR3X2AA10TH     | 0.064 |  13.016 |   13.043 | 
     | core/controller_inst/bval/FE_RC_522_0              | A ^ -> Y v       | INVX1MA10TH      | 0.050 |  13.066 |   13.093 | 
     | core/controller_inst/bval/FE_RC_521_0              | A v -> Y ^       | NAND2X2BA10TH    | 0.038 |  13.104 |   13.131 | 
     | core/controller_inst/FE_RC_690_0                   | A ^ -> Y v       | NAND2X3BA10TH    | 0.045 |  13.149 |   13.177 | 
     | core/controller_inst/FE_RC_689_0                   | A v -> Y ^       | NAND2X6AA10TH    | 0.049 |  13.198 |   13.225 | 
     | core/FE_RC_686_0                                   | A ^ -> Y v       | NAND3X6MA10TH    | 0.039 |  13.237 |   13.265 | 
     | core/g19246                                        | A0 v -> Y ^      | AOI211X4MA10TH   | 0.115 |  13.352 |   13.379 | 
     | core/g19238                                        | A ^ -> Y v       | NOR2X4AA10TH     | 0.061 |  13.413 |   13.440 | 
     | core/FE_OFC6850_n_215                              | A v -> Y ^       | INVX6BA10TH      | 0.050 |  13.463 |   13.490 | 
     | core/FE_OFC7227_n                                  | A ^ -> Y v       | INVX2MA10TH      | 0.049 |  13.511 |   13.539 | 
     | core/g19190                                        | B0 v -> Y ^      | AOI22X2MA10TH    | 0.075 |  13.587 |   13.614 | 
     | core/g19139                                        | A ^ -> Y v       | NAND2X2MA10TH    | 0.063 |  13.649 |   13.677 | 
     | core/g19068                                        | B1 v -> Y ^      | AOI222X4MA10TH   | 0.165 |  13.815 |   13.842 | 
     | core/g18963                                        | A0 ^ -> Y v      | OAI211X2MA10TH   | 0.106 |  13.920 |   13.948 | 
     | adddec0/g6465__2802                                | B v -> Y ^       | NOR2X2MA10TH     | 0.072 |  13.992 |   14.020 | 
     | adddec0/FE_RC_715_0                                | D ^ -> Y v       | NAND4X2MA10TH    | 0.091 |  14.083 |   14.110 | 
     | adddec0/FE_RC_548_0                                | A v -> Y v       | OR4X6MA10TH      | 0.109 |  14.192 |   14.219 | 
     | adddec0/FE_OCPC7235_is_flash_access                | A v -> Y v       | BUFHX1MA10TH     | 0.097 |  14.289 |   14.316 | 
     | adddec0/FE_OFC6448_is_flash_access                 | A v -> Y v       | BUFX3MA10TH      | 0.119 |  14.408 |   14.435 | 
     | adddec0/g6340__2346                                | A v -> Y v       | OR2X3MA10TH      | 0.097 |  14.505 |   14.532 | 
     | adddec0/mem_en_reg[0]                              | D v              | DFFNQX2MA10TH    | 0.000 |  14.505 |   14.532 | 
     +-----------------------------------------------------------------------------------------------------------------------+ 

