###############################################################
#  Generated by:      Cadence Innovus 20.12-s088_1
#  OS:                Linux x86_64(Host ID atlas)
#  Generated on:      Sat Nov  1 16:04:16 2025
#  Design:            MCU
#  Command:           report_timing -net > $REPORT_DIR/$DESIGN_NAME.report_timing.signoff.rpt
###############################################################
Path 1: VIOLATED Clock Gating Setup Check with Pin adddec0/RC_CG_HIER_INST6/RC_
CGIC_INST/CK 
Endpoint:   adddec0/RC_CG_HIER_INST6/RC_CGIC_INST/E (v) checked with trailing 
edge of 'clk_cpu'
Beginpoint: rom0/Q[1]                               (v) triggered by  leading 
edge of 'clk_cpu'
Path Groups: {clock_gating_default}
Analysis View: setup_analysis_view
Other End Arrival Time         14.120
- Clock Gating Setup            0.222
+ Phase Shift                   0.000
+ CPPR Adjustment               0.000
= Required Time                13.899
- Arrival Time                 13.946
= Slack Time                   -0.047
     Clock Rise Edge                 0.000
     + Clock Network Latency (Prop)  -0.104
     = Beginpoint Arrival Time       -0.104
     +----------------------------------------------------------------------------------------------------------------------------------------------------------------+ 
     |                        Pin                         | Edge |                        Net                         |       Cell       | Delay | Arrival | Required | 
     |                                                    |      |                                                    |                  |       |  Time   |   Time   | 
     |----------------------------------------------------+------+----------------------------------------------------+------------------+-------+---------+----------| 
     | rom0/CLK                                           |  ^   | clk_mem[0]                                         |                  |       |  -0.104 |   -0.151 | 
     | rom0/Q[1]                                          |  v   | mem_dout[0][1]                                     | rom_hvt_pg       | 3.048 |   2.944 |    2.897 | 
     | adddec0/FE_RC_553_0/C0                             |  v   | mem_dout[0][1]                                     | AOI222X3MA10TH   | 0.001 |   2.945 |    2.898 | 
     | adddec0/FE_RC_553_0/Y                              |  ^   | adddec0/n_185                                      | AOI222X3MA10TH   | 0.077 |   3.022 |    2.975 | 
     | adddec0/g10607__6260/A                             |  ^   | adddec0/n_185                                      | NAND3X2MA10TH    | 0.000 |   3.022 |    2.975 | 
     | adddec0/g10607__6260/Y                             |  v   | adddec0/n_278                                      | NAND3X2MA10TH    | 0.069 |   3.091 |    3.044 | 
     | adddec0/g10551__6260/C0                            |  v   | adddec0/n_278                                      | AOI221X4MA10TH   | 0.000 |   3.091 |    3.044 | 
     | adddec0/g10551__6260/Y                             |  ^   | adddec0/n_334                                      | AOI221X4MA10TH   | 0.087 |   3.178 |    3.131 | 
     | adddec0/g10541__9315/A                             |  ^   | adddec0/n_334                                      | NAND4X4MA10TH    | 0.000 |   3.178 |    3.131 | 
     | adddec0/g10541__9315/Y                             |  v   | adddec0/n_344                                      | NAND4X4MA10TH    | 0.099 |   3.277 |    3.230 | 
     | adddec0/g10470__5526/C0                            |  v   | adddec0/n_344                                      | AOI211X4MA10TH   | 0.001 |   3.279 |    3.231 | 
     | adddec0/g10470__5526/Y                             |  ^   | adddec0/n_386                                      | AOI211X4MA10TH   | 0.105 |   3.384 |    3.337 | 
     | adddec0/g10467__6260/A                             |  ^   | adddec0/n_386                                      | NAND3X6MA10TH    | 0.000 |   3.384 |    3.337 | 
     | adddec0/g10467__6260/Y                             |  v   | read_data[1]                                       | NAND3X6MA10TH    | 0.072 |   3.456 |    3.408 | 
     | core/g14697/A0                                     |  v   | read_data[1]                                       | AOI22X6MA10TH    | 0.001 |   3.456 |    3.409 | 
     | core/g14697/Y                                      |  ^   | core/n_508                                         | AOI22X6MA10TH    | 0.086 |   3.542 |    3.495 | 
     | core/g14686/B0N                                    |  ^   | core/n_508                                         | AO21BX3MA10TH    | 0.000 |   3.543 |    3.495 | 
     | core/g14686/Y                                      |  v   | core/instr_to_decomp[1]                            | AO21BX3MA10TH    | 0.070 |   3.613 |    3.566 | 
     | core/c_dec_inst/g9855/B                            |  v   | core/instr_to_decomp[1]                            | NOR3X2AA10TH     | 0.000 |   3.613 |    3.566 | 
     | core/c_dec_inst/g9855/Y                            |  ^   | core/c_dec_inst/n_32                               | NOR3X2AA10TH     | 0.143 |   3.756 |    3.709 | 
     | core/c_dec_inst/g9842/A                            |  ^   | core/c_dec_inst/n_32                               | AND2X3MA10TH     | 0.000 |   3.756 |    3.709 | 
     | core/c_dec_inst/g9842/Y                            |  ^   | core/c_dec_inst/n_44                               | AND2X3MA10TH     | 0.123 |   3.879 |    3.832 | 
     | core/c_dec_inst/g9830/A                            |  ^   | core/c_dec_inst/n_44                               | NAND2X2MA10TH    | 0.000 |   3.879 |    3.832 | 
     | core/c_dec_inst/g9830/Y                            |  v   | core/c_dec_inst/n_54                               | NAND2X2MA10TH    | 0.047 |   3.926 |    3.879 | 
     | core/c_dec_inst/FE_OFC5866_n_54/A                  |  v   | core/c_dec_inst/n_54                               | INVX3BA10TH      | 0.000 |   3.926 |    3.879 | 
     | core/c_dec_inst/FE_OFC5866_n_54/Y                  |  ^   | core/c_dec_inst/n_55                               | INVX3BA10TH      | 0.064 |   3.990 |    3.943 | 
     | core/c_dec_inst/g9803/A                            |  ^   | core/c_dec_inst/n_55                               | NOR2X3AA10TH     | 0.000 |   3.991 |    3.944 | 
     | core/c_dec_inst/g9803/Y                            |  v   | core/c_dec_inst/n_82                               | NOR2X3AA10TH     | 0.039 |   4.030 |    3.983 | 
     | core/c_dec_inst/g9786__6783/A                      |  v   | core/c_dec_inst/n_82                               | AND2X4MA10TH     | 0.000 |   4.030 |    3.983 | 
     | core/c_dec_inst/g9786__6783/Y                      |  v   | core/c_dec_inst/n_96                               | AND2X4MA10TH     | 0.076 |   4.106 |    4.059 | 
     | core/c_dec_inst/g9746__5477/B                      |  v   | core/c_dec_inst/n_96                               | NAND4X3AA10TH    | 0.000 |   4.106 |    4.059 | 
     | core/c_dec_inst/g9746__5477/Y                      |  ^   | core/c_dec_inst/n_138                              | NAND4X3AA10TH    | 0.061 |   4.167 |    4.120 | 
     | core/c_dec_inst/g9716__7410/C0                     |  ^   | core/c_dec_inst/n_138                              | AOI222X2MA10TH   | 0.000 |   4.167 |    4.120 | 
     | core/c_dec_inst/g9716__7410/Y                      |  v   | core/c_dec_inst/n_164                              | AOI222X2MA10TH   | 0.069 |   4.236 |    4.189 | 
     | core/c_dec_inst/g9699__2802/A                      |  v   | core/c_dec_inst/n_164                              | NAND2X1BA10TH    | 0.000 |   4.236 |    4.189 | 
     | core/c_dec_inst/g9699__2802/Y                      |  ^   | core/instr_decomp[15]                              | NAND2X1BA10TH    | 0.075 |   4.312 |    4.265 | 
     | core/g14580/B1                                     |  ^   | core/instr_decomp[15]                              | AO1B2X6MA10TH    | 0.000 |   4.312 |    4.265 | 
     | core/g14580/Y                                      |  ^   | core/instr_curr[15]                                | AO1B2X6MA10TH    | 0.130 |   4.442 |    4.395 | 
     | core/datapath_inst/rf/FE_OFC3358_instr_curr_15/A   |  ^   | core/instr_curr[15]                                | INVX3MA10TH      | 0.004 |   4.446 |    4.399 | 
     | core/datapath_inst/rf/FE_OFC3358_instr_curr_15/Y   |  v   | core/datapath_inst/rf/n_648                        | INVX3MA10TH      | 0.041 |   4.487 |    4.440 | 
     | core/datapath_inst/rf/g47732/A                     |  v   | core/datapath_inst/rf/n_648                        | NAND2X3BA10TH    | 0.000 |   4.487 |    4.440 | 
     | core/datapath_inst/rf/g47732/Y                     |  ^   | core/datapath_inst/rf/n_654                        | NAND2X3BA10TH    | 0.041 |   4.528 |    4.481 | 
     | core/datapath_inst/rf/FE_OFC5754_n_654/A           |  ^   | core/datapath_inst/rf/n_654                        | INVX7P5BA10TH    | 0.000 |   4.528 |    4.481 | 
     | core/datapath_inst/rf/FE_OFC5754_n_654/Y           |  v   | core/datapath_inst/rf/FE_OFN1832_n_654             | INVX7P5BA10TH    | 0.045 |   4.573 |    4.526 | 
     | core/datapath_inst/rf/FE_OFC8534_n_654/A           |  v   | core/datapath_inst/rf/FE_OFN1832_n_654             | INVX2MA10TH      | 0.000 |   4.573 |    4.526 | 
     | core/datapath_inst/rf/FE_OFC8534_n_654/Y           |  ^   | core/datapath_inst/rf/FE_OFN3678_n                 | INVX2MA10TH      | 0.053 |   4.626 |    4.579 | 
     | core/datapath_inst/rf/g47685/A                     |  ^   | core/datapath_inst/rf/FE_OFN3678_n                 | NOR2X8MA10TH     | 0.000 |   4.626 |    4.579 | 
     | core/datapath_inst/rf/g47685/Y                     |  v   | core/datapath_inst/rf/n_694                        | NOR2X8MA10TH     | 0.061 |   4.687 |    4.640 | 
     | core/datapath_inst/rf/FE_OFC7974_n_694/A           |  v   | core/datapath_inst/rf/n_694                        | BUFX2MA10TH      | 0.000 |   4.687 |    4.640 | 
     | core/datapath_inst/rf/FE_OFC7974_n_694/Y           |  v   | core/datapath_inst/rf/FE_OFN4636_n_694             | BUFX2MA10TH      | 0.147 |   4.834 |    4.787 | 
     | core/datapath_inst/rf/g47041/A1                    |  v   | core/datapath_inst/rf/FE_OFN4636_n_694             | AOI222X1MA10TH   | 0.003 |   4.837 |    4.790 | 
     | core/datapath_inst/rf/g47041/Y                     |  ^   | core/datapath_inst/rf/n_1306                       | AOI222X1MA10TH   | 0.225 |   5.062 |    5.015 | 
     | core/datapath_inst/rf/g46949/B                     |  ^   | core/datapath_inst/rf/n_1306                       | NAND4X2AA10TH    | 0.000 |   5.062 |    5.015 | 
     | core/datapath_inst/rf/g46949/Y                     |  v   | core/datapath_inst/rf/n_1398                       | NAND4X2AA10TH    | 0.111 |   5.173 |    5.126 | 
     | core/datapath_inst/rf/g46896/C0                    |  v   | core/datapath_inst/rf/n_1398                       | AOI221X1MA10TH   | 0.000 |   5.173 |    5.126 | 
     | core/datapath_inst/rf/g46896/Y                     |  ^   | core/datapath_inst/rf/n_1451                       | AOI221X1MA10TH   | 0.111 |   5.284 |    5.237 | 
     | core/datapath_inst/rf/g46883/A                     |  ^   | core/datapath_inst/rf/n_1451                       | NAND3X1MA10TH    | 0.000 |   5.284 |    5.237 | 
     | core/datapath_inst/rf/g46883/Y                     |  v   | core/datapath_inst/rf/n_1464                       | NAND3X1MA10TH    | 0.099 |   5.383 |    5.336 | 
     | core/datapath_inst/rf/g46840/A0                    |  v   | core/datapath_inst/rf/n_1464                       | AOI22X1MA10TH    | 0.000 |   5.383 |    5.336 | 
     | core/datapath_inst/rf/g46840/Y                     |  ^   | core/datapath_inst/rf/n_1505                       | AOI22X1MA10TH    | 0.138 |   5.522 |    5.474 | 
     | core/datapath_inst/rf/g46808/A                     |  ^   | core/datapath_inst/rf/n_1505                       | NAND4X1MA10TH    | 0.000 |   5.522 |    5.475 | 
     | core/datapath_inst/rf/g46808/Y                     |  v   | core/datapath_inst/src_a[14]                       | NAND4X1MA10TH    | 0.080 |   5.602 |    5.555 | 
     | core/datapath_inst/FE_OFC7686_src_a_14/A           |  v   | core/datapath_inst/src_a[14]                       | BUFX3BA10TH      | 0.000 |   5.602 |    5.555 | 
     | core/datapath_inst/FE_OFC7686_src_a_14/Y           |  v   | core/datapath_inst/FE_OFN3154_n                    | BUFX3BA10TH      | 0.122 |   5.724 |    5.677 | 
     | core/datapath_inst/g2111/B0                        |  v   | core/datapath_inst/FE_OFN3154_n                    | AOI22X1MA10TH    | 0.002 |   5.725 |    5.678 | 
     | core/datapath_inst/g2111/Y                         |  ^   | core/datapath_inst/n_164                           | AOI22X1MA10TH    | 0.089 |   5.814 |    5.767 | 
     | core/datapath_inst/g2072/B0N                       |  ^   | core/datapath_inst/n_164                           | AO21BX1MA10TH    | 0.000 |   5.814 |    5.767 | 
     | core/datapath_inst/g2072/Y                         |  v   | core/datapath_inst/n_224                           | AO21BX1MA10TH    | 0.087 |   5.901 |    5.854 | 
     | core/datapath_inst/mainalu/FE_OFC7645_n_224/A      |  v   | core/datapath_inst/n_224                           | BUFX9BA10TH      | 0.000 |   5.901 |    5.854 | 
     | core/datapath_inst/mainalu/FE_OFC7645_n_224/Y      |  v   | core/datapath_inst/mainalu/FE_OFN1504_n_224        | BUFX9BA10TH      | 0.150 |   6.051 |    6.004 | 
     | core/datapath_inst/mainalu/FE_OFC8215_n_224/A      |  v   | core/datapath_inst/mainalu/FE_OFN1504_n_224        | INVX2BA10TH      | 0.030 |   6.081 |    6.034 | 
     | core/datapath_inst/mainalu/FE_OFC8215_n_224/Y      |  ^   | core/datapath_inst/mainalu/lt_239_36_Y_gt_297_36_n | INVX2BA10TH      | 0.183 |   6.264 |    6.217 | 
     |                                                    |      | _8                                                 |                  |       |         |          | 
     | core/datapath_inst/mainalu/mul_260_70_Y_mul_251_62 |  ^   | core/datapath_inst/mainalu/lt_239_36_Y_gt_297_36_n | NAND2X1MA10TH    | 0.000 |   6.264 |    6.217 | 
     | _Y_mul_257_64_g50273/B                             |      | _8                                                 |                  |       |         |          | 
     | core/datapath_inst/mainalu/mul_260_70_Y_mul_251_62 |  v   | core/datapath_inst/mainalu/mul_260_70_Y_mul_251_62 | NAND2X1MA10TH    | 0.098 |   6.363 |    6.316 | 
     | _Y_mul_257_64_g50273/Y                             |      | _Y_mul_257_64_n_93                                 |                  |       |         |          | 
     | core/datapath_inst/mainalu/mul_260_70_Y_mul_251_62 |  v   | core/datapath_inst/mainalu/mul_260_70_Y_mul_251_62 | AOI221X3MA10TH   | 0.000 |   6.363 |    6.316 | 
     | _Y_mul_257_64_g48994/A0                            |      | _Y_mul_257_64_n_93                                 |                  |       |         |          | 
     | core/datapath_inst/mainalu/mul_260_70_Y_mul_251_62 |  ^   | core/datapath_inst/mainalu/mul_260_70_Y_mul_251_62 | AOI221X3MA10TH   | 0.163 |   6.526 |    6.479 | 
     | _Y_mul_257_64_g48994/Y                             |      | _Y_mul_257_64_n_1334                               |                  |       |         |          | 
     | core/datapath_inst/mainalu/mul_260_70_Y_mul_251_62 |  ^   | core/datapath_inst/mainalu/mul_260_70_Y_mul_251_62 | ADDHX1MA10TH     | 0.001 |   6.527 |    6.480 | 
     | _Y_mul_257_64_g48964/A                             |      | _Y_mul_257_64_n_1334                               |                  |       |         |          | 
     | core/datapath_inst/mainalu/mul_260_70_Y_mul_251_62 |  v   | core/datapath_inst/mainalu/mul_260_70_Y_mul_251_62 | ADDHX1MA10TH     | 0.203 |   6.730 |    6.683 | 
     | _Y_mul_257_64_g48964/S                             |      | _Y_mul_257_64_n_1376                               |                  |       |         |          | 
     | core/datapath_inst/mainalu/mul_260_70_Y_mul_251_62 |  v   | core/datapath_inst/mainalu/mul_260_70_Y_mul_251_62 | ADDFX1MA10TH     | 0.000 |   6.730 |    6.683 | 
     | _Y_mul_257_64_g48807/CI                            |      | _Y_mul_257_64_n_1376                               |                  |       |         |          | 
     | core/datapath_inst/mainalu/mul_260_70_Y_mul_251_62 |  v   | core/datapath_inst/mainalu/mul_260_70_Y_mul_251_62 | ADDFX1MA10TH     | 0.221 |   6.951 |    6.904 | 
     | _Y_mul_257_64_g48807/S                             |      | _Y_mul_257_64_n_1689                               |                  |       |         |          | 
     | core/datapath_inst/mainalu/mul_260_70_Y_mul_251_62 |  v   | core/datapath_inst/mainalu/mul_260_70_Y_mul_251_62 | ADDFX1MA10TH     | 0.000 |   6.951 |    6.904 | 
     | _Y_mul_257_64_g48688/A                             |      | _Y_mul_257_64_n_1689                               |                  |       |         |          | 
     | core/datapath_inst/mainalu/mul_260_70_Y_mul_251_62 |  v   | core/datapath_inst/mainalu/mul_260_70_Y_mul_251_62 | ADDFX1MA10TH     | 0.160 |   7.111 |    7.064 | 
     | _Y_mul_257_64_g48688/CO                            |      | _Y_mul_257_64_n_1926                               |                  |       |         |          | 
     | core/datapath_inst/mainalu/mul_260_70_Y_mul_251_62 |  v   | core/datapath_inst/mainalu/mul_260_70_Y_mul_251_62 | ADDFX1MA10TH     | 0.000 |   7.111 |    7.064 | 
     | _Y_mul_257_64_g48627/CI                            |      | _Y_mul_257_64_n_1926                               |                  |       |         |          | 
     | core/datapath_inst/mainalu/mul_260_70_Y_mul_251_62 |  ^   | core/datapath_inst/mainalu/mul_260_70_Y_mul_251_62 | ADDFX1MA10TH     | 0.228 |   7.339 |    7.292 | 
     | _Y_mul_257_64_g48627/S                             |      | _Y_mul_257_64_n_2049                               |                  |       |         |          | 
     | core/datapath_inst/mainalu/mul_260_70_Y_mul_251_62 |  ^   | core/datapath_inst/mainalu/mul_260_70_Y_mul_251_62 | ADDFX1MA10TH     | 0.000 |   7.339 |    7.292 | 
     | _Y_mul_257_64_g48575/CI                            |      | _Y_mul_257_64_n_2049                               |                  |       |         |          | 
     | core/datapath_inst/mainalu/mul_260_70_Y_mul_251_62 |  v   | core/datapath_inst/mainalu/mul_260_70_Y_mul_251_62 | ADDFX1MA10TH     | 0.249 |   7.587 |    7.540 | 
     | _Y_mul_257_64_g48575/S                             |      | _Y_mul_257_64_n_2153                               |                  |       |         |          | 
     | core/datapath_inst/mainalu/FE_RC_235_0/B           |  v   | core/datapath_inst/mainalu/mul_260_70_Y_mul_251_62 | OR2X2MA10TH      | 0.000 |   7.588 |    7.540 | 
     |                                                    |      | _Y_mul_257_64_n_2153                               |                  |       |         |          | 
     | core/datapath_inst/mainalu/FE_RC_235_0/Y           |  v   | core/datapath_inst/mainalu/FE_RN_123_0             | OR2X2MA10TH      | 0.121 |   7.708 |    7.661 | 
     | core/datapath_inst/mainalu/FE_RC_521_0/B           |  v   | core/datapath_inst/mainalu/FE_RN_123_0             | NAND2X3MA10TH    | 0.000 |   7.708 |    7.661 | 
     | core/datapath_inst/mainalu/FE_RC_521_0/Y           |  ^   | core/datapath_inst/mainalu/FE_RN_304_0             | NAND2X3MA10TH    | 0.049 |   7.757 |    7.710 | 
     | core/datapath_inst/mainalu/FE_RC_520_0/A           |  ^   | core/datapath_inst/mainalu/FE_RN_304_0             | NAND2X3BA10TH    | 0.000 |   7.758 |    7.710 | 
     | core/datapath_inst/mainalu/FE_RC_520_0/Y           |  v   | core/datapath_inst/mainalu/mul_260_70_Y_mul_251_62 | NAND2X3BA10TH    | 0.043 |   7.801 |    7.754 | 
     |                                                    |      | _Y_mul_257_64_n_2402                               |                  |       |         |          | 
     | core/datapath_inst/mainalu/FE_RC_546_0/A           |  v   | core/datapath_inst/mainalu/mul_260_70_Y_mul_251_62 | NAND2X2BA10TH    | 0.000 |   7.801 |    7.754 | 
     |                                                    |      | _Y_mul_257_64_n_2402                               |                  |       |         |          | 
     | core/datapath_inst/mainalu/FE_RC_546_0/Y           |  ^   | core/datapath_inst/mainalu/FE_RN_319_0             | NAND2X2BA10TH    | 0.042 |   7.843 |    7.796 | 
     | core/datapath_inst/mainalu/FE_RC_545_0/A           |  ^   | core/datapath_inst/mainalu/FE_RN_319_0             | NAND2X3BA10TH    | 0.000 |   7.843 |    7.796 | 
     | core/datapath_inst/mainalu/FE_RC_545_0/Y           |  v   | core/datapath_inst/mainalu/mul_260_70_Y_mul_251_62 | NAND2X3BA10TH    | 0.041 |   7.884 |    7.837 | 
     |                                                    |      | _Y_mul_257_64_n_2404                               |                  |       |         |          | 
     | core/datapath_inst/mainalu/FE_RC_526_0/A           |  v   | core/datapath_inst/mainalu/mul_260_70_Y_mul_251_62 | NAND2X2BA10TH    | 0.000 |   7.884 |    7.837 | 
     |                                                    |      | _Y_mul_257_64_n_2404                               |                  |       |         |          | 
     | core/datapath_inst/mainalu/FE_RC_526_0/Y           |  ^   | core/datapath_inst/mainalu/FE_RN_307_0             | NAND2X2BA10TH    | 0.035 |   7.918 |    7.871 | 
     | core/datapath_inst/mainalu/FE_RC_525_0/A           |  ^   | core/datapath_inst/mainalu/FE_RN_307_0             | NAND2X2AA10TH    | 0.000 |   7.918 |    7.871 | 
     | core/datapath_inst/mainalu/FE_RC_525_0/Y           |  v   | core/datapath_inst/mainalu/mul_260_70_Y_mul_251_62 | NAND2X2AA10TH    | 0.042 |   7.960 |    7.913 | 
     |                                                    |      | _Y_mul_257_64_n_2406                               |                  |       |         |          | 
     | core/datapath_inst/mainalu/FE_RC_382_0/B           |  v   | core/datapath_inst/mainalu/mul_260_70_Y_mul_251_62 | NAND2X2AA10TH    | 0.000 |   7.960 |    7.913 | 
     |                                                    |      | _Y_mul_257_64_n_2406                               |                  |       |         |          | 
     | core/datapath_inst/mainalu/FE_RC_382_0/Y           |  ^   | core/datapath_inst/mainalu/FE_RN_220_0             | NAND2X2AA10TH    | 0.046 |   8.007 |    7.960 | 
     | core/datapath_inst/mainalu/FE_RC_381_0/A           |  ^   | core/datapath_inst/mainalu/FE_RN_220_0             | NAND2X2MA10TH    | 0.000 |   8.007 |    7.960 | 
     | core/datapath_inst/mainalu/FE_RC_381_0/Y           |  v   | core/datapath_inst/mainalu/mul_260_70_Y_mul_251_62 | NAND2X2MA10TH    | 0.041 |   8.048 |    8.001 | 
     |                                                    |      | _Y_mul_257_64_n_2408                               |                  |       |         |          | 
     | core/datapath_inst/mainalu/FE_RC_567_0/A0          |  v   | core/datapath_inst/mainalu/mul_260_70_Y_mul_251_62 | AO21BX4MA10TH    | 0.000 |   8.048 |    8.001 | 
     |                                                    |      | _Y_mul_257_64_n_2408                               |                  |       |         |          | 
     | core/datapath_inst/mainalu/FE_RC_567_0/Y           |  v   | core/datapath_inst/mainalu/mul_260_70_Y_mul_251_62 | AO21BX4MA10TH    | 0.092 |   8.140 |    8.093 | 
     |                                                    |      | _Y_mul_257_64_n_2410                               |                  |       |         |          | 
     | core/datapath_inst/mainalu/FE_RC_340_0/B1          |  v   | core/datapath_inst/mainalu/mul_260_70_Y_mul_251_62 | AO22X4MA10TH     | 0.000 |   8.140 |    8.093 | 
     |                                                    |      | _Y_mul_257_64_n_2410                               |                  |       |         |          | 
     | core/datapath_inst/mainalu/FE_RC_340_0/Y           |  v   | core/datapath_inst/mainalu/mul_260_70_Y_mul_251_62 | AO22X4MA10TH     | 0.109 |   8.249 |    8.201 | 
     |                                                    |      | _Y_mul_257_64_n_2412                               |                  |       |         |          | 
     | core/datapath_inst/mainalu/FE_RC_500_0/A           |  v   | core/datapath_inst/mainalu/mul_260_70_Y_mul_251_62 | NAND2X2MA10TH    | 0.000 |   8.249 |    8.201 | 
     |                                                    |      | _Y_mul_257_64_n_2412                               |                  |       |         |          | 
     | core/datapath_inst/mainalu/FE_RC_500_0/Y           |  ^   | core/datapath_inst/mainalu/FE_RN_293_0             | NAND2X2MA10TH    | 0.039 |   8.287 |    8.240 | 
     | core/datapath_inst/mainalu/FE_RC_499_0/A           |  ^   | core/datapath_inst/mainalu/FE_RN_293_0             | NAND2X2BA10TH    | 0.000 |   8.287 |    8.240 | 
     | core/datapath_inst/mainalu/FE_RC_499_0/Y           |  v   | core/datapath_inst/mainalu/mul_260_70_Y_mul_251_62 | NAND2X2BA10TH    | 0.049 |   8.336 |    8.289 | 
     |                                                    |      | _Y_mul_257_64_n_2414                               |                  |       |         |          | 
     | core/datapath_inst/mainalu/FE_RC_420_0/A           |  v   | core/datapath_inst/mainalu/mul_260_70_Y_mul_251_62 | NAND2X2BA10TH    | 0.000 |   8.336 |    8.289 | 
     |                                                    |      | _Y_mul_257_64_n_2414                               |                  |       |         |          | 
     | core/datapath_inst/mainalu/FE_RC_420_0/Y           |  ^   | core/datapath_inst/mainalu/FE_RN_242_0             | NAND2X2BA10TH    | 0.044 |   8.380 |    8.333 | 
     | core/datapath_inst/mainalu/FE_RC_419_0/A           |  ^   | core/datapath_inst/mainalu/FE_RN_242_0             | NAND2X3MA10TH    | 0.000 |   8.380 |    8.333 | 
     | core/datapath_inst/mainalu/FE_RC_419_0/Y           |  v   | core/datapath_inst/mainalu/mul_260_70_Y_mul_251_62 | NAND2X3MA10TH    | 0.036 |   8.416 |    8.369 | 
     |                                                    |      | _Y_mul_257_64_n_2416                               |                  |       |         |          | 
     | core/datapath_inst/mainalu/FE_RC_220_0/B           |  v   | core/datapath_inst/mainalu/mul_260_70_Y_mul_251_62 | NAND2X2AA10TH    | 0.000 |   8.416 |    8.369 | 
     |                                                    |      | _Y_mul_257_64_n_2416                               |                  |       |         |          | 
     | core/datapath_inst/mainalu/FE_RC_220_0/Y           |  ^   | core/datapath_inst/mainalu/FE_RN_112_0             | NAND2X2AA10TH    | 0.040 |   8.456 |    8.409 | 
     | core/datapath_inst/mainalu/FE_RC_219_0/A           |  ^   | core/datapath_inst/mainalu/FE_RN_112_0             | NAND2X2MA10TH    | 0.000 |   8.456 |    8.409 | 
     | core/datapath_inst/mainalu/FE_RC_219_0/Y           |  v   | core/datapath_inst/mainalu/mul_260_70_Y_mul_251_62 | NAND2X2MA10TH    | 0.045 |   8.501 |    8.453 | 
     |                                                    |      | _Y_mul_257_64_n_2418                               |                  |       |         |          | 
     | core/datapath_inst/mainalu/FE_RC_514_0/A           |  v   | core/datapath_inst/mainalu/mul_260_70_Y_mul_251_62 | NAND2X2AA10TH    | 0.000 |   8.501 |    8.454 | 
     |                                                    |      | _Y_mul_257_64_n_2418                               |                  |       |         |          | 
     | core/datapath_inst/mainalu/FE_RC_514_0/Y           |  ^   | core/datapath_inst/mainalu/FE_RN_301_0             | NAND2X2AA10TH    | 0.044 |   8.545 |    8.498 | 
     | core/datapath_inst/mainalu/FE_RC_513_0/A           |  ^   | core/datapath_inst/mainalu/FE_RN_301_0             | NAND2X2BA10TH    | 0.000 |   8.545 |    8.498 | 
     | core/datapath_inst/mainalu/FE_RC_513_0/Y           |  v   | core/datapath_inst/mainalu/mul_260_70_Y_mul_251_62 | NAND2X2BA10TH    | 0.048 |   8.593 |    8.546 | 
     |                                                    |      | _Y_mul_257_64_n_2420                               |                  |       |         |          | 
     | core/datapath_inst/mainalu/FE_RC_503_0/A           |  v   | core/datapath_inst/mainalu/mul_260_70_Y_mul_251_62 | NAND2X2AA10TH    | 0.000 |   8.593 |    8.546 | 
     |                                                    |      | _Y_mul_257_64_n_2420                               |                  |       |         |          | 
     | core/datapath_inst/mainalu/FE_RC_503_0/Y           |  ^   | core/datapath_inst/mainalu/FE_RN_294_0             | NAND2X2AA10TH    | 0.042 |   8.635 |    8.588 | 
     | core/datapath_inst/mainalu/FE_RC_502_0/A           |  ^   | core/datapath_inst/mainalu/FE_RN_294_0             | NAND2X2MA10TH    | 0.000 |   8.635 |    8.588 | 
     | core/datapath_inst/mainalu/FE_RC_502_0/Y           |  v   | core/datapath_inst/mainalu/mul_260_70_Y_mul_251_62 | NAND2X2MA10TH    | 0.049 |   8.684 |    8.637 | 
     |                                                    |      | _Y_mul_257_64_n_2422                               |                  |       |         |          | 
     | core/datapath_inst/mainalu/FE_RC_454_0/B1          |  v   | core/datapath_inst/mainalu/mul_260_70_Y_mul_251_62 | AO22X4MA10TH     | 0.000 |   8.684 |    8.637 | 
     |                                                    |      | _Y_mul_257_64_n_2422                               |                  |       |         |          | 
     | core/datapath_inst/mainalu/FE_RC_454_0/Y           |  v   | core/datapath_inst/mainalu/mul_260_70_Y_mul_251_62 | AO22X4MA10TH     | 0.116 |   8.800 |    8.753 | 
     |                                                    |      | _Y_mul_257_64_n_2424                               |                  |       |         |          | 
     | core/datapath_inst/mainalu/FE_RC_125_0/B           |  v   | core/datapath_inst/mainalu/mul_260_70_Y_mul_251_62 | NAND2X2AA10TH    | 0.000 |   8.800 |    8.753 | 
     |                                                    |      | _Y_mul_257_64_n_2424                               |                  |       |         |          | 
     | core/datapath_inst/mainalu/FE_RC_125_0/Y           |  ^   | core/datapath_inst/mainalu/FE_RN_47_0              | NAND2X2AA10TH    | 0.042 |   8.842 |    8.795 | 
     | core/datapath_inst/mainalu/FE_RC_124_0/A           |  ^   | core/datapath_inst/mainalu/FE_RN_47_0              | NAND2X2BA10TH    | 0.000 |   8.842 |    8.795 | 
     | core/datapath_inst/mainalu/FE_RC_124_0/Y           |  v   | core/datapath_inst/mainalu/mul_260_70_Y_mul_251_62 | NAND2X2BA10TH    | 0.050 |   8.892 |    8.845 | 
     |                                                    |      | _Y_mul_257_64_n_2426                               |                  |       |         |          | 
     | core/datapath_inst/mainalu/FE_RC_557_0/A           |  v   | core/datapath_inst/mainalu/mul_260_70_Y_mul_251_62 | NAND2XBX3MA10TH  | 0.000 |   8.892 |    8.845 | 
     |                                                    |      | _Y_mul_257_64_n_2426                               |                  |       |         |          | 
     | core/datapath_inst/mainalu/FE_RC_557_0/Y           |  ^   | core/datapath_inst/mainalu/FE_RN_331_0             | NAND2XBX3MA10TH  | 0.049 |   8.941 |    8.894 | 
     | core/datapath_inst/mainalu/FE_RC_556_0/B0N         |  ^   | core/datapath_inst/mainalu/FE_RN_331_0             | AO21BX3MA10TH    | 0.000 |   8.941 |    8.894 | 
     | core/datapath_inst/mainalu/FE_RC_556_0/Y           |  v   | core/datapath_inst/mainalu/mul_260_70_Y_mul_251_62 | AO21BX3MA10TH    | 0.044 |   8.985 |    8.938 | 
     |                                                    |      | _Y_mul_257_64_n_2428                               |                  |       |         |          | 
     | core/datapath_inst/mainalu/FE_RC_218_0/A           |  v   | core/datapath_inst/mainalu/mul_260_70_Y_mul_251_62 | NAND2X2BA10TH    | 0.000 |   8.985 |    8.938 | 
     |                                                    |      | _Y_mul_257_64_n_2428                               |                  |       |         |          | 
     | core/datapath_inst/mainalu/FE_RC_218_0/Y           |  ^   | core/datapath_inst/mainalu/FE_RN_106_0             | NAND2X2BA10TH    | 0.036 |   9.021 |    8.974 | 
     | core/datapath_inst/mainalu/FE_RC_217_0/A           |  ^   | core/datapath_inst/mainalu/FE_RN_106_0             | NAND2X2BA10TH    | 0.000 |   9.021 |    8.974 | 
     | core/datapath_inst/mainalu/FE_RC_217_0/Y           |  v   | core/datapath_inst/mainalu/mul_260_70_Y_mul_251_62 | NAND2X2BA10TH    | 0.045 |   9.066 |    9.019 | 
     |                                                    |      | _Y_mul_257_64_n_2430                               |                  |       |         |          | 
     | core/datapath_inst/mainalu/FE_RC_507_0/A           |  v   | core/datapath_inst/mainalu/mul_260_70_Y_mul_251_62 | NAND2X2BA10TH    | 0.000 |   9.066 |    9.019 | 
     |                                                    |      | _Y_mul_257_64_n_2430                               |                  |       |         |          | 
     | core/datapath_inst/mainalu/FE_RC_507_0/Y           |  ^   | core/datapath_inst/mainalu/FE_RN_297_0             | NAND2X2BA10TH    | 0.047 |   9.113 |    9.066 | 
     | core/datapath_inst/mainalu/FE_RC_506_0/A           |  ^   | core/datapath_inst/mainalu/FE_RN_297_0             | NAND2XBX4MA10TH  | 0.000 |   9.113 |    9.066 | 
     | core/datapath_inst/mainalu/FE_RC_506_0/Y           |  v   | core/datapath_inst/mainalu/mul_260_70_Y_mul_251_62 | NAND2XBX4MA10TH  | 0.039 |   9.152 |    9.105 | 
     |                                                    |      | _Y_mul_257_64_n_2432                               |                  |       |         |          | 
     | core/datapath_inst/mainalu/FE_RC_243_0/A           |  v   | core/datapath_inst/mainalu/mul_260_70_Y_mul_251_62 | NAND2XBX4MA10TH  | 0.000 |   9.153 |    9.105 | 
     |                                                    |      | _Y_mul_257_64_n_2432                               |                  |       |         |          | 
     | core/datapath_inst/mainalu/FE_RC_243_0/Y           |  ^   | core/datapath_inst/mainalu/FE_RN_129_0             | NAND2XBX4MA10TH  | 0.042 |   9.195 |    9.148 | 
     | core/datapath_inst/mainalu/FE_RC_338_0/A           |  ^   | core/datapath_inst/mainalu/FE_RN_129_0             | NAND2X4BA10TH    | 0.000 |   9.195 |    9.148 | 
     | core/datapath_inst/mainalu/FE_RC_338_0/Y           |  v   | core/datapath_inst/mainalu/mul_260_70_Y_mul_251_62 | NAND2X4BA10TH    | 0.042 |   9.237 |    9.190 | 
     |                                                    |      | _Y_mul_257_64_n_2434                               |                  |       |         |          | 
     | core/datapath_inst/mainalu/FE_RC_408_0/A           |  v   | core/datapath_inst/mainalu/mul_260_70_Y_mul_251_62 | NAND2XBX4MA10TH  | 0.000 |   9.237 |    9.190 | 
     |                                                    |      | _Y_mul_257_64_n_2434                               |                  |       |         |          | 
     | core/datapath_inst/mainalu/FE_RC_408_0/Y           |  ^   | core/datapath_inst/mainalu/FE_RN_240_0             | NAND2XBX4MA10TH  | 0.043 |   9.280 |    9.233 | 
     | core/datapath_inst/mainalu/FE_RC_474_0/A           |  ^   | core/datapath_inst/mainalu/FE_RN_240_0             | NAND2X3BA10TH    | 0.000 |   9.280 |    9.233 | 
     | core/datapath_inst/mainalu/FE_RC_474_0/Y           |  v   | core/datapath_inst/mainalu/mul_260_70_Y_mul_251_62 | NAND2X3BA10TH    | 0.043 |   9.323 |    9.276 | 
     |                                                    |      | _Y_mul_257_64_n_2436                               |                  |       |         |          | 
     | core/datapath_inst/mainalu/FE_RC_461_0/B0          |  v   | core/datapath_inst/mainalu/mul_260_70_Y_mul_251_62 | AOI22X4MA10TH    | 0.000 |   9.323 |    9.276 | 
     |                                                    |      | _Y_mul_257_64_n_2436                               |                  |       |         |          | 
     | core/datapath_inst/mainalu/FE_RC_461_0/Y           |  ^   | core/datapath_inst/mainalu/FE_RN_269_0             | AOI22X4MA10TH    | 0.065 |   9.388 |    9.341 | 
     | core/datapath_inst/mainalu/FE_RC_462_0/A           |  ^   | core/datapath_inst/mainalu/FE_RN_269_0             | INVX2MA10TH      | 0.000 |   9.388 |    9.341 | 
     | core/datapath_inst/mainalu/FE_RC_462_0/Y           |  v   | core/datapath_inst/mainalu/mul_260_70_Y_mul_251_62 | INVX2MA10TH      | 0.040 |   9.428 |    9.381 | 
     |                                                    |      | _Y_mul_257_64_n_2438                               |                  |       |         |          | 
     | core/datapath_inst/mainalu/FE_RC_492_0/A           |  v   | core/datapath_inst/mainalu/mul_260_70_Y_mul_251_62 | NAND2X2BA10TH    | 0.000 |   9.428 |    9.381 | 
     |                                                    |      | _Y_mul_257_64_n_2438                               |                  |       |         |          | 
     | core/datapath_inst/mainalu/FE_RC_492_0/Y           |  ^   | core/datapath_inst/mainalu/FE_RN_288_0             | NAND2X2BA10TH    | 0.034 |   9.462 |    9.415 | 
     | core/datapath_inst/mainalu/FE_RC_491_0/A           |  ^   | core/datapath_inst/mainalu/FE_RN_288_0             | NAND2X3MA10TH    | 0.000 |   9.462 |    9.415 | 
     | core/datapath_inst/mainalu/FE_RC_491_0/Y           |  v   | core/datapath_inst/mainalu/mul_260_70_Y_mul_251_62 | NAND2X3MA10TH    | 0.040 |   9.502 |    9.455 | 
     |                                                    |      | _Y_mul_257_64_n_2440                               |                  |       |         |          | 
     | core/datapath_inst/mainalu/FE_RC_494_0/A           |  v   | core/datapath_inst/mainalu/mul_260_70_Y_mul_251_62 | NAND2X2BA10TH    | 0.000 |   9.502 |    9.455 | 
     |                                                    |      | _Y_mul_257_64_n_2440                               |                  |       |         |          | 
     | core/datapath_inst/mainalu/FE_RC_494_0/Y           |  ^   | core/datapath_inst/mainalu/FE_RN_290_0             | NAND2X2BA10TH    | 0.038 |   9.540 |    9.493 | 
     | core/datapath_inst/mainalu/FE_RC_493_0/A           |  ^   | core/datapath_inst/mainalu/FE_RN_290_0             | NAND2X2BA10TH    | 0.000 |   9.540 |    9.493 | 
     | core/datapath_inst/mainalu/FE_RC_493_0/Y           |  v   | core/datapath_inst/mainalu/mul_260_70_Y_mul_251_62 | NAND2X2BA10TH    | 0.045 |   9.584 |    9.537 | 
     |                                                    |      | _Y_mul_257_64_n_2442                               |                  |       |         |          | 
     | core/datapath_inst/mainalu/FE_RC_595_0/A           |  v   | core/datapath_inst/mainalu/mul_260_70_Y_mul_251_62 | NAND2X2AA10TH    | 0.000 |   9.584 |    9.537 | 
     |                                                    |      | _Y_mul_257_64_n_2442                               |                  |       |         |          | 
     | core/datapath_inst/mainalu/FE_RC_595_0/Y           |  ^   | core/datapath_inst/mainalu/FE_RN_353_0             | NAND2X2AA10TH    | 0.047 |   9.631 |    9.584 | 
     | core/datapath_inst/mainalu/FE_RC_594_0/A           |  ^   | core/datapath_inst/mainalu/FE_RN_353_0             | NAND2X3MA10TH    | 0.000 |   9.631 |    9.584 | 
     | core/datapath_inst/mainalu/FE_RC_594_0/Y           |  v   | core/datapath_inst/mainalu/mul_260_70_Y_mul_251_62 | NAND2X3MA10TH    | 0.041 |   9.672 |    9.625 | 
     |                                                    |      | _Y_mul_257_64_n_2444                               |                  |       |         |          | 
     | core/datapath_inst/mainalu/FE_RC_353_0/B           |  v   | core/datapath_inst/mainalu/mul_260_70_Y_mul_251_62 | NAND2X3BA10TH    | 0.000 |   9.672 |    9.625 | 
     |                                                    |      | _Y_mul_257_64_n_2444                               |                  |       |         |          | 
     | core/datapath_inst/mainalu/FE_RC_353_0/Y           |  ^   | core/datapath_inst/mainalu/FE_RN_200_0             | NAND2X3BA10TH    | 0.044 |   9.715 |    9.668 | 
     | core/datapath_inst/mainalu/FE_RC_352_0/A           |  ^   | core/datapath_inst/mainalu/FE_RN_200_0             | NAND2X4MA10TH    | 0.000 |   9.715 |    9.668 | 
     | core/datapath_inst/mainalu/FE_RC_352_0/Y           |  v   | core/datapath_inst/mainalu/mul_260_70_Y_mul_251_62 | NAND2X4MA10TH    | 0.035 |   9.751 |    9.704 | 
     |                                                    |      | _Y_mul_257_64_n_2446                               |                  |       |         |          | 
     | core/datapath_inst/mainalu/FE_RC_336_0/A           |  v   | core/datapath_inst/mainalu/mul_260_70_Y_mul_251_62 | NAND2X2BA10TH    | 0.000 |   9.751 |    9.704 | 
     |                                                    |      | _Y_mul_257_64_n_2446                               |                  |       |         |          | 
     | core/datapath_inst/mainalu/FE_RC_336_0/Y           |  ^   | core/datapath_inst/mainalu/FE_RN_185_0             | NAND2X2BA10TH    | 0.041 |   9.792 |    9.745 | 
     | core/datapath_inst/mainalu/FE_RC_335_0/A           |  ^   | core/datapath_inst/mainalu/FE_RN_185_0             | NAND2X2BA10TH    | 0.000 |   9.792 |    9.745 | 
     | core/datapath_inst/mainalu/FE_RC_335_0/Y           |  v   | core/datapath_inst/mainalu/mul_260_70_Y_mul_251_62 | NAND2X2BA10TH    | 0.044 |   9.836 |    9.789 | 
     |                                                    |      | _Y_mul_257_64_n_2448                               |                  |       |         |          | 
     | core/datapath_inst/mainalu/FE_RC_367_0/B           |  v   | core/datapath_inst/mainalu/mul_260_70_Y_mul_251_62 | NAND2X2MA10TH    | 0.000 |   9.836 |    9.789 | 
     |                                                    |      | _Y_mul_257_64_n_2448                               |                  |       |         |          | 
     | core/datapath_inst/mainalu/FE_RC_367_0/Y           |  ^   | core/datapath_inst/mainalu/FE_RN_211_0             | NAND2X2MA10TH    | 0.053 |   9.889 |    9.842 | 
     | core/datapath_inst/mainalu/FE_RC_511_0/A           |  ^   | core/datapath_inst/mainalu/FE_RN_211_0             | NAND2X2BA10TH    | 0.000 |   9.889 |    9.842 | 
     | core/datapath_inst/mainalu/FE_RC_511_0/Y           |  v   | core/datapath_inst/mainalu/mul_260_70_Y_mul_251_62 | NAND2X2BA10TH    | 0.049 |   9.938 |    9.891 | 
     |                                                    |      | _Y_mul_257_64_n_2450                               |                  |       |         |          | 
     | core/datapath_inst/mainalu/FE_RC_531_0/A           |  v   | core/datapath_inst/mainalu/mul_260_70_Y_mul_251_62 | NAND2X2BA10TH    | 0.000 |   9.938 |    9.891 | 
     |                                                    |      | _Y_mul_257_64_n_2450                               |                  |       |         |          | 
     | core/datapath_inst/mainalu/FE_RC_531_0/Y           |  ^   | core/datapath_inst/mainalu/FE_RN_310_0             | NAND2X2BA10TH    | 0.041 |   9.980 |    9.932 | 
     | core/datapath_inst/mainalu/FE_RC_539_0/A           |  ^   | core/datapath_inst/mainalu/FE_RN_310_0             | NAND2X2BA10TH    | 0.000 |   9.980 |    9.932 | 
     | core/datapath_inst/mainalu/FE_RC_539_0/Y           |  v   | core/datapath_inst/mainalu/mul_260_70_Y_mul_251_62 | NAND2X2BA10TH    | 0.044 |  10.024 |    9.977 | 
     |                                                    |      | _Y_mul_257_64_n_2452                               |                  |       |         |          | 
     | core/datapath_inst/mainalu/FE_RC_542_0/A           |  v   | core/datapath_inst/mainalu/mul_260_70_Y_mul_251_62 | NAND2X2MA10TH    | 0.000 |  10.024 |    9.977 | 
     |                                                    |      | _Y_mul_257_64_n_2452                               |                  |       |         |          | 
     | core/datapath_inst/mainalu/FE_RC_542_0/Y           |  ^   | core/datapath_inst/mainalu/FE_RN_317_0             | NAND2X2MA10TH    | 0.048 |  10.072 |   10.025 | 
     | core/datapath_inst/mainalu/FE_RC_549_0/A           |  ^   | core/datapath_inst/mainalu/FE_RN_317_0             | NAND2X2BA10TH    | 0.000 |  10.072 |   10.025 | 
     | core/datapath_inst/mainalu/FE_RC_549_0/Y           |  v   | core/datapath_inst/mainalu/mul_260_70_Y_mul_251_62 | NAND2X2BA10TH    | 0.046 |  10.118 |   10.071 | 
     |                                                    |      | _Y_mul_257_64_n_2454                               |                  |       |         |          | 
     | core/datapath_inst/mainalu/FE_RC_133_0/B           |  v   | core/datapath_inst/mainalu/mul_260_70_Y_mul_251_62 | NAND2X2BA10TH    | 0.000 |  10.118 |   10.071 | 
     |                                                    |      | _Y_mul_257_64_n_2454                               |                  |       |         |          | 
     | core/datapath_inst/mainalu/FE_RC_133_0/Y           |  ^   | core/datapath_inst/mainalu/FE_RN_53_0              | NAND2X2BA10TH    | 0.047 |  10.165 |   10.118 | 
     | core/datapath_inst/mainalu/FE_RC_132_0/A           |  ^   | core/datapath_inst/mainalu/FE_RN_53_0              | NAND2X3MA10TH    | 0.000 |  10.165 |   10.118 | 
     | core/datapath_inst/mainalu/FE_RC_132_0/Y           |  v   | core/datapath_inst/mainalu/mul_260_70_Y_mul_251_62 | NAND2X3MA10TH    | 0.040 |  10.205 |   10.158 | 
     |                                                    |      | _Y_mul_257_64_n_2456                               |                  |       |         |          | 
     | core/datapath_inst/mainalu/FE_RC_141_0/A           |  v   | core/datapath_inst/mainalu/mul_260_70_Y_mul_251_62 | NAND2X2BA10TH    | 0.000 |  10.205 |   10.158 | 
     |                                                    |      | _Y_mul_257_64_n_2456                               |                  |       |         |          | 
     | core/datapath_inst/mainalu/FE_RC_141_0/Y           |  ^   | core/datapath_inst/mainalu/FE_RN_54_0              | NAND2X2BA10TH    | 0.038 |  10.243 |   10.196 | 
     | core/datapath_inst/mainalu/FE_RC_140_0/A           |  ^   | core/datapath_inst/mainalu/FE_RN_54_0              | NAND2X2BA10TH    | 0.000 |  10.243 |   10.196 | 
     | core/datapath_inst/mainalu/FE_RC_140_0/Y           |  v   | core/datapath_inst/mainalu/mul_260_70_Y_mul_251_62 | NAND2X2BA10TH    | 0.047 |  10.290 |   10.243 | 
     |                                                    |      | _Y_mul_257_64_n_2458                               |                  |       |         |          | 
     | core/datapath_inst/mainalu/FE_RC_298_0/A           |  v   | core/datapath_inst/mainalu/mul_260_70_Y_mul_251_62 | NAND2XBX2MA10TH  | 0.000 |  10.290 |   10.243 | 
     |                                                    |      | _Y_mul_257_64_n_2458                               |                  |       |         |          | 
     | core/datapath_inst/mainalu/FE_RC_298_0/Y           |  ^   | core/datapath_inst/mainalu/FE_RN_163_0             | NAND2XBX2MA10TH  | 0.047 |  10.337 |   10.290 | 
     | core/datapath_inst/mainalu/FE_RC_504_0/A           |  ^   | core/datapath_inst/mainalu/FE_RN_163_0             | NAND2X2MA10TH    | 0.000 |  10.337 |   10.290 | 
     | core/datapath_inst/mainalu/FE_RC_504_0/Y           |  v   | core/datapath_inst/mainalu/mul_260_70_Y_mul_251_62 | NAND2X2MA10TH    | 0.045 |  10.382 |   10.334 | 
     |                                                    |      | _Y_mul_257_64_n_2460                               |                  |       |         |          | 
     | core/datapath_inst/mainalu/FE_RC_111_0/B           |  v   | core/datapath_inst/mainalu/mul_260_70_Y_mul_251_62 | NAND2X2MA10TH    | 0.000 |  10.382 |   10.334 | 
     |                                                    |      | _Y_mul_257_64_n_2460                               |                  |       |         |          | 
     | core/datapath_inst/mainalu/FE_RC_111_0/Y           |  ^   | core/datapath_inst/mainalu/FE_RN_36_0              | NAND2X2MA10TH    | 0.057 |  10.438 |   10.391 | 
     | core/datapath_inst/mainalu/FE_RC_110_0/A           |  ^   | core/datapath_inst/mainalu/FE_RN_36_0              | NAND2X3MA10TH    | 0.000 |  10.438 |   10.391 | 
     | core/datapath_inst/mainalu/FE_RC_110_0/Y           |  v   | core/datapath_inst/mainalu/mul_260_70_Y_mul_251_62 | NAND2X3MA10TH    | 0.043 |  10.482 |   10.435 | 
     |                                                    |      | _Y_mul_257_64_n_2462                               |                  |       |         |          | 
     | core/datapath_inst/mainalu/FE_RC_108_0/A           |  v   | core/datapath_inst/mainalu/mul_260_70_Y_mul_251_62 | NAND2X2AA10TH    | 0.000 |  10.482 |   10.435 | 
     |                                                    |      | _Y_mul_257_64_n_2462                               |                  |       |         |          | 
     | core/datapath_inst/mainalu/FE_RC_108_0/Y           |  ^   | core/datapath_inst/mainalu/FE_RN_31_0              | NAND2X2AA10TH    | 0.046 |  10.528 |   10.481 | 
     | core/datapath_inst/mainalu/FE_RC_107_0/A           |  ^   | core/datapath_inst/mainalu/FE_RN_31_0              | NAND2X3MA10TH    | 0.000 |  10.528 |   10.481 | 
     | core/datapath_inst/mainalu/FE_RC_107_0/Y           |  v   | core/datapath_inst/mainalu/mul_260_70_Y_mul_251_62 | NAND2X3MA10TH    | 0.043 |  10.571 |   10.523 | 
     |                                                    |      | _Y_mul_257_64_n_2464                               |                  |       |         |          | 
     | core/datapath_inst/mainalu/FE_RC_322_0/A           |  v   | core/datapath_inst/mainalu/mul_260_70_Y_mul_251_62 | NAND2XBX2MA10TH  | 0.000 |  10.571 |   10.524 | 
     |                                                    |      | _Y_mul_257_64_n_2464                               |                  |       |         |          | 
     | core/datapath_inst/mainalu/FE_RC_322_0/Y           |  ^   | core/datapath_inst/mainalu/FE_RN_180_0             | NAND2XBX2MA10TH  | 0.044 |  10.615 |   10.568 | 
     | core/datapath_inst/mainalu/FE_RC_509_0/A           |  ^   | core/datapath_inst/mainalu/FE_RN_180_0             | NAND2X2MA10TH    | 0.000 |  10.615 |   10.568 | 
     | core/datapath_inst/mainalu/FE_RC_509_0/Y           |  v   | core/datapath_inst/mainalu/mul_260_70_Y_mul_251_62 | NAND2X2MA10TH    | 0.046 |  10.661 |   10.614 | 
     |                                                    |      | _Y_mul_257_64_n_2466                               |                  |       |         |          | 
     | core/datapath_inst/mainalu/FE_RC_179_0/B           |  v   | core/datapath_inst/mainalu/mul_260_70_Y_mul_251_62 | NAND2X2BA10TH    | 0.000 |  10.661 |   10.614 | 
     |                                                    |      | _Y_mul_257_64_n_2466                               |                  |       |         |          | 
     | core/datapath_inst/mainalu/FE_RC_179_0/Y           |  ^   | core/datapath_inst/mainalu/FE_RN_84_0              | NAND2X2BA10TH    | 0.046 |  10.707 |   10.660 | 
     | core/datapath_inst/mainalu/FE_RC_178_0/A           |  ^   | core/datapath_inst/mainalu/FE_RN_84_0              | NAND2X3MA10TH    | 0.000 |  10.707 |   10.660 | 
     | core/datapath_inst/mainalu/FE_RC_178_0/Y           |  v   | core/datapath_inst/mainalu/mul_260_70_Y_mul_251_62 | NAND2X3MA10TH    | 0.038 |  10.746 |   10.699 | 
     |                                                    |      | _Y_mul_257_64_n_2468                               |                  |       |         |          | 
     | core/datapath_inst/mainalu/FE_RC_460_0/A           |  v   | core/datapath_inst/mainalu/mul_260_70_Y_mul_251_62 | NAND2X2BA10TH    | 0.000 |  10.746 |   10.699 | 
     |                                                    |      | _Y_mul_257_64_n_2468                               |                  |       |         |          | 
     | core/datapath_inst/mainalu/FE_RC_460_0/Y           |  ^   | core/datapath_inst/mainalu/FE_RN_268_0             | NAND2X2BA10TH    | 0.044 |  10.789 |   10.742 | 
     | core/datapath_inst/mainalu/FE_RC_459_0/B0N         |  ^   | core/datapath_inst/mainalu/FE_RN_268_0             | AO21BX3MA10TH    | 0.000 |  10.789 |   10.742 | 
     | core/datapath_inst/mainalu/FE_RC_459_0/Y           |  v   | core/datapath_inst/mainalu/mul_260_70_Y_mul_251_62 | AO21BX3MA10TH    | 0.044 |  10.833 |   10.786 | 
     |                                                    |      | _Y_mul_257_64_n_2470                               |                  |       |         |          | 
     | core/datapath_inst/mainalu/FE_RC_477_0/B           |  v   | core/datapath_inst/mainalu/mul_260_70_Y_mul_251_62 | NAND2X3BA10TH    | 0.000 |  10.833 |   10.786 | 
     |                                                    |      | _Y_mul_257_64_n_2470                               |                  |       |         |          | 
     | core/datapath_inst/mainalu/FE_RC_477_0/Y           |  ^   | core/datapath_inst/mainalu/FE_RN_282_0             | NAND2X3BA10TH    | 0.043 |  10.877 |   10.830 | 
     | core/datapath_inst/mainalu/FE_RC_489_0/A           |  ^   | core/datapath_inst/mainalu/FE_RN_282_0             | NAND2X4MA10TH    | 0.000 |  10.877 |   10.830 | 
     | core/datapath_inst/mainalu/FE_RC_489_0/Y           |  v   | core/datapath_inst/mainalu/mul_260_70_Y_mul_251_62 | NAND2X4MA10TH    | 0.035 |  10.912 |   10.864 | 
     |                                                    |      | _Y_mul_257_64_n_2472                               |                  |       |         |          | 
     | core/datapath_inst/mainalu/FE_RC_537_0/A           |  v   | core/datapath_inst/mainalu/mul_260_70_Y_mul_251_62 | NAND2X2BA10TH    | 0.000 |  10.912 |   10.864 | 
     |                                                    |      | _Y_mul_257_64_n_2472                               |                  |       |         |          | 
     | core/datapath_inst/mainalu/FE_RC_537_0/Y           |  ^   | core/datapath_inst/mainalu/FE_RN_315_0             | NAND2X2BA10TH    | 0.042 |  10.954 |   10.907 | 
     | core/datapath_inst/mainalu/FE_RC_536_0/A           |  ^   | core/datapath_inst/mainalu/FE_RN_315_0             | NAND2X3BA10TH    | 0.000 |  10.954 |   10.907 | 
     | core/datapath_inst/mainalu/FE_RC_536_0/Y           |  v   | core/datapath_inst/mainalu/mul_260_70_Y_mul_251_62 | NAND2X3BA10TH    | 0.044 |  10.998 |   10.951 | 
     |                                                    |      | _Y_mul_257_64_n_2474                               |                  |       |         |          | 
     | core/datapath_inst/mainalu/FE_RC_289_0/A           |  v   | core/datapath_inst/mainalu/mul_260_70_Y_mul_251_62 | NAND2X3BA10TH    | 0.000 |  10.998 |   10.951 | 
     |                                                    |      | _Y_mul_257_64_n_2474                               |                  |       |         |          | 
     | core/datapath_inst/mainalu/FE_RC_289_0/Y           |  ^   | core/datapath_inst/mainalu/FE_RN_154_0             | NAND2X3BA10TH    | 0.042 |  11.040 |   10.993 | 
     | core/datapath_inst/mainalu/FE_RC_288_0/A           |  ^   | core/datapath_inst/mainalu/FE_RN_154_0             | NAND2XBX4MA10TH  | 0.000 |  11.040 |   10.993 | 
     | core/datapath_inst/mainalu/FE_RC_288_0/Y           |  v   | core/datapath_inst/mainalu/mul_260_70_Y_mul_251_62 | NAND2XBX4MA10TH  | 0.033 |  11.073 |   11.026 | 
     |                                                    |      | _Y_mul_257_64_n_2476                               |                  |       |         |          | 
     | core/datapath_inst/mainalu/FE_RC_292_0/A           |  v   | core/datapath_inst/mainalu/mul_260_70_Y_mul_251_62 | NAND2X2MA10TH    | 0.000 |  11.073 |   11.026 | 
     |                                                    |      | _Y_mul_257_64_n_2476                               |                  |       |         |          | 
     | core/datapath_inst/mainalu/FE_RC_292_0/Y           |  ^   | core/datapath_inst/mainalu/FE_RN_155_0             | NAND2X2MA10TH    | 0.039 |  11.112 |   11.065 | 
     | core/datapath_inst/mainalu/FE_RC_291_0/A           |  ^   | core/datapath_inst/mainalu/FE_RN_155_0             | NAND2X2MA10TH    | 0.000 |  11.112 |   11.065 | 
     | core/datapath_inst/mainalu/FE_RC_291_0/Y           |  v   | core/datapath_inst/mainalu/mul_260_70_Y_mul_251_62 | NAND2X2MA10TH    | 0.047 |  11.160 |   11.113 | 
     |                                                    |      | _Y_mul_257_64_n_2478                               |                  |       |         |          | 
     | core/datapath_inst/mainalu/FE_RC_315_0/A           |  v   | core/datapath_inst/mainalu/mul_260_70_Y_mul_251_62 | NAND2X2BA10TH    | 0.000 |  11.160 |   11.113 | 
     |                                                    |      | _Y_mul_257_64_n_2478                               |                  |       |         |          | 
     | core/datapath_inst/mainalu/FE_RC_315_0/Y           |  ^   | core/datapath_inst/mainalu/FE_RN_172_0             | NAND2X2BA10TH    | 0.044 |  11.204 |   11.156 | 
     | core/datapath_inst/mainalu/FE_RC_314_0/A           |  ^   | core/datapath_inst/mainalu/FE_RN_172_0             | NAND2X3MA10TH    | 0.000 |  11.204 |   11.156 | 
     | core/datapath_inst/mainalu/FE_RC_314_0/Y           |  v   | core/datapath_inst/mainalu/mul_260_70_Y_mul_251_62 | NAND2X3MA10TH    | 0.038 |  11.242 |   11.194 | 
     |                                                    |      | _Y_mul_257_64_n_2480                               |                  |       |         |          | 
     | core/datapath_inst/mainalu/FE_RC_211_0/B           |  v   | core/datapath_inst/mainalu/mul_260_70_Y_mul_251_62 | NAND2X2AA10TH    | 0.000 |  11.242 |   11.195 | 
     |                                                    |      | _Y_mul_257_64_n_2480                               |                  |       |         |          | 
     | core/datapath_inst/mainalu/FE_RC_211_0/Y           |  ^   | core/datapath_inst/mainalu/FE_RN_105_0             | NAND2X2AA10TH    | 0.045 |  11.286 |   11.239 | 
     | core/datapath_inst/mainalu/FE_RC_210_0/A           |  ^   | core/datapath_inst/mainalu/FE_RN_105_0             | NAND2X2BA10TH    | 0.000 |  11.286 |   11.239 | 
     | core/datapath_inst/mainalu/FE_RC_210_0/Y           |  v   | core/datapath_inst/mainalu/mul_260_70_Y_mul_251_62 | NAND2X2BA10TH    | 0.048 |  11.334 |   11.287 | 
     |                                                    |      | _Y_mul_257_64_n_2482                               |                  |       |         |          | 
     | core/datapath_inst/mainalu/FE_RC_283_0/A           |  v   | core/datapath_inst/mainalu/mul_260_70_Y_mul_251_62 | NAND2X2BA10TH    | 0.000 |  11.334 |   11.287 | 
     |                                                    |      | _Y_mul_257_64_n_2482                               |                  |       |         |          | 
     | core/datapath_inst/mainalu/FE_RC_283_0/Y           |  ^   | core/datapath_inst/mainalu/FE_RN_152_0             | NAND2X2BA10TH    | 0.048 |  11.382 |   11.335 | 
     | core/datapath_inst/mainalu/FE_RC_282_0/A           |  ^   | core/datapath_inst/mainalu/FE_RN_152_0             | NAND2XBX4MA10TH  | 0.000 |  11.382 |   11.335 | 
     | core/datapath_inst/mainalu/FE_RC_282_0/Y           |  v   | core/datapath_inst/mainalu/mul_260_70_Y_mul_251_62 | NAND2XBX4MA10TH  | 0.035 |  11.417 |   11.370 | 
     |                                                    |      | _Y_mul_257_64_n_2484                               |                  |       |         |          | 
     | core/datapath_inst/mainalu/FE_RC_253_0/A           |  v   | core/datapath_inst/mainalu/mul_260_70_Y_mul_251_62 | NAND2XBX2MA10TH  | 0.000 |  11.417 |   11.370 | 
     |                                                    |      | _Y_mul_257_64_n_2484                               |                  |       |         |          | 
     | core/datapath_inst/mainalu/FE_RC_253_0/Y           |  ^   | core/datapath_inst/mainalu/FE_RN_135_0             | NAND2XBX2MA10TH  | 0.042 |  11.459 |   11.412 | 
     | core/datapath_inst/mainalu/FE_RC_487_0/A           |  ^   | core/datapath_inst/mainalu/FE_RN_135_0             | NAND2X2BA10TH    | 0.000 |  11.459 |   11.412 | 
     | core/datapath_inst/mainalu/FE_RC_487_0/Y           |  v   | core/datapath_inst/mainalu/mul_260_70_Y_mul_251_62 | NAND2X2BA10TH    | 0.050 |  11.509 |   11.462 | 
     |                                                    |      | _Y_mul_257_64_n_2486                               |                  |       |         |          | 
     | core/datapath_inst/mainalu/FE_RC_548_0/A           |  v   | core/datapath_inst/mainalu/mul_260_70_Y_mul_251_62 | NAND2X2MA10TH    | 0.000 |  11.509 |   11.462 | 
     |                                                    |      | _Y_mul_257_64_n_2486                               |                  |       |         |          | 
     | core/datapath_inst/mainalu/FE_RC_548_0/Y           |  ^   | core/datapath_inst/mainalu/FE_RN_320_0             | NAND2X2MA10TH    | 0.048 |  11.557 |   11.510 | 
     | core/datapath_inst/mainalu/FE_RC_547_0/B0N         |  ^   | core/datapath_inst/mainalu/FE_RN_320_0             | AO21BX2MA10TH    | 0.000 |  11.557 |   11.510 | 
     | core/datapath_inst/mainalu/FE_RC_547_0/Y           |  v   | core/datapath_inst/mainalu/mul_260_70_Y_mul_251_62 | AO21BX2MA10TH    | 0.051 |  11.608 |   11.561 | 
     |                                                    |      | _Y_mul_257_64_n_2488                               |                  |       |         |          | 
     | core/datapath_inst/mainalu/FE_RC_88_0/B            |  v   | core/datapath_inst/mainalu/mul_260_70_Y_mul_251_62 | NAND2X2BA10TH    | 0.000 |  11.608 |   11.561 | 
     |                                                    |      | _Y_mul_257_64_n_2488                               |                  |       |         |          | 
     | core/datapath_inst/mainalu/FE_RC_88_0/Y            |  ^   | core/datapath_inst/mainalu/FE_RN_22_0              | NAND2X2BA10TH    | 0.048 |  11.656 |   11.609 | 
     | core/datapath_inst/mainalu/FE_RC_87_0/A            |  ^   | core/datapath_inst/mainalu/FE_RN_22_0              | NAND2X2MA10TH    | 0.000 |  11.656 |   11.609 | 
     | core/datapath_inst/mainalu/FE_RC_87_0/Y            |  v   | core/datapath_inst/mainalu/mul_260_70_Y_mul_251_62 | NAND2X2MA10TH    | 0.037 |  11.693 |   11.646 | 
     |                                                    |      | _Y_mul_257_64_n_2490                               |                  |       |         |          | 
     | core/datapath_inst/mainalu/mul_260_70_Y_mul_251_62 |  v   | core/datapath_inst/mainalu/mul_260_70_Y_mul_251_62 | ADDFX1MA10TH     | 0.000 |  11.693 |   11.646 | 
     | _Y_mul_257_64_g48405/CI                            |      | _Y_mul_257_64_n_2490                               |                  |       |         |          | 
     | core/datapath_inst/mainalu/mul_260_70_Y_mul_251_62 |  v   | core/datapath_inst/mainalu/mul_260_70_Y_mul_251_62 | ADDFX1MA10TH     | 0.135 |  11.828 |   11.781 | 
     | _Y_mul_257_64_g48405/CO                            |      | _Y_mul_257_64_n_2492                               |                  |       |         |          | 
     | core/datapath_inst/mainalu/mul_260_70_Y_mul_251_62 |  v   | core/datapath_inst/mainalu/mul_260_70_Y_mul_251_62 | ADDFX1MA10TH     | 0.000 |  11.828 |   11.781 | 
     | _Y_mul_257_64_g48404/CI                            |      | _Y_mul_257_64_n_2492                               |                  |       |         |          | 
     | core/datapath_inst/mainalu/mul_260_70_Y_mul_251_62 |  v   | core/datapath_inst/mainalu/mul_260_70_Y_mul_251_62 | ADDFX1MA10TH     | 0.139 |  11.967 |   11.920 | 
     | _Y_mul_257_64_g48404/CO                            |      | _Y_mul_257_64_n_2494                               |                  |       |         |          | 
     | core/datapath_inst/mainalu/mul_260_70_Y_mul_251_62 |  v   | core/datapath_inst/mainalu/mul_260_70_Y_mul_251_62 | ADDFX1MA10TH     | 0.000 |  11.967 |   11.920 | 
     | _Y_mul_257_64_g48403/CI                            |      | _Y_mul_257_64_n_2494                               |                  |       |         |          | 
     | core/datapath_inst/mainalu/mul_260_70_Y_mul_251_62 |  v   | core/datapath_inst/mainalu/mul_260_70_Y_mul_251_62 | ADDFX1MA10TH     | 0.139 |  12.106 |   12.059 | 
     | _Y_mul_257_64_g48403/CO                            |      | _Y_mul_257_64_n_2496                               |                  |       |         |          | 
     | core/datapath_inst/mainalu/mul_260_70_Y_mul_251_62 |  v   | core/datapath_inst/mainalu/mul_260_70_Y_mul_251_62 | XNOR3X2MA10TH    | 0.000 |  12.106 |   12.059 | 
     | _Y_mul_257_64_g48402/A                             |      | _Y_mul_257_64_n_2496                               |                  |       |         |          | 
     | core/datapath_inst/mainalu/mul_260_70_Y_mul_251_62 |  v   | core/datapath_inst/mainalu/n_2802                  | XNOR3X2MA10TH    | 0.127 |  12.233 |   12.186 | 
     | _Y_mul_257_64_g48402/Y                             |      |                                                    |                  |       |         |          | 
     | core/datapath_inst/mainalu/g193724/B0              |  v   | core/datapath_inst/mainalu/n_2802                  | AOI221X4MA10TH   | 0.000 |  12.234 |   12.186 | 
     | core/datapath_inst/mainalu/g193724/Y               |  ^   | core/datapath_inst/mainalu/n_2622                  | AOI221X4MA10TH   | 0.126 |  12.360 |   12.313 | 
     | core/datapath_inst/mainalu/FE_OFC4714_n_2622/A     |  ^   | core/datapath_inst/mainalu/n_2622                  | INVX6MA10TH      | 0.000 |  12.360 |   12.313 | 
     | core/datapath_inst/mainalu/FE_OFC4714_n_2622/Y     |  v   | core/ALU_result[31]                                | INVX6MA10TH      | 0.068 |  12.428 |   12.381 | 
     | core/datapath_inst/mainalu/FE_RC_610_0/AN          |  v   | core/ALU_result[31]                                | NAND3BX3MA10TH   | 0.006 |  12.434 |   12.387 | 
     | core/datapath_inst/mainalu/FE_RC_610_0/Y           |  v   | core/datapath_inst/mainalu/FE_RN_376_0             | NAND3BX3MA10TH   | 0.103 |  12.536 |   12.489 | 
     | core/datapath_inst/mainalu/FE_RC_611_0/A           |  v   | core/datapath_inst/mainalu/FE_RN_376_0             | INVX2BA10TH      | 0.000 |  12.536 |   12.489 | 
     | core/datapath_inst/mainalu/FE_RC_611_0/Y           |  ^   | core/Zero                                          | INVX2BA10TH      | 0.043 |  12.579 |   12.532 | 
     | core/controller_inst/bval/g49/A                    |  ^   | core/Zero                                          | XNOR2X3MA10TH    | 0.000 |  12.579 |   12.532 | 
     | core/controller_inst/bval/g49/Y                    |  ^   | core/controller_inst/bval/n_0                      | XNOR2X3MA10TH    | 0.059 |  12.638 |   12.591 | 
     | core/controller_inst/bval/g48/A                    |  ^   | core/controller_inst/bval/n_0                      | NOR3X3MA10TH     | 0.000 |  12.638 |   12.591 | 
     | core/controller_inst/bval/g48/Y                    |  v   | core/controller_inst/bval/n_1                      | NOR3X3MA10TH     | 0.063 |  12.701 |   12.654 | 
     | core/controller_inst/bval/FE_RC_497_0/A            |  v   | core/controller_inst/bval/n_1                      | INVX2BA10TH      | 0.000 |  12.701 |   12.654 | 
     | core/controller_inst/bval/FE_RC_497_0/Y            |  ^   | core/controller_inst/bval/FE_RN_292_0              | INVX2BA10TH      | 0.036 |  12.738 |   12.691 | 
     | core/controller_inst/bval/FE_RC_496_0/A            |  ^   | core/controller_inst/bval/FE_RN_292_0              | NAND2X2BA10TH    | 0.000 |  12.738 |   12.691 | 
     | core/controller_inst/bval/FE_RC_496_0/Y            |  v   | core/controller_inst/brnch_cond_met                | NAND2X2BA10TH    | 0.042 |  12.780 |   12.733 | 
     | core/controller_inst/FE_RC_628_0/A                 |  v   | core/controller_inst/brnch_cond_met                | NAND2X3BA10TH    | 0.000 |  12.780 |   12.733 | 
     | core/controller_inst/FE_RC_628_0/Y                 |  ^   | core/controller_inst/FE_RN_378_0                   | NAND2X3BA10TH    | 0.046 |  12.826 |   12.779 | 
     | core/controller_inst/FE_RC_627_0/A                 |  ^   | core/controller_inst/FE_RN_378_0                   | NAND2X6AA10TH    | 0.000 |  12.826 |   12.779 | 
     | core/controller_inst/FE_RC_627_0/Y                 |  v   | core/pc_src                                        | NAND2X6AA10TH    | 0.050 |  12.876 |   12.829 | 
     | core/FE_RC_98_0/A                                  |  v   | core/pc_src                                        | NAND3XXBX6MA10TH | 0.000 |  12.876 |   12.829 | 
     | core/FE_RC_98_0/Y                                  |  ^   | core/n_115                                         | NAND3XXBX6MA10TH | 0.047 |  12.923 |   12.876 | 
     | core/g19238/A0                                     |  ^   | core/n_115                                         | AOI211X4MA10TH   | 0.000 |  12.923 |   12.876 | 
     | core/g19238/Y                                      |  v   | core/n_207                                         | AOI211X4MA10TH   | 0.080 |  13.003 |   12.956 | 
     | core/g19230/A                                      |  v   | core/n_207                                         | NOR2X6AA10TH     | 0.000 |  13.003 |   12.956 | 
     | core/g19230/Y                                      |  ^   | core/n_215                                         | NOR2X6AA10TH     | 0.099 |  13.103 |   13.055 | 
     | core/g19171/A0                                     |  ^   | core/n_215                                         | AOI22X2MA10TH    | 0.001 |  13.103 |   13.056 | 
     | core/g19171/Y                                      |  v   | core/n_271                                         | AOI22X2MA10TH    | 0.087 |  13.190 |   13.143 | 
     | core/FE_RC_54_0/C0                                 |  v   | core/n_271                                         | OAI211X3MA10TH   | 0.000 |  13.190 |   13.143 | 
     | core/FE_RC_54_0/Y                                  |  ^   | core/pc_next_trad[1]                               | OAI211X3MA10TH   | 0.072 |  13.262 |   13.215 | 
     | core/FE_RC_486_0/C0                                |  ^   | core/pc_next_trad[1]                               | AOI222X3MA10TH   | 0.000 |  13.262 |   13.215 | 
     | core/FE_RC_486_0/Y                                 |  v   | core/n_324                                         | AOI222X3MA10TH   | 0.086 |  13.348 |   13.301 | 
     | core/FE_OFC1876_n_324/A                            |  v   | core/n_324                                         | INVX3MA10TH      | 0.000 |  13.348 |   13.301 | 
     | core/FE_OFC1876_n_324/Y                            |  ^   | core/pc_next[1]                                    | INVX3MA10TH      | 0.089 |  13.437 |   13.390 | 
     | core/FE_RC_484_0/A0                                |  ^   | core/pc_next[1]                                    | AOI21X4MA10TH    | 0.000 |  13.437 |   13.390 | 
     | core/FE_RC_484_0/Y                                 |  v   | core/FE_RN_284_0                                   | AOI21X4MA10TH    | 0.049 |  13.486 |   13.439 | 
     | core/FE_RC_482_0/A                                 |  v   | core/FE_RN_284_0                                   | NAND2X2MA10TH    | 0.000 |  13.486 |   13.439 | 
     | core/FE_RC_482_0/Y                                 |  ^   | core/FE_RN_285_0                                   | NAND2X2MA10TH    | 0.052 |  13.538 |   13.490 | 
     | core/FE_OFC8060_FE_RN_285_0/A                      |  ^   | core/FE_RN_285_0                                   | INVX3P5BA10TH    | 0.000 |  13.538 |   13.490 | 
     | core/FE_OFC8060_FE_RN_285_0/Y                      |  v   | core/n_367                                         | INVX3P5BA10TH    | 0.049 |  13.587 |   13.540 | 
     | core/controller_inst/md/g12759/A0                  |  v   | core/n_367                                         | AOI2XB1X1MA10TH  | 0.000 |  13.587 |   13.540 | 
     | core/controller_inst/md/g12759/Y                   |  ^   | core/controller_inst/md/n_228                      | AOI2XB1X1MA10TH  | 0.089 |  13.676 |   13.629 | 
     | core/controller_inst/md/g12754/B0                  |  ^   | core/controller_inst/md/n_228                      | OA21X1MA10TH     | 0.000 |  13.676 |   13.629 | 
     | core/controller_inst/md/g12754/Y                   |  ^   | core/wen_controller[1]                             | OA21X1MA10TH     | 0.115 |  13.790 |   13.743 | 
     | core/g14281/B1                                     |  ^   | core/wen_controller[1]                             | AO1B2X2MA10TH    | 0.000 |  13.790 |   13.743 | 
     | core/g14281/Y                                      |  ^   | wen[1]                                             | AO1B2X2MA10TH    | 0.094 |  13.885 |   13.837 | 
     | FE_OFC8049_wen_1/A                                 |  ^   | wen[1]                                             | INVX1MA10TH      | 0.000 |  13.885 |   13.838 | 
     | FE_OFC8049_wen_1/Y                                 |  v   | FE_OFN4567_wen_1                                   | INVX1MA10TH      | 0.061 |  13.946 |   13.898 | 
     | adddec0/RC_CG_HIER_INST6/RC_CGIC_INST/E            |  v   | FE_OFN4567_wen_1                                   | PREICGX1BA10TH   | 0.000 |  13.946 |   13.899 | 
     +----------------------------------------------------------------------------------------------------------------------------------------------------------------+ 

