Gate area 1.2000 um^2
Level 0 Module MCU                                      Gates=    384545 Cells=   29977 Area=  461454.7 um^2
Level 1 Module adddec0                                  Gates=3216       Cells=739      Area=    3860.0 um^2
Level 1 Module afe0                                     Gates=3551       Cells=985      Area=    4262.0 um^2
Level 1 Module core                                     Gates=50530      Cells=15014    Area=   60636.8 um^2
Level 2 Module core/csr_unit_inst                       Gates=2292       Cells=479      Area=    2751.2 um^2
Level 2 Module core/datapath_inst                       Gates=38225      Cells=11263    Area=   45870.0 um^2
Level 2 Module core/irq_handler_inst                    Gates=3789       Cells=1365     Area=    4546.8 um^2
Level 1 Module dco0                                     Gates=1800       Cells=0        Area=    2160.7 um^2
Level 1 Module dco1                                     Gates=1800       Cells=0        Area=    2160.7 um^2
Level 1 Module gpio0                                    Gates=1263       Cells=358      Area=    1516.0 um^2
Level 1 Module gpio1                                    Gates=1237       Cells=350      Area=    1484.8 um^2
Level 1 Module gpio2                                    Gates=1215       Cells=343      Area=    1458.4 um^2
Level 1 Module gpio3                                    Gates=1249       Cells=348      Area=    1499.6 um^2
Level 1 Module i2c0                                     Gates=1776       Cells=490      Area=    2131.6 um^2
Level 1 Module i2c1                                     Gates=1769       Cells=489      Area=    2122.8 um^2
Level 1 Module npu0                                     Gates=11691      Cells=3227     Area=   14030.0 um^2
Level 2 Module npu0/NPU_FPMAC                           Gates=5962       Cells=1680     Area=    7155.2 um^2
Level 2 Module npu0/NPU_FPSIGMOID                       Gates=3320       Cells=979      Area=    3984.4 um^2
Level 1 Module saradc0                                  Gates=1113       Cells=303      Area=    1335.6 um^2
Level 1 Module spi0                                     Gates=5351       Cells=1368     Area=    6421.2 um^2
Level 1 Module spi1                                     Gates=4175       Cells=1083     Area=    5010.8 um^2
Level 1 Module system0                                  Gates=5112       Cells=1205     Area=    6134.8 um^2
Level 1 Module timer0                                   Gates=4733       Cells=1083     Area=    5679.6 um^2
Level 1 Module timer1                                   Gates=4732       Cells=1081     Area=    5678.8 um^2
Level 1 Module uart0                                    Gates=1620       Cells=389      Area=    1944.4 um^2
Level 1 Module uart1                                    Gates=1623       Cells=391      Area=    1947.6 um^2
Level 1 Module ram0                                     Gates=113984     Cells=0        Area=  136781.3 um^2
Level 1 Module ram1                                     Gates=113984     Cells=0        Area=  136781.3 um^2
Level 1 Module rom0                                     Gates=42399      Cells=0        Area=   50879.2 um^2
