********************************************************************************
db2gds 22.14-s007 64 bit (Tue Jan 31 16:35:56 PST 2023)
Build Ref No.: 031 Release Candidate (01-31-2023) [2214_pgs]

Copyright 2023 Cadence Design Systems, Inc.
All rights reserved worldwide.

Build O/S:       Linux x86_64 3.10.0-693.el7.x86_64
Executed on:     atlas (Linux x86_64 5.3.18-lp152.106-default)
Process Id:      6514
Starting Time:   Fri Oct  3 21:51:10 2025 (Sat Oct  4 02:51:10 2025 GMT)
With parameters: top_level_sch_6105 erc.db top_level_sch -lmap lmaprqbY3M -gdslib drc.db -gds_scale 1000 -property 
********************************************************************************

Library name: top_level_sch_6105
GDSII file name: erc.db
Cells to be written out: top_level_sch
Source Library: top_level_sch_6105
Layer mapping file(GDS <- DMC): lmaprqbY3M
    0 (dt:0) <- 0
    0 (dt:0) <- 0
    0 (dt:0) <- 0
    0 (dt:0) <- 0
    0 (dt:0) <- 0
    0 (dt:0) <- 0
    0 (dt:0) <- 0
    0 (dt:0) <- 0
    0 (dt:0) <- 0
Cell name case: PRESERVE
Option: output object property


                Object Statistics of Cells                            
Cell Name         Box  Polygon     Path   Label Instance Array    Total
----------------------------------------------------------------------
top_level_sch        0        0        0       0   437      0       437
M3_M2_CDNS_759546260950        0        0        0       0     0      0         0
M4_M3_CDNS_759546260951        0        0        0       0     0      0         0
M5_M4_CDNS_759546260952        0        0        0       0     0      0         0
M4_M3_CDNS_759546260954        0        0        0       0     0      0         0
M3_M2_CDNS_759546260955        0        0        0       0     0      0         0
M4_M3_CDNS_759546260956        0        0        0       0     0      0         0
M3_M2_CDNS_759546260957        0        0        0       0     0      0         0
M3_M2_CDNS_759546260958        0        0        0       0     0      0         0
M4_M3_CDNS_759546260959        0        0        0       0     0      0         0
M3_M2_CDNS_7595462609510        0        0        0       0     0      0         0
M2_M1_CDNS_7595462609511        0        0        0       0     0      0         0
M2_M1_CDNS_7595462609512        0        0        0       0     0      0         0
M1_PO_CDNS_7595462609513        0        0        0       0     0      0         0
M3_M2_CDNS_7595462609514        0        0        0       0     0      0         0
M5_M4_CDNS_7595462609516        0        0        0       0     0      0         0
M2_M1_CDNS_7595462609517        0        0        0       0     0      0         0
M3_M2_CDNS_7595462609519        0        0        0       0     0      0         0
M2_M1_CDNS_7595462609520        0        0        0       0     0      0         0
M2_M1_CDNS_7595462609521        0        0        0       0     0      0         0
M3_M2_CDNS_7595462609523        0        0        0       0     0      0         0
M5_M4_CDNS_7595462609524        0        0        0       0     0      0         0
M4_M3_CDNS_7595462609525        0        0        0       0     0      0         0
M3_M2_CDNS_7595462609526        0        0        0       0     0      0         0
M2_M1_CDNS_7595462609527        0        0        0       0     0      0         0
M2_M1_CDNS_7595462609528        0        0        0       0     0      0         0
M5_M4_CDNS_7595462609531        0        0        0       0     0      0         0
M4_M3_CDNS_7595462609532        0        0        0       0     0      0         0
M3_M2_CDNS_7595462609533        0        0        0       0     0      0         0
M2_M1_CDNS_7595462609534        0        0        0       0     0      0         0
M4_M3_CDNS_7595462609536        0        0        0       0     0      0         0
M3_M2_CDNS_7595462609538        0        0        0       0     0      0         0
M4_M3_CDNS_7595462609539        0        0        0       0     0      0         0
M2_M1_CDNS_7595462609540        0        0        0       0     0      0         0
potentiostat_pmos_sch4lay        0        0        0       0   979      0       979
M2_M1_CDNS_7595462609573        0        0        0       0     0      0         0
M2_M1_CDNS_7595462609575        0        0        0       0     0      0         0
M2_M1_CDNS_7595462609576        0        0        0       0     0      0         0
M1_PO_CDNS_7595462609577        0        0        0       0     0      0         0
M1_OD_CDNS_7595462609578        0        0        0       0     0      0         0
LVLD10A25PP         0        0        0       0    47      0        47
LVLD10A25PP6        0        0        0       0     3      0         3
MUX2A               0        0        0       0    33      0        33
Dac2V5R2R14         0        0        0       0   447      0       447
LVLD10A25PP14        0        0        0       0     7      0         7
OpAmpCurrentMirrorP        0        0        0       0   240      0       240
BiasGenCascWideSwingGlobal        0        0        0       0   651      0       651
pch_25_CDNS_75954626095212        0        0        0       0     0      0         0
NEW_ADC_Main_2V5_Sync_0p13s_0p70lsb        0        0        0       0  1833      0      1833
nch_25_CDNS_75954626095305        0        0        0       0     0      0         0
dualSlope_sch4lay        0        0        0       0   228      0       228
M1_PO_CDNS_7595462609541        0        0        0       0     0      0         0
M1_PO_CDNS_7595462609542        0        0        0       0     0      0         0
M1_PO_CDNS_7595462609545        0        0        0       0     0      0         0
M2_M1_CDNS_7595462609546        0        0        0       0     0      0         0
M1_PO_CDNS_7595462609547        0        0        0       0     0      0         0
M3_M2_CDNS_7595462609550        0        0        0       0     0      0         0
M2_M1_CDNS_7595462609551        0        0        0       0     0      0         0
M3_M2_CDNS_7595462609552        0        0        0       0     0      0         0
M2_M1_CDNS_7595462609553        0        0        0       0     0      0         0
pch_25_mac_CDNS_759546260950        0        0        0       0     0      0         0
M1_PO_CDNS_7595462609554        0        0        0       0     0      0         0
M1_PO_CDNS_7595462609555        0        0        0       0     0      0         0
M1_PO_CDNS_7595462609556        0        0        0       0     0      0         0
M1_PO_CDNS_7595462609557        0        0        0       0     0      0         0
M3_M2_CDNS_7595462609558        0        0        0       0     0      0         0
M8_M7_CDNS_7595462609561        0        0        0       0     0      0         0
M7_M6_CDNS_7595462609562        0        0        0       0     0      0         0
M6_M5_CDNS_7595462609563        0        0        0       0     0      0         0
M5_M4_CDNS_7595462609564        0        0        0       0     0      0         0
M4_M3_CDNS_7595462609565        0        0        0       0     0      0         0
M3_M2_CDNS_7595462609566        0        0        0       0     0      0         0
M2_M1_CDNS_7595462609567        0        0        0       0     0      0         0
pch_25_mac_CDNS_759546260952        0        0        0       0     0      0         0
pch_25_mac_CDNS_759546260953        0        0        0       0     0      0         0
nch_25_mac_CDNS_759546260955        0        0        0       0     0      0         0
nch_25_mac_CDNS_759546260956        0        0        0       0     0      0         0
rnpoly_CDNS_7595462609510        0        0        0       0     0      0         0
rnpoly_CDNS_7595462609511        0        0        0       0     0      0         0
rnpoly_CDNS_7595462609514        0        0        0       0     0      0         0
rnpoly_CDNS_7595462609515        0        0        0       0     0      0         0
pch_25_mac_CDNS_7595462609516        0        0        0       0     0      0         0
nch_25_mac_CDNS_7595462609518        0        0        0       0     0      0         0
rnpoly_CDNS_7595462609519        0        0        0       0     0      0         0
nch_25_mac_CDNS_7595462609527        0        0        0       0     0      0         0
pch_25_mac_CDNS_7595462609528        0        0        0       0     0      0         0
nch_25_mac_CDNS_7595462609530        0        0        0       0     0      0         0
pch_25_mac_CDNS_7595462609531        0        0        0       0     0      0         0
pch_25_mac_CDNS_7595462609533        0        0        0       0     0      0         0
pch_25_mac_CDNS_7595462609536        0        0        0       0     0      0         0
nch_25_mac_CDNS_7595462609537        0        0        0       0     0      0         0
pch_25_mac_CDNS_7595462609539        0        0        0       0     0      0         0
nch_25_mac_CDNS_7595462609540        0        0        0       0     0      0         0
nch_25_mac_CDNS_7595462609542        0        0        0       0     0      0         0
nch_25_mac_CDNS_7595462609543        0        0        0       0     0      0         0
nch_25_mac_CDNS_7595462609546        0        0        0       0     0      0         0
nch_25_mac_CDNS_7595462609550        0        0        0       0     0      0         0
nch_25_mac_CDNS_7595462609557        0        0        0       0     0      0         0
pch_25_mac_CDNS_7595462609558        0        0        0       0     0      0         0
pch_25_mac_CDNS_7595462609559        0        0        0       0     0      0         0
pch_25_mac_CDNS_7595462609560        0        0        0       0     0      0         0
pch_25_mac_CDNS_7595462609562        0        0        0       0     0      0         0
pch_25_mac_CDNS_7595462609563        0        0        0       0     0      0         0
nch_25_mac_CDNS_7595462609564        0        0        0       0     0      0         0
nch_25_mac_CDNS_7595462609565        0        0        0       0     0      0         0
pch_25_mac_CDNS_7595462609566        0        0        0       0     0      0         0
pch_25_mac_CDNS_7595462609570        0        0        0       0     0      0         0
nch_25_mac_CDNS_7595462609572        0        0        0       0     0      0         0
pch_25_mac_CDNS_7595462609573        0        0        0       0     0      0         0
nch_25_mac_CDNS_7595462609574        0        0        0       0     0      0         0
pch_25_mac_CDNS_7595462609577        0        0        0       0     0      0         0
rppolywo_CDNS_7595462609578        0        0        0       0     0      0         0
TGP2A               0        0        0       0     7      0         7
pch_25_mac_CDNS_7595462609583        0        0        0       0     0      0         0
pch_25_mac_CDNS_7595462609584        0        0        0       0     0      0         0
pch_25_mac_CDNS_7595462609585        0        0        0       0     0      0         0
pch_25_mac_CDNS_7595462609586        0        0        0       0     0      0         0
pch_25_mac_CDNS_7595462609587        0        0        0       0     0      0         0
pch_25_mac_CDNS_7595462609588        0        0        0       0     0      0         0
pch_25_mac_CDNS_7595462609589        0        0        0       0     0      0         0
pch_25_mac_CDNS_7595462609590        0        0        0       0     0      0         0
folded_cascode_pmos        0        0        0       0   499      0       499
pch_25_mac_CDNS_75954626095116        0        0        0       0     0      0         0
pch_25_mac_CDNS_75954626095117        0        0        0       0     0      0         0
pch_25_mac_CDNS_75954626095118        0        0        0       0     0      0         0
pch_25_mac_CDNS_75954626095120        0        0        0       0     0      0         0
M2_M1_CDNS_7595462609572        0        0        0       0     0      0         0
nch_25_CDNS_75954626095125        0        0        0       0     0      0         0
pch_25_CDNS_75954626095126        0        0        0       0     0      0         0
M1_PO_CDNS_7595462609569        0        0        0       0     0      0         0
M1_OD_CDNS_7595462609579        0        0        0       0     0      0         0
nch_25x_CDNS_75954626095127        0        0        0       0     0      0         0
nch_25x_CDNS_75954626095128        0        0        0       0     0      0         0
nch_25x_CDNS_75954626095129        0        0        0       0     0      0         0
nch_25x_CDNS_75954626095130        0        0        0       0     0      0         0
pch_25x_CDNS_75954626095131        0        0        0       0     0      0         0
pch_25x_CDNS_75954626095132        0        0        0       0     0      0         0
pch_25x_CDNS_75954626095133        0        0        0       0     0      0         0
pch_25x_CDNS_75954626095134        0        0        0       0     0      0         0
nch_25x_CDNS_75954626095135        0        0        0       0     0      0         0
pch_25x_CDNS_75954626095136        0        0        0       0     0      0         0
M3_M2_CDNS_7595462609595        0        0        0       0     0      0         0
M2_M1_CDNS_75954626095158        0        0        0       0     0      0         0
M1_OD_CDNS_75954626095159        0        0        0       0     0      0         0
rppolywo_CDNS_75954626095165        0        0        0       0     0      0         0
AND2X8              0        0        0       0     7      0         7
MASCO__B5           0        0        0       0     2      0         2
MASCO__B6           0        0        0       0     2      0         2
MASCO__B7           0        0        0       0     2      0         2
MASCO__B8           0        0        0       0     2      0         2
M1_OD_CDNS_7595462609570        0        0        0       0     0      0         0
nch_25_macx_CDNS_7595462609579        0        0        0       0     0      0         0
pch_25_macx_CDNS_7595462609580        0        0        0       0     0      0         0
pch_25_macx_CDNS_7595462609581        0        0        0       0     0      0         0
nch_25_macx_CDNS_7595462609582        0        0        0       0     0      0         0
M6_M5_CDNS_7595462609598        0        0        0       0     0      0         0
M7_M6_CDNS_7595462609599        0        0        0       0     0      0         0
M1_OD_CDNS_75954626095147        0        0        0       0     0      0         0
nch_25_macx_CDNS_75954626095162        0        0        0       0     0      0         0
pch_25_macx_CDNS_75954626095167        0        0        0       0     0      0         0
M3_M2_CDNS_75954626095164        0        0        0       0     0      0         0
M2_M1_CDNS_75954626095165        0        0        0       0     0      0         0
M8_M7_CDNS_75954626095168        0        0        0       0     0      0         0
pch_25_mac_CDNS_75954626095186        0        0        0       0     0      0         0
pch_25_mac_CDNS_75954626095187        0        0        0       0     0      0         0
nch_25_macx_CDNS_75954626095191        0        0        0       0     0      0         0
nch_25_macx_CDNS_75954626095192        0        0        0       0     0      0         0
mimcap_CDNS_75954626095193        0        0        0       0     0      0         0
nch_25_macx_CDNS_75954626095194        0        0        0       0     0      0         0
nch_25_macx_CDNS_75954626095195        0        0        0       0     0      0         0
pch_25_macx_CDNS_75954626095200        0        0        0       0     0      0         0
pch_25_macx_CDNS_75954626095201        0        0        0       0     0      0         0
pch_25_macx_CDNS_75954626095202        0        0        0       0     0      0         0
pch_25_macx_CDNS_75954626095203        0        0        0       0     0      0         0
nch_25_macx_CDNS_75954626095206        0        0        0       0     0      0         0
nch_25_macx_CDNS_75954626095207        0        0        0       0     0      0         0
M2_M1_CDNS_7595462609581        0        0        0       0     0      0         0
M3_M2_CDNS_7595462609582        0        0        0       0     0      0         0
M2_M1_CDNS_7595462609583        0        0        0       0     0      0         0
M2_M1_CDNS_7595462609584        0        0        0       0     0      0         0
M2_M1_CDNS_7595462609585        0        0        0       0     0      0         0
M2_M1_CDNS_7595462609587        0        0        0       0     0      0         0
M8_M7_CDNS_7595462609588        0        0        0       0     0      0         0
M7_M6_CDNS_7595462609589        0        0        0       0     0      0         0
M6_M5_CDNS_7595462609590        0        0        0       0     0      0         0
M5_M4_CDNS_7595462609591        0        0        0       0     0      0         0
M4_M3_CDNS_7595462609592        0        0        0       0     0      0         0
M3_M2_CDNS_7595462609593        0        0        0       0     0      0         0
M2_M1_CDNS_7595462609594        0        0        0       0     0      0         0
M3_M2_CDNS_7595462609596        0        0        0       0     0      0         0
M2_M1_CDNS_7595462609597        0        0        0       0     0      0         0
M3_M2_CDNS_75954626095100        0        0        0       0     0      0         0
M4_M3_CDNS_75954626095101        0        0        0       0     0      0         0
M5_M4_CDNS_75954626095102        0        0        0       0     0      0         0
M3_M2_CDNS_75954626095103        0        0        0       0     0      0         0
M3_M2_CDNS_75954626095104        0        0        0       0     0      0         0
M3_M2_CDNS_75954626095106        0        0        0       0     0      0         0
M3_M2_CDNS_75954626095107        0        0        0       0     0      0         0
M4_M3_CDNS_75954626095108        0        0        0       0     0      0         0
M5_M4_CDNS_75954626095109        0        0        0       0     0      0         0
M5_M4_CDNS_75954626095110        0        0        0       0     0      0         0
M4_M3_CDNS_75954626095111        0        0        0       0     0      0         0
M3_M2_CDNS_75954626095113        0        0        0       0     0      0         0
M3_M2_CDNS_75954626095114        0        0        0       0     0      0         0
M4_M3_CDNS_75954626095115        0        0        0       0     0      0         0
M3_M2_CDNS_75954626095116        0        0        0       0     0      0         0
M2_M1_CDNS_75954626095117        0        0        0       0     0      0         0
M3_M2_CDNS_75954626095118        0        0        0       0     0      0         0
M5_M4_CDNS_75954626095119        0        0        0       0     0      0         0
M4_M3_CDNS_75954626095120        0        0        0       0     0      0         0
M4_M3_CDNS_75954626095121        0        0        0       0     0      0         0
M4_M3_CDNS_75954626095122        0        0        0       0     0      0         0
M5_M4_CDNS_75954626095124        0        0        0       0     0      0         0
M4_M3_CDNS_75954626095125        0        0        0       0     0      0         0
M5_M4_CDNS_75954626095129        0        0        0       0     0      0         0
M3_M2_CDNS_75954626095131        0        0        0       0     0      0         0
M4_M3_CDNS_75954626095132        0        0        0       0     0      0         0
M4_M3_CDNS_75954626095134        0        0        0       0     0      0         0
M4_M3_CDNS_75954626095138        0        0        0       0     0      0         0
M3_M2_CDNS_75954626095140        0        0        0       0     0      0         0
BiasGenCascWideSwing        0        0        0       0   218      0       218
TGN16A              0        0        0       0     8      0         8
DacPowerSupply        0        0        0       0   109      0       109
mimcap_CDNS_75954626095185        0        0        0       0     0      0         0
TGP16A              0        0        0       0     8      0         8
M3_M2_CDNS_75954626095169        0        0        0       0     0      0         0
M5_M4_CDNS_75954626095172        0        0        0       0     0      0         0
M2_M1_CDNS_75954626095174        0        0        0       0     0      0         0
M2_M1_CDNS_75954626095176        0        0        0       0     0      0         0
M3_M2_CDNS_75954626095177        0        0        0       0     0      0         0
M4_M3_CDNS_75954626095178        0        0        0       0     0      0         0
M1_OD_CDNS_75954626095179        0        0        0       0     0      0         0
M5_M4_CDNS_75954626095180        0        0        0       0     0      0         0
M3_M2_CDNS_75954626095181        0        0        0       0     0      0         0
M5_M4_CDNS_75954626095185        0        0        0       0     0      0         0
M1_OD_CDNS_75954626095186        0        0        0       0     0      0         0
M7_M6_CDNS_75954626095187        0        0        0       0     0      0         0
M3_M2_CDNS_75954626095188        0        0        0       0     0      0         0
M6_M5_CDNS_75954626095189        0        0        0       0     0      0         0
M5_M4_CDNS_75954626095190        0        0        0       0     0      0         0
M5_M4_CDNS_75954626095193        0        0        0       0     0      0         0
M3_M2_CDNS_75954626095198        0        0        0       0     0      0         0
M5_M4_CDNS_75954626095201        0        0        0       0     0      0         0
M5_M4_CDNS_75954626095203        0        0        0       0     0      0         0
M2_M1_CDNS_75954626095204        0        0        0       0     0      0         0
M1_PO_CDNS_75954626095206        0        0        0       0     0      0         0
M2_M1_CDNS_75954626095207        0        0        0       0     0      0         0
M2_M1_CDNS_75954626095208        0        0        0       0     0      0         0
M2_M1_CDNS_75954626095209        0        0        0       0     0      0         0
M1_PO_CDNS_75954626095210        0        0        0       0     0      0         0
pch_25_CDNS_75954626095210        0        0        0       0     0      0         0
pch_25_CDNS_75954626095213        0        0        0       0     0      0         0
pch_25_CDNS_75954626095216        0        0        0       0     0      0         0
nch_25_CDNS_75954626095217        0        0        0       0     0      0         0
nch_25_CDNS_75954626095219        0        0        0       0     0      0         0
LS10TO25FastFallBuf_comp        0        0        0       0    40      0        40
LS10TO25DualOutput_r1        0        0        0       0    39      0        39
rppolywo_CDNS_75954626095222        0        0        0       0     0      0         0
LS25TO10Dual        0        0        0       0    38      0        38
M7_M6_CDNS_75954626095215        0        0        0       0     0      0         0
M5_M4_CDNS_75954626095216        0        0        0       0     0      0         0
M6_M5_CDNS_75954626095217        0        0        0       0     0      0         0
M4_M3_CDNS_75954626095218        0        0        0       0     0      0         0
M6_M5_CDNS_75954626095219        0        0        0       0     0      0         0
M5_M4_CDNS_75954626095220        0        0        0       0     0      0         0
M7_M6_CDNS_75954626095221        0        0        0       0     0      0         0
M3_M2_CDNS_75954626095222        0        0        0       0     0      0         0
M2_M1_CDNS_75954626095230        0        0        0       0     0      0         0
nch_25_mac_CDNS_75954626095231        0        0        0       0     0      0         0
pch_25_mac_CDNS_75954626095236        0        0        0       0     0      0         0
nch_25_mac_CDNS_75954626095244        0        0        0       0     0      0         0
pch_25_mac_CDNS_75954626095245        0        0        0       0     0      0         0
Comparator_2V5_Mei        0        0        0       0   176      0       176
M2_M1_CDNS_75954626095233        0        0        0       0     0      0         0
M2_M1_CDNS_75954626095234        0        0        0       0     0      0         0
M3_M2_CDNS_75954626095235        0        0        0       0     0      0         0
M3_M2_CDNS_75954626095236        0        0        0       0     0      0         0
M3_M2_CDNS_75954626095238        0        0        0       0     0      0         0
M1_OD_CDNS_75954626095239        0        0        0       0     0      0         0
NOR2X0P5MA10TH        0        0        0       0     0      0         0
OR2X1MA10TH         0        0        0       0     0      0         0
INVX1BA10TH         0        0        0       0     0      0         0
NAND2X1BA10TH        0        0        0       0     0      0         0
DFFNRPQX1MA10TH_Spacing_Modded        0        0        0       0     0      0         0
DFFNSQX1MA10TH_Spacing_Modded        0        0        0       0     0      0         0
DFFNSRPQX1MA10TH_Spacing_Modded        0        0        0       0     0      0         0
M1_PO_CDNS_75954626095240        0        0        0       0     0      0         0
M1_PO_CDNS_75954626095241        0        0        0       0     0      0         0
M2_M1_CDNS_75954626095242        0        0        0       0     0      0         0
M2_M1_CDNS_75954626095243        0        0        0       0     0      0         0
M2_M1_CDNS_75954626095244        0        0        0       0     0      0         0
M2_M1_CDNS_75954626095245        0        0        0       0     0      0         0
M2_M1_CDNS_75954626095246        0        0        0       0     0      0         0
M1_PO_CDNS_75954626095247        0        0        0       0     0      0         0
pch_25_mac_CDNS_75954626095246        0        0        0       0     0      0         0
pch_25_mac_CDNS_75954626095247        0        0        0       0     0      0         0
pch_25_mac_CDNS_75954626095248        0        0        0       0     0      0         0
nch_25_mac_CDNS_75954626095249        0        0        0       0     0      0         0
pch_25_mac_CDNS_75954626095250        0        0        0       0     0      0         0
nch_25_mac_CDNS_75954626095251        0        0        0       0     0      0         0
pch_25_mac_CDNS_75954626095252        0        0        0       0     0      0         0
nch_25_mac_CDNS_75954626095253        0        0        0       0     0      0         0
nch_25_mac_CDNS_75954626095254        0        0        0       0     0      0         0
pch_25_mac_CDNS_75954626095255        0        0        0       0     0      0         0
nch_25_mac_CDNS_75954626095256        0        0        0       0     0      0         0
nch_25_mac_CDNS_75954626095257        0        0        0       0     0      0         0
pch_25_mac_CDNS_75954626095258        0        0        0       0     0      0         0
pch_25_mac_CDNS_75954626095259        0        0        0       0     0      0         0
nch_25_mac_CDNS_75954626095260        0        0        0       0     0      0         0
pch_25_mac_CDNS_75954626095261        0        0        0       0     0      0         0
pch_25_mac_CDNS_75954626095262        0        0        0       0     0      0         0
pch_25_mac_CDNS_75954626095263        0        0        0       0     0      0         0
pch_25_mac_CDNS_75954626095264        0        0        0       0     0      0         0
pch_25_mac_CDNS_75954626095265        0        0        0       0     0      0         0
nch_25_mac_CDNS_75954626095266        0        0        0       0     0      0         0
nch_25_mac_CDNS_75954626095267        0        0        0       0     0      0         0
nch_25_mac_CDNS_75954626095268        0        0        0       0     0      0         0
nch_25_mac_CDNS_75954626095269        0        0        0       0     0      0         0
pch_25_mac_CDNS_75954626095270        0        0        0       0     0      0         0
nch_25_mac_CDNS_75954626095271        0        0        0       0     0      0         0
pch_25_mac_CDNS_75954626095272        0        0        0       0     0      0         0
nch_25_mac_CDNS_75954626095273        0        0        0       0     0      0         0
nch_25_mac_CDNS_75954626095274        0        0        0       0     0      0         0
nch_25_mac_CDNS_75954626095275        0        0        0       0     0      0         0
nch_25_mac_CDNS_75954626095276        0        0        0       0     0      0         0
nch_25_mac_CDNS_75954626095277        0        0        0       0     0      0         0
pch_25_mac_CDNS_75954626095278        0        0        0       0     0      0         0
pch_25_mac_CDNS_75954626095279        0        0        0       0     0      0         0
nch_25_mac_CDNS_75954626095280        0        0        0       0     0      0         0
Sample_Switch_2V5_r1        0        0        0       0   260      0       260
MASCO__X1           0        0        0       0     4      0         4
bts_pmos            0        0        0       0   469      0       469
M8_M7_CDNS_75954626095260        0        0        0       0     0      0         0
M7_M6_CDNS_75954626095261        0        0        0       0     0      0         0
M6_M5_CDNS_75954626095262        0        0        0       0     0      0         0
M5_M4_CDNS_75954626095263        0        0        0       0     0      0         0
M4_M3_CDNS_75954626095264        0        0        0       0     0      0         0
mimcap_CDNS_75954626095292        0        0        0       0     0      0         0
rnpoly_CDNS_75954626095301        0        0        0       0     0      0         0
AdcMimComparatorMei        0        0        0       0   175      0       175
nch_25_mac_CDNS_7595462609591        0        0        0       0     0      0         0
nch_25_mac_CDNS_7595462609592        0        0        0       0     0      0         0
nch_25_mac_CDNS_7595462609593        0        0        0       0     0      0         0
nch_25_mac_CDNS_7595462609594        0        0        0       0     0      0         0
nch_25_mac_CDNS_7595462609595        0        0        0       0     0      0         0
nch_25_mac_CDNS_7595462609596        0        0        0       0     0      0         0
nch_25_mac_CDNS_7595462609597        0        0        0       0     0      0         0
pch_25_mac_CDNS_7595462609598        0        0        0       0     0      0         0
pch_25_mac_CDNS_7595462609599        0        0        0       0     0      0         0
pch_25_mac_CDNS_75954626095100        0        0        0       0     0      0         0
pch_25_mac_CDNS_75954626095101        0        0        0       0     0      0         0
pch_25_mac_CDNS_75954626095102        0        0        0       0     0      0         0
pch_25_mac_CDNS_75954626095103        0        0        0       0     0      0         0
pch_25_mac_CDNS_75954626095104        0        0        0       0     0      0         0
pch_25_mac_CDNS_75954626095105        0        0        0       0     0      0         0
pch_25_mac_CDNS_75954626095106        0        0        0       0     0      0         0
pch_25_mac_CDNS_75954626095107        0        0        0       0     0      0         0
pch_25_mac_CDNS_75954626095108        0        0        0       0     0      0         0
pch_25_mac_CDNS_75954626095109        0        0        0       0     0      0         0
pch_25_mac_CDNS_75954626095110        0        0        0       0     0      0         0
pch_25_mac_CDNS_75954626095111        0        0        0       0     0      0         0
pch_25_mac_CDNS_75954626095112        0        0        0       0     0      0         0
pch_25_mac_CDNS_75954626095113        0        0        0       0     0      0         0
pch_25_mac_CDNS_75954626095114        0        0        0       0     0      0         0
pch_25_mac_CDNS_75954626095115        0        0        0       0     0      0         0
pch_25_macx_CDNS_75954626095168        0        0        0       0     0      0         0
M1_PO_CDNS_75954626095146        0        0        0       0     0      0         0
M8_M7_CDNS_75954626095148        0        0        0       0     0      0         0
M3_M2_CDNS_75954626095149        0        0        0       0     0      0         0
pch_25_macx_CDNS_75954626095141        0        0        0       0     0      0         0
nch_25x_CDNS_75954626095145        0        0        0       0     0      0         0
pch_25_macx_CDNS_75954626095146        0        0        0       0     0      0         0
nch_25_macx_CDNS_75954626095149        0        0        0       0     0      0         0
nch_25_macx_CDNS_75954626095150        0        0        0       0     0      0         0
mimcap_CDNS_75954626095153        0        0        0       0     0      0         0
nch_25_macx_CDNS_75954626095157        0        0        0       0     0      0         0
nch_25_macx_CDNS_75954626095158        0        0        0       0     0      0         0
pch_25_macx_CDNS_75954626095159        0        0        0       0     0      0         0
pch_25_macx_CDNS_75954626095160        0        0        0       0     0      0         0
pch_25_macx_CDNS_75954626095161        0        0        0       0     0      0         0
INVX1               0        0        0       0     5      0         5
M1_OD_CDNS_75954626095160        0        0        0       0     0      0         0
nch_25_macx_CDNS_75954626095170        0        0        0       0     0      0         0
pch_25_macx_CDNS_75954626095171        0        0        0       0     0      0         0
pch_25_macx_CDNS_75954626095172        0        0        0       0     0      0         0
nch_25_macx_CDNS_75954626095173        0        0        0       0     0      0         0
M1_OD_CDNS_75954626095163        0        0        0       0     0      0         0
nch_25_macx_CDNS_75954626095175        0        0        0       0     0      0         0
pch_25_macx_CDNS_75954626095180        0        0        0       0     0      0         0
nch_25x_CDNS_75954626095181        0        0        0       0     0      0         0
nch_25_macx_CDNS_75954626095182        0        0        0       0     0      0         0
M2_M1_CDNS_75954626095205        0        0        0       0     0      0         0
nch_lvt_CDNS_75954626095211        0        0        0       0     0      0         0
pch_lvt_CDNS_75954626095215        0        0        0       0     0      0         0
nch_25_CDNS_75954626095220        0        0        0       0     0      0         0
nch_25_CDNS_75954626095221        0        0        0       0     0      0         0
M1_PO_CDNS_75954626095211        0        0        0       0     0      0         0
M2_M1_CDNS_75954626095212        0        0        0       0     0      0         0
M3_M2_CDNS_75954626095213        0        0        0       0     0      0         0
M1_PO_CDNS_75954626095214        0        0        0       0     0      0         0
pch_25_mac_CDNS_75954626095223        0        0        0       0     0      0         0
nch_25_mac_CDNS_75954626095224        0        0        0       0     0      0         0
nch_lvt_mac_CDNS_75954626095225        0        0        0       0     0      0         0
pch_lvt_mac_CDNS_75954626095226        0        0        0       0     0      0         0
nch_25_mac_CDNS_75954626095227        0        0        0       0     0      0         0
pch_lvt_mac_CDNS_75954626095228        0        0        0       0     0      0         0
nch_lvt_mac_CDNS_75954626095229        0        0        0       0     0      0         0
M1_PO_CDNS_75954626095223        0        0        0       0     0      0         0
M3_M2_CDNS_75954626095224        0        0        0       0     0      0         0
M2_M1_CDNS_75954626095225        0        0        0       0     0      0         0
M3_M2_CDNS_75954626095226        0        0        0       0     0      0         0
M1_OD_CDNS_75954626095227        0        0        0       0     0      0         0
M1_PO_CDNS_75954626095228        0        0        0       0     0      0         0
M1_OD_CDNS_75954626095229        0        0        0       0     0      0         0
M3_M2_CDNS_75954626095231        0        0        0       0     0      0         0
M2_M1_CDNS_75954626095232        0        0        0       0     0      0         0
pch_25_mac_CDNS_75954626095230        0        0        0       0     0      0         0
pch_25_mac_CDNS_75954626095232        0        0        0       0     0      0         0
pch_25_mac_CDNS_75954626095233        0        0        0       0     0      0         0
pch_25_mac_CDNS_75954626095234        0        0        0       0     0      0         0
nch_25_mac_CDNS_75954626095235        0        0        0       0     0      0         0
pch_25_mac_CDNS_75954626095237        0        0        0       0     0      0         0
nch_25_mac_CDNS_75954626095238        0        0        0       0     0      0         0
nch_25_mac_CDNS_75954626095239        0        0        0       0     0      0         0
nch_25_mac_CDNS_75954626095240        0        0        0       0     0      0         0
nch_25_mac_CDNS_75954626095241        0        0        0       0     0      0         0
pch_25_mac_CDNS_75954626095242        0        0        0       0     0      0         0
nch_25_mac_CDNS_75954626095243        0        0        0       0     0      0         0
M2_M1_CDNS_75954626095249        0        0        0       0     0      0         0
M3_M2_CDNS_75954626095250        0        0        0       0     0      0         0
M3_M2_CDNS_75954626095251        0        0        0       0     0      0         0
M2_M1_CDNS_75954626095255        0        0        0       0     0      0         0
M3_M2_CDNS_75954626095256        0        0        0       0     0      0         0
M2_M1_CDNS_75954626095257        0        0        0       0     0      0         0
M2_M1_CDNS_75954626095258        0        0        0       0     0      0         0
pch_25_CDNS_75954626095281        0        0        0       0     0      0         0
pch_25_CDNS_75954626095282        0        0        0       0     0      0         0
pch_25_CDNS_75954626095283        0        0        0       0     0      0         0
nch_25_dnw_CDNS_75954626095284        0        0        0       0     0      0         0
nch_25_CDNS_75954626095285        0        0        0       0     0      0         0
nch_25_dnw_CDNS_75954626095286        0        0        0       0     0      0         0
nch_25_dnw_CDNS_75954626095287        0        0        0       0     0      0         0
nch_25_dnw_CDNS_75954626095288        0        0        0       0     0      0         0
nch_25_CDNS_75954626095289        0        0        0       0     0      0         0
pch_25_CDNS_75954626095290        0        0        0       0     0      0         0
nch_25_CDNS_75954626095291        0        0        0       0     0      0         0
pch_25_macx_CDNS_75954626095302        0        0        0       0     0      0         0
nch_25_macx_CDNS_75954626095303        0        0        0       0     0      0         0
NOR2X1              0        0        0       0     6      0         6
M1_OD_CDNS_75954626095150        0        0        0       0     0      0         0
pch_25_macx_CDNS_75954626095163        0        0        0       0     0      0         0
pch_25_CDNS_75954626095304        0        0        0       0     0      0         0
----------------------------------------------------------------------

Object Statistics of Layers
Layer   Objects
----------------
----------------

Object Summary
------------------
     Box         0
 Polygon         0
    Path         0
   Label         0
Instance      6981
   Array         0
------------------
   Total      6981


Output property: 6981
Total CPU Time          : 0(s)
Total Real Time         : 0(s)
Peak Memory Used        : 7(M)
