********************************************************************************
db2gds 22.14-s007 64 bit (Tue Jan 31 16:35:56 PST 2023)
Build Ref No.: 031 Release Candidate (01-31-2023) [2214_pgs]

Copyright 2023 Cadence Design Systems, Inc.
All rights reserved worldwide.

Build O/S:       Linux x86_64 3.10.0-693.el7.x86_64
Executed on:     atlas (Linux x86_64 5.3.18-lp152.106-default)
Process Id:      129508
Starting Time:   Tue Sep 30 01:04:29 2025 (Tue Sep 30 06:04:29 2025 GMT)
With parameters: top_level_sch_129097 erc.db top_level_sch -lmap lmapPwS01D -gdslib drc.db -gds_scale 1000 -property 
********************************************************************************

Library name: top_level_sch_129097
GDSII file name: erc.db
Cells to be written out: top_level_sch
Source Library: top_level_sch_129097
Layer mapping file(GDS <- DMC): lmapPwS01D
    0 (dt:0) <- 0
    0 (dt:0) <- 0
    0 (dt:0) <- 0
    0 (dt:0) <- 0
    0 (dt:0) <- 0
    0 (dt:0) <- 0
    0 (dt:0) <- 0
    0 (dt:0) <- 0
    0 (dt:0) <- 0
Cell name case: PRESERVE
Option: output object property


                Object Statistics of Cells                            
Cell Name         Box  Polygon     Path   Label Instance Array    Total
----------------------------------------------------------------------
top_level_sch        0        0        0       0   438      0       438
M3_M2_CDNS_759212258300        0        0        0       0     0      0         0
M4_M3_CDNS_759212258301        0        0        0       0     0      0         0
M5_M4_CDNS_759212258302        0        0        0       0     0      0         0
M4_M3_CDNS_759212258304        0        0        0       0     0      0         0
M3_M2_CDNS_759212258305        0        0        0       0     0      0         0
M4_M3_CDNS_759212258306        0        0        0       0     0      0         0
M3_M2_CDNS_759212258307        0        0        0       0     0      0         0
M3_M2_CDNS_759212258308        0        0        0       0     0      0         0
M4_M3_CDNS_759212258309        0        0        0       0     0      0         0
M3_M2_CDNS_7592122583010        0        0        0       0     0      0         0
M2_M1_CDNS_7592122583011        0        0        0       0     0      0         0
M2_M1_CDNS_7592122583012        0        0        0       0     0      0         0
M1_PO_CDNS_7592122583013        0        0        0       0     0      0         0
M3_M2_CDNS_7592122583014        0        0        0       0     0      0         0
M5_M4_CDNS_7592122583016        0        0        0       0     0      0         0
M2_M1_CDNS_7592122583017        0        0        0       0     0      0         0
M3_M2_CDNS_7592122583019        0        0        0       0     0      0         0
M2_M1_CDNS_7592122583020        0        0        0       0     0      0         0
M2_M1_CDNS_7592122583021        0        0        0       0     0      0         0
M3_M2_CDNS_7592122583023        0        0        0       0     0      0         0
M5_M4_CDNS_7592122583024        0        0        0       0     0      0         0
M4_M3_CDNS_7592122583025        0        0        0       0     0      0         0
M3_M2_CDNS_7592122583026        0        0        0       0     0      0         0
M2_M1_CDNS_7592122583027        0        0        0       0     0      0         0
M2_M1_CDNS_7592122583028        0        0        0       0     0      0         0
M5_M4_CDNS_7592122583031        0        0        0       0     0      0         0
M4_M3_CDNS_7592122583032        0        0        0       0     0      0         0
M3_M2_CDNS_7592122583033        0        0        0       0     0      0         0
M2_M1_CDNS_7592122583034        0        0        0       0     0      0         0
M4_M3_CDNS_7592122583036        0        0        0       0     0      0         0
M3_M2_CDNS_7592122583038        0        0        0       0     0      0         0
M4_M3_CDNS_7592122583039        0        0        0       0     0      0         0
M2_M1_CDNS_7592122583040        0        0        0       0     0      0         0
potentiostat_pmos_sch4lay        0        0        0       0   979      0       979
M2_M1_CDNS_7592122583073        0        0        0       0     0      0         0
M2_M1_CDNS_7592122583075        0        0        0       0     0      0         0
M2_M1_CDNS_7592122583076        0        0        0       0     0      0         0
M1_PO_CDNS_7592122583077        0        0        0       0     0      0         0
M1_OD_CDNS_7592122583078        0        0        0       0     0      0         0
LVLD10A25PP         0        0        0       0    47      0        47
LVLD10A25PP6        0        0        0       0     3      0         3
MUX2A               0        0        0       0    33      0        33
Dac2V5R2R14         0        0        0       0   447      0       447
LVLD10A25PP14        0        0        0       0     7      0         7
OpAmpCurrentMirrorP        0        0        0       0   240      0       240
BiasGenCascWideSwingGlobal        0        0        0       0   651      0       651
PCLAMPA_G           0        0        0       0   210      0       210
pch_25_CDNS_75921225830212        0        0        0       0     0      0         0
NEW_ADC_Main_2V5_Sync_0p13s_0p70lsb        0        0        0       0  1833      0      1833
nch_25_CDNS_75921225830305        0        0        0       0     0      0         0
dualSlope_sch4lay        0        0        0       0   228      0       228
M1_PO_CDNS_7592122583041        0        0        0       0     0      0         0
M1_PO_CDNS_7592122583042        0        0        0       0     0      0         0
M1_PO_CDNS_7592122583045        0        0        0       0     0      0         0
M2_M1_CDNS_7592122583046        0        0        0       0     0      0         0
M1_PO_CDNS_7592122583047        0        0        0       0     0      0         0
M3_M2_CDNS_7592122583050        0        0        0       0     0      0         0
M2_M1_CDNS_7592122583051        0        0        0       0     0      0         0
M3_M2_CDNS_7592122583052        0        0        0       0     0      0         0
M2_M1_CDNS_7592122583053        0        0        0       0     0      0         0
pch_25_mac_CDNS_759212258300        0        0        0       0     0      0         0
M1_PO_CDNS_7592122583054        0        0        0       0     0      0         0
M1_PO_CDNS_7592122583055        0        0        0       0     0      0         0
M1_PO_CDNS_7592122583056        0        0        0       0     0      0         0
M1_PO_CDNS_7592122583057        0        0        0       0     0      0         0
M3_M2_CDNS_7592122583058        0        0        0       0     0      0         0
M8_M7_CDNS_7592122583061        0        0        0       0     0      0         0
M7_M6_CDNS_7592122583062        0        0        0       0     0      0         0
M6_M5_CDNS_7592122583063        0        0        0       0     0      0         0
M5_M4_CDNS_7592122583064        0        0        0       0     0      0         0
M4_M3_CDNS_7592122583065        0        0        0       0     0      0         0
M3_M2_CDNS_7592122583066        0        0        0       0     0      0         0
M2_M1_CDNS_7592122583067        0        0        0       0     0      0         0
pch_25_mac_CDNS_759212258302        0        0        0       0     0      0         0
pch_25_mac_CDNS_759212258303        0        0        0       0     0      0         0
nch_25_mac_CDNS_759212258305        0        0        0       0     0      0         0
nch_25_mac_CDNS_759212258306        0        0        0       0     0      0         0
rnpoly_CDNS_7592122583010        0        0        0       0     0      0         0
rnpoly_CDNS_7592122583011        0        0        0       0     0      0         0
rnpoly_CDNS_7592122583014        0        0        0       0     0      0         0
rnpoly_CDNS_7592122583015        0        0        0       0     0      0         0
pch_25_mac_CDNS_7592122583016        0        0        0       0     0      0         0
nch_25_mac_CDNS_7592122583018        0        0        0       0     0      0         0
rnpoly_CDNS_7592122583019        0        0        0       0     0      0         0
nch_25_mac_CDNS_7592122583027        0        0        0       0     0      0         0
pch_25_mac_CDNS_7592122583028        0        0        0       0     0      0         0
nch_25_mac_CDNS_7592122583030        0        0        0       0     0      0         0
pch_25_mac_CDNS_7592122583031        0        0        0       0     0      0         0
pch_25_mac_CDNS_7592122583033        0        0        0       0     0      0         0
pch_25_mac_CDNS_7592122583036        0        0        0       0     0      0         0
nch_25_mac_CDNS_7592122583037        0        0        0       0     0      0         0
pch_25_mac_CDNS_7592122583039        0        0        0       0     0      0         0
nch_25_mac_CDNS_7592122583040        0        0        0       0     0      0         0
nch_25_mac_CDNS_7592122583042        0        0        0       0     0      0         0
nch_25_mac_CDNS_7592122583043        0        0        0       0     0      0         0
nch_25_mac_CDNS_7592122583046        0        0        0       0     0      0         0
nch_25_mac_CDNS_7592122583050        0        0        0       0     0      0         0
nch_25_mac_CDNS_7592122583057        0        0        0       0     0      0         0
pch_25_mac_CDNS_7592122583058        0        0        0       0     0      0         0
pch_25_mac_CDNS_7592122583059        0        0        0       0     0      0         0
pch_25_mac_CDNS_7592122583060        0        0        0       0     0      0         0
pch_25_mac_CDNS_7592122583062        0        0        0       0     0      0         0
pch_25_mac_CDNS_7592122583063        0        0        0       0     0      0         0
nch_25_mac_CDNS_7592122583064        0        0        0       0     0      0         0
nch_25_mac_CDNS_7592122583065        0        0        0       0     0      0         0
pch_25_mac_CDNS_7592122583066        0        0        0       0     0      0         0
pch_25_mac_CDNS_7592122583070        0        0        0       0     0      0         0
nch_25_mac_CDNS_7592122583072        0        0        0       0     0      0         0
pch_25_mac_CDNS_7592122583073        0        0        0       0     0      0         0
nch_25_mac_CDNS_7592122583074        0        0        0       0     0      0         0
pch_25_mac_CDNS_7592122583077        0        0        0       0     0      0         0
rppolywo_CDNS_7592122583078        0        0        0       0     0      0         0
TGP2A               0        0        0       0     7      0         7
pch_25_mac_CDNS_7592122583083        0        0        0       0     0      0         0
pch_25_mac_CDNS_7592122583084        0        0        0       0     0      0         0
pch_25_mac_CDNS_7592122583085        0        0        0       0     0      0         0
pch_25_mac_CDNS_7592122583086        0        0        0       0     0      0         0
pch_25_mac_CDNS_7592122583087        0        0        0       0     0      0         0
pch_25_mac_CDNS_7592122583088        0        0        0       0     0      0         0
pch_25_mac_CDNS_7592122583089        0        0        0       0     0      0         0
pch_25_mac_CDNS_7592122583090        0        0        0       0     0      0         0
folded_cascode_pmos        0        0        0       0   499      0       499
pch_25_mac_CDNS_75921225830116        0        0        0       0     0      0         0
pch_25_mac_CDNS_75921225830117        0        0        0       0     0      0         0
pch_25_mac_CDNS_75921225830118        0        0        0       0     0      0         0
pch_25_mac_CDNS_75921225830120        0        0        0       0     0      0         0
M2_M1_CDNS_7592122583072        0        0        0       0     0      0         0
nch_25_CDNS_75921225830125        0        0        0       0     0      0         0
pch_25_CDNS_75921225830126        0        0        0       0     0      0         0
M1_PO_CDNS_7592122583069        0        0        0       0     0      0         0
M1_OD_CDNS_7592122583079        0        0        0       0     0      0         0
nch_25x_CDNS_75921225830127        0        0        0       0     0      0         0
nch_25x_CDNS_75921225830128        0        0        0       0     0      0         0
nch_25x_CDNS_75921225830129        0        0        0       0     0      0         0
nch_25x_CDNS_75921225830130        0        0        0       0     0      0         0
pch_25x_CDNS_75921225830131        0        0        0       0     0      0         0
pch_25x_CDNS_75921225830132        0        0        0       0     0      0         0
pch_25x_CDNS_75921225830133        0        0        0       0     0      0         0
pch_25x_CDNS_75921225830134        0        0        0       0     0      0         0
nch_25x_CDNS_75921225830135        0        0        0       0     0      0         0
pch_25x_CDNS_75921225830136        0        0        0       0     0      0         0
M3_M2_CDNS_7592122583095        0        0        0       0     0      0         0
M2_M1_CDNS_75921225830158        0        0        0       0     0      0         0
M1_OD_CDNS_75921225830159        0        0        0       0     0      0         0
rppolywo_CDNS_75921225830165        0        0        0       0     0      0         0
AND2X8              0        0        0       0     7      0         7
MASCO__B27          0        0        0       0     2      0         2
MASCO__B28          0        0        0       0     2      0         2
MASCO__B29          0        0        0       0     2      0         2
MASCO__B30          0        0        0       0     2      0         2
M1_OD_CDNS_7592122583070        0        0        0       0     0      0         0
nch_25_macx_CDNS_7592122583079        0        0        0       0     0      0         0
pch_25_macx_CDNS_7592122583080        0        0        0       0     0      0         0
pch_25_macx_CDNS_7592122583081        0        0        0       0     0      0         0
nch_25_macx_CDNS_7592122583082        0        0        0       0     0      0         0
M6_M5_CDNS_7592122583098        0        0        0       0     0      0         0
M7_M6_CDNS_7592122583099        0        0        0       0     0      0         0
M1_OD_CDNS_75921225830147        0        0        0       0     0      0         0
nch_25_macx_CDNS_75921225830162        0        0        0       0     0      0         0
pch_25_macx_CDNS_75921225830167        0        0        0       0     0      0         0
M3_M2_CDNS_75921225830164        0        0        0       0     0      0         0
M2_M1_CDNS_75921225830165        0        0        0       0     0      0         0
M8_M7_CDNS_75921225830168        0        0        0       0     0      0         0
pch_25_mac_CDNS_75921225830186        0        0        0       0     0      0         0
pch_25_mac_CDNS_75921225830187        0        0        0       0     0      0         0
nch_25_macx_CDNS_75921225830191        0        0        0       0     0      0         0
nch_25_macx_CDNS_75921225830192        0        0        0       0     0      0         0
mimcap_CDNS_75921225830193        0        0        0       0     0      0         0
nch_25_macx_CDNS_75921225830194        0        0        0       0     0      0         0
nch_25_macx_CDNS_75921225830195        0        0        0       0     0      0         0
pch_25_macx_CDNS_75921225830200        0        0        0       0     0      0         0
pch_25_macx_CDNS_75921225830201        0        0        0       0     0      0         0
pch_25_macx_CDNS_75921225830202        0        0        0       0     0      0         0
pch_25_macx_CDNS_75921225830203        0        0        0       0     0      0         0
nch_25_macx_CDNS_75921225830206        0        0        0       0     0      0         0
nch_25_macx_CDNS_75921225830207        0        0        0       0     0      0         0
M2_M1_CDNS_7592122583081        0        0        0       0     0      0         0
M3_M2_CDNS_7592122583082        0        0        0       0     0      0         0
M2_M1_CDNS_7592122583083        0        0        0       0     0      0         0
M2_M1_CDNS_7592122583084        0        0        0       0     0      0         0
M2_M1_CDNS_7592122583085        0        0        0       0     0      0         0
M2_M1_CDNS_7592122583087        0        0        0       0     0      0         0
M8_M7_CDNS_7592122583088        0        0        0       0     0      0         0
M7_M6_CDNS_7592122583089        0        0        0       0     0      0         0
M6_M5_CDNS_7592122583090        0        0        0       0     0      0         0
M5_M4_CDNS_7592122583091        0        0        0       0     0      0         0
M4_M3_CDNS_7592122583092        0        0        0       0     0      0         0
M3_M2_CDNS_7592122583093        0        0        0       0     0      0         0
M2_M1_CDNS_7592122583094        0        0        0       0     0      0         0
M3_M2_CDNS_7592122583096        0        0        0       0     0      0         0
M2_M1_CDNS_7592122583097        0        0        0       0     0      0         0
M3_M2_CDNS_75921225830100        0        0        0       0     0      0         0
M4_M3_CDNS_75921225830101        0        0        0       0     0      0         0
M5_M4_CDNS_75921225830102        0        0        0       0     0      0         0
M3_M2_CDNS_75921225830103        0        0        0       0     0      0         0
M3_M2_CDNS_75921225830104        0        0        0       0     0      0         0
M3_M2_CDNS_75921225830106        0        0        0       0     0      0         0
M3_M2_CDNS_75921225830107        0        0        0       0     0      0         0
M4_M3_CDNS_75921225830108        0        0        0       0     0      0         0
M5_M4_CDNS_75921225830109        0        0        0       0     0      0         0
M5_M4_CDNS_75921225830110        0        0        0       0     0      0         0
M4_M3_CDNS_75921225830111        0        0        0       0     0      0         0
M3_M2_CDNS_75921225830113        0        0        0       0     0      0         0
M3_M2_CDNS_75921225830114        0        0        0       0     0      0         0
M4_M3_CDNS_75921225830115        0        0        0       0     0      0         0
M3_M2_CDNS_75921225830116        0        0        0       0     0      0         0
M2_M1_CDNS_75921225830117        0        0        0       0     0      0         0
M3_M2_CDNS_75921225830118        0        0        0       0     0      0         0
M5_M4_CDNS_75921225830119        0        0        0       0     0      0         0
M4_M3_CDNS_75921225830120        0        0        0       0     0      0         0
M4_M3_CDNS_75921225830121        0        0        0       0     0      0         0
M4_M3_CDNS_75921225830122        0        0        0       0     0      0         0
M5_M4_CDNS_75921225830124        0        0        0       0     0      0         0
M4_M3_CDNS_75921225830125        0        0        0       0     0      0         0
M5_M4_CDNS_75921225830129        0        0        0       0     0      0         0
M3_M2_CDNS_75921225830131        0        0        0       0     0      0         0
M4_M3_CDNS_75921225830132        0        0        0       0     0      0         0
M4_M3_CDNS_75921225830134        0        0        0       0     0      0         0
M4_M3_CDNS_75921225830138        0        0        0       0     0      0         0
M3_M2_CDNS_75921225830140        0        0        0       0     0      0         0
BiasGenCascWideSwing        0        0        0       0   218      0       218
TGN16A              0        0        0       0     8      0         8
DacPowerSupply        0        0        0       0   109      0       109
mimcap_CDNS_75921225830185        0        0        0       0     0      0         0
TGP16A              0        0        0       0     8      0         8
HBG526_SUB_V3A_SIDEA_RPO_095        0        0        0       0   374      0       374
HBG526_R_UNIT        0        0        0       0     0      0         0
HBG526_PC_2         0        0        0       0     0      0         0
HBG526_UNT_PCLAMPA_RPO_095        0        0        0       0   250      0       250
HBG526_NMOS30D7X055X2_RPO_095        0        0        0       0   219      0       219
MASCO__X2           0        0        0       0     8      0         8
MASCO__X3           0        0        0       0    12      0        12
MASCO__Y17          0        0        0       0     6      0         6
MASCO__Y18          0        0        0       0     7      0         7
MASCO__Y19          0        0        0       0     9      0         9
M3_M2_CDNS_75921225830169        0        0        0       0     0      0         0
M5_M4_CDNS_75921225830172        0        0        0       0     0      0         0
M2_M1_CDNS_75921225830174        0        0        0       0     0      0         0
M2_M1_CDNS_75921225830176        0        0        0       0     0      0         0
M3_M2_CDNS_75921225830177        0        0        0       0     0      0         0
M4_M3_CDNS_75921225830178        0        0        0       0     0      0         0
M1_OD_CDNS_75921225830179        0        0        0       0     0      0         0
M5_M4_CDNS_75921225830180        0        0        0       0     0      0         0
M3_M2_CDNS_75921225830181        0        0        0       0     0      0         0
M5_M4_CDNS_75921225830185        0        0        0       0     0      0         0
M1_OD_CDNS_75921225830186        0        0        0       0     0      0         0
M7_M6_CDNS_75921225830187        0        0        0       0     0      0         0
M3_M2_CDNS_75921225830188        0        0        0       0     0      0         0
M6_M5_CDNS_75921225830189        0        0        0       0     0      0         0
M5_M4_CDNS_75921225830190        0        0        0       0     0      0         0
M5_M4_CDNS_75921225830193        0        0        0       0     0      0         0
M3_M2_CDNS_75921225830198        0        0        0       0     0      0         0
M5_M4_CDNS_75921225830201        0        0        0       0     0      0         0
M5_M4_CDNS_75921225830203        0        0        0       0     0      0         0
M2_M1_CDNS_75921225830204        0        0        0       0     0      0         0
M1_PO_CDNS_75921225830206        0        0        0       0     0      0         0
M2_M1_CDNS_75921225830207        0        0        0       0     0      0         0
M2_M1_CDNS_75921225830208        0        0        0       0     0      0         0
M2_M1_CDNS_75921225830209        0        0        0       0     0      0         0
M1_PO_CDNS_75921225830210        0        0        0       0     0      0         0
pch_25_CDNS_75921225830210        0        0        0       0     0      0         0
pch_25_CDNS_75921225830213        0        0        0       0     0      0         0
pch_25_CDNS_75921225830216        0        0        0       0     0      0         0
nch_25_CDNS_75921225830217        0        0        0       0     0      0         0
nch_25_CDNS_75921225830219        0        0        0       0     0      0         0
LS10TO25FastFallBuf_comp        0        0        0       0    40      0        40
LS10TO25DualOutput_r1        0        0        0       0    39      0        39
rppolywo_CDNS_75921225830222        0        0        0       0     0      0         0
LS25TO10Dual        0        0        0       0    38      0        38
M7_M6_CDNS_75921225830215        0        0        0       0     0      0         0
M5_M4_CDNS_75921225830216        0        0        0       0     0      0         0
M6_M5_CDNS_75921225830217        0        0        0       0     0      0         0
M4_M3_CDNS_75921225830218        0        0        0       0     0      0         0
M6_M5_CDNS_75921225830219        0        0        0       0     0      0         0
M5_M4_CDNS_75921225830220        0        0        0       0     0      0         0
M7_M6_CDNS_75921225830221        0        0        0       0     0      0         0
M3_M2_CDNS_75921225830222        0        0        0       0     0      0         0
M2_M1_CDNS_75921225830230        0        0        0       0     0      0         0
nch_25_mac_CDNS_75921225830231        0        0        0       0     0      0         0
pch_25_mac_CDNS_75921225830236        0        0        0       0     0      0         0
nch_25_mac_CDNS_75921225830244        0        0        0       0     0      0         0
pch_25_mac_CDNS_75921225830245        0        0        0       0     0      0         0
Comparator_2V5_Mei        0        0        0       0   176      0       176
M2_M1_CDNS_75921225830233        0        0        0       0     0      0         0
M2_M1_CDNS_75921225830234        0        0        0       0     0      0         0
M3_M2_CDNS_75921225830235        0        0        0       0     0      0         0
M3_M2_CDNS_75921225830236        0        0        0       0     0      0         0
M3_M2_CDNS_75921225830238        0        0        0       0     0      0         0
M1_OD_CDNS_75921225830239        0        0        0       0     0      0         0
NOR2X0P5MA10TH        0        0        0       0     0      0         0
OR2X1MA10TH         0        0        0       0     0      0         0
INVX1BA10TH         0        0        0       0     0      0         0
NAND2X1BA10TH        0        0        0       0     0      0         0
DFFNRPQX1MA10TH_Spacing_Modded        0        0        0       0     0      0         0
DFFNSQX1MA10TH_Spacing_Modded        0        0        0       0     0      0         0
DFFNSRPQX1MA10TH_Spacing_Modded        0        0        0       0     0      0         0
M1_PO_CDNS_75921225830240        0        0        0       0     0      0         0
M1_PO_CDNS_75921225830241        0        0        0       0     0      0         0
M2_M1_CDNS_75921225830242        0        0        0       0     0      0         0
M2_M1_CDNS_75921225830243        0        0        0       0     0      0         0
M2_M1_CDNS_75921225830244        0        0        0       0     0      0         0
M2_M1_CDNS_75921225830245        0        0        0       0     0      0         0
M2_M1_CDNS_75921225830246        0        0        0       0     0      0         0
M1_PO_CDNS_75921225830247        0        0        0       0     0      0         0
pch_25_mac_CDNS_75921225830246        0        0        0       0     0      0         0
pch_25_mac_CDNS_75921225830247        0        0        0       0     0      0         0
pch_25_mac_CDNS_75921225830248        0        0        0       0     0      0         0
nch_25_mac_CDNS_75921225830249        0        0        0       0     0      0         0
pch_25_mac_CDNS_75921225830250        0        0        0       0     0      0         0
nch_25_mac_CDNS_75921225830251        0        0        0       0     0      0         0
pch_25_mac_CDNS_75921225830252        0        0        0       0     0      0         0
nch_25_mac_CDNS_75921225830253        0        0        0       0     0      0         0
nch_25_mac_CDNS_75921225830254        0        0        0       0     0      0         0
pch_25_mac_CDNS_75921225830255        0        0        0       0     0      0         0
nch_25_mac_CDNS_75921225830256        0        0        0       0     0      0         0
nch_25_mac_CDNS_75921225830257        0        0        0       0     0      0         0
pch_25_mac_CDNS_75921225830258        0        0        0       0     0      0         0
pch_25_mac_CDNS_75921225830259        0        0        0       0     0      0         0
nch_25_mac_CDNS_75921225830260        0        0        0       0     0      0         0
pch_25_mac_CDNS_75921225830261        0        0        0       0     0      0         0
pch_25_mac_CDNS_75921225830262        0        0        0       0     0      0         0
pch_25_mac_CDNS_75921225830263        0        0        0       0     0      0         0
pch_25_mac_CDNS_75921225830264        0        0        0       0     0      0         0
pch_25_mac_CDNS_75921225830265        0        0        0       0     0      0         0
nch_25_mac_CDNS_75921225830266        0        0        0       0     0      0         0
nch_25_mac_CDNS_75921225830267        0        0        0       0     0      0         0
nch_25_mac_CDNS_75921225830268        0        0        0       0     0      0         0
nch_25_mac_CDNS_75921225830269        0        0        0       0     0      0         0
pch_25_mac_CDNS_75921225830270        0        0        0       0     0      0         0
nch_25_mac_CDNS_75921225830271        0        0        0       0     0      0         0
pch_25_mac_CDNS_75921225830272        0        0        0       0     0      0         0
nch_25_mac_CDNS_75921225830273        0        0        0       0     0      0         0
nch_25_mac_CDNS_75921225830274        0        0        0       0     0      0         0
nch_25_mac_CDNS_75921225830275        0        0        0       0     0      0         0
nch_25_mac_CDNS_75921225830276        0        0        0       0     0      0         0
nch_25_mac_CDNS_75921225830277        0        0        0       0     0      0         0
pch_25_mac_CDNS_75921225830278        0        0        0       0     0      0         0
pch_25_mac_CDNS_75921225830279        0        0        0       0     0      0         0
nch_25_mac_CDNS_75921225830280        0        0        0       0     0      0         0
Sample_Switch_2V5_r1        0        0        0       0   260      0       260
MASCO__X1           0        0        0       0     4      0         4
bts_pmos            0        0        0       0   469      0       469
M8_M7_CDNS_75921225830260        0        0        0       0     0      0         0
M7_M6_CDNS_75921225830261        0        0        0       0     0      0         0
M6_M5_CDNS_75921225830262        0        0        0       0     0      0         0
M5_M4_CDNS_75921225830263        0        0        0       0     0      0         0
M4_M3_CDNS_75921225830264        0        0        0       0     0      0         0
mimcap_CDNS_75921225830292        0        0        0       0     0      0         0
rnpoly_CDNS_75921225830301        0        0        0       0     0      0         0
AdcMimComparatorMei        0        0        0       0   175      0       175
nch_25_mac_CDNS_7592122583091        0        0        0       0     0      0         0
nch_25_mac_CDNS_7592122583092        0        0        0       0     0      0         0
nch_25_mac_CDNS_7592122583093        0        0        0       0     0      0         0
nch_25_mac_CDNS_7592122583094        0        0        0       0     0      0         0
nch_25_mac_CDNS_7592122583095        0        0        0       0     0      0         0
nch_25_mac_CDNS_7592122583096        0        0        0       0     0      0         0
nch_25_mac_CDNS_7592122583097        0        0        0       0     0      0         0
pch_25_mac_CDNS_7592122583098        0        0        0       0     0      0         0
pch_25_mac_CDNS_7592122583099        0        0        0       0     0      0         0
pch_25_mac_CDNS_75921225830100        0        0        0       0     0      0         0
pch_25_mac_CDNS_75921225830101        0        0        0       0     0      0         0
pch_25_mac_CDNS_75921225830102        0        0        0       0     0      0         0
pch_25_mac_CDNS_75921225830103        0        0        0       0     0      0         0
pch_25_mac_CDNS_75921225830104        0        0        0       0     0      0         0
pch_25_mac_CDNS_75921225830105        0        0        0       0     0      0         0
pch_25_mac_CDNS_75921225830106        0        0        0       0     0      0         0
pch_25_mac_CDNS_75921225830107        0        0        0       0     0      0         0
pch_25_mac_CDNS_75921225830108        0        0        0       0     0      0         0
pch_25_mac_CDNS_75921225830109        0        0        0       0     0      0         0
pch_25_mac_CDNS_75921225830110        0        0        0       0     0      0         0
pch_25_mac_CDNS_75921225830111        0        0        0       0     0      0         0
pch_25_mac_CDNS_75921225830112        0        0        0       0     0      0         0
pch_25_mac_CDNS_75921225830113        0        0        0       0     0      0         0
pch_25_mac_CDNS_75921225830114        0        0        0       0     0      0         0
pch_25_mac_CDNS_75921225830115        0        0        0       0     0      0         0
pch_25_macx_CDNS_75921225830168        0        0        0       0     0      0         0
M1_PO_CDNS_75921225830146        0        0        0       0     0      0         0
M8_M7_CDNS_75921225830148        0        0        0       0     0      0         0
M3_M2_CDNS_75921225830149        0        0        0       0     0      0         0
pch_25_macx_CDNS_75921225830141        0        0        0       0     0      0         0
nch_25x_CDNS_75921225830145        0        0        0       0     0      0         0
pch_25_macx_CDNS_75921225830146        0        0        0       0     0      0         0
nch_25_macx_CDNS_75921225830149        0        0        0       0     0      0         0
nch_25_macx_CDNS_75921225830150        0        0        0       0     0      0         0
mimcap_CDNS_75921225830153        0        0        0       0     0      0         0
nch_25_macx_CDNS_75921225830157        0        0        0       0     0      0         0
nch_25_macx_CDNS_75921225830158        0        0        0       0     0      0         0
pch_25_macx_CDNS_75921225830159        0        0        0       0     0      0         0
pch_25_macx_CDNS_75921225830160        0        0        0       0     0      0         0
pch_25_macx_CDNS_75921225830161        0        0        0       0     0      0         0
INVX1               0        0        0       0     5      0         5
M1_OD_CDNS_75921225830160        0        0        0       0     0      0         0
nch_25_macx_CDNS_75921225830170        0        0        0       0     0      0         0
pch_25_macx_CDNS_75921225830171        0        0        0       0     0      0         0
pch_25_macx_CDNS_75921225830172        0        0        0       0     0      0         0
nch_25_macx_CDNS_75921225830173        0        0        0       0     0      0         0
M1_OD_CDNS_75921225830163        0        0        0       0     0      0         0
nch_25_macx_CDNS_75921225830175        0        0        0       0     0      0         0
pch_25_macx_CDNS_75921225830180        0        0        0       0     0      0         0
nch_25x_CDNS_75921225830181        0        0        0       0     0      0         0
nch_25_macx_CDNS_75921225830182        0        0        0       0     0      0         0
HBG526_OC_1_1        0        0        0       0     0      0         0
HBG526_V1_2         0        0        0       0     0      0         0
HBG526_OC_2         0        0        0       0     0      0         0
HBG526_V1_1_1        0        0        0       0     0      0         0
HBG526_V2_1_1        0        0        0       0     0      0         0
MASCO__X6           0        0        0       0    12      0        12
MASCO__X9           0        0        0       0     8      0         8
MASCO__X12          0        0        0       0     9      0         9
MASCO__X13          0        0        0       0     4      0         4
MASCO__X14          0        0        0       0     9      0         9
MASCO__X15          0        0        0       0    12      0        12
MASCO__X16          0        0        0       0    10      0        10
MASCO__Y23          0        0        0       0     7      0         7
HBG526_NMOS1X05_1        0        0        0       0     8      0         8
HBG526_PMOS3X04A        0        0        0       0    45      0        45
MASCO__X10          0        0        0       0    10      0        10
MASCO__Y21          0        0        0       0     5      0         5
MASCO__Y22          0        0        0       0     5      0         5
HBG526_V2_2         0        0        0       0     0      0         0
MASCO__X5           0        0        0       0     8      0         8
MASCO__X7           0        0        0       0     7      0         7
MASCO__X8           0        0        0       0     7      0         7
MASCO__Y20          0        0        0       0    10      0        10
MASCO__X4           0        0        0       0    10      0        10
M2_M1_CDNS_75921225830205        0        0        0       0     0      0         0
nch_lvt_CDNS_75921225830211        0        0        0       0     0      0         0
pch_lvt_CDNS_75921225830215        0        0        0       0     0      0         0
nch_25_CDNS_75921225830220        0        0        0       0     0      0         0
nch_25_CDNS_75921225830221        0        0        0       0     0      0         0
M1_PO_CDNS_75921225830211        0        0        0       0     0      0         0
M2_M1_CDNS_75921225830212        0        0        0       0     0      0         0
M3_M2_CDNS_75921225830213        0        0        0       0     0      0         0
M1_PO_CDNS_75921225830214        0        0        0       0     0      0         0
pch_25_mac_CDNS_75921225830223        0        0        0       0     0      0         0
nch_25_mac_CDNS_75921225830224        0        0        0       0     0      0         0
nch_lvt_mac_CDNS_75921225830225        0        0        0       0     0      0         0
pch_lvt_mac_CDNS_75921225830226        0        0        0       0     0      0         0
nch_25_mac_CDNS_75921225830227        0        0        0       0     0      0         0
pch_lvt_mac_CDNS_75921225830228        0        0        0       0     0      0         0
nch_lvt_mac_CDNS_75921225830229        0        0        0       0     0      0         0
M1_PO_CDNS_75921225830223        0        0        0       0     0      0         0
M3_M2_CDNS_75921225830224        0        0        0       0     0      0         0
M2_M1_CDNS_75921225830225        0        0        0       0     0      0         0
M3_M2_CDNS_75921225830226        0        0        0       0     0      0         0
M1_OD_CDNS_75921225830227        0        0        0       0     0      0         0
M1_PO_CDNS_75921225830228        0        0        0       0     0      0         0
M1_OD_CDNS_75921225830229        0        0        0       0     0      0         0
M3_M2_CDNS_75921225830231        0        0        0       0     0      0         0
M2_M1_CDNS_75921225830232        0        0        0       0     0      0         0
pch_25_mac_CDNS_75921225830230        0        0        0       0     0      0         0
pch_25_mac_CDNS_75921225830232        0        0        0       0     0      0         0
pch_25_mac_CDNS_75921225830233        0        0        0       0     0      0         0
pch_25_mac_CDNS_75921225830234        0        0        0       0     0      0         0
nch_25_mac_CDNS_75921225830235        0        0        0       0     0      0         0
pch_25_mac_CDNS_75921225830237        0        0        0       0     0      0         0
nch_25_mac_CDNS_75921225830238        0        0        0       0     0      0         0
nch_25_mac_CDNS_75921225830239        0        0        0       0     0      0         0
nch_25_mac_CDNS_75921225830240        0        0        0       0     0      0         0
nch_25_mac_CDNS_75921225830241        0        0        0       0     0      0         0
pch_25_mac_CDNS_75921225830242        0        0        0       0     0      0         0
nch_25_mac_CDNS_75921225830243        0        0        0       0     0      0         0
M2_M1_CDNS_75921225830249        0        0        0       0     0      0         0
M3_M2_CDNS_75921225830250        0        0        0       0     0      0         0
M3_M2_CDNS_75921225830251        0        0        0       0     0      0         0
M2_M1_CDNS_75921225830255        0        0        0       0     0      0         0
M3_M2_CDNS_75921225830256        0        0        0       0     0      0         0
M2_M1_CDNS_75921225830257        0        0        0       0     0      0         0
M2_M1_CDNS_75921225830258        0        0        0       0     0      0         0
pch_25_CDNS_75921225830281        0        0        0       0     0      0         0
pch_25_CDNS_75921225830282        0        0        0       0     0      0         0
pch_25_CDNS_75921225830283        0        0        0       0     0      0         0
nch_25_dnw_CDNS_75921225830284        0        0        0       0     0      0         0
nch_25_CDNS_75921225830285        0        0        0       0     0      0         0
nch_25_dnw_CDNS_75921225830286        0        0        0       0     0      0         0
nch_25_dnw_CDNS_75921225830287        0        0        0       0     0      0         0
nch_25_dnw_CDNS_75921225830288        0        0        0       0     0      0         0
nch_25_CDNS_75921225830289        0        0        0       0     0      0         0
pch_25_CDNS_75921225830290        0        0        0       0     0      0         0
nch_25_CDNS_75921225830291        0        0        0       0     0      0         0
pch_25_macx_CDNS_75921225830302        0        0        0       0     0      0         0
nch_25_macx_CDNS_75921225830303        0        0        0       0     0      0         0
NOR2X1              0        0        0       0     6      0         6
M1_OD_CDNS_75921225830150        0        0        0       0     0      0         0
pch_25_macx_CDNS_75921225830163        0        0        0       0     0      0         0
MASCO__X11          0        0        0       0    12      0        12
pch_25_CDNS_75921225830304        0        0        0       0     0      0         0
----------------------------------------------------------------------

Object Statistics of Layers
Layer   Objects
----------------
----------------

Object Summary
------------------
     Box         0
 Polygon         0
    Path         0
   Label         0
Instance      8275
   Array         0
------------------
   Total      8275


Output property: 8275
Total CPU Time          : 0(s)
Total Real Time         : 0(s)
Peak Memory Used        : 7(M)
