********************************************************************************
db2gds 22.14-s007 64 bit (Tue Jan 31 16:35:56 PST 2023)
Build Ref No.: 031 Release Candidate (01-31-2023) [2214_pgs]

Copyright 2023 Cadence Design Systems, Inc.
All rights reserved worldwide.

Build O/S:       Linux x86_64 3.10.0-693.el7.x86_64
Executed on:     atlas (Linux x86_64 5.3.18-lp152.106-default)
Process Id:      129365
Starting Time:   Tue Sep 30 01:04:23 2025 (Tue Sep 30 06:04:23 2025 GMT)
With parameters: top_level_sch_129097 ./top_level_sch.agf top_level_sch -lmap lmapXrabhB -netmap ./top_level_sch.lnn -property_nqrc -gds_scale 1000 -vircolon 
********************************************************************************

Library name: top_level_sch_129097
GDSII file name: ./top_level_sch.agf
Cells to be written out: top_level_sch
Source Library: top_level_sch_129097
Layer mapping file(GDS <- DMC): lmapXrabhB
    1 (dt:0 tt:0) <- 1
    48 (dt:0 tt:0) <- 48
    54 (dt:0 tt:0) <- 54
    67 (dt:0 tt:0) <- 67
    70 (dt:0 tt:0) <- 70
    71 (dt:0 tt:0) <- 71
    41 (dt:0 tt:0) <- 41
    120 (dt:0 tt:0) <- 120
    122 (dt:0 tt:0) <- 122
    125 (dt:0 tt:0) <- 125
    129 (dt:0 tt:0) <- 129
    131 (dt:0 tt:0) <- 131
    133 (dt:0 tt:0) <- 133
    135 (dt:0 tt:0) <- 135
    72 (dt:2 tt:2) <- 584
    84 (dt:2 tt:2) <- 596
    85 (dt:2 tt:2) <- 597
    91 (dt:2 tt:2) <- 603
    93 (dt:2 tt:2) <- 605
    95 (dt:2 tt:2) <- 607
    124 (dt:2 tt:2) <- 636
    126 (dt:2 tt:2) <- 638
    127 (dt:2 tt:2) <- 639
    129 (dt:2 tt:2) <- 641
    130 (dt:2 tt:2) <- 642
    131 (dt:2 tt:2) <- 643
    133 (dt:2 tt:2) <- 645
    7 (dt:0 tt:0) <- 7
    8 (dt:0 tt:0) <- 8
    10 (dt:0 tt:0) <- 10
    13 (dt:0 tt:0) <- 13
    250 (dt:0 tt:0) <- 250
    2 (dt:1 tt:1) <- 258
    149 (dt:1 tt:1) <- 405
    152 (dt:1 tt:1) <- 408
    153 (dt:1 tt:1) <- 409
    157 (dt:1 tt:1) <- 413
    159 (dt:1 tt:1) <- 415
    162 (dt:1 tt:1) <- 418
    166 (dt:1 tt:1) <- 422
    196 (dt:1 tt:1) <- 452
    197 (dt:1 tt:1) <- 453
    198 (dt:1 tt:1) <- 454
    199 (dt:1 tt:1) <- 455
    200 (dt:1 tt:1) <- 456
    201 (dt:1 tt:1) <- 457
    202 (dt:1 tt:1) <- 458
    203 (dt:1 tt:1) <- 459
    204 (dt:1 tt:1) <- 460
    205 (dt:1 tt:1) <- 461
    230 (dt:1 tt:1) <- 486
    234 (dt:1 tt:1) <- 490
    239 (dt:1 tt:1) <- 495
    241 (dt:1 tt:1) <- 497
    243 (dt:1 tt:1) <- 499
    245 (dt:1 tt:1) <- 501
    247 (dt:1 tt:1) <- 503
    249 (dt:1 tt:1) <- 505
    253 (dt:1 tt:1) <- 509
    1 (dt:2 tt:2) <- 513
    5 (dt:2 tt:2) <- 517
    9 (dt:2 tt:2) <- 521
    14 (dt:2 tt:2) <- 526
    20 (dt:2 tt:2) <- 532
    147 (dt:2 tt:2) <- 659
    148 (dt:2 tt:2) <- 660
    6 (dt:0 tt:0) <- 6
    21 (dt:0 tt:0) <- 21
    24 (dt:0 tt:0) <- 24
    26 (dt:0 tt:0) <- 26
    29 (dt:0 tt:0) <- 29
    31 (dt:0 tt:0) <- 31
    44 (dt:0 tt:0) <- 44
    50 (dt:0 tt:0) <- 50
    51 (dt:0 tt:0) <- 51
    52 (dt:0 tt:0) <- 52
    53 (dt:0 tt:0) <- 53
    56 (dt:0 tt:0) <- 56
    58 (dt:0 tt:0) <- 58
    60 (dt:0 tt:0) <- 60
    94 (dt:0 tt:0) <- 94
    98 (dt:0 tt:0) <- 98
    106 (dt:0 tt:0) <- 106
    107 (dt:0 tt:0) <- 107
    118 (dt:0 tt:0) <- 118
    144 (dt:0 tt:0) <- 144
    146 (dt:0 tt:0) <- 146
    148 (dt:0 tt:0) <- 148
    149 (dt:0 tt:0) <- 149
    151 (dt:0 tt:0) <- 151
    152 (dt:0 tt:0) <- 152
    153 (dt:0 tt:0) <- 153
    156 (dt:0 tt:0) <- 156
    157 (dt:0 tt:0) <- 157
    159 (dt:0 tt:0) <- 159
    160 (dt:0 tt:0) <- 160
    163 (dt:0 tt:0) <- 163
    167 (dt:0 tt:0) <- 167
    168 (dt:0 tt:0) <- 168
    172 (dt:0 tt:0) <- 172
    179 (dt:0 tt:0) <- 179
    181 (dt:0 tt:0) <- 181
    184 (dt:0 tt:0) <- 184
    187 (dt:0 tt:0) <- 187
    197 (dt:0 tt:0) <- 197
    198 (dt:0 tt:0) <- 198
    201 (dt:0 tt:0) <- 201
    202 (dt:0 tt:0) <- 202
    204 (dt:0 tt:0) <- 204
    206 (dt:0 tt:0) <- 206
    208 (dt:0 tt:0) <- 208
    213 (dt:0 tt:0) <- 213
    214 (dt:0 tt:0) <- 214
    215 (dt:0 tt:0) <- 215
    218 (dt:0 tt:0) <- 218
    219 (dt:0 tt:0) <- 219
    221 (dt:0 tt:0) <- 221
    222 (dt:0 tt:0) <- 222
    223 (dt:0 tt:0) <- 223
    225 (dt:0 tt:0) <- 225
    227 (dt:0 tt:0) <- 227
    229 (dt:0 tt:0) <- 229
    231 (dt:0 tt:0) <- 231
    238 (dt:0 tt:0) <- 238
    243 (dt:0 tt:0) <- 243
    245 (dt:0 tt:0) <- 245
    248 (dt:0 tt:0) <- 248
    251 (dt:0 tt:0) <- 251
    253 (dt:0 tt:0) <- 253
    254 (dt:0 tt:0) <- 254
    0 (dt:1 tt:1) <- 256
    1 (dt:1 tt:1) <- 257
    4 (dt:1 tt:1) <- 260
    5 (dt:1 tt:1) <- 261
    6 (dt:1 tt:1) <- 262
    10 (dt:1 tt:1) <- 266
    11 (dt:1 tt:1) <- 267
    13 (dt:1 tt:1) <- 269
    16 (dt:1 tt:1) <- 272
    18 (dt:1 tt:1) <- 274
    19 (dt:1 tt:1) <- 275
    22 (dt:1 tt:1) <- 278
    24 (dt:1 tt:1) <- 280
    26 (dt:1 tt:1) <- 282
    27 (dt:1 tt:1) <- 283
    28 (dt:1 tt:1) <- 284
    29 (dt:1 tt:1) <- 285
    35 (dt:1 tt:1) <- 291
    37 (dt:1 tt:1) <- 293
    38 (dt:1 tt:1) <- 294
    41 (dt:1 tt:1) <- 297
    42 (dt:1 tt:1) <- 298
    251 (dt:1 tt:1) <- 507
    252 (dt:1 tt:1) <- 508
    254 (dt:1 tt:1) <- 510
    255 (dt:1 tt:1) <- 511
    4 (dt:2 tt:2) <- 516
    6 (dt:2 tt:2) <- 518
    7 (dt:2 tt:2) <- 519
    8 (dt:2 tt:2) <- 520
    10 (dt:2 tt:2) <- 522
    11 (dt:2 tt:2) <- 523
    44 (dt:2 tt:2) <- 556
    45 (dt:2 tt:2) <- 557
    46 (dt:2 tt:2) <- 558
    48 (dt:2 tt:2) <- 560
    50 (dt:2 tt:2) <- 562
    51 (dt:2 tt:2) <- 563
    216 (dt:0 tt:0) <- 216
    108 (dt:2 tt:2) <- 620
    120 (dt:2 tt:2) <- 632
    134 (dt:2 tt:2) <- 646
    135 (dt:2 tt:2) <- 647
    136 (dt:2 tt:2) <- 648
    149 (dt:2 tt:2) <- 661
    150 (dt:2 tt:2) <- 662
    153 (dt:2 tt:2) <- 665
    155 (dt:2 tt:2) <- 667
    2 (dt:0 tt:0) <- 2
    14 (dt:0 tt:0) <- 14
    16 (dt:0 tt:0) <- 16
    19 (dt:0 tt:0) <- 19
    28 (dt:0 tt:0) <- 28
    30 (dt:0 tt:0) <- 30
    33 (dt:0 tt:0) <- 33
    35 (dt:0 tt:0) <- 35
    40 (dt:0 tt:0) <- 40
    55 (dt:0 tt:0) <- 55
    57 (dt:0 tt:0) <- 57
    59 (dt:0 tt:0) <- 59
    61 (dt:0 tt:0) <- 61
    62 (dt:0 tt:0) <- 62
    63 (dt:0 tt:0) <- 63
    65 (dt:0 tt:0) <- 65
    66 (dt:0 tt:0) <- 66
    69 (dt:0 tt:0) <- 69
    73 (dt:0 tt:0) <- 73
    74 (dt:0 tt:0) <- 74
    77 (dt:0 tt:0) <- 77
    78 (dt:0 tt:0) <- 78
    79 (dt:0 tt:0) <- 79
    82 (dt:0 tt:0) <- 82
    84 (dt:0 tt:0) <- 84
    87 (dt:0 tt:0) <- 87
    89 (dt:0 tt:0) <- 89
    90 (dt:0 tt:0) <- 90
    91 (dt:0 tt:0) <- 91
    92 (dt:0 tt:0) <- 92
    93 (dt:0 tt:0) <- 93
    95 (dt:0 tt:0) <- 95
    97 (dt:0 tt:0) <- 97
    99 (dt:0 tt:0) <- 99
    101 (dt:0 tt:0) <- 101
    104 (dt:0 tt:0) <- 104
    108 (dt:0 tt:0) <- 108
    109 (dt:0 tt:0) <- 109
    110 (dt:0 tt:0) <- 110
    114 (dt:0 tt:0) <- 114
    115 (dt:0 tt:0) <- 115
    116 (dt:0 tt:0) <- 116
    117 (dt:0 tt:0) <- 117
    123 (dt:0 tt:0) <- 123
    128 (dt:0 tt:0) <- 128
    130 (dt:0 tt:0) <- 130
    134 (dt:0 tt:0) <- 134
    136 (dt:0 tt:0) <- 136
    139 (dt:0 tt:0) <- 139
    140 (dt:0 tt:0) <- 140
    143 (dt:0 tt:0) <- 143
    145 (dt:0 tt:0) <- 145
    147 (dt:0 tt:0) <- 147
    150 (dt:0 tt:0) <- 150
    154 (dt:0 tt:0) <- 154
    155 (dt:0 tt:0) <- 155
    158 (dt:0 tt:0) <- 158
    161 (dt:0 tt:0) <- 161
    162 (dt:0 tt:0) <- 162
    164 (dt:0 tt:0) <- 164
    169 (dt:0 tt:0) <- 169
    170 (dt:0 tt:0) <- 170
    176 (dt:0 tt:0) <- 176
    182 (dt:0 tt:0) <- 182
    188 (dt:0 tt:0) <- 188
    190 (dt:0 tt:0) <- 190
    200 (dt:0 tt:0) <- 200
    203 (dt:0 tt:0) <- 203
    205 (dt:0 tt:0) <- 205
    207 (dt:0 tt:0) <- 207
    209 (dt:0 tt:0) <- 209
    210 (dt:0 tt:0) <- 210
    211 (dt:0 tt:0) <- 211
    212 (dt:0 tt:0) <- 212
    224 (dt:0 tt:0) <- 224
    234 (dt:0 tt:0) <- 234
    235 (dt:0 tt:0) <- 235
    236 (dt:0 tt:0) <- 236
    237 (dt:0 tt:0) <- 237
    239 (dt:0 tt:0) <- 239
    240 (dt:0 tt:0) <- 240
    241 (dt:0 tt:0) <- 241
    242 (dt:0 tt:0) <- 242
    244 (dt:0 tt:0) <- 244
    246 (dt:0 tt:0) <- 246
    247 (dt:0 tt:0) <- 247
    249 (dt:0 tt:0) <- 249
    252 (dt:0 tt:0) <- 252
    255 (dt:0 tt:0) <- 255
    3 (dt:1 tt:1) <- 259
    9 (dt:1 tt:1) <- 265
    15 (dt:1 tt:1) <- 271
    17 (dt:1 tt:1) <- 273
    20 (dt:1 tt:1) <- 276
    30 (dt:1 tt:1) <- 286
    31 (dt:1 tt:1) <- 287
    32 (dt:1 tt:1) <- 288
    33 (dt:1 tt:1) <- 289
    34 (dt:1 tt:1) <- 290
    36 (dt:1 tt:1) <- 292
    39 (dt:1 tt:1) <- 295
    40 (dt:1 tt:1) <- 296
    43 (dt:1 tt:1) <- 299
    44 (dt:1 tt:1) <- 300
    45 (dt:1 tt:1) <- 301
    46 (dt:1 tt:1) <- 302
    47 (dt:1 tt:1) <- 303
    48 (dt:1 tt:1) <- 304
    51 (dt:1 tt:1) <- 307
    52 (dt:1 tt:1) <- 308
    55 (dt:1 tt:1) <- 311
    56 (dt:1 tt:1) <- 312
    57 (dt:1 tt:1) <- 313
    58 (dt:1 tt:1) <- 314
    59 (dt:1 tt:1) <- 315
    60 (dt:1 tt:1) <- 316
    62 (dt:1 tt:1) <- 318
    64 (dt:1 tt:1) <- 320
    66 (dt:1 tt:1) <- 322
    67 (dt:1 tt:1) <- 323
    68 (dt:1 tt:1) <- 324
    69 (dt:1 tt:1) <- 325
    70 (dt:1 tt:1) <- 326
    71 (dt:1 tt:1) <- 327
    72 (dt:1 tt:1) <- 328
    73 (dt:1 tt:1) <- 329
    74 (dt:1 tt:1) <- 330
    75 (dt:1 tt:1) <- 331
    76 (dt:1 tt:1) <- 332
    77 (dt:1 tt:1) <- 333
    78 (dt:1 tt:1) <- 334
    81 (dt:1 tt:1) <- 337
    82 (dt:1 tt:1) <- 338
    85 (dt:1 tt:1) <- 341
    86 (dt:1 tt:1) <- 342
    87 (dt:1 tt:1) <- 343
    89 (dt:1 tt:1) <- 345
    90 (dt:1 tt:1) <- 346
    92 (dt:1 tt:1) <- 348
    94 (dt:1 tt:1) <- 350
    95 (dt:1 tt:1) <- 351
    96 (dt:1 tt:1) <- 352
    102 (dt:1 tt:1) <- 358
    104 (dt:1 tt:1) <- 360
    106 (dt:1 tt:1) <- 362
    107 (dt:1 tt:1) <- 363
    108 (dt:1 tt:1) <- 364
    109 (dt:1 tt:1) <- 365
    110 (dt:1 tt:1) <- 366
    111 (dt:1 tt:1) <- 367
    112 (dt:1 tt:1) <- 368
    113 (dt:1 tt:1) <- 369
    114 (dt:1 tt:1) <- 370
    115 (dt:1 tt:1) <- 371
    116 (dt:1 tt:1) <- 372
    117 (dt:1 tt:1) <- 373
    120 (dt:1 tt:1) <- 376
    121 (dt:1 tt:1) <- 377
    122 (dt:1 tt:1) <- 378
    123 (dt:1 tt:1) <- 379
    124 (dt:1 tt:1) <- 380
    125 (dt:1 tt:1) <- 381
    128 (dt:1 tt:1) <- 384
    130 (dt:1 tt:1) <- 386
    133 (dt:1 tt:1) <- 389
    134 (dt:1 tt:1) <- 390
    135 (dt:1 tt:1) <- 391
    136 (dt:1 tt:1) <- 392
    137 (dt:1 tt:1) <- 393
    138 (dt:1 tt:1) <- 394
    139 (dt:1 tt:1) <- 395
    140 (dt:1 tt:1) <- 396
    141 (dt:1 tt:1) <- 397
    142 (dt:1 tt:1) <- 398
    143 (dt:1 tt:1) <- 399
    144 (dt:1 tt:1) <- 400
    145 (dt:1 tt:1) <- 401
    146 (dt:1 tt:1) <- 402
    147 (dt:1 tt:1) <- 403
    148 (dt:1 tt:1) <- 404
    156 (dt:1 tt:1) <- 412
    163 (dt:1 tt:1) <- 419
    164 (dt:1 tt:1) <- 420
    165 (dt:1 tt:1) <- 421
    167 (dt:1 tt:1) <- 423
    168 (dt:1 tt:1) <- 424
    169 (dt:1 tt:1) <- 425
    170 (dt:1 tt:1) <- 426
    171 (dt:1 tt:1) <- 427
    172 (dt:1 tt:1) <- 428
    174 (dt:1 tt:1) <- 430
    176 (dt:1 tt:1) <- 432
    177 (dt:1 tt:1) <- 433
    178 (dt:1 tt:1) <- 434
    180 (dt:1 tt:1) <- 436
    182 (dt:1 tt:1) <- 438
    183 (dt:1 tt:1) <- 439
    184 (dt:1 tt:1) <- 440
    185 (dt:1 tt:1) <- 441
    186 (dt:1 tt:1) <- 442
    187 (dt:1 tt:1) <- 443
    188 (dt:1 tt:1) <- 444
    190 (dt:1 tt:1) <- 446
    191 (dt:1 tt:1) <- 447
    194 (dt:1 tt:1) <- 450
    195 (dt:1 tt:1) <- 451
    206 (dt:1 tt:1) <- 462
    208 (dt:1 tt:1) <- 464
    210 (dt:1 tt:1) <- 466
    211 (dt:1 tt:1) <- 467
    214 (dt:1 tt:1) <- 470
    215 (dt:1 tt:1) <- 471
    219 (dt:1 tt:1) <- 475
    220 (dt:1 tt:1) <- 476
    221 (dt:1 tt:1) <- 477
    222 (dt:1 tt:1) <- 478
    223 (dt:1 tt:1) <- 479
    224 (dt:1 tt:1) <- 480
    225 (dt:1 tt:1) <- 481
    226 (dt:1 tt:1) <- 482
    227 (dt:1 tt:1) <- 483
    233 (dt:1 tt:1) <- 489
    237 (dt:1 tt:1) <- 493
    240 (dt:1 tt:1) <- 496
    242 (dt:1 tt:1) <- 498
    244 (dt:1 tt:1) <- 500
    246 (dt:1 tt:1) <- 502
    248 (dt:1 tt:1) <- 504
    250 (dt:1 tt:1) <- 506
    0 (dt:2 tt:2) <- 512
    2 (dt:2 tt:2) <- 514
    3 (dt:2 tt:2) <- 515
    17 (dt:2 tt:2) <- 529
    21 (dt:2 tt:2) <- 533
    24 (dt:2 tt:2) <- 536
    26 (dt:2 tt:2) <- 538
    27 (dt:2 tt:2) <- 539
    28 (dt:2 tt:2) <- 540
    29 (dt:2 tt:2) <- 541
    31 (dt:2 tt:2) <- 543
    33 (dt:2 tt:2) <- 545
    34 (dt:2 tt:2) <- 546
    36 (dt:2 tt:2) <- 548
    39 (dt:2 tt:2) <- 551
    47 (dt:2 tt:2) <- 559
    49 (dt:2 tt:2) <- 561
    52 (dt:2 tt:2) <- 564
    53 (dt:2 tt:2) <- 565
    54 (dt:2 tt:2) <- 566
    55 (dt:2 tt:2) <- 567
    56 (dt:2 tt:2) <- 568
    57 (dt:2 tt:2) <- 569
    58 (dt:2 tt:2) <- 570
    59 (dt:2 tt:2) <- 571
    60 (dt:2 tt:2) <- 572
    61 (dt:2 tt:2) <- 573
    62 (dt:2 tt:2) <- 574
    63 (dt:2 tt:2) <- 575
    64 (dt:2 tt:2) <- 576
    65 (dt:2 tt:2) <- 577
    66 (dt:2 tt:2) <- 578
    67 (dt:2 tt:2) <- 579
    68 (dt:2 tt:2) <- 580
    69 (dt:2 tt:2) <- 581
    70 (dt:2 tt:2) <- 582
    71 (dt:2 tt:2) <- 583
    73 (dt:2 tt:2) <- 585
    74 (dt:2 tt:2) <- 586
    75 (dt:2 tt:2) <- 587
    76 (dt:2 tt:2) <- 588
    77 (dt:2 tt:2) <- 589
    78 (dt:2 tt:2) <- 590
    79 (dt:2 tt:2) <- 591
    80 (dt:2 tt:2) <- 592
    81 (dt:2 tt:2) <- 593
    82 (dt:2 tt:2) <- 594
    83 (dt:2 tt:2) <- 595
    86 (dt:2 tt:2) <- 598
    87 (dt:2 tt:2) <- 599
    88 (dt:2 tt:2) <- 600
    89 (dt:2 tt:2) <- 601
    90 (dt:2 tt:2) <- 602
    92 (dt:2 tt:2) <- 604
    94 (dt:2 tt:2) <- 606
    96 (dt:2 tt:2) <- 608
    97 (dt:2 tt:2) <- 609
    98 (dt:2 tt:2) <- 610
    99 (dt:2 tt:2) <- 611
    100 (dt:2 tt:2) <- 612
    101 (dt:2 tt:2) <- 613
    102 (dt:2 tt:2) <- 614
    103 (dt:2 tt:2) <- 615
    104 (dt:2 tt:2) <- 616
    105 (dt:2 tt:2) <- 617
    106 (dt:2 tt:2) <- 618
    107 (dt:2 tt:2) <- 619
    109 (dt:2 tt:2) <- 621
    110 (dt:2 tt:2) <- 622
    111 (dt:2 tt:2) <- 623
    112 (dt:2 tt:2) <- 624
    113 (dt:2 tt:2) <- 625
    114 (dt:2 tt:2) <- 626
    115 (dt:2 tt:2) <- 627
    116 (dt:2 tt:2) <- 628
    117 (dt:2 tt:2) <- 629
    118 (dt:2 tt:2) <- 630
    119 (dt:2 tt:2) <- 631
    121 (dt:2 tt:2) <- 633
    122 (dt:2 tt:2) <- 634
    123 (dt:2 tt:2) <- 635
    125 (dt:2 tt:2) <- 637
    128 (dt:2 tt:2) <- 640
    132 (dt:2 tt:2) <- 644
    137 (dt:2 tt:2) <- 649
    138 (dt:2 tt:2) <- 650
    139 (dt:2 tt:2) <- 651
    140 (dt:2 tt:2) <- 652
    141 (dt:2 tt:2) <- 653
    142 (dt:2 tt:2) <- 654
    143 (dt:2 tt:2) <- 655
    144 (dt:2 tt:2) <- 656
    145 (dt:2 tt:2) <- 657
    146 (dt:2 tt:2) <- 658
    151 (dt:2 tt:2) <- 663
    152 (dt:2 tt:2) <- 664
    154 (dt:2 tt:2) <- 666
    156 (dt:2 tt:2) <- 668
    157 (dt:2 tt:2) <- 669
    158 (dt:2 tt:2) <- 670
    159 (dt:2 tt:2) <- 671
    160 (dt:2 tt:2) <- 672
    161 (dt:2 tt:2) <- 673
    3 (dt:0 tt:0) <- 3
    12 (dt:0 tt:0) <- 12
    15 (dt:0 tt:0) <- 15
    17 (dt:0 tt:0) <- 17
    18 (dt:0 tt:0) <- 18
    25 (dt:0 tt:0) <- 25
    27 (dt:0 tt:0) <- 27
    32 (dt:0 tt:0) <- 32
    37 (dt:0 tt:0) <- 37
    46 (dt:0 tt:0) <- 46
    47 (dt:0 tt:0) <- 47
    49 (dt:0 tt:0) <- 49
    64 (dt:0 tt:0) <- 64
    68 (dt:0 tt:0) <- 68
    75 (dt:0 tt:0) <- 75
    83 (dt:0 tt:0) <- 83
    96 (dt:0 tt:0) <- 96
    100 (dt:0 tt:0) <- 100
    105 (dt:0 tt:0) <- 105
    113 (dt:0 tt:0) <- 113
    121 (dt:0 tt:0) <- 121
    126 (dt:0 tt:0) <- 126
    132 (dt:0 tt:0) <- 132
    137 (dt:0 tt:0) <- 137
    138 (dt:0 tt:0) <- 138
    141 (dt:0 tt:0) <- 141
    142 (dt:0 tt:0) <- 142
    4 (dt:0 tt:0) <- 4
    5 (dt:0 tt:0) <- 5
    9 (dt:0 tt:0) <- 9
    11 (dt:0 tt:0) <- 11
    20 (dt:0 tt:0) <- 20
    22 (dt:0 tt:0) <- 22
    23 (dt:0 tt:0) <- 23
    34 (dt:0 tt:0) <- 34
    36 (dt:0 tt:0) <- 36
    38 (dt:0 tt:0) <- 38
    39 (dt:0 tt:0) <- 39
    42 (dt:0 tt:0) <- 42
    43 (dt:0 tt:0) <- 43
    45 (dt:0 tt:0) <- 45
    72 (dt:0 tt:0) <- 72
    76 (dt:0 tt:0) <- 76
    80 (dt:0 tt:0) <- 80
    81 (dt:0 tt:0) <- 81
    85 (dt:0 tt:0) <- 85
    86 (dt:0 tt:0) <- 86
    88 (dt:0 tt:0) <- 88
    102 (dt:0 tt:0) <- 102
    103 (dt:0 tt:0) <- 103
    111 (dt:0 tt:0) <- 111
    112 (dt:0 tt:0) <- 112
    119 (dt:0 tt:0) <- 119
    124 (dt:0 tt:0) <- 124
    127 (dt:0 tt:0) <- 127
    165 (dt:0 tt:0) <- 165
    166 (dt:0 tt:0) <- 166
    174 (dt:0 tt:0) <- 174
    178 (dt:0 tt:0) <- 178
    193 (dt:0 tt:0) <- 193
    196 (dt:0 tt:0) <- 196
    199 (dt:0 tt:0) <- 199
    217 (dt:0 tt:0) <- 217
    220 (dt:0 tt:0) <- 220
    226 (dt:0 tt:0) <- 226
    228 (dt:0 tt:0) <- 228
    230 (dt:0 tt:0) <- 230
    232 (dt:0 tt:0) <- 232
    233 (dt:0 tt:0) <- 233
    7 (dt:1 tt:1) <- 263
    8 (dt:1 tt:1) <- 264
    12 (dt:1 tt:1) <- 268
    14 (dt:1 tt:1) <- 270
    21 (dt:1 tt:1) <- 277
    23 (dt:1 tt:1) <- 279
    25 (dt:1 tt:1) <- 281
    49 (dt:1 tt:1) <- 305
    50 (dt:1 tt:1) <- 306
    53 (dt:1 tt:1) <- 309
    54 (dt:1 tt:1) <- 310
    61 (dt:1 tt:1) <- 317
    63 (dt:1 tt:1) <- 319
    65 (dt:1 tt:1) <- 321
    79 (dt:1 tt:1) <- 335
    80 (dt:1 tt:1) <- 336
    83 (dt:1 tt:1) <- 339
    84 (dt:1 tt:1) <- 340
    88 (dt:1 tt:1) <- 344
    91 (dt:1 tt:1) <- 347
    93 (dt:1 tt:1) <- 349
    97 (dt:1 tt:1) <- 353
    98 (dt:1 tt:1) <- 354
    99 (dt:1 tt:1) <- 355
    100 (dt:1 tt:1) <- 356
    101 (dt:1 tt:1) <- 357
    103 (dt:1 tt:1) <- 359
    105 (dt:1 tt:1) <- 361
    118 (dt:1 tt:1) <- 374
    119 (dt:1 tt:1) <- 375
    126 (dt:1 tt:1) <- 382
    127 (dt:1 tt:1) <- 383
    129 (dt:1 tt:1) <- 385
    131 (dt:1 tt:1) <- 387
    132 (dt:1 tt:1) <- 388
    150 (dt:1 tt:1) <- 406
    151 (dt:1 tt:1) <- 407
    154 (dt:1 tt:1) <- 410
    155 (dt:1 tt:1) <- 411
    158 (dt:1 tt:1) <- 414
    160 (dt:1 tt:1) <- 416
    161 (dt:1 tt:1) <- 417
    173 (dt:1 tt:1) <- 429
    175 (dt:1 tt:1) <- 431
    179 (dt:1 tt:1) <- 435
    181 (dt:1 tt:1) <- 437
    189 (dt:1 tt:1) <- 445
    192 (dt:1 tt:1) <- 448
    193 (dt:1 tt:1) <- 449
    207 (dt:1 tt:1) <- 463
    209 (dt:1 tt:1) <- 465
    212 (dt:1 tt:1) <- 468
    213 (dt:1 tt:1) <- 469
    216 (dt:1 tt:1) <- 472
    217 (dt:1 tt:1) <- 473
    218 (dt:1 tt:1) <- 474
    228 (dt:1 tt:1) <- 484
    229 (dt:1 tt:1) <- 485
    231 (dt:1 tt:1) <- 487
    232 (dt:1 tt:1) <- 488
    235 (dt:1 tt:1) <- 491
    236 (dt:1 tt:1) <- 492
    238 (dt:1 tt:1) <- 494
    12 (dt:2 tt:2) <- 524
    13 (dt:2 tt:2) <- 525
    15 (dt:2 tt:2) <- 527
    16 (dt:2 tt:2) <- 528
    18 (dt:2 tt:2) <- 530
    19 (dt:2 tt:2) <- 531
    22 (dt:2 tt:2) <- 534
    23 (dt:2 tt:2) <- 535
    25 (dt:2 tt:2) <- 537
    30 (dt:2 tt:2) <- 542
    32 (dt:2 tt:2) <- 544
    35 (dt:2 tt:2) <- 547
    37 (dt:2 tt:2) <- 549
    38 (dt:2 tt:2) <- 550
    40 (dt:2 tt:2) <- 552
    41 (dt:2 tt:2) <- 553
    42 (dt:2 tt:2) <- 554
    43 (dt:2 tt:2) <- 555
Cell name case: PRESERVE
Option: output object property for new qrc flow


                Object Statistics of Cells                            
Cell Name         Box  Polygon     Path   Label Instance Array    Total
----------------------------------------------------------------------
top_level_sch      611       94        0       0   438      0      1143
M3_M2_CDNS_759212258300        4        0        0       0     0      0         4
M4_M3_CDNS_759212258301        4        0        0       0     0      0         4
M5_M4_CDNS_759212258302        4        0        0       0     0      0         4
M4_M3_CDNS_759212258304        4        0        0       0     0      0         4
M3_M2_CDNS_759212258305        4        0        0       0     0      0         4
M4_M3_CDNS_759212258306        8        0        0       0     0      0         8
M3_M2_CDNS_759212258307        8        0        0       0     0      0         8
M3_M2_CDNS_759212258308        6        0        0       0     0      0         6
M4_M3_CDNS_759212258309        6        0        0       0     0      0         6
M3_M2_CDNS_7592122583010        6        0        0       0     0      0         6
M2_M1_CDNS_7592122583011        4        0        0       0     0      0         4
M2_M1_CDNS_7592122583012        4        0        0       0     0      0         4
M1_PO_CDNS_7592122583013        4        0        0       0     0      0         4
M3_M2_CDNS_7592122583014        5        0        0       0     0      0         5
M5_M4_CDNS_7592122583016        6        0        0       0     0      0         6
M2_M1_CDNS_7592122583017        6        0        0       0     0      0         6
M3_M2_CDNS_7592122583019       18        0        0       0     0      0        18
M2_M1_CDNS_7592122583020       18        0        0       0     0      0        18
M2_M1_CDNS_7592122583021        6        0        0       0     0      0         6
M3_M2_CDNS_7592122583023        6        0        0       0     0      0         6
M5_M4_CDNS_7592122583024       10        0        0       0     0      0        10
M4_M3_CDNS_7592122583025       10        0        0       0     0      0        10
M3_M2_CDNS_7592122583026       10        0        0       0     0      0        10
M2_M1_CDNS_7592122583027       10        0        0       0     0      0        10
M2_M1_CDNS_7592122583028        7        0        0       0     0      0         7
M5_M4_CDNS_7592122583031        8        0        0       0     0      0         8
M4_M3_CDNS_7592122583032        8        0        0       0     0      0         8
M3_M2_CDNS_7592122583033       17        0        0       0     0      0        17
M2_M1_CDNS_7592122583034       17        0        0       0     0      0        17
M4_M3_CDNS_7592122583036        5        0        0       0     0      0         5
M3_M2_CDNS_7592122583038        5        0        0       0     0      0         5
M4_M3_CDNS_7592122583039        6        0        0       0     0      0         6
M2_M1_CDNS_7592122583040        6        0        0       0     0      0         6
potentiostat_pmos_sch4lay     5085      112        0       0   979      0      6176
M2_M1_CDNS_7592122583073        3        0        0       0     0      0         3
M2_M1_CDNS_7592122583075        3        0        0       0     0      0         3
M2_M1_CDNS_7592122583076        3        0        0       0     0      0         3
M1_PO_CDNS_7592122583077        3        0        0       0     0      0         3
M1_OD_CDNS_7592122583078        4        0        0       0     0      0         4
LVLD10A25PP        71       31        0       0    47      0       149
LVLD10A25PP6        3        0        0       0     3      0         6
MUX2A              33       11        0       0    33      0        77
Dac2V5R2R14      2321       23        0       0   447      0      2791
LVLD10A25PP14        5        0        0       0     7      0        12
OpAmpCurrentMirrorP     1780       75        0       0   240      0      2095
BiasGenCascWideSwingGlobal      503      127        0       0   651      0      1281
PCLAMPA_G          11       10        0       0   210      0       231
pch_25_CDNS_75921225830212       14        0        0       0     0      0        14
NEW_ADC_Main_2V5_Sync_0p13s_0p70lsb    30339      382        0       0  1833      0     32554
nch_25_CDNS_75921225830305       13        0        0       0     0      0        13
dualSlope_sch4lay    12364       20        0       0   228      0     12612
M1_PO_CDNS_7592122583041        6        0        0       0     0      0         6
M1_PO_CDNS_7592122583042        6        0        0       0     0      0         6
M1_PO_CDNS_7592122583045        6        0        0       0     0      0         6
M2_M1_CDNS_7592122583046        5        0        0       0     0      0         5
M1_PO_CDNS_7592122583047        5        0        0       0     0      0         5
M3_M2_CDNS_7592122583050       10        0        0       0     0      0        10
M2_M1_CDNS_7592122583051       10        0        0       0     0      0        10
M3_M2_CDNS_7592122583052        7        0        0       0     0      0         7
M2_M1_CDNS_7592122583053        7        0        0       0     0      0         7
pch_25_mac_CDNS_759212258300       22        0        0       0     0      0        22
M1_PO_CDNS_7592122583054        4        0        0       0     0      0         4
M1_PO_CDNS_7592122583055        4        0        0       0     0      0         4
M1_PO_CDNS_7592122583056        5        0        0       0     0      0         5
M1_PO_CDNS_7592122583057        6        0        0       0     0      0         6
M3_M2_CDNS_7592122583058        7        0        0       0     0      0         7
M8_M7_CDNS_7592122583061        4        0        0       0     0      0         4
M7_M6_CDNS_7592122583062       12        0        0       0     0      0        12
M6_M5_CDNS_7592122583063       12        0        0       0     0      0        12
M5_M4_CDNS_7592122583064       12        0        0       0     0      0        12
M4_M3_CDNS_7592122583065       12        0        0       0     0      0        12
M3_M2_CDNS_7592122583066       12        0        0       0     0      0        12
M2_M1_CDNS_7592122583067        5        0        0       0     0      0         5
pch_25_mac_CDNS_759212258302       12        0        0       0     0      0        12
pch_25_mac_CDNS_759212258303       15        0        0       0     0      0        15
nch_25_mac_CDNS_759212258305       14        0        0       0     0      0        14
nch_25_mac_CDNS_759212258306       14        0        0       0     0      0        14
rnpoly_CDNS_7592122583010       20        0        0       0     0      0        20
rnpoly_CDNS_7592122583011       36        0        0       0     0      0        36
rnpoly_CDNS_7592122583014       12        0        0       0     0      0        12
rnpoly_CDNS_7592122583015       18        0        0       0     0      0        18
pch_25_mac_CDNS_7592122583016       11        0        0       0     0      0        11
nch_25_mac_CDNS_7592122583018       79        0        0       0     0      0        79
rnpoly_CDNS_7592122583019       68        0        0       0     0      0        68
nch_25_mac_CDNS_7592122583027       15        0        0       0     0      0        15
pch_25_mac_CDNS_7592122583028       12        0        0       0     0      0        12
nch_25_mac_CDNS_7592122583030       11        0        0       0     0      0        11
pch_25_mac_CDNS_7592122583031       12        0        0       0     0      0        12
pch_25_mac_CDNS_7592122583033       35        0        0       0     0      0        35
pch_25_mac_CDNS_7592122583036       36        0        0       0     0      0        36
nch_25_mac_CDNS_7592122583037       11        0        0       0     0      0        11
pch_25_mac_CDNS_7592122583039       12        0        0       0     0      0        12
nch_25_mac_CDNS_7592122583040       11        0        0       0     0      0        11
nch_25_mac_CDNS_7592122583042       14        0        0       0     0      0        14
nch_25_mac_CDNS_7592122583043       11        0        0       0     0      0        11
nch_25_mac_CDNS_7592122583046       11        0        0       0     0      0        11
nch_25_mac_CDNS_7592122583050       39        0        0       0     0      0        39
nch_25_mac_CDNS_7592122583057       69        0        0       0     0      0        69
pch_25_mac_CDNS_7592122583058       12        0        0       0     0      0        12
pch_25_mac_CDNS_7592122583059       12        0        0       0     0      0        12
pch_25_mac_CDNS_7592122583060       12        0        0       0     0      0        12
pch_25_mac_CDNS_7592122583062       62        0        0       0     0      0        62
pch_25_mac_CDNS_7592122583063       15        0        0       0     0      0        15
nch_25_mac_CDNS_7592122583064       79        0        0       0     0      0        79
nch_25_mac_CDNS_7592122583065       29        0        0       0     0      0        29
pch_25_mac_CDNS_7592122583066       15        0        0       0     0      0        15
pch_25_mac_CDNS_7592122583070       12        0        0       0     0      0        12
nch_25_mac_CDNS_7592122583072       29        0        0       0     0      0        29
pch_25_mac_CDNS_7592122583073       36        0        0       0     0      0        36
nch_25_mac_CDNS_7592122583074       50        0        0       0     0      0        50
pch_25_mac_CDNS_7592122583077       35        0        0       0     0      0        35
rppolywo_CDNS_7592122583078       60        0        0       0     0      0        60
TGP2A              13       10        0       0     7      0        30
pch_25_mac_CDNS_7592122583083       15        0        0       0     0      0        15
pch_25_mac_CDNS_7592122583084       12        0        0       0     0      0        12
pch_25_mac_CDNS_7592122583085       22        0        0       0     0      0        22
pch_25_mac_CDNS_7592122583086       12        0        0       0     0      0        12
pch_25_mac_CDNS_7592122583087       35        0        0       0     0      0        35
pch_25_mac_CDNS_7592122583088       22        0        0       0     0      0        22
pch_25_mac_CDNS_7592122583089       22        0        0       0     0      0        22
pch_25_mac_CDNS_7592122583090       22        0        0       0     0      0        22
folded_cascode_pmos     1203       36        0       0   499      0      1738
pch_25_mac_CDNS_75921225830116       12        0        0       0     0      0        12
pch_25_mac_CDNS_75921225830117       12        0        0       0     0      0        12
pch_25_mac_CDNS_75921225830118       15        0        0       0     0      0        15
pch_25_mac_CDNS_75921225830120       22        0        0       0     0      0        22
M2_M1_CDNS_7592122583072        3        0        0       0     0      0         3
nch_25_CDNS_75921225830125       23        0        0       0     0      0        23
pch_25_CDNS_75921225830126       14        0        0       0     0      0        14
M1_PO_CDNS_7592122583069        4        0        0       0     0      0         4
M1_OD_CDNS_7592122583079       16        0        0       0     0      0        16
nch_25x_CDNS_75921225830127       13        0        0       0     0      0        13
nch_25x_CDNS_75921225830128       13        0        0       0     0      0        13
nch_25x_CDNS_75921225830129       13        0        0       0     0      0        13
nch_25x_CDNS_75921225830130       19        0        0       0     0      0        19
pch_25x_CDNS_75921225830131       14        0        0       0     0      0        14
pch_25x_CDNS_75921225830132       14        0        0       0     0      0        14
pch_25x_CDNS_75921225830133       14        0        0       0     0      0        14
pch_25x_CDNS_75921225830134       20        0        0       0     0      0        20
nch_25x_CDNS_75921225830135       13        0        0       0     0      0        13
pch_25x_CDNS_75921225830136       14        0        0       0     0      0        14
M3_M2_CDNS_7592122583095        8        0        0       0     0      0         8
M2_M1_CDNS_75921225830158        8        0        0       0     0      0         8
M1_OD_CDNS_75921225830159        6        0        0       0     0      0         6
rppolywo_CDNS_75921225830165       11        0        0       0     0      0        11
AND2X8             92        9        0       0     7      0       108
MASCO__B27          0        0        0       0     2      0         2
MASCO__B28          0        0        0       0     2      0         2
MASCO__B29          0        0        0       0     2      0         2
MASCO__B30          0        0        0       0     2      0         2
M1_OD_CDNS_7592122583070        7        0        0       0     0      0         7
nch_25_macx_CDNS_7592122583079       29        0        0       0     0      0        29
pch_25_macx_CDNS_7592122583080       30        0        0       0     0      0        30
pch_25_macx_CDNS_7592122583081       14        0        0       0     0      0        14
nch_25_macx_CDNS_7592122583082       13        0        0       0     0      0        13
M6_M5_CDNS_7592122583098        6        0        0       0     0      0         6
M7_M6_CDNS_7592122583099        6        0        0       0     0      0         6
M1_OD_CDNS_75921225830147        6        0        0       0     0      0         6
nch_25_macx_CDNS_75921225830162       13        0        0       0     0      0        13
pch_25_macx_CDNS_75921225830167       14        0        0       0     0      0        14
M3_M2_CDNS_75921225830164        4        0        0       0     0      0         4
M2_M1_CDNS_75921225830165        4        0        0       0     0      0         4
M8_M7_CDNS_75921225830168        6        0        0       0     0      0         6
pch_25_mac_CDNS_75921225830186       71        0        0       0     0      0        71
pch_25_mac_CDNS_75921225830187       71        0        0       0     0      0        71
nch_25_macx_CDNS_75921225830191       59        0        0       0     0      0        59
nch_25_macx_CDNS_75921225830192       59        0        0       0     0      0        59
mimcap_CDNS_75921225830193      885        2        0       0     0      0       887
nch_25_macx_CDNS_75921225830194       58        1        0       0     0      0        59
nch_25_macx_CDNS_75921225830195       58        1        0       0     0      0        59
pch_25_macx_CDNS_75921225830200      110        0        0       0     0      0       110
pch_25_macx_CDNS_75921225830201      110        0        0       0     0      0       110
pch_25_macx_CDNS_75921225830202       34        0        0       0     0      0        34
pch_25_macx_CDNS_75921225830203       34        0        0       0     0      0        34
nch_25_macx_CDNS_75921225830206       28        0        0       0     0      0        28
nch_25_macx_CDNS_75921225830207       28        0        0       0     0      0        28
M2_M1_CDNS_7592122583081       98        0        0       0     0      0        98
M3_M2_CDNS_7592122583082      682        0        0       0     0      0       682
M2_M1_CDNS_7592122583083       12        0        0       0     0      0        12
M2_M1_CDNS_7592122583084       50        0        0       0     0      0        50
M2_M1_CDNS_7592122583085       12        0        0       0     0      0        12
M2_M1_CDNS_7592122583087       26        0        0       0     0      0        26
M8_M7_CDNS_7592122583088        4        0        0       0     0      0         4
M7_M6_CDNS_7592122583089       14        0        0       0     0      0        14
M6_M5_CDNS_7592122583090       14        0        0       0     0      0        14
M5_M4_CDNS_7592122583091       14        0        0       0     0      0        14
M4_M3_CDNS_7592122583092       14        0        0       0     0      0        14
M3_M2_CDNS_7592122583093       14        0        0       0     0      0        14
M2_M1_CDNS_7592122583094       14        0        0       0     0      0        14
M3_M2_CDNS_7592122583096        6        0        0       0     0      0         6
M2_M1_CDNS_7592122583097        4        0        0       0     0      0         4
M3_M2_CDNS_75921225830100        4        0        0       0     0      0         4
M4_M3_CDNS_75921225830101       10        0        0       0     0      0        10
M5_M4_CDNS_75921225830102       10        0        0       0     0      0        10
M3_M2_CDNS_75921225830103        3        0        0       0     0      0         3
M3_M2_CDNS_75921225830104        4        0        0       0     0      0         4
M3_M2_CDNS_75921225830106        4        0        0       0     0      0         4
M3_M2_CDNS_75921225830107        4        0        0       0     0      0         4
M4_M3_CDNS_75921225830108        4        0        0       0     0      0         4
M5_M4_CDNS_75921225830109        4        0        0       0     0      0         4
M5_M4_CDNS_75921225830110        4        0        0       0     0      0         4
M4_M3_CDNS_75921225830111        4        0        0       0     0      0         4
M3_M2_CDNS_75921225830113        4        0        0       0     0      0         4
M3_M2_CDNS_75921225830114        4        0        0       0     0      0         4
M4_M3_CDNS_75921225830115        4        0        0       0     0      0         4
M3_M2_CDNS_75921225830116        4        0        0       0     0      0         4
M2_M1_CDNS_75921225830117        4        0        0       0     0      0         4
M3_M2_CDNS_75921225830118        4        0        0       0     0      0         4
M5_M4_CDNS_75921225830119        4        0        0       0     0      0         4
M4_M3_CDNS_75921225830120        4        0        0       0     0      0         4
M4_M3_CDNS_75921225830121        4        0        0       0     0      0         4
M4_M3_CDNS_75921225830122        4        0        0       0     0      0         4
M5_M4_CDNS_75921225830124        4        0        0       0     0      0         4
M4_M3_CDNS_75921225830125        3        0        0       0     0      0         3
M5_M4_CDNS_75921225830129        4        0        0       0     0      0         4
M3_M2_CDNS_75921225830131        4        0        0       0     0      0         4
M4_M3_CDNS_75921225830132        4        0        0       0     0      0         4
M4_M3_CDNS_75921225830134        3        0        0       0     0      0         3
M4_M3_CDNS_75921225830138        4        0        0       0     0      0         4
M3_M2_CDNS_75921225830140        4        0        0       0     0      0         4
BiasGenCascWideSwing     2690       47        0       0   218      0      2955
TGN16A             12        9        0       0     8      0        29
DacPowerSupply     4405       52        0       0   109      0      4566
mimcap_CDNS_75921225830185     1299        2        0       0     0      0      1301
TGP16A             12        9        0       0     8      0        29
HBG526_SUB_V3A_SIDEA_RPO_095       10       20        0       0   374      0       404
HBG526_R_UNIT        0        0        0       0     0      0         0
HBG526_PC_2         3        0        0       0     0      0         3
HBG526_UNT_PCLAMPA_RPO_095       22        2        0       0   250      0       274
HBG526_NMOS30D7X055X2_RPO_095       19        4        0       0   219      0       242
MASCO__X2           2        0        0       0     8      0        10
MASCO__X3           0        0        0       0    12      0        12
MASCO__Y17          2        0        0       0     6      0         8
MASCO__Y18          0        0        0       0     7      0         7
MASCO__Y19          0        0        0       0     9      0         9
M3_M2_CDNS_75921225830169        4        0        0       0     0      0         4
M5_M4_CDNS_75921225830172      238        0        0       0     0      0       238
M2_M1_CDNS_75921225830174        9        0        0       0     0      0         9
M2_M1_CDNS_75921225830176     1970        0        0       0     0      0      1970
M3_M2_CDNS_75921225830177        6        0        0       0     0      0         6
M4_M3_CDNS_75921225830178     1970        0        0       0     0      0      1970
M1_OD_CDNS_75921225830179        6        0        0       0     0      0         6
M5_M4_CDNS_75921225830180     1970        0        0       0     0      0      1970
M3_M2_CDNS_75921225830181        4        0        0       0     0      0         4
M5_M4_CDNS_75921225830185      196        0        0       0     0      0       196
M1_OD_CDNS_75921225830186     1970        0        0       0     0      0      1970
M7_M6_CDNS_75921225830187     1970        0        0       0     0      0      1970
M3_M2_CDNS_75921225830188     1970        0        0       0     0      0      1970
M6_M5_CDNS_75921225830189     1970        0        0       0     0      0      1970
M5_M4_CDNS_75921225830190      274        0        0       0     0      0       274
M5_M4_CDNS_75921225830193       18        0        0       0     0      0        18
M3_M2_CDNS_75921225830198        4        0        0       0     0      0         4
M5_M4_CDNS_75921225830201       15        0        0       0     0      0        15
M5_M4_CDNS_75921225830203       36        0        0       0     0      0        36
M2_M1_CDNS_75921225830204        4        0        0       0     0      0         4
M1_PO_CDNS_75921225830206        4        0        0       0     0      0         4
M2_M1_CDNS_75921225830207        4        0        0       0     0      0         4
M2_M1_CDNS_75921225830208        4        0        0       0     0      0         4
M2_M1_CDNS_75921225830209        5        0        0       0     0      0         5
M1_PO_CDNS_75921225830210        4        0        0       0     0      0         4
pch_25_CDNS_75921225830210       14        0        0       0     0      0        14
pch_25_CDNS_75921225830213       14        0        0       0     0      0        14
pch_25_CDNS_75921225830216       11        0        0       0     0      0        11
nch_25_CDNS_75921225830217       13        0        0       0     0      0        13
nch_25_CDNS_75921225830219       21        0        0       0     0      0        21
LS10TO25FastFallBuf_comp      192       28        0       0    40      0       260
LS10TO25DualOutput_r1       19       15        0       0    39      0        73
rppolywo_CDNS_75921225830222       36        0        0       0     0      0        36
LS25TO10Dual      137       24        0       0    38      0       199
M7_M6_CDNS_75921225830215        5        0        0       0     0      0         5
M5_M4_CDNS_75921225830216        5        0        0       0     0      0         5
M6_M5_CDNS_75921225830217        5        0        0       0     0      0         5
M4_M3_CDNS_75921225830218        5        0        0       0     0      0         5
M6_M5_CDNS_75921225830219        5        0        0       0     0      0         5
M5_M4_CDNS_75921225830220        5        0        0       0     0      0         5
M7_M6_CDNS_75921225830221        5        0        0       0     0      0         5
M3_M2_CDNS_75921225830222        5        0        0       0     0      0         5
M2_M1_CDNS_75921225830230        4        0        0       0     0      0         4
nch_25_mac_CDNS_75921225830231       14        0        0       0     0      0        14
pch_25_mac_CDNS_75921225830236       20        0        0       0     0      0        20
nch_25_mac_CDNS_75921225830244       14        0        0       0     0      0        14
pch_25_mac_CDNS_75921225830245       20        0        0       0     0      0        20
Comparator_2V5_Mei      617       43        0       0   176      0       836
M2_M1_CDNS_75921225830233        4        0        0       0     0      0         4
M2_M1_CDNS_75921225830234       14        0        0       0     0      0        14
M3_M2_CDNS_75921225830235       14        0        0       0     0      0        14
M3_M2_CDNS_75921225830236        4        0        0       0     0      0         4
M3_M2_CDNS_75921225830238        4        0        0       0     0      0         4
M1_OD_CDNS_75921225830239        4        0        0       0     0      0         4
NOR2X0P5MA10TH       39        5        0       0     0      0        44
OR2X1MA10TH        53        8        0       0     0      0        61
INVX1BA10TH        26        4        0       0     0      0        30
NAND2X1BA10TH       39        5        0       0     0      0        44
DFFNRPQX1MA10TH_Spacing_Modded      186       40        0       0     0      0       226
DFFNSQX1MA10TH_Spacing_Modded      183       44        0       0     0      0       227
DFFNSRPQX1MA10TH_Spacing_Modded      227       42        0       0     0      0       269
M1_PO_CDNS_75921225830240       12        0        0       0     0      0        12
M1_PO_CDNS_75921225830241       24        0        0       0     0      0        24
M2_M1_CDNS_75921225830242        4        0        0       0     0      0         4
M2_M1_CDNS_75921225830243        4        0        0       0     0      0         4
M2_M1_CDNS_75921225830244        5        0        0       0     0      0         5
M2_M1_CDNS_75921225830245        6        0        0       0     0      0         6
M2_M1_CDNS_75921225830246        4        0        0       0     0      0         4
M1_PO_CDNS_75921225830247       47        0        0       0     0      0        47
pch_25_mac_CDNS_75921225830246       31        0        0       0     0      0        31
pch_25_mac_CDNS_75921225830247       31        0        0       0     0      0        31
pch_25_mac_CDNS_75921225830248       20        0        0       0     0      0        20
nch_25_mac_CDNS_75921225830249       20        0        0       0     0      0        20
pch_25_mac_CDNS_75921225830250       31        0        0       0     0      0        31
nch_25_mac_CDNS_75921225830251       14        0        0       0     0      0        14
pch_25_mac_CDNS_75921225830252       20        0        0       0     0      0        20
nch_25_mac_CDNS_75921225830253       14        0        0       0     0      0        14
nch_25_mac_CDNS_75921225830254       20        0        0       0     0      0        20
pch_25_mac_CDNS_75921225830255       31        0        0       0     0      0        31
nch_25_mac_CDNS_75921225830256       14        0        0       0     0      0        14
nch_25_mac_CDNS_75921225830257       14        0        0       0     0      0        14
pch_25_mac_CDNS_75921225830258       20        0        0       0     0      0        20
pch_25_mac_CDNS_75921225830259       20        0        0       0     0      0        20
nch_25_mac_CDNS_75921225830260       14        0        0       0     0      0        14
pch_25_mac_CDNS_75921225830261       20        0        0       0     0      0        20
pch_25_mac_CDNS_75921225830262       31        0        0       0     0      0        31
pch_25_mac_CDNS_75921225830263       31        0        0       0     0      0        31
pch_25_mac_CDNS_75921225830264       20        0        0       0     0      0        20
pch_25_mac_CDNS_75921225830265       20        0        0       0     0      0        20
nch_25_mac_CDNS_75921225830266       20        0        0       0     0      0        20
nch_25_mac_CDNS_75921225830267       14        0        0       0     0      0        14
nch_25_mac_CDNS_75921225830268       14        0        0       0     0      0        14
nch_25_mac_CDNS_75921225830269       20        0        0       0     0      0        20
pch_25_mac_CDNS_75921225830270       20        0        0       0     0      0        20
nch_25_mac_CDNS_75921225830271       14        0        0       0     0      0        14
pch_25_mac_CDNS_75921225830272       31        0        0       0     0      0        31
nch_25_mac_CDNS_75921225830273       14        0        0       0     0      0        14
nch_25_mac_CDNS_75921225830274       20        0        0       0     0      0        20
nch_25_mac_CDNS_75921225830275       20        0        0       0     0      0        20
nch_25_mac_CDNS_75921225830276       20        0        0       0     0      0        20
nch_25_mac_CDNS_75921225830277       20        0        0       0     0      0        20
pch_25_mac_CDNS_75921225830278       31        0        0       0     0      0        31
pch_25_mac_CDNS_75921225830279       20        0        0       0     0      0        20
nch_25_mac_CDNS_75921225830280       20        0        0       0     0      0        20
Sample_Switch_2V5_r1      314       64        0       0   260      0       638
MASCO__X1           5        0        0       0     4      0         9
bts_pmos         4220       61        0       0   469      0      4750
M8_M7_CDNS_75921225830260        8        0        0       0     0      0         8
M7_M6_CDNS_75921225830261       40        0        0       0     0      0        40
M6_M5_CDNS_75921225830262       40        0        0       0     0      0        40
M5_M4_CDNS_75921225830263       40        0        0       0     0      0        40
M4_M3_CDNS_75921225830264       40        0        0       0     0      0        40
mimcap_CDNS_75921225830292     2534        2        0       0     0      0      2536
rnpoly_CDNS_75921225830301      132        0        0       0     0      0       132
AdcMimComparatorMei      721       61        0       0   175      0       957
nch_25_mac_CDNS_7592122583091       39        0        0       0     0      0        39
nch_25_mac_CDNS_7592122583092       39        0        0       0     0      0        39
nch_25_mac_CDNS_7592122583093       39        0        0       0     0      0        39
nch_25_mac_CDNS_7592122583094       39        0        0       0     0      0        39
nch_25_mac_CDNS_7592122583095       39        0        0       0     0      0        39
nch_25_mac_CDNS_7592122583096       39        0        0       0     0      0        39
nch_25_mac_CDNS_7592122583097       70        0        0       0     0      0        70
pch_25_mac_CDNS_7592122583098       40        0        0       0     0      0        40
pch_25_mac_CDNS_7592122583099       40        0        0       0     0      0        40
pch_25_mac_CDNS_75921225830100       71        0        0       0     0      0        71
pch_25_mac_CDNS_75921225830101       40        0        0       0     0      0        40
pch_25_mac_CDNS_75921225830102       40        0        0       0     0      0        40
pch_25_mac_CDNS_75921225830103       40        0        0       0     0      0        40
pch_25_mac_CDNS_75921225830104       40        0        0       0     0      0        40
pch_25_mac_CDNS_75921225830105       71        0        0       0     0      0        71
pch_25_mac_CDNS_75921225830106       40        0        0       0     0      0        40
pch_25_mac_CDNS_75921225830107       40        0        0       0     0      0        40
pch_25_mac_CDNS_75921225830108       40        0        0       0     0      0        40
pch_25_mac_CDNS_75921225830109       40        0        0       0     0      0        40
pch_25_mac_CDNS_75921225830110       40        0        0       0     0      0        40
pch_25_mac_CDNS_75921225830111       40        0        0       0     0      0        40
pch_25_mac_CDNS_75921225830112       40        0        0       0     0      0        40
pch_25_mac_CDNS_75921225830113       40        0        0       0     0      0        40
pch_25_mac_CDNS_75921225830114       71        0        0       0     0      0        71
pch_25_mac_CDNS_75921225830115       71        0        0       0     0      0        71
pch_25_macx_CDNS_75921225830168       90        0        0       0     0      0        90
M1_PO_CDNS_75921225830146        6        0        0       0     0      0         6
M8_M7_CDNS_75921225830148        4        0        0       0     0      0         4
M3_M2_CDNS_75921225830149        3        0        0       0     0      0         3
pch_25_macx_CDNS_75921225830141      165        0        0       0     0      0       165
nch_25x_CDNS_75921225830145       29        0        0       0     0      0        29
pch_25_macx_CDNS_75921225830146       70        0        0       0     0      0        70
nch_25_macx_CDNS_75921225830149       40        0        0       0     0      0        40
nch_25_macx_CDNS_75921225830150       40        0        0       0     0      0        40
mimcap_CDNS_75921225830153      709        2        0       0     0      0       711
nch_25_macx_CDNS_75921225830157       91        0        0       0     0      0        91
nch_25_macx_CDNS_75921225830158       91        0        0       0     0      0        91
pch_25_macx_CDNS_75921225830159      176        0        0       0     0      0       176
pch_25_macx_CDNS_75921225830160      176        0        0       0     0      0       176
pch_25_macx_CDNS_75921225830161       14        0        0       0     0      0        14
INVX1              12        5        0       0     5      0        22
M1_OD_CDNS_75921225830160       27        0        0       0     0      0        27
nch_25_macx_CDNS_75921225830170      169        0        0       0     0      0       169
pch_25_macx_CDNS_75921225830171      170        0        0       0     0      0       170
pch_25_macx_CDNS_75921225830172       14        0        0       0     0      0        14
nch_25_macx_CDNS_75921225830173       13        0        0       0     0      0        13
M1_OD_CDNS_75921225830163       10        0        0       0     0      0        10
nch_25_macx_CDNS_75921225830175      159        0        0       0     0      0       159
pch_25_macx_CDNS_75921225830180       14        0        0       0     0      0        14
nch_25x_CDNS_75921225830181       13        0        0       0     0      0        13
nch_25_macx_CDNS_75921225830182       74        0        0       0     0      0        74
HBG526_OC_1_1        2        0        0       0     0      0         2
HBG526_V1_2         3        0        0       0     0      0         3
HBG526_OC_2         2        0        0       0     0      0         2
HBG526_V1_1_1        3        0        0       0     0      0         3
HBG526_V2_1_1        3        0        0       0     0      0         3
MASCO__X6           2        0        0       0    12      0        14
MASCO__X9           1        0        0       0     8      0         9
MASCO__X12          1        0        0       0     9      0        10
MASCO__X13          2        0        0       0     4      0         6
MASCO__X14          2        0        0       0     9      0        11
MASCO__X15          2        0        0       0    12      0        14
MASCO__X16          2        0        0       0    10      0        12
MASCO__Y23          2        0        0       0     7      0         9
HBG526_NMOS1X05_1        5        0        0       0     8      0        13
HBG526_PMOS3X04A        5        0        0       0    45      0        50
MASCO__X10          1        0        0       0    10      0        11
MASCO__Y21          1        0        0       0     5      0         6
MASCO__Y22          2        0        0       0     5      0         7
HBG526_V2_2         3        0        0       0     0      0         3
MASCO__X5           2        0        0       0     8      0        10
MASCO__X7           2        0        0       0     7      0         9
MASCO__X8           2        0        0       0     7      0         9
MASCO__Y20          2        0        0       0    10      0        12
MASCO__X4           2        0        0       0    10      0        12
M2_M1_CDNS_75921225830205        4        0        0       0     0      0         4
nch_lvt_CDNS_75921225830211       13        0        0       0     0      0        13
pch_lvt_CDNS_75921225830215       14        0        0       0     0      0        14
nch_25_CDNS_75921225830220       13        0        0       0     0      0        13
nch_25_CDNS_75921225830221       10        0        0       0     0      0        10
M1_PO_CDNS_75921225830211        4        0        0       0     0      0         4
M2_M1_CDNS_75921225830212        4        0        0       0     0      0         4
M3_M2_CDNS_75921225830213        4        0        0       0     0      0         4
M1_PO_CDNS_75921225830214        4        0        0       0     0      0         4
pch_25_mac_CDNS_75921225830223       14        0        0       0     0      0        14
nch_25_mac_CDNS_75921225830224       13        0        0       0     0      0        13
nch_lvt_mac_CDNS_75921225830225       15        0        0       0     0      0        15
pch_lvt_mac_CDNS_75921225830226       16        0        0       0     0      0        16
nch_25_mac_CDNS_75921225830227       10        0        0       0     0      0        10
pch_lvt_mac_CDNS_75921225830228       13        0        0       0     0      0        13
nch_lvt_mac_CDNS_75921225830229       12        0        0       0     0      0        12
M1_PO_CDNS_75921225830223        6        0        0       0     0      0         6
M3_M2_CDNS_75921225830224        4        0        0       0     0      0         4
M2_M1_CDNS_75921225830225        6        0        0       0     0      0         6
M3_M2_CDNS_75921225830226        4        0        0       0     0      0         4
M1_OD_CDNS_75921225830227        5        0        0       0     0      0         5
M1_PO_CDNS_75921225830228        4        0        0       0     0      0         4
M1_OD_CDNS_75921225830229        4        0        0       0     0      0         4
M3_M2_CDNS_75921225830231        5        0        0       0     0      0         5
M2_M1_CDNS_75921225830232        5        0        0       0     0      0         5
pch_25_mac_CDNS_75921225830230       31        0        0       0     0      0        31
pch_25_mac_CDNS_75921225830232       20        0        0       0     0      0        20
pch_25_mac_CDNS_75921225830233       17        0        0       0     0      0        17
pch_25_mac_CDNS_75921225830234       31        0        0       0     0      0        31
nch_25_mac_CDNS_75921225830235       14        0        0       0     0      0        14
pch_25_mac_CDNS_75921225830237        9        0        0       0     0      0         9
nch_25_mac_CDNS_75921225830238       14        0        0       0     0      0        14
nch_25_mac_CDNS_75921225830239       20        0        0       0     0      0        20
nch_25_mac_CDNS_75921225830240       11        0        0       0     0      0        11
nch_25_mac_CDNS_75921225830241       11        0        0       0     0      0        11
pch_25_mac_CDNS_75921225830242       13        0        0       0     0      0        13
nch_25_mac_CDNS_75921225830243       11        0        0       0     0      0        11
M2_M1_CDNS_75921225830249       46        0        0       0     0      0        46
M3_M2_CDNS_75921225830250       46        0        0       0     0      0        46
M3_M2_CDNS_75921225830251       29        0        0       0     0      0        29
M2_M1_CDNS_75921225830255       29        0        0       0     0      0        29
M3_M2_CDNS_75921225830256       38        0        0       0     0      0        38
M2_M1_CDNS_75921225830257       38        0        0       0     0      0        38
M2_M1_CDNS_75921225830258        4        0        0       0     0      0         4
pch_25_CDNS_75921225830281        9        0        0       0     0      0         9
pch_25_CDNS_75921225830282       12        0        0       0     0      0        12
pch_25_CDNS_75921225830283       15        0        0       0     0      0        15
nch_25_dnw_CDNS_75921225830284       15        0        0       0     0      0        15
nch_25_CDNS_75921225830285       14        0        0       0     0      0        14
nch_25_dnw_CDNS_75921225830286        9        0        0       0     0      0         9
nch_25_dnw_CDNS_75921225830287       15        0        0       0     0      0        15
nch_25_dnw_CDNS_75921225830288       15        0        0       0     0      0        15
nch_25_CDNS_75921225830289       14        0        0       0     0      0        14
pch_25_CDNS_75921225830290       15        0        0       0     0      0        15
nch_25_CDNS_75921225830291        8        0        0       0     0      0         8
pch_25_macx_CDNS_75921225830302       41        0        0       0     0      0        41
nch_25_macx_CDNS_75921225830303       20        0        0       0     0      0        20
NOR2X1             18        9        0       0     6      0        33
M1_OD_CDNS_75921225830150        3        0        0       0     0      0         3
pch_25_macx_CDNS_75921225830163       20        0        0       0     0      0        20
MASCO__X11          2        0        0       0    12      0        14
pch_25_CDNS_75921225830304       16        0        0       0     0      0        16
----------------------------------------------------------------------

Object Statistics of Layers
Layer   Objects
----------------
   0        6433
   1           5
   2           2
   5           1
   7       15996
   8        1408
   9         155
  10          16
  13        7128
  14           5
  16           2
  19        6077
  24        2860
  28        6574
  32          11
  35          53
  41          46
  48          11
  54          19
  55          97
  59          99
  72        1586
  84         575
  85          16
  86         193
  90           1
  95         170
 108           2
 131         472
 133         218
 135           2
 136           2
 144        2108
 168       33657
 184         351
 197          46
 210         312
 211          71
 214         208
 216         208
 220           2
 221        6524
 224          70
 229          45
 230        1848
 234        1365
 235         131
 238          45
 239         939
 241         283
 242           4
 243         361
 245         156
 247         148
 249          47
 253         170
----------------

Object Summary
------------------
     Box     97783
 Polygon      1551
    Path         0
   Label         0
Instance      8275
   Array         0
------------------
   Total    107609


Output property: 107609
Total CPU Time          : 0(s)
Total Real Time         : 0(s)
Peak Memory Used        : 7(M)
