********************************************************************************
db2gds 20.10-p029 64 bit (Mon Sep 28 20:09:41 PDT 2020)
Build Ref No.: 029 Production (09-28-2020) [pvs_2010]

Copyright 2020 Cadence Design Systems, Inc.
All rights reserved worldwide.

Build O/S:       Linux x86_64 2.6.32-431.11.2.el6.x86_64
Executed on:     atlas (Linux x86_64 5.3.18-lp152.106-default)
Process Id:      41242
Starting Time:   Sat Oct  4 00:19:20 2025 (Sat Oct  4 05:19:20 2025 GMT)
With parameters: top_level_sch_40462 erc.db top_level_sch -lmap lmapZXzytl -gdslib drc.db -gds_scale 1000 -property 
********************************************************************************

Library name: top_level_sch_40462
GDSII file name: erc.db
Cells to be written out: top_level_sch
Source Library: top_level_sch_40462
Layer mapping file(GDS <- DMC): lmapZXzytl
    0 (dt:0) <- 0
    0 (dt:0) <- 0
    0 (dt:0) <- 0
    0 (dt:0) <- 0
    0 (dt:0) <- 0
    0 (dt:0) <- 0
    0 (dt:0) <- 0
    0 (dt:0) <- 0
    0 (dt:0) <- 0
Cell name case: PRESERVE
Option: output object property


                Object Statistics of Cells                            
Cell Name         Box  Polygon     Path   Label Instance Array    Total
----------------------------------------------------------------------
top_level_sch        0        0        0       0   437      0       437
M3_M2_CDNS_759555152330        0        0        0       0     0      0         0
M4_M3_CDNS_759555152331        0        0        0       0     0      0         0
M5_M4_CDNS_759555152332        0        0        0       0     0      0         0
M4_M3_CDNS_759555152334        0        0        0       0     0      0         0
M3_M2_CDNS_759555152335        0        0        0       0     0      0         0
M4_M3_CDNS_759555152336        0        0        0       0     0      0         0
M3_M2_CDNS_759555152337        0        0        0       0     0      0         0
M3_M2_CDNS_759555152338        0        0        0       0     0      0         0
M4_M3_CDNS_759555152339        0        0        0       0     0      0         0
M3_M2_CDNS_7595551523310        0        0        0       0     0      0         0
M2_M1_CDNS_7595551523311        0        0        0       0     0      0         0
M2_M1_CDNS_7595551523312        0        0        0       0     0      0         0
M1_PO_CDNS_7595551523313        0        0        0       0     0      0         0
M3_M2_CDNS_7595551523314        0        0        0       0     0      0         0
M5_M4_CDNS_7595551523316        0        0        0       0     0      0         0
M2_M1_CDNS_7595551523317        0        0        0       0     0      0         0
M3_M2_CDNS_7595551523319        0        0        0       0     0      0         0
M2_M1_CDNS_7595551523320        0        0        0       0     0      0         0
M2_M1_CDNS_7595551523321        0        0        0       0     0      0         0
M3_M2_CDNS_7595551523323        0        0        0       0     0      0         0
M5_M4_CDNS_7595551523324        0        0        0       0     0      0         0
M4_M3_CDNS_7595551523325        0        0        0       0     0      0         0
M3_M2_CDNS_7595551523326        0        0        0       0     0      0         0
M2_M1_CDNS_7595551523327        0        0        0       0     0      0         0
M2_M1_CDNS_7595551523328        0        0        0       0     0      0         0
M5_M4_CDNS_7595551523331        0        0        0       0     0      0         0
M4_M3_CDNS_7595551523332        0        0        0       0     0      0         0
M3_M2_CDNS_7595551523333        0        0        0       0     0      0         0
M2_M1_CDNS_7595551523334        0        0        0       0     0      0         0
M4_M3_CDNS_7595551523336        0        0        0       0     0      0         0
M3_M2_CDNS_7595551523338        0        0        0       0     0      0         0
M4_M3_CDNS_7595551523339        0        0        0       0     0      0         0
M2_M1_CDNS_7595551523340        0        0        0       0     0      0         0
potentiostat_pmos_sch4lay        0        0        0       0   979      0       979
M2_M1_CDNS_7595551523373        0        0        0       0     0      0         0
M2_M1_CDNS_7595551523375        0        0        0       0     0      0         0
M2_M1_CDNS_7595551523376        0        0        0       0     0      0         0
M1_PO_CDNS_7595551523377        0        0        0       0     0      0         0
M1_OD_CDNS_7595551523378        0        0        0       0     0      0         0
LVLD10A25PP         0        0        0       0    47      0        47
LVLD10A25PP6        0        0        0       0     3      0         3
MUX2A               0        0        0       0    33      0        33
Dac2V5R2R14         0        0        0       0   447      0       447
LVLD10A25PP14        0        0        0       0     7      0         7
OpAmpCurrentMirrorP        0        0        0       0   240      0       240
BiasGenCascWideSwingGlobal        0        0        0       0   651      0       651
pch_25_CDNS_75955515233212        0        0        0       0     0      0         0
NEW_ADC_Main_2V5_Sync_0p13s_0p70lsb        0        0        0       0  1833      0      1833
nch_25_CDNS_75955515233305        0        0        0       0     0      0         0
dualSlope_sch4lay        0        0        0       0   228      0       228
M1_PO_CDNS_7595551523341        0        0        0       0     0      0         0
M1_PO_CDNS_7595551523342        0        0        0       0     0      0         0
M1_PO_CDNS_7595551523345        0        0        0       0     0      0         0
M2_M1_CDNS_7595551523346        0        0        0       0     0      0         0
M1_PO_CDNS_7595551523347        0        0        0       0     0      0         0
M3_M2_CDNS_7595551523350        0        0        0       0     0      0         0
M2_M1_CDNS_7595551523351        0        0        0       0     0      0         0
M3_M2_CDNS_7595551523352        0        0        0       0     0      0         0
M2_M1_CDNS_7595551523353        0        0        0       0     0      0         0
pch_25_mac_CDNS_759555152330        0        0        0       0     0      0         0
M1_PO_CDNS_7595551523354        0        0        0       0     0      0         0
M1_PO_CDNS_7595551523355        0        0        0       0     0      0         0
M1_PO_CDNS_7595551523356        0        0        0       0     0      0         0
M1_PO_CDNS_7595551523357        0        0        0       0     0      0         0
M3_M2_CDNS_7595551523358        0        0        0       0     0      0         0
M8_M7_CDNS_7595551523361        0        0        0       0     0      0         0
M7_M6_CDNS_7595551523362        0        0        0       0     0      0         0
M6_M5_CDNS_7595551523363        0        0        0       0     0      0         0
M5_M4_CDNS_7595551523364        0        0        0       0     0      0         0
M4_M3_CDNS_7595551523365        0        0        0       0     0      0         0
M3_M2_CDNS_7595551523366        0        0        0       0     0      0         0
M2_M1_CDNS_7595551523367        0        0        0       0     0      0         0
pch_25_mac_CDNS_759555152332        0        0        0       0     0      0         0
pch_25_mac_CDNS_759555152333        0        0        0       0     0      0         0
nch_25_mac_CDNS_759555152335        0        0        0       0     0      0         0
nch_25_mac_CDNS_759555152336        0        0        0       0     0      0         0
rnpoly_CDNS_7595551523310        0        0        0       0     0      0         0
rnpoly_CDNS_7595551523311        0        0        0       0     0      0         0
rnpoly_CDNS_7595551523314        0        0        0       0     0      0         0
rnpoly_CDNS_7595551523315        0        0        0       0     0      0         0
pch_25_mac_CDNS_7595551523316        0        0        0       0     0      0         0
nch_25_mac_CDNS_7595551523318        0        0        0       0     0      0         0
rnpoly_CDNS_7595551523319        0        0        0       0     0      0         0
nch_25_mac_CDNS_7595551523327        0        0        0       0     0      0         0
pch_25_mac_CDNS_7595551523328        0        0        0       0     0      0         0
nch_25_mac_CDNS_7595551523330        0        0        0       0     0      0         0
pch_25_mac_CDNS_7595551523331        0        0        0       0     0      0         0
pch_25_mac_CDNS_7595551523333        0        0        0       0     0      0         0
pch_25_mac_CDNS_7595551523336        0        0        0       0     0      0         0
nch_25_mac_CDNS_7595551523337        0        0        0       0     0      0         0
pch_25_mac_CDNS_7595551523339        0        0        0       0     0      0         0
nch_25_mac_CDNS_7595551523340        0        0        0       0     0      0         0
nch_25_mac_CDNS_7595551523342        0        0        0       0     0      0         0
nch_25_mac_CDNS_7595551523343        0        0        0       0     0      0         0
nch_25_mac_CDNS_7595551523346        0        0        0       0     0      0         0
nch_25_mac_CDNS_7595551523350        0        0        0       0     0      0         0
nch_25_mac_CDNS_7595551523357        0        0        0       0     0      0         0
pch_25_mac_CDNS_7595551523358        0        0        0       0     0      0         0
pch_25_mac_CDNS_7595551523359        0        0        0       0     0      0         0
pch_25_mac_CDNS_7595551523360        0        0        0       0     0      0         0
pch_25_mac_CDNS_7595551523362        0        0        0       0     0      0         0
pch_25_mac_CDNS_7595551523363        0        0        0       0     0      0         0
nch_25_mac_CDNS_7595551523364        0        0        0       0     0      0         0
nch_25_mac_CDNS_7595551523365        0        0        0       0     0      0         0
pch_25_mac_CDNS_7595551523366        0        0        0       0     0      0         0
pch_25_mac_CDNS_7595551523370        0        0        0       0     0      0         0
nch_25_mac_CDNS_7595551523372        0        0        0       0     0      0         0
pch_25_mac_CDNS_7595551523373        0        0        0       0     0      0         0
nch_25_mac_CDNS_7595551523374        0        0        0       0     0      0         0
pch_25_mac_CDNS_7595551523377        0        0        0       0     0      0         0
rppolywo_CDNS_7595551523378        0        0        0       0     0      0         0
TGP2A               0        0        0       0     7      0         7
pch_25_mac_CDNS_7595551523383        0        0        0       0     0      0         0
pch_25_mac_CDNS_7595551523384        0        0        0       0     0      0         0
pch_25_mac_CDNS_7595551523385        0        0        0       0     0      0         0
pch_25_mac_CDNS_7595551523386        0        0        0       0     0      0         0
pch_25_mac_CDNS_7595551523387        0        0        0       0     0      0         0
pch_25_mac_CDNS_7595551523388        0        0        0       0     0      0         0
pch_25_mac_CDNS_7595551523389        0        0        0       0     0      0         0
pch_25_mac_CDNS_7595551523390        0        0        0       0     0      0         0
folded_cascode_pmos        0        0        0       0   499      0       499
pch_25_mac_CDNS_75955515233116        0        0        0       0     0      0         0
pch_25_mac_CDNS_75955515233117        0        0        0       0     0      0         0
pch_25_mac_CDNS_75955515233118        0        0        0       0     0      0         0
pch_25_mac_CDNS_75955515233120        0        0        0       0     0      0         0
M2_M1_CDNS_7595551523372        0        0        0       0     0      0         0
nch_25_CDNS_75955515233125        0        0        0       0     0      0         0
pch_25_CDNS_75955515233126        0        0        0       0     0      0         0
M1_PO_CDNS_7595551523369        0        0        0       0     0      0         0
M1_OD_CDNS_7595551523379        0        0        0       0     0      0         0
nch_25x_CDNS_75955515233127        0        0        0       0     0      0         0
nch_25x_CDNS_75955515233128        0        0        0       0     0      0         0
nch_25x_CDNS_75955515233129        0        0        0       0     0      0         0
nch_25x_CDNS_75955515233130        0        0        0       0     0      0         0
pch_25x_CDNS_75955515233131        0        0        0       0     0      0         0
pch_25x_CDNS_75955515233132        0        0        0       0     0      0         0
pch_25x_CDNS_75955515233133        0        0        0       0     0      0         0
pch_25x_CDNS_75955515233134        0        0        0       0     0      0         0
nch_25x_CDNS_75955515233135        0        0        0       0     0      0         0
pch_25x_CDNS_75955515233136        0        0        0       0     0      0         0
M3_M2_CDNS_7595551523395        0        0        0       0     0      0         0
M2_M1_CDNS_75955515233158        0        0        0       0     0      0         0
M1_OD_CDNS_75955515233159        0        0        0       0     0      0         0
rppolywo_CDNS_75955515233165        0        0        0       0     0      0         0
AND2X8              0        0        0       0     7      0         7
MASCO__B5           0        0        0       0     2      0         2
MASCO__B6           0        0        0       0     2      0         2
MASCO__B7           0        0        0       0     2      0         2
MASCO__B8           0        0        0       0     2      0         2
M1_OD_CDNS_7595551523370        0        0        0       0     0      0         0
nch_25_macx_CDNS_7595551523379        0        0        0       0     0      0         0
pch_25_macx_CDNS_7595551523380        0        0        0       0     0      0         0
pch_25_macx_CDNS_7595551523381        0        0        0       0     0      0         0
nch_25_macx_CDNS_7595551523382        0        0        0       0     0      0         0
M6_M5_CDNS_7595551523398        0        0        0       0     0      0         0
M7_M6_CDNS_7595551523399        0        0        0       0     0      0         0
M1_OD_CDNS_75955515233147        0        0        0       0     0      0         0
nch_25_macx_CDNS_75955515233162        0        0        0       0     0      0         0
pch_25_macx_CDNS_75955515233167        0        0        0       0     0      0         0
M3_M2_CDNS_75955515233164        0        0        0       0     0      0         0
M2_M1_CDNS_75955515233165        0        0        0       0     0      0         0
M8_M7_CDNS_75955515233168        0        0        0       0     0      0         0
pch_25_mac_CDNS_75955515233186        0        0        0       0     0      0         0
pch_25_mac_CDNS_75955515233187        0        0        0       0     0      0         0
nch_25_macx_CDNS_75955515233191        0        0        0       0     0      0         0
nch_25_macx_CDNS_75955515233192        0        0        0       0     0      0         0
mimcap_CDNS_75955515233193        0        0        0       0     0      0         0
nch_25_macx_CDNS_75955515233194        0        0        0       0     0      0         0
nch_25_macx_CDNS_75955515233195        0        0        0       0     0      0         0
pch_25_macx_CDNS_75955515233200        0        0        0       0     0      0         0
pch_25_macx_CDNS_75955515233201        0        0        0       0     0      0         0
pch_25_macx_CDNS_75955515233202        0        0        0       0     0      0         0
pch_25_macx_CDNS_75955515233203        0        0        0       0     0      0         0
nch_25_macx_CDNS_75955515233206        0        0        0       0     0      0         0
nch_25_macx_CDNS_75955515233207        0        0        0       0     0      0         0
M2_M1_CDNS_7595551523381        0        0        0       0     0      0         0
M3_M2_CDNS_7595551523382        0        0        0       0     0      0         0
M2_M1_CDNS_7595551523383        0        0        0       0     0      0         0
M2_M1_CDNS_7595551523384        0        0        0       0     0      0         0
M2_M1_CDNS_7595551523385        0        0        0       0     0      0         0
M2_M1_CDNS_7595551523387        0        0        0       0     0      0         0
M8_M7_CDNS_7595551523388        0        0        0       0     0      0         0
M7_M6_CDNS_7595551523389        0        0        0       0     0      0         0
M6_M5_CDNS_7595551523390        0        0        0       0     0      0         0
M5_M4_CDNS_7595551523391        0        0        0       0     0      0         0
M4_M3_CDNS_7595551523392        0        0        0       0     0      0         0
M3_M2_CDNS_7595551523393        0        0        0       0     0      0         0
M2_M1_CDNS_7595551523394        0        0        0       0     0      0         0
M3_M2_CDNS_7595551523396        0        0        0       0     0      0         0
M2_M1_CDNS_7595551523397        0        0        0       0     0      0         0
M3_M2_CDNS_75955515233100        0        0        0       0     0      0         0
M4_M3_CDNS_75955515233101        0        0        0       0     0      0         0
M5_M4_CDNS_75955515233102        0        0        0       0     0      0         0
M3_M2_CDNS_75955515233103        0        0        0       0     0      0         0
M3_M2_CDNS_75955515233104        0        0        0       0     0      0         0
M3_M2_CDNS_75955515233106        0        0        0       0     0      0         0
M3_M2_CDNS_75955515233107        0        0        0       0     0      0         0
M4_M3_CDNS_75955515233108        0        0        0       0     0      0         0
M5_M4_CDNS_75955515233109        0        0        0       0     0      0         0
M5_M4_CDNS_75955515233110        0        0        0       0     0      0         0
M4_M3_CDNS_75955515233111        0        0        0       0     0      0         0
M3_M2_CDNS_75955515233113        0        0        0       0     0      0         0
M3_M2_CDNS_75955515233114        0        0        0       0     0      0         0
M4_M3_CDNS_75955515233115        0        0        0       0     0      0         0
M3_M2_CDNS_75955515233116        0        0        0       0     0      0         0
M2_M1_CDNS_75955515233117        0        0        0       0     0      0         0
M3_M2_CDNS_75955515233118        0        0        0       0     0      0         0
M5_M4_CDNS_75955515233119        0        0        0       0     0      0         0
M4_M3_CDNS_75955515233120        0        0        0       0     0      0         0
M4_M3_CDNS_75955515233121        0        0        0       0     0      0         0
M4_M3_CDNS_75955515233122        0        0        0       0     0      0         0
M5_M4_CDNS_75955515233124        0        0        0       0     0      0         0
M4_M3_CDNS_75955515233125        0        0        0       0     0      0         0
M5_M4_CDNS_75955515233129        0        0        0       0     0      0         0
M3_M2_CDNS_75955515233131        0        0        0       0     0      0         0
M4_M3_CDNS_75955515233132        0        0        0       0     0      0         0
M4_M3_CDNS_75955515233134        0        0        0       0     0      0         0
M4_M3_CDNS_75955515233138        0        0        0       0     0      0         0
M3_M2_CDNS_75955515233140        0        0        0       0     0      0         0
BiasGenCascWideSwing        0        0        0       0   218      0       218
TGN16A              0        0        0       0     8      0         8
DacPowerSupply        0        0        0       0   109      0       109
mimcap_CDNS_75955515233185        0        0        0       0     0      0         0
TGP16A              0        0        0       0     8      0         8
M3_M2_CDNS_75955515233169        0        0        0       0     0      0         0
M5_M4_CDNS_75955515233172        0        0        0       0     0      0         0
M2_M1_CDNS_75955515233174        0        0        0       0     0      0         0
M2_M1_CDNS_75955515233176        0        0        0       0     0      0         0
M3_M2_CDNS_75955515233177        0        0        0       0     0      0         0
M4_M3_CDNS_75955515233178        0        0        0       0     0      0         0
M1_OD_CDNS_75955515233179        0        0        0       0     0      0         0
M5_M4_CDNS_75955515233180        0        0        0       0     0      0         0
M3_M2_CDNS_75955515233181        0        0        0       0     0      0         0
M5_M4_CDNS_75955515233185        0        0        0       0     0      0         0
M1_OD_CDNS_75955515233186        0        0        0       0     0      0         0
M7_M6_CDNS_75955515233187        0        0        0       0     0      0         0
M3_M2_CDNS_75955515233188        0        0        0       0     0      0         0
M6_M5_CDNS_75955515233189        0        0        0       0     0      0         0
M5_M4_CDNS_75955515233190        0        0        0       0     0      0         0
M5_M4_CDNS_75955515233193        0        0        0       0     0      0         0
M3_M2_CDNS_75955515233198        0        0        0       0     0      0         0
M5_M4_CDNS_75955515233201        0        0        0       0     0      0         0
M5_M4_CDNS_75955515233203        0        0        0       0     0      0         0
M2_M1_CDNS_75955515233204        0        0        0       0     0      0         0
M1_PO_CDNS_75955515233206        0        0        0       0     0      0         0
M2_M1_CDNS_75955515233207        0        0        0       0     0      0         0
M2_M1_CDNS_75955515233208        0        0        0       0     0      0         0
M2_M1_CDNS_75955515233209        0        0        0       0     0      0         0
M1_PO_CDNS_75955515233210        0        0        0       0     0      0         0
pch_25_CDNS_75955515233210        0        0        0       0     0      0         0
pch_25_CDNS_75955515233213        0        0        0       0     0      0         0
pch_25_CDNS_75955515233216        0        0        0       0     0      0         0
nch_25_CDNS_75955515233217        0        0        0       0     0      0         0
nch_25_CDNS_75955515233219        0        0        0       0     0      0         0
LS10TO25FastFallBuf_comp        0        0        0       0    40      0        40
LS10TO25DualOutput_r1        0        0        0       0    39      0        39
rppolywo_CDNS_75955515233222        0        0        0       0     0      0         0
LS25TO10Dual        0        0        0       0    38      0        38
M7_M6_CDNS_75955515233215        0        0        0       0     0      0         0
M5_M4_CDNS_75955515233216        0        0        0       0     0      0         0
M6_M5_CDNS_75955515233217        0        0        0       0     0      0         0
M4_M3_CDNS_75955515233218        0        0        0       0     0      0         0
M6_M5_CDNS_75955515233219        0        0        0       0     0      0         0
M5_M4_CDNS_75955515233220        0        0        0       0     0      0         0
M7_M6_CDNS_75955515233221        0        0        0       0     0      0         0
M3_M2_CDNS_75955515233222        0        0        0       0     0      0         0
M2_M1_CDNS_75955515233230        0        0        0       0     0      0         0
nch_25_mac_CDNS_75955515233231        0        0        0       0     0      0         0
pch_25_mac_CDNS_75955515233236        0        0        0       0     0      0         0
nch_25_mac_CDNS_75955515233244        0        0        0       0     0      0         0
pch_25_mac_CDNS_75955515233245        0        0        0       0     0      0         0
Comparator_2V5_Mei        0        0        0       0   176      0       176
M2_M1_CDNS_75955515233233        0        0        0       0     0      0         0
M2_M1_CDNS_75955515233234        0        0        0       0     0      0         0
M3_M2_CDNS_75955515233235        0        0        0       0     0      0         0
M3_M2_CDNS_75955515233236        0        0        0       0     0      0         0
M3_M2_CDNS_75955515233238        0        0        0       0     0      0         0
M1_OD_CDNS_75955515233239        0        0        0       0     0      0         0
NOR2X0P5MA10TH        0        0        0       0     0      0         0
OR2X1MA10TH         0        0        0       0     0      0         0
INVX1BA10TH         0        0        0       0     0      0         0
NAND2X1BA10TH        0        0        0       0     0      0         0
DFFNRPQX1MA10TH_Spacing_Modded        0        0        0       0     0      0         0
DFFNSQX1MA10TH_Spacing_Modded        0        0        0       0     0      0         0
DFFNSRPQX1MA10TH_Spacing_Modded        0        0        0       0     0      0         0
M1_PO_CDNS_75955515233240        0        0        0       0     0      0         0
M1_PO_CDNS_75955515233241        0        0        0       0     0      0         0
M2_M1_CDNS_75955515233242        0        0        0       0     0      0         0
M2_M1_CDNS_75955515233243        0        0        0       0     0      0         0
M2_M1_CDNS_75955515233244        0        0        0       0     0      0         0
M2_M1_CDNS_75955515233245        0        0        0       0     0      0         0
M2_M1_CDNS_75955515233246        0        0        0       0     0      0         0
M1_PO_CDNS_75955515233247        0        0        0       0     0      0         0
pch_25_mac_CDNS_75955515233246        0        0        0       0     0      0         0
pch_25_mac_CDNS_75955515233247        0        0        0       0     0      0         0
pch_25_mac_CDNS_75955515233248        0        0        0       0     0      0         0
nch_25_mac_CDNS_75955515233249        0        0        0       0     0      0         0
pch_25_mac_CDNS_75955515233250        0        0        0       0     0      0         0
nch_25_mac_CDNS_75955515233251        0        0        0       0     0      0         0
pch_25_mac_CDNS_75955515233252        0        0        0       0     0      0         0
nch_25_mac_CDNS_75955515233253        0        0        0       0     0      0         0
nch_25_mac_CDNS_75955515233254        0        0        0       0     0      0         0
pch_25_mac_CDNS_75955515233255        0        0        0       0     0      0         0
nch_25_mac_CDNS_75955515233256        0        0        0       0     0      0         0
nch_25_mac_CDNS_75955515233257        0        0        0       0     0      0         0
pch_25_mac_CDNS_75955515233258        0        0        0       0     0      0         0
pch_25_mac_CDNS_75955515233259        0        0        0       0     0      0         0
nch_25_mac_CDNS_75955515233260        0        0        0       0     0      0         0
pch_25_mac_CDNS_75955515233261        0        0        0       0     0      0         0
pch_25_mac_CDNS_75955515233262        0        0        0       0     0      0         0
pch_25_mac_CDNS_75955515233263        0        0        0       0     0      0         0
pch_25_mac_CDNS_75955515233264        0        0        0       0     0      0         0
pch_25_mac_CDNS_75955515233265        0        0        0       0     0      0         0
nch_25_mac_CDNS_75955515233266        0        0        0       0     0      0         0
nch_25_mac_CDNS_75955515233267        0        0        0       0     0      0         0
nch_25_mac_CDNS_75955515233268        0        0        0       0     0      0         0
nch_25_mac_CDNS_75955515233269        0        0        0       0     0      0         0
pch_25_mac_CDNS_75955515233270        0        0        0       0     0      0         0
nch_25_mac_CDNS_75955515233271        0        0        0       0     0      0         0
pch_25_mac_CDNS_75955515233272        0        0        0       0     0      0         0
nch_25_mac_CDNS_75955515233273        0        0        0       0     0      0         0
nch_25_mac_CDNS_75955515233274        0        0        0       0     0      0         0
nch_25_mac_CDNS_75955515233275        0        0        0       0     0      0         0
nch_25_mac_CDNS_75955515233276        0        0        0       0     0      0         0
nch_25_mac_CDNS_75955515233277        0        0        0       0     0      0         0
pch_25_mac_CDNS_75955515233278        0        0        0       0     0      0         0
pch_25_mac_CDNS_75955515233279        0        0        0       0     0      0         0
nch_25_mac_CDNS_75955515233280        0        0        0       0     0      0         0
Sample_Switch_2V5_r1        0        0        0       0   260      0       260
MASCO__X1           0        0        0       0     4      0         4
bts_pmos            0        0        0       0   469      0       469
M8_M7_CDNS_75955515233260        0        0        0       0     0      0         0
M7_M6_CDNS_75955515233261        0        0        0       0     0      0         0
M6_M5_CDNS_75955515233262        0        0        0       0     0      0         0
M5_M4_CDNS_75955515233263        0        0        0       0     0      0         0
M4_M3_CDNS_75955515233264        0        0        0       0     0      0         0
mimcap_CDNS_75955515233292        0        0        0       0     0      0         0
rnpoly_CDNS_75955515233301        0        0        0       0     0      0         0
AdcMimComparatorMei        0        0        0       0   175      0       175
nch_25_mac_CDNS_7595551523391        0        0        0       0     0      0         0
nch_25_mac_CDNS_7595551523392        0        0        0       0     0      0         0
nch_25_mac_CDNS_7595551523393        0        0        0       0     0      0         0
nch_25_mac_CDNS_7595551523394        0        0        0       0     0      0         0
nch_25_mac_CDNS_7595551523395        0        0        0       0     0      0         0
nch_25_mac_CDNS_7595551523396        0        0        0       0     0      0         0
nch_25_mac_CDNS_7595551523397        0        0        0       0     0      0         0
pch_25_mac_CDNS_7595551523398        0        0        0       0     0      0         0
pch_25_mac_CDNS_7595551523399        0        0        0       0     0      0         0
pch_25_mac_CDNS_75955515233100        0        0        0       0     0      0         0
pch_25_mac_CDNS_75955515233101        0        0        0       0     0      0         0
pch_25_mac_CDNS_75955515233102        0        0        0       0     0      0         0
pch_25_mac_CDNS_75955515233103        0        0        0       0     0      0         0
pch_25_mac_CDNS_75955515233104        0        0        0       0     0      0         0
pch_25_mac_CDNS_75955515233105        0        0        0       0     0      0         0
pch_25_mac_CDNS_75955515233106        0        0        0       0     0      0         0
pch_25_mac_CDNS_75955515233107        0        0        0       0     0      0         0
pch_25_mac_CDNS_75955515233108        0        0        0       0     0      0         0
pch_25_mac_CDNS_75955515233109        0        0        0       0     0      0         0
pch_25_mac_CDNS_75955515233110        0        0        0       0     0      0         0
pch_25_mac_CDNS_75955515233111        0        0        0       0     0      0         0
pch_25_mac_CDNS_75955515233112        0        0        0       0     0      0         0
pch_25_mac_CDNS_75955515233113        0        0        0       0     0      0         0
pch_25_mac_CDNS_75955515233114        0        0        0       0     0      0         0
pch_25_mac_CDNS_75955515233115        0        0        0       0     0      0         0
pch_25_macx_CDNS_75955515233168        0        0        0       0     0      0         0
M1_PO_CDNS_75955515233146        0        0        0       0     0      0         0
M8_M7_CDNS_75955515233148        0        0        0       0     0      0         0
M3_M2_CDNS_75955515233149        0        0        0       0     0      0         0
pch_25_macx_CDNS_75955515233141        0        0        0       0     0      0         0
nch_25x_CDNS_75955515233145        0        0        0       0     0      0         0
pch_25_macx_CDNS_75955515233146        0        0        0       0     0      0         0
nch_25_macx_CDNS_75955515233149        0        0        0       0     0      0         0
nch_25_macx_CDNS_75955515233150        0        0        0       0     0      0         0
mimcap_CDNS_75955515233153        0        0        0       0     0      0         0
nch_25_macx_CDNS_75955515233157        0        0        0       0     0      0         0
nch_25_macx_CDNS_75955515233158        0        0        0       0     0      0         0
pch_25_macx_CDNS_75955515233159        0        0        0       0     0      0         0
pch_25_macx_CDNS_75955515233160        0        0        0       0     0      0         0
pch_25_macx_CDNS_75955515233161        0        0        0       0     0      0         0
INVX1               0        0        0       0     5      0         5
M1_OD_CDNS_75955515233160        0        0        0       0     0      0         0
nch_25_macx_CDNS_75955515233170        0        0        0       0     0      0         0
pch_25_macx_CDNS_75955515233171        0        0        0       0     0      0         0
pch_25_macx_CDNS_75955515233172        0        0        0       0     0      0         0
nch_25_macx_CDNS_75955515233173        0        0        0       0     0      0         0
M1_OD_CDNS_75955515233163        0        0        0       0     0      0         0
nch_25_macx_CDNS_75955515233175        0        0        0       0     0      0         0
pch_25_macx_CDNS_75955515233180        0        0        0       0     0      0         0
nch_25x_CDNS_75955515233181        0        0        0       0     0      0         0
nch_25_macx_CDNS_75955515233182        0        0        0       0     0      0         0
M2_M1_CDNS_75955515233205        0        0        0       0     0      0         0
nch_lvt_CDNS_75955515233211        0        0        0       0     0      0         0
pch_lvt_CDNS_75955515233215        0        0        0       0     0      0         0
nch_25_CDNS_75955515233220        0        0        0       0     0      0         0
nch_25_CDNS_75955515233221        0        0        0       0     0      0         0
M1_PO_CDNS_75955515233211        0        0        0       0     0      0         0
M2_M1_CDNS_75955515233212        0        0        0       0     0      0         0
M3_M2_CDNS_75955515233213        0        0        0       0     0      0         0
M1_PO_CDNS_75955515233214        0        0        0       0     0      0         0
pch_25_mac_CDNS_75955515233223        0        0        0       0     0      0         0
nch_25_mac_CDNS_75955515233224        0        0        0       0     0      0         0
nch_lvt_mac_CDNS_75955515233225        0        0        0       0     0      0         0
pch_lvt_mac_CDNS_75955515233226        0        0        0       0     0      0         0
nch_25_mac_CDNS_75955515233227        0        0        0       0     0      0         0
pch_lvt_mac_CDNS_75955515233228        0        0        0       0     0      0         0
nch_lvt_mac_CDNS_75955515233229        0        0        0       0     0      0         0
M1_PO_CDNS_75955515233223        0        0        0       0     0      0         0
M3_M2_CDNS_75955515233224        0        0        0       0     0      0         0
M2_M1_CDNS_75955515233225        0        0        0       0     0      0         0
M3_M2_CDNS_75955515233226        0        0        0       0     0      0         0
M1_OD_CDNS_75955515233227        0        0        0       0     0      0         0
M1_PO_CDNS_75955515233228        0        0        0       0     0      0         0
M1_OD_CDNS_75955515233229        0        0        0       0     0      0         0
M3_M2_CDNS_75955515233231        0        0        0       0     0      0         0
M2_M1_CDNS_75955515233232        0        0        0       0     0      0         0
pch_25_mac_CDNS_75955515233230        0        0        0       0     0      0         0
pch_25_mac_CDNS_75955515233232        0        0        0       0     0      0         0
pch_25_mac_CDNS_75955515233233        0        0        0       0     0      0         0
pch_25_mac_CDNS_75955515233234        0        0        0       0     0      0         0
nch_25_mac_CDNS_75955515233235        0        0        0       0     0      0         0
pch_25_mac_CDNS_75955515233237        0        0        0       0     0      0         0
nch_25_mac_CDNS_75955515233238        0        0        0       0     0      0         0
nch_25_mac_CDNS_75955515233239        0        0        0       0     0      0         0
nch_25_mac_CDNS_75955515233240        0        0        0       0     0      0         0
nch_25_mac_CDNS_75955515233241        0        0        0       0     0      0         0
pch_25_mac_CDNS_75955515233242        0        0        0       0     0      0         0
nch_25_mac_CDNS_75955515233243        0        0        0       0     0      0         0
M2_M1_CDNS_75955515233249        0        0        0       0     0      0         0
M3_M2_CDNS_75955515233250        0        0        0       0     0      0         0
M3_M2_CDNS_75955515233251        0        0        0       0     0      0         0
M2_M1_CDNS_75955515233255        0        0        0       0     0      0         0
M3_M2_CDNS_75955515233256        0        0        0       0     0      0         0
M2_M1_CDNS_75955515233257        0        0        0       0     0      0         0
M2_M1_CDNS_75955515233258        0        0        0       0     0      0         0
pch_25_CDNS_75955515233281        0        0        0       0     0      0         0
pch_25_CDNS_75955515233282        0        0        0       0     0      0         0
pch_25_CDNS_75955515233283        0        0        0       0     0      0         0
nch_25_dnw_CDNS_75955515233284        0        0        0       0     0      0         0
nch_25_CDNS_75955515233285        0        0        0       0     0      0         0
nch_25_dnw_CDNS_75955515233286        0        0        0       0     0      0         0
nch_25_dnw_CDNS_75955515233287        0        0        0       0     0      0         0
nch_25_dnw_CDNS_75955515233288        0        0        0       0     0      0         0
nch_25_CDNS_75955515233289        0        0        0       0     0      0         0
pch_25_CDNS_75955515233290        0        0        0       0     0      0         0
nch_25_CDNS_75955515233291        0        0        0       0     0      0         0
pch_25_macx_CDNS_75955515233302        0        0        0       0     0      0         0
nch_25_macx_CDNS_75955515233303        0        0        0       0     0      0         0
NOR2X1              0        0        0       0     6      0         6
M1_OD_CDNS_75955515233150        0        0        0       0     0      0         0
pch_25_macx_CDNS_75955515233163        0        0        0       0     0      0         0
pch_25_CDNS_75955515233304        0        0        0       0     0      0         0
----------------------------------------------------------------------

Object Statistics of Layers
Layer   Objects
----------------
----------------

Object Summary
------------------
     Box         0
 Polygon         0
    Path         0
   Label         0
Instance      6981
   Array         0
------------------
   Total      6981


Output property: 6981
Total CPU Time          : 0(s)
Total Real Time         : 0(s)
Peak Memory Used        : 7(M)
