********************************************************************************
Product   : Virtuoso(R) XStream Out
Program   : @(#)$CDS: strmout version 6.1.8-64b 11/10/2020 19:36 (cpgsrv13) $
          : sub-version  IC6.1.8-64b.500.15 
Started at: 22-Sep-2025  16:22:29
User Name : mseminario2
Host Name : atlas
Directory : /home/mseminario2/chips/myshkin/ic
CADENCE Design Systems, Inc.
********************************************************************************
Info: Cellview Rev Num:99,  Tech Rev Num:59

INFO (XSTRM-217): Reading the layer map file, /opt/design_kits/TSMC65-PDK/tsmcN65/tsmcN65.layermap
INFO (XSTRM-162): You have not used the viaMap option. If the OpenAccess design has native oaVia instances, use the -viaMap option for preserving oaVia instances in a Stream Out - Stream In round trip. Using the -viaMap option improves performance and VM usage of applications using the Streamed-In design.  For details on the viaMap option, refer to the "Design Data Translator's Reference" guide for XStream.

Summary of Options :
library                                 potentiostat_final
strmFile                                ./pvs/potentiostat_final/OpAmpCurrentMirrorP/potentiostat_final.OpAmpCurrentMirrorP.gds
topCell                                 OpAmpCurrentMirrorP
view                                    layout
logFile                                 ./strmout/potentiostat_final.OpAmpCurrentMirrorP.strmout.log
techLib                                 tsmcN65
layerMap                                /opt/design_kits/TSMC65-PDK/tsmcN65/tsmcN65.layermap
case                                    Preserve
convertDot                              node
convertPin                              geometryAndText
noWarn                                  20 32 33 35 315

INFO (XSTRM-223): 1. Translating stdVia tsmcN65/M1_PO/layout as STRUCTURE M1_PO_CDNS_758576149810.
INFO (XSTRM-223): 2. Translating stdVia tsmcN65/M1_PO/layout as STRUCTURE M1_PO_CDNS_758576149811.
INFO (XSTRM-223): 3. Translating stdVia tsmcN65/M2_M1/layout as STRUCTURE M2_M1_CDNS_758576149812.
INFO (XSTRM-223): 4. Translating stdVia tsmcN65/M2_M1/layout as STRUCTURE M2_M1_CDNS_758576149813.
INFO (XSTRM-223): 5. Translating stdVia tsmcN65/M1_OD/layout as STRUCTURE M1_OD_CDNS_758576149814.
INFO (XSTRM-223): 6. Translating stdVia tsmcN65/M3_M2/layout as STRUCTURE M3_M2_CDNS_758576149815.
INFO (XSTRM-223): 7. Translating stdVia tsmcN65/M3_M2/layout as STRUCTURE M3_M2_CDNS_758576149816.
INFO (XSTRM-223): 8. Translating stdVia tsmcN65/M3_M2/layout as STRUCTURE M3_M2_CDNS_758576149817.
INFO (XSTRM-223): 9. Translating stdVia tsmcN65/M2_M1/layout as STRUCTURE M2_M1_CDNS_758576149818.
INFO (XSTRM-223): 10. Translating stdVia tsmcN65/M2_M1/layout as STRUCTURE M2_M1_CDNS_758576149819.
INFO (XSTRM-223): 11. Translating stdVia tsmcN65/M2_M1/layout as STRUCTURE M2_M1_CDNS_7585761498110.
INFO (XSTRM-223): 12. Translating stdVia tsmcN65/M2_M1/layout as STRUCTURE M2_M1_CDNS_7585761498111.
INFO (XSTRM-223): 13. Translating stdVia tsmcN65/M6_M5/layout as STRUCTURE M6_M5_CDNS_7585761498112.
INFO (XSTRM-223): 14. Translating stdVia tsmcN65/M5_M4/layout as STRUCTURE M5_M4_CDNS_7585761498113.
INFO (XSTRM-223): 15. Translating stdVia tsmcN65/M4_M3/layout as STRUCTURE M4_M3_CDNS_7585761498114.
INFO (XSTRM-223): 16. Translating stdVia tsmcN65/M3_M2/layout as STRUCTURE M3_M2_CDNS_7585761498115.
INFO (XSTRM-223): 17. Translating stdVia tsmcN65/M7_M6/layout as STRUCTURE M7_M6_CDNS_7585761498116.
INFO (XSTRM-223): 18. Translating stdVia tsmcN65/M8_M7/layout as STRUCTURE M8_M7_CDNS_7585761498117.
INFO (XSTRM-223): 19. Translating cellView tsmcN65/pch_25_mac/layout as STRUCTURE pch_25_mac_CDNS_758576149810.
INFO (XSTRM-223): 20. Translating cellView tsmcN65/pch_25_mac/layout as STRUCTURE pch_25_mac_CDNS_758576149811.
INFO (XSTRM-223): 21. Translating cellView tsmcN65/pch_25_mac/layout as STRUCTURE pch_25_mac_CDNS_758576149812.
INFO (XSTRM-223): 22. Translating cellView tsmcN65/pch_25_mac/layout as STRUCTURE pch_25_mac_CDNS_758576149813.
INFO (XSTRM-223): 23. Translating cellView tsmcN65/pch_25_macx/layout as STRUCTURE pch_25_macx_CDNS_758576149814.
INFO (XSTRM-223): 24. Translating cellView tsmcN65/nch_25_macx/layout as STRUCTURE nch_25_macx_CDNS_758576149815.
INFO (XSTRM-223): 25. Translating cellView tsmcN65/nch_25_macx/layout as STRUCTURE nch_25_macx_CDNS_758576149816.
INFO (XSTRM-223): 26. Translating cellView tsmcN65/mimcap/layout as STRUCTURE mimcap_CDNS_758576149817.
INFO (XSTRM-223): 27. Translating stdVia tsmcN65/M2_M1/layout as STRUCTURE M2_M1_CDNS_7585761498118.
INFO (XSTRM-223): 28. Translating stdVia tsmcN65/M1_PO/layout as STRUCTURE M1_PO_CDNS_7585761498119.
INFO (XSTRM-223): 29. Translating cellView tsmcN65/pch_25_macx/layout as STRUCTURE pch_25_macx_CDNS_758576149818.
INFO (XSTRM-223): 30. Translating stdVia tsmcN65/M1_PO/layout as STRUCTURE M1_PO_CDNS_7585761498120.
INFO (XSTRM-223): 31. Translating stdVia tsmcN65/M1_OD/layout as STRUCTURE M1_OD_CDNS_7585761498121.
INFO (XSTRM-223): 32. Translating cellView tsmcN65/nch_25_macx/layout as STRUCTURE nch_25_macx_CDNS_758576149819.
INFO (XSTRM-223): 33. Translating cellView tsmcN65/pch_25_macx/layout as STRUCTURE pch_25_macx_CDNS_7585761498110.
INFO (XSTRM-223): 34. Translating cellView tsmcN65/nch_25_macx/layout as STRUCTURE nch_25_macx_CDNS_7585761498111.
INFO (XSTRM-223): 35. Translating cellView potentiostat_final/TGP2A/layout as STRUCTURE TGP2A.
INFO (XSTRM-180): You have not used the objectMap option. The design has instance(s) of at least one of following OpenAccess objects: oaBlockage, oaBoundary, oaRow, and oaMarker. Any information about these objects will not be translated into the generated stream file. Use the objectMap option to translate/preserve these objects using XStream. For details on the objectMap option, refer to the "Design Data Translator's Reference" guide for XStream.
INFO (XSTRM-223): 36. Translating cellView tsmcN65/nch_25_macx/layout as STRUCTURE nch_25_macx_CDNS_7585761498112.
INFO (XSTRM-223): 37. Translating cellView tsmcN65/pch_25_macx/layout as STRUCTURE pch_25_macx_CDNS_7585761498113.
INFO (XSTRM-223): 38. Translating cellView potentiostat_final/BiasSwitchCascode/layout as STRUCTURE BiasSwitchCascode.
INFO (XSTRM-223): 39. Translating cellView tsmcN65/nch_25_macx/layout as STRUCTURE nch_25_macx_CDNS_7585761498114.
INFO (XSTRM-223): 40. Translating cellView tsmcN65/nch_25_macx/layout as STRUCTURE nch_25_macx_CDNS_7585761498115.
INFO (XSTRM-223): 41. Translating cellView tsmcN65/nch_25_macx/layout as STRUCTURE nch_25_macx_CDNS_7585761498116.
INFO (XSTRM-223): 42. Translating cellView tsmcN65/nch_25_macx/layout as STRUCTURE nch_25_macx_CDNS_7585761498117.
INFO (XSTRM-223): 43. Translating cellView tsmcN65/nch_25_macx/layout as STRUCTURE nch_25_macx_CDNS_7585761498118.
INFO (XSTRM-223): 44. Translating cellView tsmcN65/nch_25_macx/layout as STRUCTURE nch_25_macx_CDNS_7585761498119.
INFO (XSTRM-223): 45. Translating cellView tsmcN65/pch_25_macx/layout as STRUCTURE pch_25_macx_CDNS_7585761498120.
INFO (XSTRM-223): 46. Translating cellView tsmcN65/pch_25_macx/layout as STRUCTURE pch_25_macx_CDNS_7585761498121.
INFO (XSTRM-223): 47. Translating cellView tsmcN65/pch_25_macx/layout as STRUCTURE pch_25_macx_CDNS_7585761498122.
INFO (XSTRM-223): 48. Translating cellView tsmcN65/pch_25_macx/layout as STRUCTURE pch_25_macx_CDNS_7585761498123.
INFO (XSTRM-223): 49. Translating cellView tsmcN65/pch_25_macx/layout as STRUCTURE pch_25_macx_CDNS_7585761498124.
INFO (XSTRM-223): 50. Translating cellView tsmcN65/pch_25_macx/layout as STRUCTURE pch_25_macx_CDNS_7585761498125.
INFO (XSTRM-223): 51. Translating cellView tsmcN65/nch_25_macx/layout as STRUCTURE nch_25_macx_CDNS_7585761498126.
INFO (XSTRM-223): 52. Translating cellView tsmcN65/nch_25_macx/layout as STRUCTURE nch_25_macx_CDNS_7585761498127.
INFO (XSTRM-223): 53. Translating cellView tsmcN65/nch_25_macx/layout as STRUCTURE nch_25_macx_CDNS_7585761498128.
INFO (XSTRM-223): 54. Translating cellView tsmcN65/nch_25_macx/layout as STRUCTURE nch_25_macx_CDNS_7585761498129.
INFO (XSTRM-223): 55. Translating cellView potentiostat_final/OpAmpCurrentMirrorP/layout as STRUCTURE OpAmpCurrentMirrorP.

Summary of Objects Translated:
	Scalar Instances:                       78
	Array Instances:                        0
	Polygons:                               5
	Paths:                                  17
	Rectangles:                             4073
	Lines:                                  0
	Arcs:                                   0
	Donuts:                                 0
	Dots:                                   0
	Ellipses:                               0
	Boundaries:                             0
	Area Blockages:                         0
	Layer Blockages:                        0
	Area Halos:                             0
	Markers:                                0
	Rows:                                   0
	Standard Vias                           160
	Custom Vias:                            0
	CdsGen Vias:                            0
	Pathsegs:                               179
	Text:                                   315
	TextDisplay:                            0
	Cells:                                  55

Elapsed Time: 0.2s   User Time: 0.2s   CPU Time: 0.0s   Peak VM: 103376KB
INFO (XSTRM-234): Translation completed. '0' error(s) and '0' warning(s) found.
