********************************************************************************
Product   : Virtuoso(R) XStream Out
Program   : @(#)$CDS: strmout version 6.1.8-64b 11/10/2020 19:36 (cpgsrv13) $
          : sub-version  IC6.1.8-64b.500.15 
Started at: 11-Feb-2022  00:03:03
User Name : smurray5
Host Name : atlas
Directory : /home/smurray5/chips/washakie/ic
CADENCE Design Systems, Inc.
********************************************************************************
Info: Cellview Rev Num:99,  Tech Rev Num:59

INFO (XSTRM-217): Reading the layer map file, /opt/design_kits/TSMC65-PDK/tsmcN65/tsmcN65.layermap
INFO (XSTRM-162): You have not used the viaMap option. If the OpenAccess design has native oaVia instances, use the -viaMap option for preserving oaVia instances in a Stream Out - Stream In round trip. Using the -viaMap option improves performance and VM usage of applications using the Streamed-In design.  For details on the viaMap option, refer to the "Design Data Translator's Reference" guide for XStream.

Summary of Options :
library                                 washakie
strmFile                                ./pvs/washakie/FeedbackCapacitor/washakie.FeedbackCapacitor.gds
topCell                                 FeedbackCapacitor
view                                    layout
logFile                                 ./strmout/washakie.FeedbackCapacitor.strmout.log
techLib                                 tsmcN65
layerMap                                /opt/design_kits/TSMC65-PDK/tsmcN65/tsmcN65.layermap
case                                    Preserve
convertDot                              node
convertPin                              geometryAndText
noWarn                                  20 32 33 35 315

INFO (XSTRM-223): 1. Translating stdVia tsmcN65/M8_M7/layout as STRUCTURE M8_M7_CDNS_644559383570.
INFO (XSTRM-223): 2. Translating stdVia tsmcN65/M7_M6/layout as STRUCTURE M7_M6_CDNS_644559383571.
INFO (XSTRM-223): 3. Translating stdVia tsmcN65/M2_M1/layout as STRUCTURE M2_M1_CDNS_644559383572.
INFO (XSTRM-223): 4. Translating stdVia tsmcN65/M6_M5/layout as STRUCTURE M6_M5_CDNS_644559383573.
INFO (XSTRM-223): 5. Translating stdVia tsmcN65/M5_M4/layout as STRUCTURE M5_M4_CDNS_644559383574.
INFO (XSTRM-223): 6. Translating stdVia tsmcN65/M4_M3/layout as STRUCTURE M4_M3_CDNS_644559383575.
INFO (XSTRM-223): 7. Translating stdVia tsmcN65/M3_M2/layout as STRUCTURE M3_M2_CDNS_644559383576.
INFO (XSTRM-223): 8. Translating stdVia tsmcN65/M2_M1/layout as STRUCTURE M2_M1_CDNS_644559383577.
INFO (XSTRM-223): 9. Translating stdVia tsmcN65/M2_M1/layout as STRUCTURE M2_M1_CDNS_644559383578.
INFO (XSTRM-223): 10. Translating stdVia tsmcN65/M2_M1/layout as STRUCTURE M2_M1_CDNS_644559383579.
INFO (XSTRM-223): 11. Translating stdVia tsmcN65/M2_M1/layout as STRUCTURE M2_M1_CDNS_6445593835710.
INFO (XSTRM-223): 12. Translating stdVia tsmcN65/M2_M1/layout as STRUCTURE M2_M1_CDNS_6445593835711.
INFO (XSTRM-223): 13. Translating stdVia tsmcN65/M2_M1/layout as STRUCTURE M2_M1_CDNS_6445593835712.
INFO (XSTRM-223): 14. Translating cellView tsmcN65/mimcap/layout as STRUCTURE mimcap_CDNS_644559383570.
INFO (XSTRM-223): 15. Translating cellView tsmcN65/mimcap/layout as STRUCTURE mimcap_CDNS_644559383571.
INFO (XSTRM-223): 16. Translating cellView tsmcN65/mimcap/layout as STRUCTURE mimcap_CDNS_644559383572.
INFO (XSTRM-223): 17. Translating cellView tsmcN65/mimcap/layout as STRUCTURE mimcap_CDNS_644559383573.
INFO (XSTRM-223): 18. Translating cellView tsmcN65/mimcap/layout as STRUCTURE mimcap_CDNS_644559383574.
INFO (XSTRM-223): 19. Translating cellView tsmcN65/mimcap/layout as STRUCTURE mimcap_CDNS_644559383575.
INFO (XSTRM-223): 20. Translating cellView tsmcN65/mimcap/layout as STRUCTURE mimcap_CDNS_644559383576.
INFO (XSTRM-223): 21. Translating stdVia tsmcN65/M1_PO/layout as STRUCTURE M1_PO_CDNS_6445593835713.
INFO (XSTRM-223): 22. Translating stdVia tsmcN65/M1_PO/layout as STRUCTURE M1_PO_CDNS_6445593835714.
INFO (XSTRM-223): 23. Translating stdVia tsmcN65/M1_OD/layout as STRUCTURE M1_OD_CDNS_6445593835715.
INFO (XSTRM-223): 24. Translating cellView tsmcN65/nch_25_macx/layout as STRUCTURE nch_25_macx_CDNS_644559383577.
INFO (XSTRM-223): 25. Translating cellView tsmcN65/pch_25_macx/layout as STRUCTURE pch_25_macx_CDNS_644559383578.
INFO (XSTRM-223): 26. Translating cellView tsmcN65/pch_25_macx/layout as STRUCTURE pch_25_macx_CDNS_644559383579.
INFO (XSTRM-223): 27. Translating cellView tsmcN65/nch_25_macx/layout as STRUCTURE nch_25_macx_CDNS_6445593835710.
INFO (XSTRM-223): 28. Translating cellView washakie/TGP16A/layout as STRUCTURE TGP16A.
INFO (XSTRM-180): You have not used the objectMap option. The design has instance(s) of at least one of following OpenAccess objects: oaBlockage, oaBoundary, oaRow, and oaMarker. Any information about these objects will not be translated into the generated stream file. Use the objectMap option to translate/preserve these objects using XStream. For details on the objectMap option, refer to the "Design Data Translator's Reference" guide for XStream.
INFO (XSTRM-223): 29. Translating cellView tsmcN65/mimcap/layout as STRUCTURE mimcap_CDNS_6445593835711.
INFO (XSTRM-223): 30. Translating cellView tsmcN65/mimcap/layout as STRUCTURE mimcap_CDNS_6445593835712.
INFO (XSTRM-223): 31. Translating cellView washakie/FeedbackCapacitor/layout as STRUCTURE FeedbackCapacitor.

Summary of Objects Translated:
	Scalar Instances:                       23
	Array Instances:                        0
	Polygons:                               5
	Paths:                                  0
	Rectangles:                             32571
	Lines:                                  0
	Arcs:                                   0
	Donuts:                                 0
	Dots:                                   0
	Ellipses:                               0
	Boundaries:                             0
	Area Blockages:                         0
	Layer Blockages:                        0
	Area Halos:                             0
	Markers:                                0
	Rows:                                   0
	Standard Vias                           102
	Custom Vias:                            0
	CdsGen Vias:                            0
	Pathsegs:                               123
	Text:                                   126
	TextDisplay:                            0
	Cells:                                  31

Elapsed Time: 0.3s   User Time: 0.2s   CPU Time: 0.0s   Peak VM: 103904KB
INFO (XSTRM-234): Translation completed. '0' error(s) and '0' warning(s) found.
