Virtuoso Framework License (111) was checked out successfully. Total checkout time was 0.11s.
Initializing from libInit.il for library tsmcN65...
   --  /opt/design_kits/TSMC65-PDK/tsmcN65/../skill/pcode1.cxt
   --  /opt/design_kits/TSMC65-PDK/tsmcN65/../skill/pcode2.cxt
   --  tsmcN65_updateCDFs.il
   --  tsmcPdkParamTable.il
   --  tsmc_esti.ile
   --  /opt/design_kits/TSMC65-PDK/tsmcN65/../skill/tsmcN65gp_v1d0c.cxt
   --  /opt/design_kits/TSMC65-PDK/tsmcN65/../skill/tsmcN65_newAMS.cxt
   --  /opt/design_kits/TSMC65-PDK/tsmcN65/../skill/tsmcN65_newRTMOM.cxt
   --  /opt/design_kits/TSMC65-PDK/tsmcN65/../skill/tsmcN65GP_v1d0.cxt
   --  tif_tcf_crn65gp_v1.0a.cxt
   --  tsmcN65.cxt
   --  tsmcN65Tool.cxt
   --  /opt/design_kits/TSMC65-PDK/tsmcN65/../skill/tsmcN65GP_v1d0.cxt
   --  /opt/design_kits/TSMC65-PDK/tsmcN65/../skill/tsmcN65_newRTMOM.cxt
*WARNING* (loadContext): context //opt/design_kits/TSMC65-PDK/tsmcN65/../skill/64bit/tsmcN65GP_v1d0.cxt already loaded
   --  /opt/design_kits/TSMC65-PDK/tsmcN65/../skill/tsmcN65_newAMS.cxt
*WARNING* (loadContext): context //opt/design_kits/TSMC65-PDK/tsmcN65/../skill/64bit/tsmcN65_newRTMOM.cxt already loaded
Loading Working place Display File '/home/mseminario2/chips/myshkin/ic/display.drf'
*WARNING* (loadContext): context //opt/design_kits/TSMC65-PDK/tsmcN65/../skill/64bit/tsmcN65_newAMS.cxt already loaded
Running Artist Hierarchical Netlisting ...
Loading cdf.cxt 
INFO (OSSHNL-251): Mismatch found in the direction of terminal 'S' in the placed master
'tsmc65_sc_adv10/ADDHX1MA10TH/symbol' and its corresponding terminal in the switch master 'tsmc65_sc_adv10/ADDHX1MA10TH/schematic',
however, this terminal is printed in the netlist because the variable
simCheckTermDirectionMismatch is either set to 'ignore' or is not set.

INFO (OSSHNL-251): Mismatch found in the direction of terminal 'S' in the placed master
'tsmc65_sc_adv10/ADDHX1P4MA10TH/symbol' and its corresponding terminal in the switch master 'tsmc65_sc_adv10/ADDHX1P4MA10TH/schematic',
however, this terminal is printed in the netlist because the variable
simCheckTermDirectionMismatch is either set to 'ignore' or is not set.

INFO (OSSHNL-251): Mismatch found in the direction of terminal 'S' in the placed master
'tsmc65_sc_adv10/ADDHX2MA10TH/symbol' and its corresponding terminal in the switch master 'tsmc65_sc_adv10/ADDHX2MA10TH/schematic',
however, this terminal is printed in the netlist because the variable
simCheckTermDirectionMismatch is either set to 'ignore' or is not set.

WARNING (AUCDL-42): Terminal In<31> appearing in CDF termOrder for 
		component   : GlitchFilter
		in cellview : schematic
		of library  : myshkin
is either invalid or duplicated. CDF termOrder for this component will be ignored.
Ensure that termOrder matches actual terminals in cellview and re-netlist to reflect any change in termOrder.
Nets will be printed in default terminal order for this component.

End netlisting Oct  3 23:38:25 2025
ERROR (OSSHNL-514): Netlist generation failed because of the errors reported above. The netlist might not have been generated at all, or the generated netlist could be corrupt. Fix the reported errors and regenerate the netlist.
