********************************************************************************
db2gds 22.14-s007 64 bit (Tue Jan 31 16:35:56 PST 2023)
Build Ref No.: 031 Release Candidate (01-31-2023) [2214_pgs]

Copyright 2023 Cadence Design Systems, Inc.
All rights reserved worldwide.

Build O/S:       Linux x86_64 3.10.0-693.el7.x86_64
Executed on:     atlas (Linux x86_64 5.3.18-lp152.106-default)
Process Id:      83929
Starting Time:   Tue Sep 23 14:06:20 2025 (Tue Sep 23 19:06:20 2025 GMT)
With parameters: top_level_sch_83520 erc.db top_level_sch -lmap lmape5BTWN -gdslib drc.db -gds_scale 1000 -property 
********************************************************************************

Library name: top_level_sch_83520
GDSII file name: erc.db
Cells to be written out: top_level_sch
Source Library: top_level_sch_83520
Layer mapping file(GDS <- DMC): lmape5BTWN
    0 (dt:0) <- 0
    0 (dt:0) <- 0
    0 (dt:0) <- 0
    0 (dt:0) <- 0
    0 (dt:0) <- 0
    0 (dt:0) <- 0
    0 (dt:0) <- 0
    0 (dt:0) <- 0
    0 (dt:0) <- 0
Cell name case: PRESERVE
Option: output object property


                Object Statistics of Cells                            
Cell Name         Box  Polygon     Path   Label Instance Array    Total
----------------------------------------------------------------------
top_level_sch        0        0        0       0   438      0       438
M3_M2_CDNS_758654368890        0        0        0       0     0      0         0
M4_M3_CDNS_758654368891        0        0        0       0     0      0         0
M5_M4_CDNS_758654368892        0        0        0       0     0      0         0
M4_M3_CDNS_758654368894        0        0        0       0     0      0         0
M3_M2_CDNS_758654368895        0        0        0       0     0      0         0
M4_M3_CDNS_758654368896        0        0        0       0     0      0         0
M3_M2_CDNS_758654368897        0        0        0       0     0      0         0
M3_M2_CDNS_758654368898        0        0        0       0     0      0         0
M4_M3_CDNS_758654368899        0        0        0       0     0      0         0
M3_M2_CDNS_7586543688910        0        0        0       0     0      0         0
M2_M1_CDNS_7586543688911        0        0        0       0     0      0         0
M2_M1_CDNS_7586543688912        0        0        0       0     0      0         0
M1_PO_CDNS_7586543688913        0        0        0       0     0      0         0
M3_M2_CDNS_7586543688914        0        0        0       0     0      0         0
M5_M4_CDNS_7586543688916        0        0        0       0     0      0         0
M2_M1_CDNS_7586543688917        0        0        0       0     0      0         0
M3_M2_CDNS_7586543688919        0        0        0       0     0      0         0
M2_M1_CDNS_7586543688920        0        0        0       0     0      0         0
M2_M1_CDNS_7586543688921        0        0        0       0     0      0         0
M3_M2_CDNS_7586543688923        0        0        0       0     0      0         0
M5_M4_CDNS_7586543688924        0        0        0       0     0      0         0
M4_M3_CDNS_7586543688925        0        0        0       0     0      0         0
M3_M2_CDNS_7586543688926        0        0        0       0     0      0         0
M2_M1_CDNS_7586543688927        0        0        0       0     0      0         0
M2_M1_CDNS_7586543688928        0        0        0       0     0      0         0
M5_M4_CDNS_7586543688931        0        0        0       0     0      0         0
M4_M3_CDNS_7586543688932        0        0        0       0     0      0         0
M3_M2_CDNS_7586543688933        0        0        0       0     0      0         0
M2_M1_CDNS_7586543688934        0        0        0       0     0      0         0
M4_M3_CDNS_7586543688936        0        0        0       0     0      0         0
M3_M2_CDNS_7586543688938        0        0        0       0     0      0         0
M4_M3_CDNS_7586543688939        0        0        0       0     0      0         0
M2_M1_CDNS_7586543688940        0        0        0       0     0      0         0
potentiostat_pmos_sch4lay        0        0        0       0   979      0       979
M2_M1_CDNS_7586543688973        0        0        0       0     0      0         0
M2_M1_CDNS_7586543688975        0        0        0       0     0      0         0
M2_M1_CDNS_7586543688976        0        0        0       0     0      0         0
M1_PO_CDNS_7586543688977        0        0        0       0     0      0         0
M1_OD_CDNS_7586543688978        0        0        0       0     0      0         0
LVLD10A25PP         0        0        0       0    47      0        47
LVLD10A25PP6        0        0        0       0     3      0         3
MUX2A               0        0        0       0    33      0        33
Dac2V5R2R14         0        0        0       0   447      0       447
LVLD10A25PP14        0        0        0       0     7      0         7
OpAmpCurrentMirrorP        0        0        0       0   240      0       240
BiasGenCascWideSwingGlobal        0        0        0       0   651      0       651
PCLAMPA_G           0        0        0       0   210      0       210
pch_25_CDNS_75865436889212        0        0        0       0     0      0         0
NEW_ADC_Main_2V5_Sync_0p13s_0p70lsb        0        0        0       0  1833      0      1833
nch_25_CDNS_75865436889305        0        0        0       0     0      0         0
dualSlope_sch4lay        0        0        0       0   228      0       228
M1_PO_CDNS_7586543688941        0        0        0       0     0      0         0
M1_PO_CDNS_7586543688942        0        0        0       0     0      0         0
M1_PO_CDNS_7586543688945        0        0        0       0     0      0         0
M2_M1_CDNS_7586543688946        0        0        0       0     0      0         0
M1_PO_CDNS_7586543688947        0        0        0       0     0      0         0
M3_M2_CDNS_7586543688950        0        0        0       0     0      0         0
M2_M1_CDNS_7586543688951        0        0        0       0     0      0         0
M3_M2_CDNS_7586543688952        0        0        0       0     0      0         0
M2_M1_CDNS_7586543688953        0        0        0       0     0      0         0
pch_25_mac_CDNS_758654368890        0        0        0       0     0      0         0
M1_PO_CDNS_7586543688954        0        0        0       0     0      0         0
M1_PO_CDNS_7586543688955        0        0        0       0     0      0         0
M1_PO_CDNS_7586543688956        0        0        0       0     0      0         0
M1_PO_CDNS_7586543688957        0        0        0       0     0      0         0
M3_M2_CDNS_7586543688958        0        0        0       0     0      0         0
M8_M7_CDNS_7586543688961        0        0        0       0     0      0         0
M7_M6_CDNS_7586543688962        0        0        0       0     0      0         0
M6_M5_CDNS_7586543688963        0        0        0       0     0      0         0
M5_M4_CDNS_7586543688964        0        0        0       0     0      0         0
M4_M3_CDNS_7586543688965        0        0        0       0     0      0         0
M3_M2_CDNS_7586543688966        0        0        0       0     0      0         0
M2_M1_CDNS_7586543688967        0        0        0       0     0      0         0
pch_25_mac_CDNS_758654368892        0        0        0       0     0      0         0
pch_25_mac_CDNS_758654368893        0        0        0       0     0      0         0
nch_25_mac_CDNS_758654368895        0        0        0       0     0      0         0
nch_25_mac_CDNS_758654368896        0        0        0       0     0      0         0
rnpoly_CDNS_7586543688910        0        0        0       0     0      0         0
rnpoly_CDNS_7586543688911        0        0        0       0     0      0         0
rnpoly_CDNS_7586543688914        0        0        0       0     0      0         0
rnpoly_CDNS_7586543688915        0        0        0       0     0      0         0
pch_25_mac_CDNS_7586543688916        0        0        0       0     0      0         0
nch_25_mac_CDNS_7586543688918        0        0        0       0     0      0         0
rnpoly_CDNS_7586543688919        0        0        0       0     0      0         0
nch_25_mac_CDNS_7586543688927        0        0        0       0     0      0         0
pch_25_mac_CDNS_7586543688928        0        0        0       0     0      0         0
nch_25_mac_CDNS_7586543688930        0        0        0       0     0      0         0
pch_25_mac_CDNS_7586543688931        0        0        0       0     0      0         0
pch_25_mac_CDNS_7586543688933        0        0        0       0     0      0         0
pch_25_mac_CDNS_7586543688936        0        0        0       0     0      0         0
nch_25_mac_CDNS_7586543688937        0        0        0       0     0      0         0
pch_25_mac_CDNS_7586543688939        0        0        0       0     0      0         0
nch_25_mac_CDNS_7586543688940        0        0        0       0     0      0         0
nch_25_mac_CDNS_7586543688942        0        0        0       0     0      0         0
nch_25_mac_CDNS_7586543688943        0        0        0       0     0      0         0
nch_25_mac_CDNS_7586543688946        0        0        0       0     0      0         0
nch_25_mac_CDNS_7586543688950        0        0        0       0     0      0         0
nch_25_mac_CDNS_7586543688957        0        0        0       0     0      0         0
pch_25_mac_CDNS_7586543688958        0        0        0       0     0      0         0
pch_25_mac_CDNS_7586543688959        0        0        0       0     0      0         0
pch_25_mac_CDNS_7586543688960        0        0        0       0     0      0         0
pch_25_mac_CDNS_7586543688962        0        0        0       0     0      0         0
pch_25_mac_CDNS_7586543688963        0        0        0       0     0      0         0
nch_25_mac_CDNS_7586543688964        0        0        0       0     0      0         0
nch_25_mac_CDNS_7586543688965        0        0        0       0     0      0         0
pch_25_mac_CDNS_7586543688966        0        0        0       0     0      0         0
pch_25_mac_CDNS_7586543688970        0        0        0       0     0      0         0
nch_25_mac_CDNS_7586543688972        0        0        0       0     0      0         0
pch_25_mac_CDNS_7586543688973        0        0        0       0     0      0         0
nch_25_mac_CDNS_7586543688974        0        0        0       0     0      0         0
pch_25_mac_CDNS_7586543688977        0        0        0       0     0      0         0
rppolywo_CDNS_7586543688978        0        0        0       0     0      0         0
TGP2A               0        0        0       0     7      0         7
pch_25_mac_CDNS_7586543688983        0        0        0       0     0      0         0
pch_25_mac_CDNS_7586543688984        0        0        0       0     0      0         0
pch_25_mac_CDNS_7586543688985        0        0        0       0     0      0         0
pch_25_mac_CDNS_7586543688986        0        0        0       0     0      0         0
pch_25_mac_CDNS_7586543688987        0        0        0       0     0      0         0
pch_25_mac_CDNS_7586543688988        0        0        0       0     0      0         0
pch_25_mac_CDNS_7586543688989        0        0        0       0     0      0         0
pch_25_mac_CDNS_7586543688990        0        0        0       0     0      0         0
folded_cascode_pmos        0        0        0       0   499      0       499
pch_25_mac_CDNS_75865436889116        0        0        0       0     0      0         0
pch_25_mac_CDNS_75865436889117        0        0        0       0     0      0         0
pch_25_mac_CDNS_75865436889118        0        0        0       0     0      0         0
pch_25_mac_CDNS_75865436889120        0        0        0       0     0      0         0
M2_M1_CDNS_7586543688972        0        0        0       0     0      0         0
nch_25_CDNS_75865436889125        0        0        0       0     0      0         0
pch_25_CDNS_75865436889126        0        0        0       0     0      0         0
M1_PO_CDNS_7586543688969        0        0        0       0     0      0         0
M1_OD_CDNS_7586543688979        0        0        0       0     0      0         0
nch_25x_CDNS_75865436889127        0        0        0       0     0      0         0
nch_25x_CDNS_75865436889128        0        0        0       0     0      0         0
nch_25x_CDNS_75865436889129        0        0        0       0     0      0         0
nch_25x_CDNS_75865436889130        0        0        0       0     0      0         0
pch_25x_CDNS_75865436889131        0        0        0       0     0      0         0
pch_25x_CDNS_75865436889132        0        0        0       0     0      0         0
pch_25x_CDNS_75865436889133        0        0        0       0     0      0         0
pch_25x_CDNS_75865436889134        0        0        0       0     0      0         0
nch_25x_CDNS_75865436889135        0        0        0       0     0      0         0
pch_25x_CDNS_75865436889136        0        0        0       0     0      0         0
M3_M2_CDNS_7586543688995        0        0        0       0     0      0         0
M2_M1_CDNS_75865436889158        0        0        0       0     0      0         0
M1_OD_CDNS_75865436889159        0        0        0       0     0      0         0
rppolywo_CDNS_75865436889165        0        0        0       0     0      0         0
AND2X8              0        0        0       0     7      0         7
MASCO__B27          0        0        0       0     2      0         2
MASCO__B28          0        0        0       0     2      0         2
MASCO__B29          0        0        0       0     2      0         2
MASCO__B30          0        0        0       0     2      0         2
M1_OD_CDNS_7586543688970        0        0        0       0     0      0         0
nch_25_macx_CDNS_7586543688979        0        0        0       0     0      0         0
pch_25_macx_CDNS_7586543688980        0        0        0       0     0      0         0
pch_25_macx_CDNS_7586543688981        0        0        0       0     0      0         0
nch_25_macx_CDNS_7586543688982        0        0        0       0     0      0         0
M6_M5_CDNS_7586543688998        0        0        0       0     0      0         0
M7_M6_CDNS_7586543688999        0        0        0       0     0      0         0
M1_OD_CDNS_75865436889147        0        0        0       0     0      0         0
nch_25_macx_CDNS_75865436889162        0        0        0       0     0      0         0
pch_25_macx_CDNS_75865436889167        0        0        0       0     0      0         0
M3_M2_CDNS_75865436889164        0        0        0       0     0      0         0
M2_M1_CDNS_75865436889165        0        0        0       0     0      0         0
M8_M7_CDNS_75865436889168        0        0        0       0     0      0         0
pch_25_mac_CDNS_75865436889186        0        0        0       0     0      0         0
pch_25_mac_CDNS_75865436889187        0        0        0       0     0      0         0
nch_25_macx_CDNS_75865436889191        0        0        0       0     0      0         0
nch_25_macx_CDNS_75865436889192        0        0        0       0     0      0         0
mimcap_CDNS_75865436889193        0        0        0       0     0      0         0
nch_25_macx_CDNS_75865436889194        0        0        0       0     0      0         0
nch_25_macx_CDNS_75865436889195        0        0        0       0     0      0         0
pch_25_macx_CDNS_75865436889200        0        0        0       0     0      0         0
pch_25_macx_CDNS_75865436889201        0        0        0       0     0      0         0
pch_25_macx_CDNS_75865436889202        0        0        0       0     0      0         0
pch_25_macx_CDNS_75865436889203        0        0        0       0     0      0         0
nch_25_macx_CDNS_75865436889206        0        0        0       0     0      0         0
nch_25_macx_CDNS_75865436889207        0        0        0       0     0      0         0
M2_M1_CDNS_7586543688981        0        0        0       0     0      0         0
M3_M2_CDNS_7586543688982        0        0        0       0     0      0         0
M2_M1_CDNS_7586543688983        0        0        0       0     0      0         0
M2_M1_CDNS_7586543688984        0        0        0       0     0      0         0
M2_M1_CDNS_7586543688985        0        0        0       0     0      0         0
M2_M1_CDNS_7586543688987        0        0        0       0     0      0         0
M8_M7_CDNS_7586543688988        0        0        0       0     0      0         0
M7_M6_CDNS_7586543688989        0        0        0       0     0      0         0
M6_M5_CDNS_7586543688990        0        0        0       0     0      0         0
M5_M4_CDNS_7586543688991        0        0        0       0     0      0         0
M4_M3_CDNS_7586543688992        0        0        0       0     0      0         0
M3_M2_CDNS_7586543688993        0        0        0       0     0      0         0
M2_M1_CDNS_7586543688994        0        0        0       0     0      0         0
M3_M2_CDNS_7586543688996        0        0        0       0     0      0         0
M2_M1_CDNS_7586543688997        0        0        0       0     0      0         0
M3_M2_CDNS_75865436889100        0        0        0       0     0      0         0
M4_M3_CDNS_75865436889101        0        0        0       0     0      0         0
M5_M4_CDNS_75865436889102        0        0        0       0     0      0         0
M3_M2_CDNS_75865436889103        0        0        0       0     0      0         0
M3_M2_CDNS_75865436889104        0        0        0       0     0      0         0
M3_M2_CDNS_75865436889106        0        0        0       0     0      0         0
M3_M2_CDNS_75865436889107        0        0        0       0     0      0         0
M4_M3_CDNS_75865436889108        0        0        0       0     0      0         0
M5_M4_CDNS_75865436889109        0        0        0       0     0      0         0
M5_M4_CDNS_75865436889110        0        0        0       0     0      0         0
M4_M3_CDNS_75865436889111        0        0        0       0     0      0         0
M3_M2_CDNS_75865436889113        0        0        0       0     0      0         0
M3_M2_CDNS_75865436889114        0        0        0       0     0      0         0
M4_M3_CDNS_75865436889115        0        0        0       0     0      0         0
M3_M2_CDNS_75865436889116        0        0        0       0     0      0         0
M2_M1_CDNS_75865436889117        0        0        0       0     0      0         0
M3_M2_CDNS_75865436889118        0        0        0       0     0      0         0
M5_M4_CDNS_75865436889119        0        0        0       0     0      0         0
M4_M3_CDNS_75865436889120        0        0        0       0     0      0         0
M4_M3_CDNS_75865436889121        0        0        0       0     0      0         0
M4_M3_CDNS_75865436889122        0        0        0       0     0      0         0
M5_M4_CDNS_75865436889124        0        0        0       0     0      0         0
M4_M3_CDNS_75865436889125        0        0        0       0     0      0         0
M5_M4_CDNS_75865436889129        0        0        0       0     0      0         0
M3_M2_CDNS_75865436889131        0        0        0       0     0      0         0
M4_M3_CDNS_75865436889132        0        0        0       0     0      0         0
M4_M3_CDNS_75865436889134        0        0        0       0     0      0         0
M4_M3_CDNS_75865436889138        0        0        0       0     0      0         0
M3_M2_CDNS_75865436889140        0        0        0       0     0      0         0
BiasGenCascWideSwing        0        0        0       0   218      0       218
TGN16A              0        0        0       0     8      0         8
DacPowerSupply        0        0        0       0   109      0       109
mimcap_CDNS_75865436889185        0        0        0       0     0      0         0
TGP16A              0        0        0       0     8      0         8
HBG526_SUB_V3A_SIDEA_RPO_095        0        0        0       0   374      0       374
HBG526_R_UNIT        0        0        0       0     0      0         0
HBG526_PC_2         0        0        0       0     0      0         0
HBG526_UNT_PCLAMPA_RPO_095        0        0        0       0   250      0       250
HBG526_NMOS30D7X055X2_RPO_095        0        0        0       0   219      0       219
MASCO__X2           0        0        0       0     8      0         8
MASCO__X3           0        0        0       0    12      0        12
MASCO__Y17          0        0        0       0     6      0         6
MASCO__Y18          0        0        0       0     7      0         7
MASCO__Y19          0        0        0       0     9      0         9
M3_M2_CDNS_75865436889169        0        0        0       0     0      0         0
M5_M4_CDNS_75865436889172        0        0        0       0     0      0         0
M2_M1_CDNS_75865436889174        0        0        0       0     0      0         0
M2_M1_CDNS_75865436889176        0        0        0       0     0      0         0
M3_M2_CDNS_75865436889177        0        0        0       0     0      0         0
M4_M3_CDNS_75865436889178        0        0        0       0     0      0         0
M1_OD_CDNS_75865436889179        0        0        0       0     0      0         0
M5_M4_CDNS_75865436889180        0        0        0       0     0      0         0
M3_M2_CDNS_75865436889181        0        0        0       0     0      0         0
M5_M4_CDNS_75865436889185        0        0        0       0     0      0         0
M1_OD_CDNS_75865436889186        0        0        0       0     0      0         0
M7_M6_CDNS_75865436889187        0        0        0       0     0      0         0
M3_M2_CDNS_75865436889188        0        0        0       0     0      0         0
M6_M5_CDNS_75865436889189        0        0        0       0     0      0         0
M5_M4_CDNS_75865436889190        0        0        0       0     0      0         0
M5_M4_CDNS_75865436889193        0        0        0       0     0      0         0
M3_M2_CDNS_75865436889198        0        0        0       0     0      0         0
M5_M4_CDNS_75865436889201        0        0        0       0     0      0         0
M5_M4_CDNS_75865436889203        0        0        0       0     0      0         0
M2_M1_CDNS_75865436889204        0        0        0       0     0      0         0
M1_PO_CDNS_75865436889206        0        0        0       0     0      0         0
M2_M1_CDNS_75865436889207        0        0        0       0     0      0         0
M2_M1_CDNS_75865436889208        0        0        0       0     0      0         0
M2_M1_CDNS_75865436889209        0        0        0       0     0      0         0
M1_PO_CDNS_75865436889210        0        0        0       0     0      0         0
pch_25_CDNS_75865436889210        0        0        0       0     0      0         0
pch_25_CDNS_75865436889213        0        0        0       0     0      0         0
pch_25_CDNS_75865436889216        0        0        0       0     0      0         0
nch_25_CDNS_75865436889217        0        0        0       0     0      0         0
nch_25_CDNS_75865436889219        0        0        0       0     0      0         0
LS10TO25FastFallBuf_comp        0        0        0       0    40      0        40
LS10TO25DualOutput_r1        0        0        0       0    39      0        39
rppolywo_CDNS_75865436889222        0        0        0       0     0      0         0
LS25TO10Dual        0        0        0       0    38      0        38
M7_M6_CDNS_75865436889215        0        0        0       0     0      0         0
M5_M4_CDNS_75865436889216        0        0        0       0     0      0         0
M6_M5_CDNS_75865436889217        0        0        0       0     0      0         0
M4_M3_CDNS_75865436889218        0        0        0       0     0      0         0
M6_M5_CDNS_75865436889219        0        0        0       0     0      0         0
M5_M4_CDNS_75865436889220        0        0        0       0     0      0         0
M7_M6_CDNS_75865436889221        0        0        0       0     0      0         0
M3_M2_CDNS_75865436889222        0        0        0       0     0      0         0
M2_M1_CDNS_75865436889230        0        0        0       0     0      0         0
nch_25_mac_CDNS_75865436889231        0        0        0       0     0      0         0
pch_25_mac_CDNS_75865436889236        0        0        0       0     0      0         0
nch_25_mac_CDNS_75865436889244        0        0        0       0     0      0         0
pch_25_mac_CDNS_75865436889245        0        0        0       0     0      0         0
Comparator_2V5_Mei        0        0        0       0   176      0       176
M2_M1_CDNS_75865436889233        0        0        0       0     0      0         0
M2_M1_CDNS_75865436889234        0        0        0       0     0      0         0
M3_M2_CDNS_75865436889235        0        0        0       0     0      0         0
M3_M2_CDNS_75865436889236        0        0        0       0     0      0         0
M3_M2_CDNS_75865436889238        0        0        0       0     0      0         0
M1_OD_CDNS_75865436889239        0        0        0       0     0      0         0
NOR2X0P5MA10TH        0        0        0       0     0      0         0
OR2X1MA10TH         0        0        0       0     0      0         0
INVX1BA10TH         0        0        0       0     0      0         0
NAND2X1BA10TH        0        0        0       0     0      0         0
DFFNRPQX1MA10TH_Spacing_Modded        0        0        0       0     0      0         0
DFFNSQX1MA10TH_Spacing_Modded        0        0        0       0     0      0         0
DFFNSRPQX1MA10TH_Spacing_Modded        0        0        0       0     0      0         0
M1_PO_CDNS_75865436889240        0        0        0       0     0      0         0
M1_PO_CDNS_75865436889241        0        0        0       0     0      0         0
M2_M1_CDNS_75865436889242        0        0        0       0     0      0         0
M2_M1_CDNS_75865436889243        0        0        0       0     0      0         0
M2_M1_CDNS_75865436889244        0        0        0       0     0      0         0
M2_M1_CDNS_75865436889245        0        0        0       0     0      0         0
M2_M1_CDNS_75865436889246        0        0        0       0     0      0         0
M1_PO_CDNS_75865436889247        0        0        0       0     0      0         0
pch_25_mac_CDNS_75865436889246        0        0        0       0     0      0         0
pch_25_mac_CDNS_75865436889247        0        0        0       0     0      0         0
pch_25_mac_CDNS_75865436889248        0        0        0       0     0      0         0
nch_25_mac_CDNS_75865436889249        0        0        0       0     0      0         0
pch_25_mac_CDNS_75865436889250        0        0        0       0     0      0         0
nch_25_mac_CDNS_75865436889251        0        0        0       0     0      0         0
pch_25_mac_CDNS_75865436889252        0        0        0       0     0      0         0
nch_25_mac_CDNS_75865436889253        0        0        0       0     0      0         0
nch_25_mac_CDNS_75865436889254        0        0        0       0     0      0         0
pch_25_mac_CDNS_75865436889255        0        0        0       0     0      0         0
nch_25_mac_CDNS_75865436889256        0        0        0       0     0      0         0
nch_25_mac_CDNS_75865436889257        0        0        0       0     0      0         0
pch_25_mac_CDNS_75865436889258        0        0        0       0     0      0         0
pch_25_mac_CDNS_75865436889259        0        0        0       0     0      0         0
nch_25_mac_CDNS_75865436889260        0        0        0       0     0      0         0
pch_25_mac_CDNS_75865436889261        0        0        0       0     0      0         0
pch_25_mac_CDNS_75865436889262        0        0        0       0     0      0         0
pch_25_mac_CDNS_75865436889263        0        0        0       0     0      0         0
pch_25_mac_CDNS_75865436889264        0        0        0       0     0      0         0
pch_25_mac_CDNS_75865436889265        0        0        0       0     0      0         0
nch_25_mac_CDNS_75865436889266        0        0        0       0     0      0         0
nch_25_mac_CDNS_75865436889267        0        0        0       0     0      0         0
nch_25_mac_CDNS_75865436889268        0        0        0       0     0      0         0
nch_25_mac_CDNS_75865436889269        0        0        0       0     0      0         0
pch_25_mac_CDNS_75865436889270        0        0        0       0     0      0         0
nch_25_mac_CDNS_75865436889271        0        0        0       0     0      0         0
pch_25_mac_CDNS_75865436889272        0        0        0       0     0      0         0
nch_25_mac_CDNS_75865436889273        0        0        0       0     0      0         0
nch_25_mac_CDNS_75865436889274        0        0        0       0     0      0         0
nch_25_mac_CDNS_75865436889275        0        0        0       0     0      0         0
nch_25_mac_CDNS_75865436889276        0        0        0       0     0      0         0
nch_25_mac_CDNS_75865436889277        0        0        0       0     0      0         0
pch_25_mac_CDNS_75865436889278        0        0        0       0     0      0         0
pch_25_mac_CDNS_75865436889279        0        0        0       0     0      0         0
nch_25_mac_CDNS_75865436889280        0        0        0       0     0      0         0
Sample_Switch_2V5_r1        0        0        0       0   260      0       260
MASCO__X1           0        0        0       0     4      0         4
bts_pmos            0        0        0       0   469      0       469
M8_M7_CDNS_75865436889260        0        0        0       0     0      0         0
M7_M6_CDNS_75865436889261        0        0        0       0     0      0         0
M6_M5_CDNS_75865436889262        0        0        0       0     0      0         0
M5_M4_CDNS_75865436889263        0        0        0       0     0      0         0
M4_M3_CDNS_75865436889264        0        0        0       0     0      0         0
mimcap_CDNS_75865436889292        0        0        0       0     0      0         0
rnpoly_CDNS_75865436889301        0        0        0       0     0      0         0
AdcMimComparatorMei        0        0        0       0   175      0       175
nch_25_mac_CDNS_7586543688991        0        0        0       0     0      0         0
nch_25_mac_CDNS_7586543688992        0        0        0       0     0      0         0
nch_25_mac_CDNS_7586543688993        0        0        0       0     0      0         0
nch_25_mac_CDNS_7586543688994        0        0        0       0     0      0         0
nch_25_mac_CDNS_7586543688995        0        0        0       0     0      0         0
nch_25_mac_CDNS_7586543688996        0        0        0       0     0      0         0
nch_25_mac_CDNS_7586543688997        0        0        0       0     0      0         0
pch_25_mac_CDNS_7586543688998        0        0        0       0     0      0         0
pch_25_mac_CDNS_7586543688999        0        0        0       0     0      0         0
pch_25_mac_CDNS_75865436889100        0        0        0       0     0      0         0
pch_25_mac_CDNS_75865436889101        0        0        0       0     0      0         0
pch_25_mac_CDNS_75865436889102        0        0        0       0     0      0         0
pch_25_mac_CDNS_75865436889103        0        0        0       0     0      0         0
pch_25_mac_CDNS_75865436889104        0        0        0       0     0      0         0
pch_25_mac_CDNS_75865436889105        0        0        0       0     0      0         0
pch_25_mac_CDNS_75865436889106        0        0        0       0     0      0         0
pch_25_mac_CDNS_75865436889107        0        0        0       0     0      0         0
pch_25_mac_CDNS_75865436889108        0        0        0       0     0      0         0
pch_25_mac_CDNS_75865436889109        0        0        0       0     0      0         0
pch_25_mac_CDNS_75865436889110        0        0        0       0     0      0         0
pch_25_mac_CDNS_75865436889111        0        0        0       0     0      0         0
pch_25_mac_CDNS_75865436889112        0        0        0       0     0      0         0
pch_25_mac_CDNS_75865436889113        0        0        0       0     0      0         0
pch_25_mac_CDNS_75865436889114        0        0        0       0     0      0         0
pch_25_mac_CDNS_75865436889115        0        0        0       0     0      0         0
pch_25_macx_CDNS_75865436889168        0        0        0       0     0      0         0
M1_PO_CDNS_75865436889146        0        0        0       0     0      0         0
M8_M7_CDNS_75865436889148        0        0        0       0     0      0         0
M3_M2_CDNS_75865436889149        0        0        0       0     0      0         0
pch_25_macx_CDNS_75865436889141        0        0        0       0     0      0         0
nch_25x_CDNS_75865436889145        0        0        0       0     0      0         0
pch_25_macx_CDNS_75865436889146        0        0        0       0     0      0         0
nch_25_macx_CDNS_75865436889149        0        0        0       0     0      0         0
nch_25_macx_CDNS_75865436889150        0        0        0       0     0      0         0
mimcap_CDNS_75865436889153        0        0        0       0     0      0         0
nch_25_macx_CDNS_75865436889157        0        0        0       0     0      0         0
nch_25_macx_CDNS_75865436889158        0        0        0       0     0      0         0
pch_25_macx_CDNS_75865436889159        0        0        0       0     0      0         0
pch_25_macx_CDNS_75865436889160        0        0        0       0     0      0         0
pch_25_macx_CDNS_75865436889161        0        0        0       0     0      0         0
INVX1               0        0        0       0     5      0         5
M1_OD_CDNS_75865436889160        0        0        0       0     0      0         0
nch_25_macx_CDNS_75865436889170        0        0        0       0     0      0         0
pch_25_macx_CDNS_75865436889171        0        0        0       0     0      0         0
pch_25_macx_CDNS_75865436889172        0        0        0       0     0      0         0
nch_25_macx_CDNS_75865436889173        0        0        0       0     0      0         0
M1_OD_CDNS_75865436889163        0        0        0       0     0      0         0
nch_25_macx_CDNS_75865436889175        0        0        0       0     0      0         0
pch_25_macx_CDNS_75865436889180        0        0        0       0     0      0         0
nch_25x_CDNS_75865436889181        0        0        0       0     0      0         0
nch_25_macx_CDNS_75865436889182        0        0        0       0     0      0         0
HBG526_OC_1_1        0        0        0       0     0      0         0
HBG526_V1_2         0        0        0       0     0      0         0
HBG526_OC_2         0        0        0       0     0      0         0
HBG526_V1_1_1        0        0        0       0     0      0         0
HBG526_V2_1_1        0        0        0       0     0      0         0
MASCO__X6           0        0        0       0    12      0        12
MASCO__X9           0        0        0       0     8      0         8
MASCO__X12          0        0        0       0     9      0         9
MASCO__X13          0        0        0       0     4      0         4
MASCO__X14          0        0        0       0     9      0         9
MASCO__X15          0        0        0       0    12      0        12
MASCO__X16          0        0        0       0    10      0        10
MASCO__Y23          0        0        0       0     7      0         7
HBG526_NMOS1X05_1        0        0        0       0     8      0         8
HBG526_PMOS3X04A        0        0        0       0    45      0        45
MASCO__X10          0        0        0       0    10      0        10
MASCO__Y21          0        0        0       0     5      0         5
MASCO__Y22          0        0        0       0     5      0         5
HBG526_V2_2         0        0        0       0     0      0         0
MASCO__X5           0        0        0       0     8      0         8
MASCO__X7           0        0        0       0     7      0         7
MASCO__X8           0        0        0       0     7      0         7
MASCO__Y20          0        0        0       0    10      0        10
MASCO__X4           0        0        0       0    10      0        10
M2_M1_CDNS_75865436889205        0        0        0       0     0      0         0
nch_lvt_CDNS_75865436889211        0        0        0       0     0      0         0
pch_lvt_CDNS_75865436889215        0        0        0       0     0      0         0
nch_25_CDNS_75865436889220        0        0        0       0     0      0         0
nch_25_CDNS_75865436889221        0        0        0       0     0      0         0
M1_PO_CDNS_75865436889211        0        0        0       0     0      0         0
M2_M1_CDNS_75865436889212        0        0        0       0     0      0         0
M3_M2_CDNS_75865436889213        0        0        0       0     0      0         0
M1_PO_CDNS_75865436889214        0        0        0       0     0      0         0
pch_25_mac_CDNS_75865436889223        0        0        0       0     0      0         0
nch_25_mac_CDNS_75865436889224        0        0        0       0     0      0         0
nch_lvt_mac_CDNS_75865436889225        0        0        0       0     0      0         0
pch_lvt_mac_CDNS_75865436889226        0        0        0       0     0      0         0
nch_25_mac_CDNS_75865436889227        0        0        0       0     0      0         0
pch_lvt_mac_CDNS_75865436889228        0        0        0       0     0      0         0
nch_lvt_mac_CDNS_75865436889229        0        0        0       0     0      0         0
M1_PO_CDNS_75865436889223        0        0        0       0     0      0         0
M3_M2_CDNS_75865436889224        0        0        0       0     0      0         0
M2_M1_CDNS_75865436889225        0        0        0       0     0      0         0
M3_M2_CDNS_75865436889226        0        0        0       0     0      0         0
M1_OD_CDNS_75865436889227        0        0        0       0     0      0         0
M1_PO_CDNS_75865436889228        0        0        0       0     0      0         0
M1_OD_CDNS_75865436889229        0        0        0       0     0      0         0
M3_M2_CDNS_75865436889231        0        0        0       0     0      0         0
M2_M1_CDNS_75865436889232        0        0        0       0     0      0         0
pch_25_mac_CDNS_75865436889230        0        0        0       0     0      0         0
pch_25_mac_CDNS_75865436889232        0        0        0       0     0      0         0
pch_25_mac_CDNS_75865436889233        0        0        0       0     0      0         0
pch_25_mac_CDNS_75865436889234        0        0        0       0     0      0         0
nch_25_mac_CDNS_75865436889235        0        0        0       0     0      0         0
pch_25_mac_CDNS_75865436889237        0        0        0       0     0      0         0
nch_25_mac_CDNS_75865436889238        0        0        0       0     0      0         0
nch_25_mac_CDNS_75865436889239        0        0        0       0     0      0         0
nch_25_mac_CDNS_75865436889240        0        0        0       0     0      0         0
nch_25_mac_CDNS_75865436889241        0        0        0       0     0      0         0
pch_25_mac_CDNS_75865436889242        0        0        0       0     0      0         0
nch_25_mac_CDNS_75865436889243        0        0        0       0     0      0         0
M2_M1_CDNS_75865436889249        0        0        0       0     0      0         0
M3_M2_CDNS_75865436889250        0        0        0       0     0      0         0
M3_M2_CDNS_75865436889251        0        0        0       0     0      0         0
M2_M1_CDNS_75865436889255        0        0        0       0     0      0         0
M3_M2_CDNS_75865436889256        0        0        0       0     0      0         0
M2_M1_CDNS_75865436889257        0        0        0       0     0      0         0
M2_M1_CDNS_75865436889258        0        0        0       0     0      0         0
pch_25_CDNS_75865436889281        0        0        0       0     0      0         0
pch_25_CDNS_75865436889282        0        0        0       0     0      0         0
pch_25_CDNS_75865436889283        0        0        0       0     0      0         0
nch_25_dnw_CDNS_75865436889284        0        0        0       0     0      0         0
nch_25_CDNS_75865436889285        0        0        0       0     0      0         0
nch_25_dnw_CDNS_75865436889286        0        0        0       0     0      0         0
nch_25_dnw_CDNS_75865436889287        0        0        0       0     0      0         0
nch_25_dnw_CDNS_75865436889288        0        0        0       0     0      0         0
nch_25_CDNS_75865436889289        0        0        0       0     0      0         0
pch_25_CDNS_75865436889290        0        0        0       0     0      0         0
nch_25_CDNS_75865436889291        0        0        0       0     0      0         0
pch_25_macx_CDNS_75865436889302        0        0        0       0     0      0         0
nch_25_macx_CDNS_75865436889303        0        0        0       0     0      0         0
NOR2X1              0        0        0       0     6      0         6
M1_OD_CDNS_75865436889150        0        0        0       0     0      0         0
pch_25_macx_CDNS_75865436889163        0        0        0       0     0      0         0
MASCO__X11          0        0        0       0    12      0        12
pch_25_CDNS_75865436889304        0        0        0       0     0      0         0
----------------------------------------------------------------------

Object Statistics of Layers
Layer   Objects
----------------
----------------

Object Summary
------------------
     Box         0
 Polygon         0
    Path         0
   Label         0
Instance      8275
   Array         0
------------------
   Total      8275


Output property: 8275
Total CPU Time          : 0(s)
Total Real Time         : 0(s)
Peak Memory Used        : 7(M)
