//  Calibre v2022.1_14.8    Wed Jan 5 16:27:44 PST 2022
//  Calibre Utility Library   v0-10_13-2017-1    Thu Jul 29 11:52:11 PDT 2021
//  Litho Libraries v2022.1_14.8  Wed Jan 5 16:27:44 PST 2022
//
//                   Copyright Siemens 1996-2022
//                       All Rights Reserved.
//   THIS WORK CONTAINS TRADE SECRET AND PROPRIETARY INFORMATION
//      WHICH IS THE PROPERTY OF MENTOR GRAPHICS CORPORATION
//        OR ITS LICENSORS AND IS SUBJECT TO LICENSE TERMS.
//
//  The registered trademark Linux is used pursuant to a sublicense from LMI, the
//  exclusive licensee of Linus Torvalds, owner of the mark on a world-wide basis.
//
//  Mentor Graphics software executing under x86-64 Linux
//
//  Running on 1 CPU 
//
//
//  calinteractive license acquired.
//  Calibre Interactive authorized.
// Calibre Interactive Error: Rules File: ../../wb.rul is not a file
