********************************************************************************
db2gds 20.10-p029 64 bit (Mon Sep 28 20:09:41 PDT 2020)
Build Ref No.: 029 Production (09-28-2020) [pvs_2010]

Copyright 2020 Cadence Design Systems, Inc.
All rights reserved worldwide.

Build O/S:       Linux x86_64 2.6.32-431.11.2.el6.x86_64
Executed on:     atlas (Linux x86_64 5.3.18-lp152.106-default)
Process Id:      98729
Starting Time:   Mon Sep 22 16:26:51 2025 (Mon Sep 22 21:26:51 2025 GMT)
With parameters: Dac2V5R2R14_98591 erc.db Dac2V5R2R14 -lmap lmapIOlEuI -gdslib drc.db -gds_scale 1000 -property 
********************************************************************************

Library name: Dac2V5R2R14_98591
GDSII file name: erc.db
Cells to be written out: Dac2V5R2R14
Source Library: Dac2V5R2R14_98591
Layer mapping file(GDS <- DMC): lmapIOlEuI
    0 (dt:0) <- 0
    0 (dt:0) <- 0
    0 (dt:0) <- 0
    0 (dt:0) <- 0
    0 (dt:0) <- 0
    0 (dt:0) <- 0
    0 (dt:0) <- 0
    0 (dt:0) <- 0
    0 (dt:0) <- 0
Cell name case: PRESERVE
Option: output object property


                Object Statistics of Cells                            
Cell Name         Box  Polygon     Path   Label Instance Array    Total
----------------------------------------------------------------------
Dac2V5R2R14         0        0        0       0   441      0       441
M3_M2_CDNS_758576410160        0        0        0       0     0      0         0
M2_M1_CDNS_758576410161        0        0        0       0     0      0         0
M2_M1_CDNS_758576410162        0        0        0       0     0      0         0
M8_M7_CDNS_758576410168        0        0        0       0     0      0         0
rppolywo_CDNS_758576410160        0        0        0       0     0      0         0
AND2X8              0        0        0       0     4      0         4
MASCO__B1           0        0        0       0     2      0         2
MASCO__B2           0        0        0       0     2      0         2
MASCO__B3           0        0        0       0     2      0         2
MASCO__B4           0        0        0       0     2      0         2
M1_PO_CDNS_7585764101617        0        0        0       0     0      0         0
nch_25_macx_CDNS_758576410164        0        0        0       0     0      0         0
----------------------------------------------------------------------

Object Statistics of Layers
Layer   Objects
----------------
----------------

Object Summary
------------------
     Box         0
 Polygon         0
    Path         0
   Label         0
Instance       453
   Array         0
------------------
   Total       453


Output property: 453
Total CPU Time          : 0(s)
Total Real Time         : 0(s)
Peak Memory Used        : 7(M)
