********************************************************************************
Product   : Virtuoso(R) XStream Out
Program   : @(#)$CDS: strmout version 6.1.8-64b 11/10/2020 19:36 (cpgsrv13) $
          : sub-version  IC6.1.8-64b.500.15 
Started at: 02-Oct-2025  14:27:19
User Name : mseminario2
Host Name : atlas
Directory : /home/mseminario2/chips/myshkin/ic
CADENCE Design Systems, Inc.
********************************************************************************
Info: Cellview Rev Num:99,  Tech Rev Num:59

INFO (XSTRM-217): Reading the layer map file, /opt/design_kits/TSMC65-PDK/tsmcN65/tsmcN65.layermap
INFO (XSTRM-162): You have not used the viaMap option. If the OpenAccess design has native oaVia instances, use the -viaMap option for preserving oaVia instances in a Stream Out - Stream In round trip. Using the -viaMap option improves performance and VM usage of applications using the Streamed-In design.  For details on the viaMap option, refer to the "Design Data Translator's Reference" guide for XStream.

Summary of Options :
library                                 myshkin
strmFile                                ./pvs/myshkin/OscillatorCurrentStarved/myshkin.OscillatorCurrentStarved.gds
topCell                                 OscillatorCurrentStarved
view                                    layout
logFile                                 ./strmout/myshkin.OscillatorCurrentStarved.strmout.log
techLib                                 tsmcN65
layerMap                                /opt/design_kits/TSMC65-PDK/tsmcN65/tsmcN65.layermap
case                                    Preserve
convertDot                              node
convertPin                              geometryAndText
noWarn                                  20 32 33 35 315

INFO (XSTRM-223): 1. Translating stdVia tsmcN65/M1_PO/layout as STRUCTURE M1_PO_CDNS_759433239920.
INFO (XSTRM-223): 2. Translating stdVia tsmcN65/M2_M1/layout as STRUCTURE M2_M1_CDNS_759433239921.
INFO (XSTRM-223): 3. Translating stdVia tsmcN65/M2_M1/layout as STRUCTURE M2_M1_CDNS_759433239922.
INFO (XSTRM-223): 4. Translating stdVia tsmcN65/M2_M1/layout as STRUCTURE M2_M1_CDNS_759433239923.
INFO (XSTRM-223): 5. Translating stdVia tsmcN65/M1_OD/layout as STRUCTURE M1_OD_CDNS_759433239924.
INFO (XSTRM-223): 6. Translating stdVia tsmcN65/M1_PO/layout as STRUCTURE M1_PO_CDNS_759433239925.
INFO (XSTRM-223): 7. Translating stdVia tsmcN65/M2_M1/layout as STRUCTURE M2_M1_CDNS_759433239926.
INFO (XSTRM-223): 8. Translating stdVia tsmcN65/M2_M1/layout as STRUCTURE M2_M1_CDNS_759433239927.
INFO (XSTRM-223): 9. Translating stdVia tsmcN65/M1_PO/layout as STRUCTURE M1_PO_CDNS_759433239928.
INFO (XSTRM-223): 10. Translating stdVia tsmcN65/M1_PO/layout as STRUCTURE M1_PO_CDNS_759433239929.
INFO (XSTRM-223): 11. Translating stdVia tsmcN65/M3_M2/layout as STRUCTURE M3_M2_CDNS_7594332399210.
INFO (XSTRM-223): 12. Translating stdVia tsmcN65/M5_M4/layout as STRUCTURE M5_M4_CDNS_7594332399211.
INFO (XSTRM-223): 13. Translating stdVia tsmcN65/M4_M3/layout as STRUCTURE M4_M3_CDNS_7594332399212.
INFO (XSTRM-223): 14. Translating stdVia tsmcN65/M8_M7/layout as STRUCTURE M8_M7_CDNS_7594332399213.
INFO (XSTRM-223): 15. Translating stdVia tsmcN65/M2_M1/layout as STRUCTURE M2_M1_CDNS_7594332399214.
INFO (XSTRM-223): 16. Translating stdVia tsmcN65/M6_M5/layout as STRUCTURE M6_M5_CDNS_7594332399215.
INFO (XSTRM-223): 17. Translating stdVia tsmcN65/M7_M6/layout as STRUCTURE M7_M6_CDNS_7594332399216.
INFO (XSTRM-223): 18. Translating stdVia tsmcN65/M2_M1/layout as STRUCTURE M2_M1_CDNS_7594332399217.
INFO (XSTRM-223): 19. Translating stdVia tsmcN65/M2_M1/layout as STRUCTURE M2_M1_CDNS_7594332399218.
INFO (XSTRM-223): 20. Translating stdVia tsmcN65/M8_M7/layout as STRUCTURE M8_M7_CDNS_7594332399219.
INFO (XSTRM-223): 21. Translating stdVia tsmcN65/M1_PO/layout as STRUCTURE M1_PO_CDNS_7594332399220.
INFO (XSTRM-223): 22. Translating stdVia tsmcN65/M7_M6/layout as STRUCTURE M7_M6_CDNS_7594332399221.
INFO (XSTRM-223): 23. Translating stdVia tsmcN65/M6_M5/layout as STRUCTURE M6_M5_CDNS_7594332399222.
INFO (XSTRM-223): 24. Translating stdVia tsmcN65/M5_M4/layout as STRUCTURE M5_M4_CDNS_7594332399223.
INFO (XSTRM-223): 25. Translating stdVia tsmcN65/M4_M3/layout as STRUCTURE M4_M3_CDNS_7594332399224.
INFO (XSTRM-223): 26. Translating stdVia tsmcN65/M3_M2/layout as STRUCTURE M3_M2_CDNS_7594332399225.
INFO (XSTRM-223): 27. Translating stdVia tsmcN65/M2_M1/layout as STRUCTURE M2_M1_CDNS_7594332399226.
INFO (XSTRM-223): 28. Translating stdVia tsmcN65/M8_M7/layout as STRUCTURE M8_M7_CDNS_7594332399227.
INFO (XSTRM-223): 29. Translating stdVia tsmcN65/M3_M2/layout as STRUCTURE M3_M2_CDNS_7594332399228.
INFO (XSTRM-223): 30. Translating stdVia tsmcN65/M4_M3/layout as STRUCTURE M4_M3_CDNS_7594332399229.
INFO (XSTRM-223): 31. Translating stdVia tsmcN65/M2_M1/layout as STRUCTURE M2_M1_CDNS_7594332399230.
INFO (XSTRM-223): 32. Translating stdVia tsmcN65/M4_M3/layout as STRUCTURE M4_M3_CDNS_7594332399231.
INFO (XSTRM-223): 33. Translating stdVia tsmcN65/M4_M3/layout as STRUCTURE M4_M3_CDNS_7594332399232.
INFO (XSTRM-223): 34. Translating stdVia tsmcN65/M5_M4/layout as STRUCTURE M5_M4_CDNS_7594332399233.
INFO (XSTRM-223): 35. Translating stdVia tsmcN65/M5_M4/layout as STRUCTURE M5_M4_CDNS_7594332399234.
INFO (XSTRM-223): 36. Translating stdVia tsmcN65/M2_M1/layout as STRUCTURE M2_M1_CDNS_7594332399235.
INFO (XSTRM-223): 37. Translating stdVia tsmcN65/M3_M2/layout as STRUCTURE M3_M2_CDNS_7594332399236.
INFO (XSTRM-223): 38. Translating stdVia tsmcN65/M3_M2/layout as STRUCTURE M3_M2_CDNS_7594332399237.
INFO (XSTRM-223): 39. Translating stdVia tsmcN65/M3_M2/layout as STRUCTURE M3_M2_CDNS_7594332399238.
INFO (XSTRM-223): 40. Translating stdVia tsmcN65/M2_M1/layout as STRUCTURE M2_M1_CDNS_7594332399239.
INFO (XSTRM-223): 41. Translating stdVia tsmcN65/M3_M2/layout as STRUCTURE M3_M2_CDNS_7594332399240.
INFO (XSTRM-223): 42. Translating stdVia tsmcN65/M4_M3/layout as STRUCTURE M4_M3_CDNS_7594332399241.
INFO (XSTRM-223): 43. Translating stdVia tsmcN65/M2_M1/layout as STRUCTURE M2_M1_CDNS_7594332399242.
INFO (XSTRM-223): 44. Translating stdVia tsmcN65/M3_M2/layout as STRUCTURE M3_M2_CDNS_7594332399243.
INFO (XSTRM-223): 45. Translating stdVia tsmcN65/M4_M3/layout as STRUCTURE M4_M3_CDNS_7594332399244.
INFO (XSTRM-223): 46. Translating stdVia tsmcN65/M5_M4/layout as STRUCTURE M5_M4_CDNS_7594332399245.
INFO (XSTRM-223): 47. Translating stdVia tsmcN65/M5_M4/layout as STRUCTURE M5_M4_CDNS_7594332399246.
INFO (XSTRM-223): 48. Translating stdVia tsmcN65/M4_M3/layout as STRUCTURE M4_M3_CDNS_7594332399247.
INFO (XSTRM-223): 49. Translating stdVia tsmcN65/M3_M2/layout as STRUCTURE M3_M2_CDNS_7594332399248.
INFO (XSTRM-223): 50. Translating stdVia tsmcN65/M2_M1/layout as STRUCTURE M2_M1_CDNS_7594332399249.
INFO (XSTRM-223): 51. Translating stdVia tsmcN65/M1_PO/layout as STRUCTURE M1_PO_CDNS_7594332399250.
INFO (XSTRM-223): 52. Translating cellView tsmcN65/nch_macx/layout as STRUCTURE nch_macx_CDNS_759433239920.
INFO (XSTRM-223): 53. Translating cellView tsmcN65/nch_macx/layout as STRUCTURE nch_macx_CDNS_759433239921.
INFO (XSTRM-223): 54. Translating cellView tsmcN65/pch_mac/layout as STRUCTURE pch_mac_CDNS_759433239922.
INFO (XSTRM-223): 55. Translating cellView tsmcN65/pch_mac/layout as STRUCTURE pch_mac_CDNS_759433239923.
INFO (XSTRM-223): 56. Translating cellView tsmcN65/pch_mac/layout as STRUCTURE pch_mac_CDNS_759433239924.
INFO (XSTRM-223): 57. Translating cellView tsmcN65/nch_macx/layout as STRUCTURE nch_macx_CDNS_759433239925.
INFO (XSTRM-223): 58. Translating cellView tsmcN65/pch_mac/layout as STRUCTURE pch_mac_CDNS_759433239926.
INFO (XSTRM-223): 59. Translating cellView tsmcN65/nch_macx/layout as STRUCTURE nch_macx_CDNS_759433239927.
INFO (XSTRM-223): 60. Translating cellView tsmcN65/mimcap/layout as STRUCTURE mimcap_CDNS_759433239928.
INFO (XSTRM-223): 61. Translating cellView tsmcN65/nch_macx/layout as STRUCTURE nch_macx_CDNS_759433239929.
INFO (XSTRM-223): 62. Translating cellView tsmc65_sc_adv10/PqvVM8tzSE6e71qF/layout as STRUCTURE PqvVM8tzSE6e71qF.
INFO (XSTRM-223): 63. Translating cellView tsmc65_sc_adv10/PREICGX1P4BA10TH/layout as STRUCTURE PREICGX1P4BA10TH.
INFO (XSTRM-223): 64. Translating cellView tsmc65_sc_adv10/ILXCBcuzlDW/layout as STRUCTURE ILXCBcuzlDW.
INFO (XSTRM-223): 65. Translating cellView tsmc65_sc_adv10/INVX1MA10TH/layout as STRUCTURE INVX1MA10TH.
INFO (XSTRM-223): 66. Translating cellView tsmc65_sc_adv10/DrwcWukN5Tke71qF/layout as STRUCTURE DrwcWukN5Tke71qF.
INFO (XSTRM-223): 67. Translating cellView tsmc65_sc_adv10/DFFNSRPQX1MA10TH/layout as STRUCTURE DFFNSRPQX1MA10TH.
INFO (XSTRM-223): 68. Translating cellView tsmc65_sc_adv10/FhcHyXqFJTnai/layout as STRUCTURE FhcHyXqFJTnai.
INFO (XSTRM-223): 69. Translating cellView tsmc65_sc_adv10/FILLTIE2A10TH/layout as STRUCTURE FILLTIE2A10TH.
INFO (XSTRM-223): 70. Translating stdVia tsmcN65/M3_M2/layout as STRUCTURE M3_M2_CDNS_7594332399251.
INFO (XSTRM-223): 71. Translating stdVia tsmcN65/M2_M1/layout as STRUCTURE M2_M1_CDNS_7594332399252.
INFO (XSTRM-223): 72. Translating cellView tsmcN65/rppolywo/layout as STRUCTURE rppolywo_CDNS_7594332399210.
INFO (XSTRM-223): 73. Translating cellView tsmc65_sc_adv10/ALansAHm4Wvn/layout as STRUCTURE ALansAHm4Wvn.
INFO (XSTRM-223): 74. Translating cellView tsmc65_sc_adv10/AND2X8MA10TH/layout as STRUCTURE AND2X8MA10TH.
INFO (XSTRM-223): 75. Translating cellView myshkin/DacR2R12/layout as STRUCTURE DacR2R12.
INFO (XSTRM-180): You have not used the objectMap option. The design has instance(s) of at least one of following OpenAccess objects: oaBlockage, oaBoundary, oaRow, and oaMarker. Any information about these objects will not be translated into the generated stream file. Use the objectMap option to translate/preserve these objects using XStream. For details on the objectMap option, refer to the "Design Data Translator's Reference" guide for XStream.
INFO (XSTRM-223): 76. Translating cellView myshkin/OscillatorCurrentStarved/layout as STRUCTURE OscillatorCurrentStarved.

Summary of Objects Translated:
	Scalar Instances:                       128
	Array Instances:                        0
	Polygons:                               86
	Paths:                                  7
	Rectangles:                             2267
	Lines:                                  0
	Arcs:                                   0
	Donuts:                                 0
	Dots:                                   0
	Ellipses:                               0
	Boundaries:                             0
	Area Blockages:                         0
	Layer Blockages:                        0
	Area Halos:                             0
	Markers:                                0
	Rows:                                   0
	Standard Vias                           573
	Custom Vias:                            0
	CdsGen Vias:                            0
	Pathsegs:                               341
	Text:                                   489
	TextDisplay:                            0
	Cells:                                  76

Elapsed Time: 0.2s   User Time: 0.2s   CPU Time: 0.1s   Peak VM: 102636KB
INFO (XSTRM-234): Translation completed. '0' error(s) and '0' warning(s) found.
