********************************************************************************
Product   : Virtuoso(R) XStream Out
Program   : @(#)$CDS: strmout version 6.1.8-64b 11/10/2020 19:36 (cpgsrv13) $
          : sub-version  IC6.1.8-64b.500.15 
Started at: 02-Oct-2025  14:26:01
User Name : mseminario2
Host Name : atlas
Directory : /home/mseminario2/chips/myshkin/ic
CADENCE Design Systems, Inc.
********************************************************************************
Info: Cellview Rev Num:99,  Tech Rev Num:59

INFO (XSTRM-217): Reading the layer map file, /opt/design_kits/TSMC65-PDK/tsmcN65/tsmcN65.layermap
INFO (XSTRM-162): You have not used the viaMap option. If the OpenAccess design has native oaVia instances, use the -viaMap option for preserving oaVia instances in a Stream Out - Stream In round trip. Using the -viaMap option improves performance and VM usage of applications using the Streamed-In design.  For details on the viaMap option, refer to the "Design Data Translator's Reference" guide for XStream.

Summary of Options :
library                                 myshkin
strmFile                                ./pvs/myshkin/GlitchFilter/myshkin.GlitchFilter.gds
topCell                                 GlitchFilter
view                                    layout
logFile                                 ./strmout/myshkin.GlitchFilter.strmout.log
techLib                                 tsmcN65
layerMap                                /opt/design_kits/TSMC65-PDK/tsmcN65/tsmcN65.layermap
case                                    Preserve
convertDot                              node
convertPin                              geometryAndText
noWarn                                  20 32 33 35 315

INFO (XSTRM-223): 1. Translating stdVia tsmcN65/M2_M1/layout as STRUCTURE M2_M1_CDNS_759433161710.
INFO (XSTRM-223): 2. Translating stdVia tsmcN65/M2_M1/layout as STRUCTURE M2_M1_CDNS_759433161711.
INFO (XSTRM-223): 3. Translating stdVia tsmcN65/M2_M1/layout as STRUCTURE M2_M1_CDNS_759433161712.
INFO (XSTRM-223): 4. Translating stdVia tsmcN65/M2_M1/layout as STRUCTURE M2_M1_CDNS_759433161713.
INFO (XSTRM-223): 5. Translating stdVia tsmcN65/M3_M2/layout as STRUCTURE M3_M2_CDNS_759433161714.
INFO (XSTRM-223): 6. Translating stdVia tsmcN65/M1_PO/layout as STRUCTURE M1_PO_CDNS_759433161715.
INFO (XSTRM-223): 7. Translating stdVia tsmcN65/M1_PO/layout as STRUCTURE M1_PO_CDNS_759433161716.
INFO (XSTRM-223): 8. Translating stdVia tsmcN65/M1_NW/layout as STRUCTURE M1_NW_CDNS_759433161717.
INFO (XSTRM-223): 9. Translating cellView tsmcN65/nch_hvtx/layout as STRUCTURE nch_hvtx_CDNS_759433161710.
INFO (XSTRM-223): 10. Translating cellView tsmcN65/pch_hvt/layout as STRUCTURE pch_hvt_CDNS_759433161711.
INFO (XSTRM-223): 11. Translating cellView tsmc65_sc_adv10/FhcHyXqFJTnai/layout as STRUCTURE FhcHyXqFJTnai.
INFO (XSTRM-223): 12. Translating cellView tsmcN65/pch_hvt/layout as STRUCTURE pch_hvt_CDNS_759433161712.
INFO (XSTRM-223): 13. Translating cellView myshkin/GlitchFilterBiEdge/layout as STRUCTURE GlitchFilterBiEdge.
INFO (XSTRM-223): 14. Translating cellView myshkin/GlitchFilter/layout as STRUCTURE GlitchFilter.

Summary of Objects Translated:
	Scalar Instances:                       38
	Array Instances:                        0
	Polygons:                               6
	Paths:                                  7
	Rectangles:                             1268
	Lines:                                  0
	Arcs:                                   0
	Donuts:                                 0
	Dots:                                   0
	Ellipses:                               0
	Boundaries:                             0
	Area Blockages:                         0
	Layer Blockages:                        0
	Area Halos:                             0
	Markers:                                0
	Rows:                                   0
	Standard Vias                           108
	Custom Vias:                            0
	CdsGen Vias:                            0
	Pathsegs:                               68
	Text:                                   225
	TextDisplay:                            0
	Cells:                                  14

Elapsed Time: 0.2s   User Time: 0.1s   CPU Time: 0.0s   Peak VM: 101408KB
INFO (XSTRM-234): Translation completed. '0' error(s) and '0' warning(s) found.
