********************************************************************************
Product   : Virtuoso(R) XStream Out
Program   : @(#)$CDS: strmout version 6.1.8-64b 11/10/2020 19:36 (cpgsrv13) $
          : sub-version  IC6.1.8-64b.500.15 
Started at: 04-Oct-2025  00:19:12
User Name : mseminario2
Host Name : atlas
Directory : /home/mseminario2/chips/myshkin/ic
CADENCE Design Systems, Inc.
********************************************************************************
Info: Cellview Rev Num:99,  Tech Rev Num:59

INFO (XSTRM-217): Reading the layer map file, /opt/design_kits/TSMC65-PDK/tsmcN65/tsmcN65.layermap
INFO (XSTRM-162): You have not used the viaMap option. If the OpenAccess design has native oaVia instances, use the -viaMap option for preserving oaVia instances in a Stream Out - Stream In round trip. Using the -viaMap option improves performance and VM usage of applications using the Streamed-In design.  For details on the viaMap option, refer to the "Design Data Translator's Reference" guide for XStream.

Summary of Options :
library                                 potentiostat_final
strmFile                                ./pvs/potentiostat_final/top_level_sch/potentiostat_final.top_level_sch.gds
topCell                                 top_level_sch
view                                    layout
logFile                                 ./strmout/potentiostat_final.top_level_sch.strmout.log
techLib                                 tsmcN65
layerMap                                /opt/design_kits/TSMC65-PDK/tsmcN65/tsmcN65.layermap
case                                    Preserve
convertDot                              node
convertPin                              geometryAndText
noWarn                                  20 32 33 35 315

INFO (XSTRM-223): 1. Translating stdVia tsmcN65/M3_M2/layout as STRUCTURE M3_M2_CDNS_759555152330.
INFO (XSTRM-223): 2. Translating stdVia tsmcN65/M4_M3/layout as STRUCTURE M4_M3_CDNS_759555152331.
INFO (XSTRM-223): 3. Translating stdVia tsmcN65/M5_M4/layout as STRUCTURE M5_M4_CDNS_759555152332.
INFO (XSTRM-223): 4. Translating stdVia tsmcN65/M5_M4/layout as STRUCTURE M5_M4_CDNS_759555152333.
INFO (XSTRM-223): 5. Translating stdVia tsmcN65/M4_M3/layout as STRUCTURE M4_M3_CDNS_759555152334.
INFO (XSTRM-223): 6. Translating stdVia tsmcN65/M3_M2/layout as STRUCTURE M3_M2_CDNS_759555152335.
INFO (XSTRM-223): 7. Translating stdVia tsmcN65/M4_M3/layout as STRUCTURE M4_M3_CDNS_759555152336.
INFO (XSTRM-223): 8. Translating stdVia tsmcN65/M3_M2/layout as STRUCTURE M3_M2_CDNS_759555152337.
INFO (XSTRM-223): 9. Translating stdVia tsmcN65/M3_M2/layout as STRUCTURE M3_M2_CDNS_759555152338.
INFO (XSTRM-223): 10. Translating stdVia tsmcN65/M4_M3/layout as STRUCTURE M4_M3_CDNS_759555152339.
INFO (XSTRM-223): 11. Translating stdVia tsmcN65/M3_M2/layout as STRUCTURE M3_M2_CDNS_7595551523310.
INFO (XSTRM-223): 12. Translating stdVia tsmcN65/M2_M1/layout as STRUCTURE M2_M1_CDNS_7595551523311.
INFO (XSTRM-223): 13. Translating stdVia tsmcN65/M2_M1/layout as STRUCTURE M2_M1_CDNS_7595551523312.
INFO (XSTRM-223): 14. Translating stdVia tsmcN65/M1_PO/layout as STRUCTURE M1_PO_CDNS_7595551523313.
INFO (XSTRM-223): 15. Translating stdVia tsmcN65/M3_M2/layout as STRUCTURE M3_M2_CDNS_7595551523314.
INFO (XSTRM-223): 16. Translating stdVia tsmcN65/M5_M4/layout as STRUCTURE M5_M4_CDNS_7595551523315.
INFO (XSTRM-223): 17. Translating stdVia tsmcN65/M5_M4/layout as STRUCTURE M5_M4_CDNS_7595551523316.
INFO (XSTRM-223): 18. Translating stdVia tsmcN65/M2_M1/layout as STRUCTURE M2_M1_CDNS_7595551523317.
INFO (XSTRM-223): 19. Translating stdVia tsmcN65/M3_M2/layout as STRUCTURE M3_M2_CDNS_7595551523318.
INFO (XSTRM-223): 20. Translating stdVia tsmcN65/M3_M2/layout as STRUCTURE M3_M2_CDNS_7595551523319.
INFO (XSTRM-223): 21. Translating stdVia tsmcN65/M2_M1/layout as STRUCTURE M2_M1_CDNS_7595551523320.
INFO (XSTRM-223): 22. Translating stdVia tsmcN65/M2_M1/layout as STRUCTURE M2_M1_CDNS_7595551523321.
INFO (XSTRM-223): 23. Translating stdVia tsmcN65/M3_M2/layout as STRUCTURE M3_M2_CDNS_7595551523322.
INFO (XSTRM-223): 24. Translating stdVia tsmcN65/M3_M2/layout as STRUCTURE M3_M2_CDNS_7595551523323.
INFO (XSTRM-223): 25. Translating stdVia tsmcN65/M5_M4/layout as STRUCTURE M5_M4_CDNS_7595551523324.
INFO (XSTRM-223): 26. Translating stdVia tsmcN65/M4_M3/layout as STRUCTURE M4_M3_CDNS_7595551523325.
INFO (XSTRM-223): 27. Translating stdVia tsmcN65/M3_M2/layout as STRUCTURE M3_M2_CDNS_7595551523326.
INFO (XSTRM-223): 28. Translating stdVia tsmcN65/M2_M1/layout as STRUCTURE M2_M1_CDNS_7595551523327.
INFO (XSTRM-223): 29. Translating stdVia tsmcN65/M2_M1/layout as STRUCTURE M2_M1_CDNS_7595551523328.
INFO (XSTRM-223): 30. Translating stdVia tsmcN65/M4_M3/layout as STRUCTURE M4_M3_CDNS_7595551523329.
INFO (XSTRM-223): 31. Translating stdVia tsmcN65/M5_M4/layout as STRUCTURE M5_M4_CDNS_7595551523330.
INFO (XSTRM-223): 32. Translating stdVia tsmcN65/M5_M4/layout as STRUCTURE M5_M4_CDNS_7595551523331.
INFO (XSTRM-223): 33. Translating stdVia tsmcN65/M4_M3/layout as STRUCTURE M4_M3_CDNS_7595551523332.
INFO (XSTRM-223): 34. Translating stdVia tsmcN65/M3_M2/layout as STRUCTURE M3_M2_CDNS_7595551523333.
INFO (XSTRM-223): 35. Translating stdVia tsmcN65/M2_M1/layout as STRUCTURE M2_M1_CDNS_7595551523334.
INFO (XSTRM-223): 36. Translating stdVia tsmcN65/M5_M4/layout as STRUCTURE M5_M4_CDNS_7595551523335.
INFO (XSTRM-223): 37. Translating stdVia tsmcN65/M4_M3/layout as STRUCTURE M4_M3_CDNS_7595551523336.
INFO (XSTRM-223): 38. Translating stdVia tsmcN65/M4_M3/layout as STRUCTURE M4_M3_CDNS_7595551523337.
INFO (XSTRM-223): 39. Translating stdVia tsmcN65/M3_M2/layout as STRUCTURE M3_M2_CDNS_7595551523338.
INFO (XSTRM-223): 40. Translating stdVia tsmcN65/M4_M3/layout as STRUCTURE M4_M3_CDNS_7595551523339.
INFO (XSTRM-223): 41. Translating stdVia tsmcN65/M2_M1/layout as STRUCTURE M2_M1_CDNS_7595551523340.
INFO (XSTRM-223): 42. Translating stdVia tsmcN65/M1_PO/layout as STRUCTURE M1_PO_CDNS_7595551523341.
INFO (XSTRM-223): 43. Translating stdVia tsmcN65/M1_PO/layout as STRUCTURE M1_PO_CDNS_7595551523342.
INFO (XSTRM-223): 44. Translating stdVia tsmcN65/M2_M1/layout as STRUCTURE M2_M1_CDNS_7595551523343.
INFO (XSTRM-223): 45. Translating stdVia tsmcN65/M1_PO/layout as STRUCTURE M1_PO_CDNS_7595551523344.
INFO (XSTRM-223): 46. Translating stdVia tsmcN65/M1_PO/layout as STRUCTURE M1_PO_CDNS_7595551523345.
INFO (XSTRM-223): 47. Translating stdVia tsmcN65/M2_M1/layout as STRUCTURE M2_M1_CDNS_7595551523346.
INFO (XSTRM-223): 48. Translating stdVia tsmcN65/M1_PO/layout as STRUCTURE M1_PO_CDNS_7595551523347.
INFO (XSTRM-223): 49. Translating stdVia tsmcN65/M2_M1/layout as STRUCTURE M2_M1_CDNS_7595551523348.
INFO (XSTRM-223): 50. Translating stdVia tsmcN65/M3_M2/layout as STRUCTURE M3_M2_CDNS_7595551523349.
INFO (XSTRM-223): 51. Translating stdVia tsmcN65/M3_M2/layout as STRUCTURE M3_M2_CDNS_7595551523350.
INFO (XSTRM-223): 52. Translating stdVia tsmcN65/M2_M1/layout as STRUCTURE M2_M1_CDNS_7595551523351.
INFO (XSTRM-223): 53. Translating stdVia tsmcN65/M3_M2/layout as STRUCTURE M3_M2_CDNS_7595551523352.
INFO (XSTRM-223): 54. Translating stdVia tsmcN65/M2_M1/layout as STRUCTURE M2_M1_CDNS_7595551523353.
INFO (XSTRM-223): 55. Translating cellView tsmcN65/pch_25_mac/layout as STRUCTURE pch_25_mac_CDNS_759555152330.
INFO (XSTRM-223): 56. Translating stdVia tsmcN65/M1_PO/layout as STRUCTURE M1_PO_CDNS_7595551523354.
INFO (XSTRM-223): 57. Translating stdVia tsmcN65/M1_PO/layout as STRUCTURE M1_PO_CDNS_7595551523355.
INFO (XSTRM-223): 58. Translating stdVia tsmcN65/M1_PO/layout as STRUCTURE M1_PO_CDNS_7595551523356.
INFO (XSTRM-223): 59. Translating stdVia tsmcN65/M1_PO/layout as STRUCTURE M1_PO_CDNS_7595551523357.
INFO (XSTRM-223): 60. Translating stdVia tsmcN65/M3_M2/layout as STRUCTURE M3_M2_CDNS_7595551523358.
INFO (XSTRM-223): 61. Translating stdVia tsmcN65/M2_M1/layout as STRUCTURE M2_M1_CDNS_7595551523359.
INFO (XSTRM-223): 62. Translating stdVia tsmcN65/M3_M2/layout as STRUCTURE M3_M2_CDNS_7595551523360.
INFO (XSTRM-223): 63. Translating stdVia tsmcN65/M8_M7/layout as STRUCTURE M8_M7_CDNS_7595551523361.
INFO (XSTRM-223): 64. Translating stdVia tsmcN65/M7_M6/layout as STRUCTURE M7_M6_CDNS_7595551523362.
INFO (XSTRM-223): 65. Translating stdVia tsmcN65/M6_M5/layout as STRUCTURE M6_M5_CDNS_7595551523363.
INFO (XSTRM-223): 66. Translating stdVia tsmcN65/M5_M4/layout as STRUCTURE M5_M4_CDNS_7595551523364.
INFO (XSTRM-223): 67. Translating stdVia tsmcN65/M4_M3/layout as STRUCTURE M4_M3_CDNS_7595551523365.
INFO (XSTRM-223): 68. Translating stdVia tsmcN65/M3_M2/layout as STRUCTURE M3_M2_CDNS_7595551523366.
INFO (XSTRM-223): 69. Translating stdVia tsmcN65/M2_M1/layout as STRUCTURE M2_M1_CDNS_7595551523367.
INFO (XSTRM-223): 70. Translating cellView tsmcN65/pch_25_mac/layout as STRUCTURE pch_25_mac_CDNS_759555152331.
INFO (XSTRM-223): 71. Translating cellView tsmcN65/pch_25_mac/layout as STRUCTURE pch_25_mac_CDNS_759555152332.
INFO (XSTRM-223): 72. Translating cellView tsmcN65/pch_25_mac/layout as STRUCTURE pch_25_mac_CDNS_759555152333.
INFO (XSTRM-223): 73. Translating cellView tsmcN65/nch_25_mac/layout as STRUCTURE nch_25_mac_CDNS_759555152334.
INFO (XSTRM-223): 74. Translating cellView tsmcN65/nch_25_mac/layout as STRUCTURE nch_25_mac_CDNS_759555152335.
INFO (XSTRM-223): 75. Translating cellView tsmcN65/nch_25_mac/layout as STRUCTURE nch_25_mac_CDNS_759555152336.
INFO (XSTRM-223): 76. Translating cellView tsmcN65/nch_25_mac/layout as STRUCTURE nch_25_mac_CDNS_759555152337.
INFO (XSTRM-223): 77. Translating cellView tsmcN65/pch_25_mac/layout as STRUCTURE pch_25_mac_CDNS_759555152338.
INFO (XSTRM-223): 78. Translating cellView tsmcN65/pch_25_mac/layout as STRUCTURE pch_25_mac_CDNS_759555152339.
INFO (XSTRM-223): 79. Translating cellView tsmcN65/rnpoly/layout as STRUCTURE rnpoly_CDNS_7595551523310.
INFO (XSTRM-223): 80. Translating cellView tsmcN65/rnpoly/layout as STRUCTURE rnpoly_CDNS_7595551523311.
INFO (XSTRM-223): 81. Translating cellView tsmcN65/mimcap/layout as STRUCTURE mimcap_CDNS_7595551523312.
INFO (XSTRM-223): 82. Translating cellView tsmcN65/rnpoly/layout as STRUCTURE rnpoly_CDNS_7595551523313.
INFO (XSTRM-223): 83. Translating cellView tsmcN65/rnpoly/layout as STRUCTURE rnpoly_CDNS_7595551523314.
INFO (XSTRM-223): 84. Translating cellView tsmcN65/rnpoly/layout as STRUCTURE rnpoly_CDNS_7595551523315.
INFO (XSTRM-223): 85. Translating cellView tsmcN65/pch_25_mac/layout as STRUCTURE pch_25_mac_CDNS_7595551523316.
INFO (XSTRM-223): 86. Translating cellView tsmcN65/rnpoly/layout as STRUCTURE rnpoly_CDNS_7595551523317.
INFO (XSTRM-223): 87. Translating cellView tsmcN65/nch_25_mac/layout as STRUCTURE nch_25_mac_CDNS_7595551523318.
INFO (XSTRM-223): 88. Translating cellView tsmcN65/rnpoly/layout as STRUCTURE rnpoly_CDNS_7595551523319.
INFO (XSTRM-223): 89. Translating cellView tsmcN65/rnpolywo/layout as STRUCTURE rnpolywo_CDNS_7595551523320.
INFO (XSTRM-223): 90. Translating cellView tsmcN65/rnpolywo/layout as STRUCTURE rnpolywo_CDNS_7595551523321.
INFO (XSTRM-223): 91. Translating cellView tsmcN65/rnpolywo/layout as STRUCTURE rnpolywo_CDNS_7595551523322.
INFO (XSTRM-223): 92. Translating cellView tsmcN65/rnpolywo/layout as STRUCTURE rnpolywo_CDNS_7595551523323.
INFO (XSTRM-223): 93. Translating cellView tsmcN65/rnpolywo/layout as STRUCTURE rnpolywo_CDNS_7595551523324.
INFO (XSTRM-223): 94. Translating cellView tsmcN65/rnpolywo/layout as STRUCTURE rnpolywo_CDNS_7595551523325.
INFO (XSTRM-223): 95. Translating cellView tsmcN65/rnpolywo/layout as STRUCTURE rnpolywo_CDNS_7595551523326.
INFO (XSTRM-223): 96. Translating cellView tsmcN65/nch_25_mac/layout as STRUCTURE nch_25_mac_CDNS_7595551523327.
INFO (XSTRM-223): 97. Translating cellView tsmcN65/pch_25_mac/layout as STRUCTURE pch_25_mac_CDNS_7595551523328.
INFO (XSTRM-223): 98. Translating cellView tsmcN65/pch_25_mac/layout as STRUCTURE pch_25_mac_CDNS_7595551523329.
INFO (XSTRM-223): 99. Translating cellView tsmcN65/nch_25_mac/layout as STRUCTURE nch_25_mac_CDNS_7595551523330.
INFO (XSTRM-223): 100. Translating cellView tsmcN65/pch_25_mac/layout as STRUCTURE pch_25_mac_CDNS_7595551523331.
INFO (XSTRM-223): 101. Translating cellView tsmcN65/pch_25_mac/layout as STRUCTURE pch_25_mac_CDNS_7595551523332.
INFO (XSTRM-223): 102. Translating cellView tsmcN65/pch_25_mac/layout as STRUCTURE pch_25_mac_CDNS_7595551523333.
INFO (XSTRM-223): 103. Translating cellView tsmcN65/nch_25_mac/layout as STRUCTURE nch_25_mac_CDNS_7595551523334.
INFO (XSTRM-223): 104. Translating cellView tsmcN65/pch_25_mac/layout as STRUCTURE pch_25_mac_CDNS_7595551523335.
INFO (XSTRM-223): 105. Translating cellView tsmcN65/pch_25_mac/layout as STRUCTURE pch_25_mac_CDNS_7595551523336.
INFO (XSTRM-223): 106. Translating cellView tsmcN65/nch_25_mac/layout as STRUCTURE nch_25_mac_CDNS_7595551523337.
INFO (XSTRM-223): 107. Translating cellView tsmcN65/nch_25_mac/layout as STRUCTURE nch_25_mac_CDNS_7595551523338.
INFO (XSTRM-223): 108. Translating cellView tsmcN65/pch_25_mac/layout as STRUCTURE pch_25_mac_CDNS_7595551523339.
INFO (XSTRM-223): 109. Translating cellView tsmcN65/nch_25_mac/layout as STRUCTURE nch_25_mac_CDNS_7595551523340.
INFO (XSTRM-223): 110. Translating cellView tsmcN65/pch_25_mac/layout as STRUCTURE pch_25_mac_CDNS_7595551523341.
INFO (XSTRM-223): 111. Translating cellView tsmcN65/nch_25_mac/layout as STRUCTURE nch_25_mac_CDNS_7595551523342.
INFO (XSTRM-223): 112. Translating cellView tsmcN65/nch_25_mac/layout as STRUCTURE nch_25_mac_CDNS_7595551523343.
INFO (XSTRM-223): 113. Translating cellView tsmcN65/pch_25_mac/layout as STRUCTURE pch_25_mac_CDNS_7595551523344.
INFO (XSTRM-223): 114. Translating cellView tsmcN65/pch_25_mac/layout as STRUCTURE pch_25_mac_CDNS_7595551523345.
INFO (XSTRM-223): 115. Translating cellView tsmcN65/nch_25_mac/layout as STRUCTURE nch_25_mac_CDNS_7595551523346.
INFO (XSTRM-223): 116. Translating cellView tsmcN65/pch_25_mac/layout as STRUCTURE pch_25_mac_CDNS_7595551523347.
INFO (XSTRM-223): 117. Translating cellView tsmcN65/nch_25_mac/layout as STRUCTURE nch_25_mac_CDNS_7595551523348.
INFO (XSTRM-223): 118. Translating cellView tsmcN65/pch_25_mac/layout as STRUCTURE pch_25_mac_CDNS_7595551523349.
INFO (XSTRM-223): 119. Translating cellView tsmcN65/nch_25_mac/layout as STRUCTURE nch_25_mac_CDNS_7595551523350.
INFO (XSTRM-223): 120. Translating cellView tsmcN65/nch_25_mac/layout as STRUCTURE nch_25_mac_CDNS_7595551523351.
INFO (XSTRM-223): 121. Translating cellView tsmcN65/pch_25_mac/layout as STRUCTURE pch_25_mac_CDNS_7595551523352.
INFO (XSTRM-223): 122. Translating cellView tsmcN65/pch_25_mac/layout as STRUCTURE pch_25_mac_CDNS_7595551523353.
INFO (XSTRM-223): 123. Translating cellView tsmcN65/pch_25_mac/layout as STRUCTURE pch_25_mac_CDNS_7595551523354.
INFO (XSTRM-223): 124. Translating cellView tsmcN65/nch_25_mac/layout as STRUCTURE nch_25_mac_CDNS_7595551523355.
INFO (XSTRM-223): 125. Translating cellView tsmcN65/pch_25_mac/layout as STRUCTURE pch_25_mac_CDNS_7595551523356.
INFO (XSTRM-223): 126. Translating cellView tsmcN65/nch_25_mac/layout as STRUCTURE nch_25_mac_CDNS_7595551523357.
INFO (XSTRM-223): 127. Translating cellView tsmcN65/pch_25_mac/layout as STRUCTURE pch_25_mac_CDNS_7595551523358.
INFO (XSTRM-223): 128. Translating cellView tsmcN65/pch_25_mac/layout as STRUCTURE pch_25_mac_CDNS_7595551523359.
INFO (XSTRM-223): 129. Translating cellView tsmcN65/pch_25_mac/layout as STRUCTURE pch_25_mac_CDNS_7595551523360.
INFO (XSTRM-223): 130. Translating cellView tsmcN65/nch_25_mac/layout as STRUCTURE nch_25_mac_CDNS_7595551523361.
INFO (XSTRM-223): 131. Translating cellView tsmcN65/pch_25_mac/layout as STRUCTURE pch_25_mac_CDNS_7595551523362.
INFO (XSTRM-223): 132. Translating cellView tsmcN65/pch_25_mac/layout as STRUCTURE pch_25_mac_CDNS_7595551523363.
INFO (XSTRM-223): 133. Translating cellView tsmcN65/nch_25_mac/layout as STRUCTURE nch_25_mac_CDNS_7595551523364.
INFO (XSTRM-223): 134. Translating cellView tsmcN65/nch_25_mac/layout as STRUCTURE nch_25_mac_CDNS_7595551523365.
INFO (XSTRM-223): 135. Translating cellView tsmcN65/pch_25_mac/layout as STRUCTURE pch_25_mac_CDNS_7595551523366.
INFO (XSTRM-223): 136. Translating cellView tsmcN65/pch_25_mac/layout as STRUCTURE pch_25_mac_CDNS_7595551523367.
INFO (XSTRM-223): 137. Translating cellView tsmcN65/nch_25_mac/layout as STRUCTURE nch_25_mac_CDNS_7595551523368.
INFO (XSTRM-223): 138. Translating cellView tsmcN65/nch_25_mac/layout as STRUCTURE nch_25_mac_CDNS_7595551523369.
INFO (XSTRM-223): 139. Translating cellView tsmcN65/pch_25_mac/layout as STRUCTURE pch_25_mac_CDNS_7595551523370.
INFO (XSTRM-223): 140. Translating cellView tsmcN65/nch_25_mac/layout as STRUCTURE nch_25_mac_CDNS_7595551523371.
INFO (XSTRM-223): 141. Translating cellView tsmcN65/nch_25_mac/layout as STRUCTURE nch_25_mac_CDNS_7595551523372.
INFO (XSTRM-223): 142. Translating cellView tsmcN65/pch_25_mac/layout as STRUCTURE pch_25_mac_CDNS_7595551523373.
INFO (XSTRM-223): 143. Translating cellView tsmcN65/nch_25_mac/layout as STRUCTURE nch_25_mac_CDNS_7595551523374.
INFO (XSTRM-223): 144. Translating cellView tsmcN65/nch_25_mac/layout as STRUCTURE nch_25_mac_CDNS_7595551523375.
INFO (XSTRM-223): 145. Translating cellView tsmcN65/pch_25_mac/layout as STRUCTURE pch_25_mac_CDNS_7595551523376.
INFO (XSTRM-223): 146. Translating cellView potentiostat_final/bts_pmos/layout as STRUCTURE bts_pmos.
INFO (XSTRM-180): You have not used the objectMap option. The design has instance(s) of at least one of following OpenAccess objects: oaBlockage, oaBoundary, oaRow, and oaMarker. Any information about these objects will not be translated into the generated stream file. Use the objectMap option to translate/preserve these objects using XStream. For details on the objectMap option, refer to the "Design Data Translator's Reference" guide for XStream.
INFO (XSTRM-236): A path with a rounded extension, an acute angle or a length segment less than half width is encountered at (25625, -25980). This path will be written as a boundary record in the GDS file.
INFO (XSTRM-236): A path with a rounded extension, an acute angle or a length segment less than half width is encountered at (25625, -25810). This path will be written as a boundary record in the GDS file.
INFO (XSTRM-236): A path with a rounded extension, an acute angle or a length segment less than half width is encountered at (25625, -26100). This path will be written as a boundary record in the GDS file.
INFO (XSTRM-236): A path with a rounded extension, an acute angle or a length segment less than half width is encountered at (25625, -26110). This path will be written as a boundary record in the GDS file.
INFO (XSTRM-223): 147. Translating cellView tsmcN65/pch_25_mac/layout as STRUCTURE pch_25_mac_CDNS_7595551523377.
INFO (XSTRM-223): 148. Translating cellView tsmcN65/rppolywo/layout as STRUCTURE rppolywo_CDNS_7595551523378.
INFO (XSTRM-223): 149. Translating stdVia tsmcN65/M1_PO/layout as STRUCTURE M1_PO_CDNS_7595551523368.
INFO (XSTRM-223): 150. Translating stdVia tsmcN65/M1_PO/layout as STRUCTURE M1_PO_CDNS_7595551523369.
INFO (XSTRM-223): 151. Translating stdVia tsmcN65/M1_OD/layout as STRUCTURE M1_OD_CDNS_7595551523370.
INFO (XSTRM-223): 152. Translating cellView tsmcN65/nch_25_macx/layout as STRUCTURE nch_25_macx_CDNS_7595551523379.
INFO (XSTRM-223): 153. Translating cellView tsmcN65/pch_25_macx/layout as STRUCTURE pch_25_macx_CDNS_7595551523380.
INFO (XSTRM-223): 154. Translating cellView tsmcN65/pch_25_macx/layout as STRUCTURE pch_25_macx_CDNS_7595551523381.
INFO (XSTRM-223): 155. Translating cellView tsmcN65/nch_25_macx/layout as STRUCTURE nch_25_macx_CDNS_7595551523382.
INFO (XSTRM-223): 156. Translating cellView potentiostat_final/TGP2A/layout as STRUCTURE TGP2A.
INFO (XSTRM-223): 157. Translating cellView tsmcN65/pch_25_mac/layout as STRUCTURE pch_25_mac_CDNS_7595551523383.
INFO (XSTRM-223): 158. Translating cellView tsmcN65/pch_25_mac/layout as STRUCTURE pch_25_mac_CDNS_7595551523384.
INFO (XSTRM-223): 159. Translating cellView tsmcN65/pch_25_mac/layout as STRUCTURE pch_25_mac_CDNS_7595551523385.
INFO (XSTRM-223): 160. Translating cellView tsmcN65/pch_25_mac/layout as STRUCTURE pch_25_mac_CDNS_7595551523386.
INFO (XSTRM-223): 161. Translating cellView tsmcN65/pch_25_mac/layout as STRUCTURE pch_25_mac_CDNS_7595551523387.
INFO (XSTRM-223): 162. Translating cellView tsmcN65/pch_25_mac/layout as STRUCTURE pch_25_mac_CDNS_7595551523388.
INFO (XSTRM-223): 163. Translating cellView tsmcN65/pch_25_mac/layout as STRUCTURE pch_25_mac_CDNS_7595551523389.
INFO (XSTRM-223): 164. Translating cellView tsmcN65/pch_25_mac/layout as STRUCTURE pch_25_mac_CDNS_7595551523390.
INFO (XSTRM-223): 165. Translating cellView tsmcN65/nch_25_mac/layout as STRUCTURE nch_25_mac_CDNS_7595551523391.
INFO (XSTRM-223): 166. Translating cellView tsmcN65/nch_25_mac/layout as STRUCTURE nch_25_mac_CDNS_7595551523392.
INFO (XSTRM-223): 167. Translating cellView tsmcN65/nch_25_mac/layout as STRUCTURE nch_25_mac_CDNS_7595551523393.
INFO (XSTRM-223): 168. Translating cellView tsmcN65/nch_25_mac/layout as STRUCTURE nch_25_mac_CDNS_7595551523394.
INFO (XSTRM-223): 169. Translating cellView tsmcN65/nch_25_mac/layout as STRUCTURE nch_25_mac_CDNS_7595551523395.
INFO (XSTRM-223): 170. Translating cellView tsmcN65/nch_25_mac/layout as STRUCTURE nch_25_mac_CDNS_7595551523396.
INFO (XSTRM-223): 171. Translating cellView tsmcN65/nch_25_mac/layout as STRUCTURE nch_25_mac_CDNS_7595551523397.
INFO (XSTRM-223): 172. Translating cellView tsmcN65/pch_25_mac/layout as STRUCTURE pch_25_mac_CDNS_7595551523398.
INFO (XSTRM-223): 173. Translating cellView tsmcN65/pch_25_mac/layout as STRUCTURE pch_25_mac_CDNS_7595551523399.
INFO (XSTRM-223): 174. Translating cellView tsmcN65/pch_25_mac/layout as STRUCTURE pch_25_mac_CDNS_75955515233100.
INFO (XSTRM-223): 175. Translating cellView tsmcN65/pch_25_mac/layout as STRUCTURE pch_25_mac_CDNS_75955515233101.
INFO (XSTRM-223): 176. Translating cellView tsmcN65/pch_25_mac/layout as STRUCTURE pch_25_mac_CDNS_75955515233102.
INFO (XSTRM-223): 177. Translating cellView tsmcN65/pch_25_mac/layout as STRUCTURE pch_25_mac_CDNS_75955515233103.
INFO (XSTRM-223): 178. Translating cellView tsmcN65/pch_25_mac/layout as STRUCTURE pch_25_mac_CDNS_75955515233104.
INFO (XSTRM-223): 179. Translating cellView tsmcN65/pch_25_mac/layout as STRUCTURE pch_25_mac_CDNS_75955515233105.
INFO (XSTRM-223): 180. Translating cellView tsmcN65/pch_25_mac/layout as STRUCTURE pch_25_mac_CDNS_75955515233106.
INFO (XSTRM-223): 181. Translating cellView tsmcN65/pch_25_mac/layout as STRUCTURE pch_25_mac_CDNS_75955515233107.
INFO (XSTRM-223): 182. Translating cellView tsmcN65/pch_25_mac/layout as STRUCTURE pch_25_mac_CDNS_75955515233108.
INFO (XSTRM-223): 183. Translating cellView tsmcN65/pch_25_mac/layout as STRUCTURE pch_25_mac_CDNS_75955515233109.
INFO (XSTRM-223): 184. Translating cellView tsmcN65/pch_25_mac/layout as STRUCTURE pch_25_mac_CDNS_75955515233110.
INFO (XSTRM-223): 185. Translating cellView tsmcN65/pch_25_mac/layout as STRUCTURE pch_25_mac_CDNS_75955515233111.
INFO (XSTRM-223): 186. Translating cellView tsmcN65/pch_25_mac/layout as STRUCTURE pch_25_mac_CDNS_75955515233112.
INFO (XSTRM-223): 187. Translating cellView tsmcN65/pch_25_mac/layout as STRUCTURE pch_25_mac_CDNS_75955515233113.
INFO (XSTRM-223): 188. Translating cellView tsmcN65/pch_25_mac/layout as STRUCTURE pch_25_mac_CDNS_75955515233114.
INFO (XSTRM-223): 189. Translating cellView tsmcN65/pch_25_mac/layout as STRUCTURE pch_25_mac_CDNS_75955515233115.
INFO (XSTRM-223): 190. Translating cellView potentiostat_final/folded_cascode_pmos/layout_upd as STRUCTURE folded_cascode_pmos.
INFO (XSTRM-223): 191. Translating cellView tsmcN65/pch_25_mac/layout as STRUCTURE pch_25_mac_CDNS_75955515233116.
INFO (XSTRM-223): 192. Translating cellView tsmcN65/pch_25_mac/layout as STRUCTURE pch_25_mac_CDNS_75955515233117.
INFO (XSTRM-223): 193. Translating cellView tsmcN65/pch_25_mac/layout as STRUCTURE pch_25_mac_CDNS_75955515233118.
INFO (XSTRM-223): 194. Translating cellView tsmcN65/pch_25_mac/layout as STRUCTURE pch_25_mac_CDNS_75955515233119.
INFO (XSTRM-223): 195. Translating cellView tsmcN65/pch_25_mac/layout as STRUCTURE pch_25_mac_CDNS_75955515233120.
INFO (XSTRM-223): 196. Translating cellView potentiostat_final/potentiostat_pmos_sch4lay/layout as STRUCTURE potentiostat_pmos_sch4lay.
INFO (XSTRM-223): 197. Translating stdVia tsmcN65/M3_M2/layout as STRUCTURE M3_M2_CDNS_7595551523371.
INFO (XSTRM-223): 198. Translating stdVia tsmcN65/M2_M1/layout as STRUCTURE M2_M1_CDNS_7595551523372.
INFO (XSTRM-223): 199. Translating stdVia tsmcN65/M2_M1/layout as STRUCTURE M2_M1_CDNS_7595551523373.
INFO (XSTRM-223): 200. Translating stdVia tsmcN65/M2_M1/layout as STRUCTURE M2_M1_CDNS_7595551523374.
INFO (XSTRM-223): 201. Translating stdVia tsmcN65/M2_M1/layout as STRUCTURE M2_M1_CDNS_7595551523375.
INFO (XSTRM-223): 202. Translating stdVia tsmcN65/M2_M1/layout as STRUCTURE M2_M1_CDNS_7595551523376.
INFO (XSTRM-223): 203. Translating stdVia tsmcN65/M1_PO/layout as STRUCTURE M1_PO_CDNS_7595551523377.
INFO (XSTRM-223): 204. Translating stdVia tsmcN65/M1_OD/layout as STRUCTURE M1_OD_CDNS_7595551523378.
INFO (XSTRM-223): 205. Translating cellView tsmcN65/nch/layout as STRUCTURE nch_CDNS_75955515233121.
INFO (XSTRM-223): 206. Translating cellView tsmcN65/pch/layout as STRUCTURE pch_CDNS_75955515233122.
INFO (XSTRM-223): 207. Translating cellView tsmcN65/nch/layout as STRUCTURE nch_CDNS_75955515233123.
INFO (XSTRM-223): 208. Translating cellView tsmcN65/pch/layout as STRUCTURE pch_CDNS_75955515233124.
INFO (XSTRM-223): 209. Translating cellView tsmcN65/nch_25/layout as STRUCTURE nch_25_CDNS_75955515233125.
INFO (XSTRM-223): 210. Translating cellView tsmcN65/pch_25/layout as STRUCTURE pch_25_CDNS_75955515233126.
INFO (XSTRM-223): 211. Translating cellView potentiostat_final/LVLD10A25PP/layout as STRUCTURE LVLD10A25PP.
INFO (XSTRM-223): 212. Translating cellView potentiostat_final/LVLD10A25PP6/layout as STRUCTURE LVLD10A25PP6.
INFO (XSTRM-223): 213. Translating stdVia tsmcN65/M1_OD/layout as STRUCTURE M1_OD_CDNS_7595551523379.
INFO (XSTRM-223): 214. Translating stdVia tsmcN65/M1_PO/layout as STRUCTURE M1_PO_CDNS_7595551523380.
INFO (XSTRM-223): 215. Translating cellView tsmcN65/nch_25x/layout as STRUCTURE nch_25x_CDNS_75955515233127.
INFO (XSTRM-223): 216. Translating cellView tsmcN65/nch_25x/layout as STRUCTURE nch_25x_CDNS_75955515233128.
INFO (XSTRM-223): 217. Translating cellView tsmcN65/nch_25x/layout as STRUCTURE nch_25x_CDNS_75955515233129.
INFO (XSTRM-223): 218. Translating cellView tsmcN65/nch_25x/layout as STRUCTURE nch_25x_CDNS_75955515233130.
INFO (XSTRM-223): 219. Translating cellView tsmcN65/pch_25x/layout as STRUCTURE pch_25x_CDNS_75955515233131.
INFO (XSTRM-223): 220. Translating cellView tsmcN65/pch_25x/layout as STRUCTURE pch_25x_CDNS_75955515233132.
INFO (XSTRM-223): 221. Translating cellView tsmcN65/pch_25x/layout as STRUCTURE pch_25x_CDNS_75955515233133.
INFO (XSTRM-223): 222. Translating cellView tsmcN65/pch_25x/layout as STRUCTURE pch_25x_CDNS_75955515233134.
INFO (XSTRM-223): 223. Translating cellView tsmcN65/nch_25x/layout as STRUCTURE nch_25x_CDNS_75955515233135.
INFO (XSTRM-223): 224. Translating cellView tsmcN65/pch_25x/layout as STRUCTURE pch_25x_CDNS_75955515233136.
INFO (XSTRM-223): 225. Translating cellView potentiostat_final/MUX2A/layout as STRUCTURE MUX2A.
INFO (XSTRM-223): 226. Translating stdVia tsmcN65/M2_M1/layout as STRUCTURE M2_M1_CDNS_7595551523381.
INFO (XSTRM-223): 227. Translating stdVia tsmcN65/M3_M2/layout as STRUCTURE M3_M2_CDNS_7595551523382.
INFO (XSTRM-223): 228. Translating stdVia tsmcN65/M2_M1/layout as STRUCTURE M2_M1_CDNS_7595551523383.
INFO (XSTRM-223): 229. Translating stdVia tsmcN65/M2_M1/layout as STRUCTURE M2_M1_CDNS_7595551523384.
INFO (XSTRM-223): 230. Translating stdVia tsmcN65/M2_M1/layout as STRUCTURE M2_M1_CDNS_7595551523385.
INFO (XSTRM-223): 231. Translating stdVia tsmcN65/M2_M1/layout as STRUCTURE M2_M1_CDNS_7595551523386.
INFO (XSTRM-223): 232. Translating stdVia tsmcN65/M2_M1/layout as STRUCTURE M2_M1_CDNS_7595551523387.
INFO (XSTRM-223): 233. Translating stdVia tsmcN65/M8_M7/layout as STRUCTURE M8_M7_CDNS_7595551523388.
INFO (XSTRM-223): 234. Translating stdVia tsmcN65/M7_M6/layout as STRUCTURE M7_M6_CDNS_7595551523389.
INFO (XSTRM-223): 235. Translating stdVia tsmcN65/M6_M5/layout as STRUCTURE M6_M5_CDNS_7595551523390.
INFO (XSTRM-223): 236. Translating stdVia tsmcN65/M5_M4/layout as STRUCTURE M5_M4_CDNS_7595551523391.
INFO (XSTRM-223): 237. Translating stdVia tsmcN65/M4_M3/layout as STRUCTURE M4_M3_CDNS_7595551523392.
INFO (XSTRM-223): 238. Translating stdVia tsmcN65/M3_M2/layout as STRUCTURE M3_M2_CDNS_7595551523393.
INFO (XSTRM-223): 239. Translating stdVia tsmcN65/M2_M1/layout as STRUCTURE M2_M1_CDNS_7595551523394.
INFO (XSTRM-223): 240. Translating stdVia tsmcN65/M3_M2/layout as STRUCTURE M3_M2_CDNS_7595551523395.
INFO (XSTRM-223): 241. Translating stdVia tsmcN65/M3_M2/layout as STRUCTURE M3_M2_CDNS_7595551523396.
INFO (XSTRM-223): 242. Translating stdVia tsmcN65/M2_M1/layout as STRUCTURE M2_M1_CDNS_7595551523397.
INFO (XSTRM-223): 243. Translating stdVia tsmcN65/M6_M5/layout as STRUCTURE M6_M5_CDNS_7595551523398.
INFO (XSTRM-223): 244. Translating stdVia tsmcN65/M7_M6/layout as STRUCTURE M7_M6_CDNS_7595551523399.
INFO (XSTRM-223): 245. Translating stdVia tsmcN65/M3_M2/layout as STRUCTURE M3_M2_CDNS_75955515233100.
INFO (XSTRM-223): 246. Translating stdVia tsmcN65/M4_M3/layout as STRUCTURE M4_M3_CDNS_75955515233101.
INFO (XSTRM-223): 247. Translating stdVia tsmcN65/M5_M4/layout as STRUCTURE M5_M4_CDNS_75955515233102.
INFO (XSTRM-223): 248. Translating stdVia tsmcN65/M3_M2/layout as STRUCTURE M3_M2_CDNS_75955515233103.
INFO (XSTRM-223): 249. Translating stdVia tsmcN65/M3_M2/layout as STRUCTURE M3_M2_CDNS_75955515233104.
INFO (XSTRM-223): 250. Translating stdVia tsmcN65/M2_M1/layout as STRUCTURE M2_M1_CDNS_75955515233105.
INFO (XSTRM-223): 251. Translating stdVia tsmcN65/M3_M2/layout as STRUCTURE M3_M2_CDNS_75955515233106.
INFO (XSTRM-223): 252. Translating stdVia tsmcN65/M3_M2/layout as STRUCTURE M3_M2_CDNS_75955515233107.
INFO (XSTRM-223): 253. Translating stdVia tsmcN65/M4_M3/layout as STRUCTURE M4_M3_CDNS_75955515233108.
INFO (XSTRM-223): 254. Translating stdVia tsmcN65/M5_M4/layout as STRUCTURE M5_M4_CDNS_75955515233109.
INFO (XSTRM-223): 255. Translating stdVia tsmcN65/M5_M4/layout as STRUCTURE M5_M4_CDNS_75955515233110.
INFO (XSTRM-223): 256. Translating stdVia tsmcN65/M4_M3/layout as STRUCTURE M4_M3_CDNS_75955515233111.
INFO (XSTRM-223): 257. Translating stdVia tsmcN65/M3_M2/layout as STRUCTURE M3_M2_CDNS_75955515233112.
INFO (XSTRM-223): 258. Translating stdVia tsmcN65/M3_M2/layout as STRUCTURE M3_M2_CDNS_75955515233113.
INFO (XSTRM-223): 259. Translating stdVia tsmcN65/M3_M2/layout as STRUCTURE M3_M2_CDNS_75955515233114.
INFO (XSTRM-223): 260. Translating stdVia tsmcN65/M4_M3/layout as STRUCTURE M4_M3_CDNS_75955515233115.
INFO (XSTRM-223): 261. Translating stdVia tsmcN65/M3_M2/layout as STRUCTURE M3_M2_CDNS_75955515233116.
INFO (XSTRM-223): 262. Translating stdVia tsmcN65/M2_M1/layout as STRUCTURE M2_M1_CDNS_75955515233117.
INFO (XSTRM-223): 263. Translating stdVia tsmcN65/M3_M2/layout as STRUCTURE M3_M2_CDNS_75955515233118.
INFO (XSTRM-223): 264. Translating stdVia tsmcN65/M5_M4/layout as STRUCTURE M5_M4_CDNS_75955515233119.
INFO (XSTRM-223): 265. Translating stdVia tsmcN65/M4_M3/layout as STRUCTURE M4_M3_CDNS_75955515233120.
INFO (XSTRM-223): 266. Translating stdVia tsmcN65/M4_M3/layout as STRUCTURE M4_M3_CDNS_75955515233121.
INFO (XSTRM-223): 267. Translating stdVia tsmcN65/M4_M3/layout as STRUCTURE M4_M3_CDNS_75955515233122.
INFO (XSTRM-223): 268. Translating stdVia tsmcN65/M4_M3/layout as STRUCTURE M4_M3_CDNS_75955515233123.
INFO (XSTRM-223): 269. Translating stdVia tsmcN65/M5_M4/layout as STRUCTURE M5_M4_CDNS_75955515233124.
INFO (XSTRM-223): 270. Translating stdVia tsmcN65/M4_M3/layout as STRUCTURE M4_M3_CDNS_75955515233125.
INFO (XSTRM-223): 271. Translating stdVia tsmcN65/M5_M4/layout as STRUCTURE M5_M4_CDNS_75955515233126.
INFO (XSTRM-223): 272. Translating stdVia tsmcN65/M3_M2/layout as STRUCTURE M3_M2_CDNS_75955515233127.
INFO (XSTRM-223): 273. Translating stdVia tsmcN65/M4_M3/layout as STRUCTURE M4_M3_CDNS_75955515233128.
INFO (XSTRM-223): 274. Translating stdVia tsmcN65/M5_M4/layout as STRUCTURE M5_M4_CDNS_75955515233129.
INFO (XSTRM-223): 275. Translating stdVia tsmcN65/M4_M3/layout as STRUCTURE M4_M3_CDNS_75955515233130.
INFO (XSTRM-223): 276. Translating stdVia tsmcN65/M3_M2/layout as STRUCTURE M3_M2_CDNS_75955515233131.
INFO (XSTRM-223): 277. Translating stdVia tsmcN65/M4_M3/layout as STRUCTURE M4_M3_CDNS_75955515233132.
INFO (XSTRM-223): 278. Translating stdVia tsmcN65/M5_M4/layout as STRUCTURE M5_M4_CDNS_75955515233133.
INFO (XSTRM-223): 279. Translating stdVia tsmcN65/M4_M3/layout as STRUCTURE M4_M3_CDNS_75955515233134.
INFO (XSTRM-223): 280. Translating stdVia tsmcN65/M3_M2/layout as STRUCTURE M3_M2_CDNS_75955515233135.
INFO (XSTRM-223): 281. Translating stdVia tsmcN65/M4_M3/layout as STRUCTURE M4_M3_CDNS_75955515233136.
INFO (XSTRM-223): 282. Translating stdVia tsmcN65/M5_M4/layout as STRUCTURE M5_M4_CDNS_75955515233137.
INFO (XSTRM-223): 283. Translating stdVia tsmcN65/M4_M3/layout as STRUCTURE M4_M3_CDNS_75955515233138.
INFO (XSTRM-223): 284. Translating stdVia tsmcN65/M3_M2/layout as STRUCTURE M3_M2_CDNS_75955515233139.
INFO (XSTRM-223): 285. Translating stdVia tsmcN65/M3_M2/layout as STRUCTURE M3_M2_CDNS_75955515233140.
INFO (XSTRM-223): 286. Translating stdVia tsmcN65/M3_M2/layout as STRUCTURE M3_M2_CDNS_75955515233141.
INFO (XSTRM-223): 287. Translating stdVia tsmcN65/M4_M3/layout as STRUCTURE M4_M3_CDNS_75955515233142.
INFO (XSTRM-223): 288. Translating stdVia tsmcN65/M3_M2/layout as STRUCTURE M3_M2_CDNS_75955515233143.
INFO (XSTRM-223): 289. Translating stdVia tsmcN65/M3_M2/layout as STRUCTURE M3_M2_CDNS_75955515233144.
INFO (XSTRM-223): 290. Translating stdVia tsmcN65/M3_M2/layout as STRUCTURE M3_M2_CDNS_75955515233145.
INFO (XSTRM-223): 291. Translating stdVia tsmcN65/M1_PO/layout as STRUCTURE M1_PO_CDNS_75955515233146.
INFO (XSTRM-223): 292. Translating stdVia tsmcN65/M1_OD/layout as STRUCTURE M1_OD_CDNS_75955515233147.
INFO (XSTRM-223): 293. Translating stdVia tsmcN65/M8_M7/layout as STRUCTURE M8_M7_CDNS_75955515233148.
INFO (XSTRM-223): 294. Translating stdVia tsmcN65/M3_M2/layout as STRUCTURE M3_M2_CDNS_75955515233149.
INFO (XSTRM-223): 295. Translating cellView tsmcN65/nch_25_macx/layout as STRUCTURE nch_25_macx_CDNS_75955515233137.
INFO (XSTRM-223): 296. Translating cellView tsmcN65/nch_25_macx/layout as STRUCTURE nch_25_macx_CDNS_75955515233138.
INFO (XSTRM-223): 297. Translating cellView tsmcN65/nch_25_macx/layout as STRUCTURE nch_25_macx_CDNS_75955515233139.
INFO (XSTRM-223): 298. Translating cellView tsmcN65/pch_25_macx/layout as STRUCTURE pch_25_macx_CDNS_75955515233140.
INFO (XSTRM-223): 299. Translating cellView tsmcN65/pch_25_macx/layout as STRUCTURE pch_25_macx_CDNS_75955515233141.
INFO (XSTRM-223): 300. Translating cellView tsmcN65/pch_25_macx/layout as STRUCTURE pch_25_macx_CDNS_75955515233142.
INFO (XSTRM-223): 301. Translating cellView tsmcN65/pch_25_mac/layout as STRUCTURE pch_25_mac_CDNS_75955515233143.
INFO (XSTRM-223): 302. Translating cellView tsmcN65/rppolywo/layout as STRUCTURE rppolywo_CDNS_75955515233144.
INFO (XSTRM-223): 303. Translating cellView tsmcN65/nch_25x/layout as STRUCTURE nch_25x_CDNS_75955515233145.
INFO (XSTRM-223): 304. Translating cellView tsmcN65/pch_25_macx/layout as STRUCTURE pch_25_macx_CDNS_75955515233146.
INFO (XSTRM-223): 305. Translating cellView tsmcN65/rnpolywo/layout as STRUCTURE rnpolywo_CDNS_75955515233147.
INFO (XSTRM-223): 306. Translating cellView tsmcN65/rnpolywo/layout as STRUCTURE rnpolywo_CDNS_75955515233148.
INFO (XSTRM-223): 307. Translating cellView tsmcN65/nch_25_macx/layout as STRUCTURE nch_25_macx_CDNS_75955515233149.
INFO (XSTRM-223): 308. Translating cellView tsmcN65/nch_25_macx/layout as STRUCTURE nch_25_macx_CDNS_75955515233150.
INFO (XSTRM-223): 309. Translating cellView tsmcN65/nch_25_macx/layout as STRUCTURE nch_25_macx_CDNS_75955515233151.
INFO (XSTRM-223): 310. Translating cellView tsmcN65/nch_25_macx/layout as STRUCTURE nch_25_macx_CDNS_75955515233152.
INFO (XSTRM-223): 311. Translating cellView tsmcN65/mimcap/layout as STRUCTURE mimcap_CDNS_75955515233153.
INFO (XSTRM-223): 312. Translating cellView tsmcN65/rnpolywo/layout as STRUCTURE rnpolywo_CDNS_75955515233154.
INFO (XSTRM-223): 313. Translating cellView tsmcN65/rnpolywo/layout as STRUCTURE rnpolywo_CDNS_75955515233155.
INFO (XSTRM-223): 314. Translating cellView tsmcN65/rnpolywo/layout as STRUCTURE rnpolywo_CDNS_75955515233156.
INFO (XSTRM-223): 315. Translating cellView tsmcN65/nch_25_macx/layout as STRUCTURE nch_25_macx_CDNS_75955515233157.
INFO (XSTRM-223): 316. Translating cellView tsmcN65/nch_25_macx/layout as STRUCTURE nch_25_macx_CDNS_75955515233158.
INFO (XSTRM-223): 317. Translating cellView tsmcN65/pch_25_macx/layout as STRUCTURE pch_25_macx_CDNS_75955515233159.
INFO (XSTRM-223): 318. Translating cellView tsmcN65/pch_25_macx/layout as STRUCTURE pch_25_macx_CDNS_75955515233160.
INFO (XSTRM-223): 319. Translating cellView tsmcN65/pch_25_macx/layout as STRUCTURE pch_25_macx_CDNS_75955515233161.
INFO (XSTRM-223): 320. Translating stdVia tsmcN65/M1_OD/layout as STRUCTURE M1_OD_CDNS_75955515233150.
INFO (XSTRM-223): 321. Translating cellView tsmcN65/nch_25_macx/layout as STRUCTURE nch_25_macx_CDNS_75955515233162.
INFO (XSTRM-223): 322. Translating cellView tsmcN65/pch_25_macx/layout as STRUCTURE pch_25_macx_CDNS_75955515233163.
INFO (XSTRM-223): 323. Translating cellView potentiostat_final/INVX1/layout as STRUCTURE INVX1.
INFO (XSTRM-223): 324. Translating cellView tsmcN65/rnpolywo/layout as STRUCTURE rnpolywo_CDNS_75955515233164.
INFO (XSTRM-223): 325. Translating cellView potentiostat_final/BiasGenCascWideSwing/layout as STRUCTURE BiasGenCascWideSwing.
INFO (XSTRM-236): A path with a rounded extension, an acute angle or a length segment less than half width is encountered at (37340, 28885). This path will be written as a boundary record in the GDS file.
INFO (XSTRM-223): 326. Translating stdVia tsmcN65/M4_M3/layout as STRUCTURE M4_M3_CDNS_75955515233151.
INFO (XSTRM-223): 327. Translating stdVia tsmcN65/M5_M4/layout as STRUCTURE M5_M4_CDNS_75955515233152.
INFO (XSTRM-223): 328. Translating stdVia tsmcN65/M6_M5/layout as STRUCTURE M6_M5_CDNS_75955515233153.
INFO (XSTRM-223): 329. Translating stdVia tsmcN65/M7_M6/layout as STRUCTURE M7_M6_CDNS_75955515233154.
INFO (XSTRM-223): 330. Translating stdVia tsmcN65/M7_M6/layout as STRUCTURE M7_M6_CDNS_75955515233155.
INFO (XSTRM-223): 331. Translating stdVia tsmcN65/M6_M5/layout as STRUCTURE M6_M5_CDNS_75955515233156.
INFO (XSTRM-223): 332. Translating stdVia tsmcN65/M3_M2/layout as STRUCTURE M3_M2_CDNS_75955515233157.
INFO (XSTRM-223): 333. Translating stdVia tsmcN65/M2_M1/layout as STRUCTURE M2_M1_CDNS_75955515233158.
INFO (XSTRM-223): 334. Translating stdVia tsmcN65/M1_OD/layout as STRUCTURE M1_OD_CDNS_75955515233159.
INFO (XSTRM-223): 335. Translating cellView tsmcN65/rppolywo/layout as STRUCTURE rppolywo_CDNS_75955515233165.
INFO (XSTRM-223): 336. Translating cellView potentiostat_final/R2R14/layout as STRUCTURE R2R14.
INFO (XSTRM-223): 337. Translating cellView tsmcN65/mimcap/layout as STRUCTURE mimcap_CDNS_75955515233166.
INFO (XSTRM-223): 338. Translating cellView tsmcN65/pch_25_macx/layout as STRUCTURE pch_25_macx_CDNS_75955515233167.
INFO (XSTRM-223): 339. Translating cellView tsmcN65/pch_25_macx/layout as STRUCTURE pch_25_macx_CDNS_75955515233168.
INFO (XSTRM-223): 340. Translating cellView tsmcN65/nch_25_macx/layout as STRUCTURE nch_25_macx_CDNS_75955515233169.
INFO (XSTRM-223): 341. Translating cellView potentiostat_final/AND2X8/layout as STRUCTURE AND2X8.
INFO (XSTRM-223): 342. Translating cellView potentiostat_final/Dac2V5R2R14/layout as STRUCTURE Dac2V5R2R14.
INFO (XSTRM-223): 343. Translating stdVia tsmcN65/M1_OD/layout as STRUCTURE M1_OD_CDNS_75955515233160.
INFO (XSTRM-223): 344. Translating cellView tsmcN65/nch_25_macx/layout as STRUCTURE nch_25_macx_CDNS_75955515233170.
INFO (XSTRM-223): 345. Translating cellView tsmcN65/pch_25_macx/layout as STRUCTURE pch_25_macx_CDNS_75955515233171.
INFO (XSTRM-223): 346. Translating cellView tsmcN65/pch_25_macx/layout as STRUCTURE pch_25_macx_CDNS_75955515233172.
INFO (XSTRM-223): 347. Translating cellView tsmcN65/nch_25_macx/layout as STRUCTURE nch_25_macx_CDNS_75955515233173.
INFO (XSTRM-223): 348. Translating cellView potentiostat_final/TGN16A/layout as STRUCTURE TGN16A.
INFO (XSTRM-223): 349. Translating stdVia tsmcN65/M2_M1/layout as STRUCTURE M2_M1_CDNS_75955515233161.
INFO (XSTRM-223): 350. Translating stdVia tsmcN65/M1_OD/layout as STRUCTURE M1_OD_CDNS_75955515233162.
INFO (XSTRM-223): 351. Translating stdVia tsmcN65/M1_OD/layout as STRUCTURE M1_OD_CDNS_75955515233163.
INFO (XSTRM-223): 352. Translating cellView tsmcN65/pch_25_mac/layout as STRUCTURE pch_25_mac_CDNS_75955515233174.
INFO (XSTRM-223): 353. Translating cellView tsmcN65/nch_25_macx/layout as STRUCTURE nch_25_macx_CDNS_75955515233175.
INFO (XSTRM-223): 354. Translating cellView tsmcN65/pch_25_mac/layout as STRUCTURE pch_25_mac_CDNS_75955515233176.
INFO (XSTRM-223): 355. Translating cellView tsmcN65/rppolywo/layout as STRUCTURE rppolywo_CDNS_75955515233177.
INFO (XSTRM-223): 356. Translating cellView tsmcN65/pch_25_mac/layout as STRUCTURE pch_25_mac_CDNS_75955515233178.
INFO (XSTRM-223): 357. Translating cellView tsmcN65/nch_25x/layout as STRUCTURE nch_25x_CDNS_75955515233179.
INFO (XSTRM-223): 358. Translating cellView tsmcN65/pch_25_macx/layout as STRUCTURE pch_25_macx_CDNS_75955515233180.
INFO (XSTRM-223): 359. Translating cellView tsmcN65/nch_25x/layout as STRUCTURE nch_25x_CDNS_75955515233181.
INFO (XSTRM-223): 360. Translating cellView tsmcN65/nch_25_macx/layout as STRUCTURE nch_25_macx_CDNS_75955515233182.
INFO (XSTRM-223): 361. Translating cellView tsmcN65/pch_25_mac/layout as STRUCTURE pch_25_mac_CDNS_75955515233183.
INFO (XSTRM-223): 362. Translating cellView tsmcN65/pch_25_mac/layout as STRUCTURE pch_25_mac_CDNS_75955515233184.
INFO (XSTRM-223): 363. Translating cellView potentiostat_final/DacPowerSupply/layout as STRUCTURE DacPowerSupply.
INFO (XSTRM-223): 364. Translating cellView tsmcN65/mimcap/layout as STRUCTURE mimcap_CDNS_75955515233185.
INFO (XSTRM-223): 365. Translating cellView potentiostat_final/LVLD10A25PP14/layout as STRUCTURE LVLD10A25PP14.
INFO (XSTRM-223): 366. Translating cellView potentiostat_final/TGP16A/layout as STRUCTURE TGP16A.
INFO (XSTRM-223): 367. Translating stdVia tsmcN65/M3_M2/layout as STRUCTURE M3_M2_CDNS_75955515233164.
INFO (XSTRM-223): 368. Translating stdVia tsmcN65/M2_M1/layout as STRUCTURE M2_M1_CDNS_75955515233165.
INFO (XSTRM-223): 369. Translating stdVia tsmcN65/M2_M1/layout as STRUCTURE M2_M1_CDNS_75955515233166.
INFO (XSTRM-223): 370. Translating stdVia tsmcN65/M2_M1/layout as STRUCTURE M2_M1_CDNS_75955515233167.
INFO (XSTRM-223): 371. Translating stdVia tsmcN65/M8_M7/layout as STRUCTURE M8_M7_CDNS_75955515233168.
INFO (XSTRM-223): 372. Translating cellView tsmcN65/pch_25_mac/layout as STRUCTURE pch_25_mac_CDNS_75955515233186.
INFO (XSTRM-223): 373. Translating cellView tsmcN65/pch_25_mac/layout as STRUCTURE pch_25_mac_CDNS_75955515233187.
INFO (XSTRM-223): 374. Translating cellView tsmcN65/pch_25_mac/layout as STRUCTURE pch_25_mac_CDNS_75955515233188.
INFO (XSTRM-223): 375. Translating cellView tsmcN65/pch_25_mac/layout as STRUCTURE pch_25_mac_CDNS_75955515233189.
INFO (XSTRM-223): 376. Translating cellView tsmcN65/pch_25_macx/layout as STRUCTURE pch_25_macx_CDNS_75955515233190.
INFO (XSTRM-223): 377. Translating cellView tsmcN65/nch_25_macx/layout as STRUCTURE nch_25_macx_CDNS_75955515233191.
INFO (XSTRM-223): 378. Translating cellView tsmcN65/nch_25_macx/layout as STRUCTURE nch_25_macx_CDNS_75955515233192.
INFO (XSTRM-223): 379. Translating cellView tsmcN65/mimcap/layout as STRUCTURE mimcap_CDNS_75955515233193.
INFO (XSTRM-223): 380. Translating cellView potentiostat_final/BiasSwitchCascode/layout as STRUCTURE BiasSwitchCascode.
INFO (XSTRM-223): 381. Translating cellView tsmcN65/nch_25_macx/layout as STRUCTURE nch_25_macx_CDNS_75955515233194.
INFO (XSTRM-223): 382. Translating cellView tsmcN65/nch_25_macx/layout as STRUCTURE nch_25_macx_CDNS_75955515233195.
INFO (XSTRM-223): 383. Translating cellView tsmcN65/nch_25_macx/layout as STRUCTURE nch_25_macx_CDNS_75955515233196.
INFO (XSTRM-223): 384. Translating cellView tsmcN65/nch_25_macx/layout as STRUCTURE nch_25_macx_CDNS_75955515233197.
INFO (XSTRM-223): 385. Translating cellView tsmcN65/nch_25_macx/layout as STRUCTURE nch_25_macx_CDNS_75955515233198.
INFO (XSTRM-223): 386. Translating cellView tsmcN65/nch_25_macx/layout as STRUCTURE nch_25_macx_CDNS_75955515233199.
INFO (XSTRM-223): 387. Translating cellView tsmcN65/pch_25_macx/layout as STRUCTURE pch_25_macx_CDNS_75955515233200.
INFO (XSTRM-223): 388. Translating cellView tsmcN65/pch_25_macx/layout as STRUCTURE pch_25_macx_CDNS_75955515233201.
INFO (XSTRM-223): 389. Translating cellView tsmcN65/pch_25_macx/layout as STRUCTURE pch_25_macx_CDNS_75955515233202.
INFO (XSTRM-223): 390. Translating cellView tsmcN65/pch_25_macx/layout as STRUCTURE pch_25_macx_CDNS_75955515233203.
INFO (XSTRM-223): 391. Translating cellView tsmcN65/pch_25_macx/layout as STRUCTURE pch_25_macx_CDNS_75955515233204.
INFO (XSTRM-223): 392. Translating cellView tsmcN65/pch_25_macx/layout as STRUCTURE pch_25_macx_CDNS_75955515233205.
INFO (XSTRM-223): 393. Translating cellView tsmcN65/nch_25_macx/layout as STRUCTURE nch_25_macx_CDNS_75955515233206.
INFO (XSTRM-223): 394. Translating cellView tsmcN65/nch_25_macx/layout as STRUCTURE nch_25_macx_CDNS_75955515233207.
INFO (XSTRM-223): 395. Translating cellView tsmcN65/nch_25_macx/layout as STRUCTURE nch_25_macx_CDNS_75955515233208.
INFO (XSTRM-223): 396. Translating cellView tsmcN65/nch_25_macx/layout as STRUCTURE nch_25_macx_CDNS_75955515233209.
INFO (XSTRM-223): 397. Translating cellView potentiostat_final/OpAmpCurrentMirrorP/layout as STRUCTURE OpAmpCurrentMirrorP.
INFO (XSTRM-223): 398. Translating cellView potentiostat_final/BiasGenCascWideSwingGlobal/layout as STRUCTURE BiasGenCascWideSwingGlobal.
INFO (XSTRM-223): 399. Translating stdVia tsmcN65/M3_M2/layout as STRUCTURE M3_M2_CDNS_75955515233169.
INFO (XSTRM-223): 400. Translating stdVia tsmcN65/M2_M1/layout as STRUCTURE M2_M1_CDNS_75955515233170.
INFO (XSTRM-223): 401. Translating stdVia tsmcN65/M2_M1/layout as STRUCTURE M2_M1_CDNS_75955515233171.
INFO (XSTRM-223): 402. Translating stdVia tsmcN65/M5_M4/layout as STRUCTURE M5_M4_CDNS_75955515233172.
INFO (XSTRM-223): 403. Translating stdVia tsmcN65/M2_M1/layout as STRUCTURE M2_M1_CDNS_75955515233173.
INFO (XSTRM-223): 404. Translating stdVia tsmcN65/M2_M1/layout as STRUCTURE M2_M1_CDNS_75955515233174.
INFO (XSTRM-223): 405. Translating stdVia tsmcN65/M2_M1/layout as STRUCTURE M2_M1_CDNS_75955515233175.
INFO (XSTRM-223): 406. Translating stdVia tsmcN65/M2_M1/layout as STRUCTURE M2_M1_CDNS_75955515233176.
INFO (XSTRM-223): 407. Translating stdVia tsmcN65/M3_M2/layout as STRUCTURE M3_M2_CDNS_75955515233177.
INFO (XSTRM-223): 408. Translating stdVia tsmcN65/M4_M3/layout as STRUCTURE M4_M3_CDNS_75955515233178.
INFO (XSTRM-223): 409. Translating stdVia tsmcN65/M1_OD/layout as STRUCTURE M1_OD_CDNS_75955515233179.
INFO (XSTRM-223): 410. Translating stdVia tsmcN65/M5_M4/layout as STRUCTURE M5_M4_CDNS_75955515233180.
INFO (XSTRM-223): 411. Translating stdVia tsmcN65/M3_M2/layout as STRUCTURE M3_M2_CDNS_75955515233181.
INFO (XSTRM-223): 412. Translating stdVia tsmcN65/M3_M2/layout as STRUCTURE M3_M2_CDNS_75955515233182.
INFO (XSTRM-223): 413. Translating stdVia tsmcN65/M3_M2/layout as STRUCTURE M3_M2_CDNS_75955515233183.
INFO (XSTRM-223): 414. Translating stdVia tsmcN65/M3_M2/layout as STRUCTURE M3_M2_CDNS_75955515233184.
INFO (XSTRM-223): 415. Translating stdVia tsmcN65/M5_M4/layout as STRUCTURE M5_M4_CDNS_75955515233185.
INFO (XSTRM-223): 416. Translating stdVia tsmcN65/M1_OD/layout as STRUCTURE M1_OD_CDNS_75955515233186.
INFO (XSTRM-223): 417. Translating stdVia tsmcN65/M7_M6/layout as STRUCTURE M7_M6_CDNS_75955515233187.
INFO (XSTRM-223): 418. Translating stdVia tsmcN65/M3_M2/layout as STRUCTURE M3_M2_CDNS_75955515233188.
INFO (XSTRM-223): 419. Translating stdVia tsmcN65/M6_M5/layout as STRUCTURE M6_M5_CDNS_75955515233189.
INFO (XSTRM-223): 420. Translating stdVia tsmcN65/M5_M4/layout as STRUCTURE M5_M4_CDNS_75955515233190.
INFO (XSTRM-223): 421. Translating stdVia tsmcN65/M3_M2/layout as STRUCTURE M3_M2_CDNS_75955515233191.
INFO (XSTRM-223): 422. Translating stdVia tsmcN65/M3_M2/layout as STRUCTURE M3_M2_CDNS_75955515233192.
INFO (XSTRM-223): 423. Translating stdVia tsmcN65/M5_M4/layout as STRUCTURE M5_M4_CDNS_75955515233193.
INFO (XSTRM-223): 424. Translating stdVia tsmcN65/M2_M1/layout as STRUCTURE M2_M1_CDNS_75955515233194.
INFO (XSTRM-223): 425. Translating stdVia tsmcN65/M3_M2/layout as STRUCTURE M3_M2_CDNS_75955515233195.
INFO (XSTRM-223): 426. Translating stdVia tsmcN65/M3_M2/layout as STRUCTURE M3_M2_CDNS_75955515233196.
INFO (XSTRM-223): 427. Translating stdVia tsmcN65/M2_M1/layout as STRUCTURE M2_M1_CDNS_75955515233197.
INFO (XSTRM-223): 428. Translating stdVia tsmcN65/M3_M2/layout as STRUCTURE M3_M2_CDNS_75955515233198.
INFO (XSTRM-223): 429. Translating stdVia tsmcN65/M3_M2/layout as STRUCTURE M3_M2_CDNS_75955515233199.
INFO (XSTRM-223): 430. Translating stdVia tsmcN65/M2_M1/layout as STRUCTURE M2_M1_CDNS_75955515233200.
INFO (XSTRM-223): 431. Translating stdVia tsmcN65/M5_M4/layout as STRUCTURE M5_M4_CDNS_75955515233201.
INFO (XSTRM-223): 432. Translating stdVia tsmcN65/M3_M2/layout as STRUCTURE M3_M2_CDNS_75955515233202.
INFO (XSTRM-223): 433. Translating stdVia tsmcN65/M5_M4/layout as STRUCTURE M5_M4_CDNS_75955515233203.
INFO (XSTRM-223): 434. Translating stdVia tsmcN65/M2_M1/layout as STRUCTURE M2_M1_CDNS_75955515233204.
INFO (XSTRM-223): 435. Translating stdVia tsmcN65/M2_M1/layout as STRUCTURE M2_M1_CDNS_75955515233205.
INFO (XSTRM-223): 436. Translating stdVia tsmcN65/M1_PO/layout as STRUCTURE M1_PO_CDNS_75955515233206.
INFO (XSTRM-223): 437. Translating stdVia tsmcN65/M2_M1/layout as STRUCTURE M2_M1_CDNS_75955515233207.
INFO (XSTRM-223): 438. Translating stdVia tsmcN65/M2_M1/layout as STRUCTURE M2_M1_CDNS_75955515233208.
INFO (XSTRM-223): 439. Translating stdVia tsmcN65/M2_M1/layout as STRUCTURE M2_M1_CDNS_75955515233209.
INFO (XSTRM-223): 440. Translating stdVia tsmcN65/M1_PO/layout as STRUCTURE M1_PO_CDNS_75955515233210.
INFO (XSTRM-223): 441. Translating cellView tsmcN65/pch_25/layout as STRUCTURE pch_25_CDNS_75955515233210.
INFO (XSTRM-223): 442. Translating cellView tsmcN65/nch_lvt/layout as STRUCTURE nch_lvt_CDNS_75955515233211.
INFO (XSTRM-223): 443. Translating cellView tsmcN65/pch_25/layout as STRUCTURE pch_25_CDNS_75955515233212.
INFO (XSTRM-223): 444. Translating cellView tsmcN65/pch_25/layout as STRUCTURE pch_25_CDNS_75955515233213.
INFO (XSTRM-223): 445. Translating cellView tsmcN65/nch_25/layout as STRUCTURE nch_25_CDNS_75955515233214.
INFO (XSTRM-223): 446. Translating cellView tsmcN65/pch_lvt/layout as STRUCTURE pch_lvt_CDNS_75955515233215.
INFO (XSTRM-223): 447. Translating cellView tsmcN65/pch_25/layout as STRUCTURE pch_25_CDNS_75955515233216.
INFO (XSTRM-223): 448. Translating cellView tsmcN65/nch_25/layout as STRUCTURE nch_25_CDNS_75955515233217.
INFO (XSTRM-223): 449. Translating cellView tsmcN65/pch_25/layout as STRUCTURE pch_25_CDNS_75955515233218.
INFO (XSTRM-223): 450. Translating cellView tsmcN65/nch_25/layout as STRUCTURE nch_25_CDNS_75955515233219.
INFO (XSTRM-223): 451. Translating cellView Better_ADCs/LS10TO25FastFallBuf_comp/layout as STRUCTURE LS10TO25FastFallBuf_comp.
INFO (XSTRM-223): 452. Translating cellView tsmcN65/nch_25/layout as STRUCTURE nch_25_CDNS_75955515233220.
INFO (XSTRM-223): 453. Translating cellView tsmcN65/nch_25/layout as STRUCTURE nch_25_CDNS_75955515233221.
INFO (XSTRM-223): 454. Translating cellView Better_ADCs/LS10TO25DualOutput_r1/layout as STRUCTURE LS10TO25DualOutput_r1.
INFO (XSTRM-223): 455. Translating cellView Better_ADCs/LS10TO25DualOutputX10_r1/layout as STRUCTURE LS10TO25DualOutputX10_r1.
INFO (XSTRM-223): 456. Translating cellView tsmcN65/rppolywo/layout as STRUCTURE rppolywo_CDNS_75955515233222.
INFO (XSTRM-223): 457. Translating stdVia tsmcN65/M1_PO/layout as STRUCTURE M1_PO_CDNS_75955515233211.
INFO (XSTRM-223): 458. Translating stdVia tsmcN65/M2_M1/layout as STRUCTURE M2_M1_CDNS_75955515233212.
INFO (XSTRM-223): 459. Translating stdVia tsmcN65/M3_M2/layout as STRUCTURE M3_M2_CDNS_75955515233213.
INFO (XSTRM-223): 460. Translating stdVia tsmcN65/M1_PO/layout as STRUCTURE M1_PO_CDNS_75955515233214.
INFO (XSTRM-223): 461. Translating cellView tsmcN65/pch_25_mac/layout as STRUCTURE pch_25_mac_CDNS_75955515233223.
INFO (XSTRM-223): 462. Translating cellView tsmcN65/nch_25_mac/layout as STRUCTURE nch_25_mac_CDNS_75955515233224.
INFO (XSTRM-223): 463. Translating cellView tsmcN65/nch_lvt_mac/layout as STRUCTURE nch_lvt_mac_CDNS_75955515233225.
INFO (XSTRM-223): 464. Translating cellView tsmcN65/pch_lvt_mac/layout as STRUCTURE pch_lvt_mac_CDNS_75955515233226.
INFO (XSTRM-223): 465. Translating cellView tsmcN65/nch_25_mac/layout as STRUCTURE nch_25_mac_CDNS_75955515233227.
INFO (XSTRM-223): 466. Translating cellView tsmcN65/pch_lvt_mac/layout as STRUCTURE pch_lvt_mac_CDNS_75955515233228.
INFO (XSTRM-223): 467. Translating cellView tsmcN65/nch_lvt_mac/layout as STRUCTURE nch_lvt_mac_CDNS_75955515233229.
INFO (XSTRM-223): 468. Translating cellView Better_ADCs/LS25TO10Dual/layout as STRUCTURE LS25TO10Dual.
INFO (XSTRM-223): 469. Translating stdVia tsmcN65/M7_M6/layout as STRUCTURE M7_M6_CDNS_75955515233215.
INFO (XSTRM-223): 470. Translating stdVia tsmcN65/M5_M4/layout as STRUCTURE M5_M4_CDNS_75955515233216.
INFO (XSTRM-223): 471. Translating stdVia tsmcN65/M6_M5/layout as STRUCTURE M6_M5_CDNS_75955515233217.
INFO (XSTRM-223): 472. Translating stdVia tsmcN65/M4_M3/layout as STRUCTURE M4_M3_CDNS_75955515233218.
INFO (XSTRM-223): 473. Translating stdVia tsmcN65/M6_M5/layout as STRUCTURE M6_M5_CDNS_75955515233219.
INFO (XSTRM-223): 474. Translating stdVia tsmcN65/M5_M4/layout as STRUCTURE M5_M4_CDNS_75955515233220.
INFO (XSTRM-223): 475. Translating stdVia tsmcN65/M7_M6/layout as STRUCTURE M7_M6_CDNS_75955515233221.
INFO (XSTRM-223): 476. Translating cellView Better_ADCs/Cap_DAC_2V5_D_0p13s_0p70lsb/layout as STRUCTURE Cap_DAC_2V5_D_0p13s_0p70lsb.
INFO (XSTRM-223): 477. Translating stdVia tsmcN65/M3_M2/layout as STRUCTURE M3_M2_CDNS_75955515233222.
INFO (XSTRM-223): 478. Translating stdVia tsmcN65/M1_PO/layout as STRUCTURE M1_PO_CDNS_75955515233223.
INFO (XSTRM-223): 479. Translating stdVia tsmcN65/M3_M2/layout as STRUCTURE M3_M2_CDNS_75955515233224.
INFO (XSTRM-223): 480. Translating stdVia tsmcN65/M2_M1/layout as STRUCTURE M2_M1_CDNS_75955515233225.
INFO (XSTRM-223): 481. Translating stdVia tsmcN65/M3_M2/layout as STRUCTURE M3_M2_CDNS_75955515233226.
INFO (XSTRM-223): 482. Translating stdVia tsmcN65/M1_OD/layout as STRUCTURE M1_OD_CDNS_75955515233227.
INFO (XSTRM-223): 483. Translating stdVia tsmcN65/M1_PO/layout as STRUCTURE M1_PO_CDNS_75955515233228.
INFO (XSTRM-223): 484. Translating stdVia tsmcN65/M1_OD/layout as STRUCTURE M1_OD_CDNS_75955515233229.
INFO (XSTRM-223): 485. Translating stdVia tsmcN65/M2_M1/layout as STRUCTURE M2_M1_CDNS_75955515233230.
INFO (XSTRM-223): 486. Translating stdVia tsmcN65/M3_M2/layout as STRUCTURE M3_M2_CDNS_75955515233231.
INFO (XSTRM-223): 487. Translating stdVia tsmcN65/M2_M1/layout as STRUCTURE M2_M1_CDNS_75955515233232.
INFO (XSTRM-223): 488. Translating cellView tsmcN65/pch_25_mac/layout as STRUCTURE pch_25_mac_CDNS_75955515233230.
INFO (XSTRM-223): 489. Translating cellView tsmcN65/nch_25_mac/layout as STRUCTURE nch_25_mac_CDNS_75955515233231.
INFO (XSTRM-223): 490. Translating cellView tsmcN65/pch_25_mac/layout as STRUCTURE pch_25_mac_CDNS_75955515233232.
INFO (XSTRM-223): 491. Translating cellView tsmcN65/pch_25_mac/layout as STRUCTURE pch_25_mac_CDNS_75955515233233.
INFO (XSTRM-223): 492. Translating cellView tsmcN65/pch_25_mac/layout as STRUCTURE pch_25_mac_CDNS_75955515233234.
INFO (XSTRM-223): 493. Translating cellView tsmcN65/nch_25_mac/layout as STRUCTURE nch_25_mac_CDNS_75955515233235.
INFO (XSTRM-223): 494. Translating cellView tsmcN65/pch_25_mac/layout as STRUCTURE pch_25_mac_CDNS_75955515233236.
INFO (XSTRM-223): 495. Translating cellView tsmcN65/pch_25_mac/layout as STRUCTURE pch_25_mac_CDNS_75955515233237.
INFO (XSTRM-223): 496. Translating cellView tsmcN65/nch_25_mac/layout as STRUCTURE nch_25_mac_CDNS_75955515233238.
INFO (XSTRM-223): 497. Translating cellView tsmcN65/nch_25_mac/layout as STRUCTURE nch_25_mac_CDNS_75955515233239.
INFO (XSTRM-223): 498. Translating cellView tsmcN65/nch_25_mac/layout as STRUCTURE nch_25_mac_CDNS_75955515233240.
INFO (XSTRM-223): 499. Translating cellView tsmcN65/nch_25_mac/layout as STRUCTURE nch_25_mac_CDNS_75955515233241.
INFO (XSTRM-223): 500. Translating cellView tsmcN65/pch_25_mac/layout as STRUCTURE pch_25_mac_CDNS_75955515233242.
INFO (XSTRM-223): 501. Translating cellView tsmcN65/nch_25_mac/layout as STRUCTURE nch_25_mac_CDNS_75955515233243.
INFO (XSTRM-223): 502. Translating cellView tsmcN65/nch_25_mac/layout as STRUCTURE nch_25_mac_CDNS_75955515233244.
INFO (XSTRM-223): 503. Translating cellView tsmcN65/pch_25_mac/layout as STRUCTURE pch_25_mac_CDNS_75955515233245.
INFO (XSTRM-223): 504. Translating cellView Better_ADCs/Comparator_2V5_Mei/layout as STRUCTURE Comparator_2V5_Mei.
INFO (XSTRM-223): 505. Translating stdVia tsmcN65/M2_M1/layout as STRUCTURE M2_M1_CDNS_75955515233233.
INFO (XSTRM-223): 506. Translating stdVia tsmcN65/M2_M1/layout as STRUCTURE M2_M1_CDNS_75955515233234.
INFO (XSTRM-223): 507. Translating stdVia tsmcN65/M3_M2/layout as STRUCTURE M3_M2_CDNS_75955515233235.
INFO (XSTRM-223): 508. Translating stdVia tsmcN65/M3_M2/layout as STRUCTURE M3_M2_CDNS_75955515233236.
INFO (XSTRM-223): 509. Translating stdVia tsmcN65/M2_M1/layout as STRUCTURE M2_M1_CDNS_75955515233237.
INFO (XSTRM-223): 510. Translating stdVia tsmcN65/M3_M2/layout as STRUCTURE M3_M2_CDNS_75955515233238.
INFO (XSTRM-223): 511. Translating stdVia tsmcN65/M1_OD/layout as STRUCTURE M1_OD_CDNS_75955515233239.
INFO (XSTRM-223): 512. Translating cellView tsmc65_sc_adv10/N8bnsSkggI9iAZ/layout as STRUCTURE N8bnsSkggI9iAZ.
INFO (XSTRM-223): 513. Translating cellView tsmc65_sc_adv10/NOR2X0P5MA10TH/layout as STRUCTURE NOR2X0P5MA10TH.
INFO (XSTRM-223): 514. Translating cellView tsmc65_sc_adv10/DrwlfY5M4YhGZR1/layout as STRUCTURE DrwlfY5M4YhGZR1.
INFO (XSTRM-223): 515. Translating cellView Better_ADCs/DFFSRPQX1MA10TH_Spacing_Modded/layout as STRUCTURE DFFSRPQX1MA10TH_Spacing_Modded.
INFO (XSTRM-223): 516. Translating cellView tsmc65_sc_adv10/OqWCBcuzlDW/layout as STRUCTURE OqWCBcuzlDW.
INFO (XSTRM-223): 517. Translating cellView tsmc65_sc_adv10/OR2X1MA10TH/layout as STRUCTURE OR2X1MA10TH.
INFO (XSTRM-223): 518. Translating cellView tsmc65_sc_adv10/ILXCiTuzlDW/layout as STRUCTURE ILXCiTuzlDW.
INFO (XSTRM-223): 519. Translating cellView tsmc65_sc_adv10/INVX2BA10TH/layout as STRUCTURE INVX2BA10TH.
INFO (XSTRM-223): 520. Translating cellView tsmc65_sc_adv10/ILXCBTuzlDW/layout as STRUCTURE ILXCBTuzlDW.
INFO (XSTRM-223): 521. Translating cellView tsmc65_sc_adv10/INVX1BA10TH/layout as STRUCTURE INVX1BA10TH.
INFO (XSTRM-223): 522. Translating cellView tsmc65_sc_adv10/DPjGsSkggI9iAZ/layout as STRUCTURE DPjGsSkggI9iAZ.
INFO (XSTRM-223): 523. Translating cellView tsmc65_sc_adv10/DLY4X0P5MA10TH/layout as STRUCTURE DLY4X0P5MA10TH.
INFO (XSTRM-223): 524. Translating cellView tsmc65_sc_adv10/A8enBUo0JTnai/layout as STRUCTURE A8enBUo0JTnai.
INFO (XSTRM-223): 525. Translating cellView tsmc65_sc_adv10/AOI21X1MA10TH/layout as STRUCTURE AOI21X1MA10TH.
INFO (XSTRM-223): 526. Translating cellView tsmc65_sc_adv10/BtwCnTuzlDW/layout as STRUCTURE BtwCnTuzlDW.
INFO (XSTRM-223): 527. Translating cellView tsmc65_sc_adv10/BUFX3BA10TH/layout as STRUCTURE BUFX3BA10TH.
INFO (XSTRM-223): 528. Translating cellView tsmc65_sc_adv10/BtwCicuzlDW/layout as STRUCTURE BtwCicuzlDW.
INFO (XSTRM-223): 529. Translating cellView tsmc65_sc_adv10/BUFX2MA10TH/layout as STRUCTURE BUFX2MA10TH.
INFO (XSTRM-223): 530. Translating cellView tsmc65_sc_adv10/ILXCjY0GJTnai/layout as STRUCTURE ILXCjY0GJTnai.
INFO (XSTRM-223): 531. Translating cellView tsmc65_sc_adv10/INVX0P5BA10TH/layout as STRUCTURE INVX0P5BA10TH.
INFO (XSTRM-223): 532. Translating cellView tsmc65_sc_adv10/ALansKHm4Wvn/layout as STRUCTURE ALansKHm4Wvn.
INFO (XSTRM-223): 533. Translating cellView tsmc65_sc_adv10/AND2X1MA10TH/layout as STRUCTURE AND2X1MA10TH.
INFO (XSTRM-223): 534. Translating cellView tsmc65_sc_adv10/NRPAiUo0JTnai/layout as STRUCTURE NRPAiUo0JTnai.
INFO (XSTRM-223): 535. Translating cellView tsmc65_sc_adv10/NAND2X1MA10TH/layout as STRUCTURE NAND2X1MA10TH.
INFO (XSTRM-223): 536. Translating cellView tsmc65_sc_adv10/NRPAiUoGJTnai/layout as STRUCTURE NRPAiUoGJTnai.
INFO (XSTRM-223): 537. Translating cellView tsmc65_sc_adv10/NAND2X1BA10TH/layout as STRUCTURE NAND2X1BA10TH.
INFO (XSTRM-223): 538. Translating cellView tsmc65_sc_adv10/ILXCnTuzlDW/layout as STRUCTURE ILXCnTuzlDW.
INFO (XSTRM-223): 539. Translating cellView tsmc65_sc_adv10/INVX3BA10TH/layout as STRUCTURE INVX3BA10TH.
INFO (XSTRM-223): 540. Translating cellView tsmc65_sc_adv10/DrwcfY5M4YhGZR1/layout as STRUCTURE DrwcfY5M4YhGZR1.
INFO (XSTRM-223): 541. Translating cellView Better_ADCs/DFFNRPQX1MA10TH_Spacing_Modded/layout as STRUCTURE DFFNRPQX1MA10TH_Spacing_Modded.
INFO (XSTRM-223): 542. Translating cellView tsmc65_sc_adv10/DrwcWMtzgI9iAZ/layout as STRUCTURE DrwcWMtzgI9iAZ.
INFO (XSTRM-223): 543. Translating cellView Better_ADCs/DFFNSQX1MA10TH_Spacing_Modded/layout as STRUCTURE DFFNSQX1MA10TH_Spacing_Modded.
INFO (XSTRM-223): 544. Translating cellView tsmc65_sc_adv10/DrwcWukN5Tke71qF/layout as STRUCTURE DrwcWukN5Tke71qF.
INFO (XSTRM-223): 545. Translating cellView Better_ADCs/DFFNSRPQX1MA10TH_Spacing_Modded/layout as STRUCTURE DFFNSRPQX1MA10TH_Spacing_Modded.
INFO (XSTRM-223): 546. Translating cellView Better_ADCs/Logic_Main_Neg_Out_Only_Sync/layout as STRUCTURE Logic_Main_Neg_Out_Only_Sync.
INFO (XSTRM-223): 547. Translating cellView Better_ADCs/LS10TO25FastRiseBuf_ssw/layout as STRUCTURE LS10TO25FastRiseBuf_ssw.
INFO (XSTRM-223): 548. Translating stdVia tsmcN65/M1_PO/layout as STRUCTURE M1_PO_CDNS_75955515233240.
INFO (XSTRM-223): 549. Translating stdVia tsmcN65/M1_PO/layout as STRUCTURE M1_PO_CDNS_75955515233241.
INFO (XSTRM-223): 550. Translating stdVia tsmcN65/M2_M1/layout as STRUCTURE M2_M1_CDNS_75955515233242.
INFO (XSTRM-223): 551. Translating stdVia tsmcN65/M2_M1/layout as STRUCTURE M2_M1_CDNS_75955515233243.
INFO (XSTRM-223): 552. Translating stdVia tsmcN65/M2_M1/layout as STRUCTURE M2_M1_CDNS_75955515233244.
INFO (XSTRM-223): 553. Translating stdVia tsmcN65/M2_M1/layout as STRUCTURE M2_M1_CDNS_75955515233245.
INFO (XSTRM-223): 554. Translating stdVia tsmcN65/M2_M1/layout as STRUCTURE M2_M1_CDNS_75955515233246.
INFO (XSTRM-223): 555. Translating stdVia tsmcN65/M1_PO/layout as STRUCTURE M1_PO_CDNS_75955515233247.
INFO (XSTRM-223): 556. Translating cellView tsmcN65/pch_25_mac/layout as STRUCTURE pch_25_mac_CDNS_75955515233246.
INFO (XSTRM-223): 557. Translating cellView tsmcN65/pch_25_mac/layout as STRUCTURE pch_25_mac_CDNS_75955515233247.
INFO (XSTRM-223): 558. Translating cellView tsmcN65/pch_25_mac/layout as STRUCTURE pch_25_mac_CDNS_75955515233248.
INFO (XSTRM-223): 559. Translating cellView tsmcN65/nch_25_mac/layout as STRUCTURE nch_25_mac_CDNS_75955515233249.
INFO (XSTRM-223): 560. Translating cellView tsmcN65/pch_25_mac/layout as STRUCTURE pch_25_mac_CDNS_75955515233250.
INFO (XSTRM-223): 561. Translating cellView tsmcN65/nch_25_mac/layout as STRUCTURE nch_25_mac_CDNS_75955515233251.
INFO (XSTRM-223): 562. Translating cellView tsmcN65/pch_25_mac/layout as STRUCTURE pch_25_mac_CDNS_75955515233252.
INFO (XSTRM-223): 563. Translating cellView tsmcN65/nch_25_mac/layout as STRUCTURE nch_25_mac_CDNS_75955515233253.
INFO (XSTRM-223): 564. Translating cellView tsmcN65/nch_25_mac/layout as STRUCTURE nch_25_mac_CDNS_75955515233254.
INFO (XSTRM-223): 565. Translating cellView tsmcN65/pch_25_mac/layout as STRUCTURE pch_25_mac_CDNS_75955515233255.
INFO (XSTRM-223): 566. Translating cellView tsmcN65/nch_25_mac/layout as STRUCTURE nch_25_mac_CDNS_75955515233256.
INFO (XSTRM-223): 567. Translating cellView tsmcN65/nch_25_mac/layout as STRUCTURE nch_25_mac_CDNS_75955515233257.
INFO (XSTRM-223): 568. Translating cellView tsmcN65/pch_25_mac/layout as STRUCTURE pch_25_mac_CDNS_75955515233258.
INFO (XSTRM-223): 569. Translating cellView tsmcN65/pch_25_mac/layout as STRUCTURE pch_25_mac_CDNS_75955515233259.
INFO (XSTRM-223): 570. Translating cellView tsmcN65/nch_25_mac/layout as STRUCTURE nch_25_mac_CDNS_75955515233260.
INFO (XSTRM-223): 571. Translating cellView tsmcN65/pch_25_mac/layout as STRUCTURE pch_25_mac_CDNS_75955515233261.
INFO (XSTRM-223): 572. Translating cellView tsmcN65/pch_25_mac/layout as STRUCTURE pch_25_mac_CDNS_75955515233262.
INFO (XSTRM-223): 573. Translating cellView tsmcN65/pch_25_mac/layout as STRUCTURE pch_25_mac_CDNS_75955515233263.
INFO (XSTRM-223): 574. Translating cellView tsmcN65/pch_25_mac/layout as STRUCTURE pch_25_mac_CDNS_75955515233264.
INFO (XSTRM-223): 575. Translating cellView tsmcN65/pch_25_mac/layout as STRUCTURE pch_25_mac_CDNS_75955515233265.
INFO (XSTRM-223): 576. Translating cellView tsmcN65/nch_25_mac/layout as STRUCTURE nch_25_mac_CDNS_75955515233266.
INFO (XSTRM-223): 577. Translating cellView tsmcN65/nch_25_mac/layout as STRUCTURE nch_25_mac_CDNS_75955515233267.
INFO (XSTRM-223): 578. Translating cellView tsmcN65/nch_25_mac/layout as STRUCTURE nch_25_mac_CDNS_75955515233268.
INFO (XSTRM-223): 579. Translating cellView tsmcN65/nch_25_mac/layout as STRUCTURE nch_25_mac_CDNS_75955515233269.
INFO (XSTRM-223): 580. Translating cellView tsmcN65/pch_25_mac/layout as STRUCTURE pch_25_mac_CDNS_75955515233270.
INFO (XSTRM-223): 581. Translating cellView tsmcN65/nch_25_mac/layout as STRUCTURE nch_25_mac_CDNS_75955515233271.
INFO (XSTRM-223): 582. Translating cellView tsmcN65/pch_25_mac/layout as STRUCTURE pch_25_mac_CDNS_75955515233272.
INFO (XSTRM-223): 583. Translating cellView tsmcN65/nch_25_mac/layout as STRUCTURE nch_25_mac_CDNS_75955515233273.
INFO (XSTRM-223): 584. Translating cellView tsmcN65/nch_25_mac/layout as STRUCTURE nch_25_mac_CDNS_75955515233274.
INFO (XSTRM-223): 585. Translating cellView tsmcN65/nch_25_mac/layout as STRUCTURE nch_25_mac_CDNS_75955515233275.
INFO (XSTRM-223): 586. Translating cellView tsmcN65/nch_25_mac/layout as STRUCTURE nch_25_mac_CDNS_75955515233276.
INFO (XSTRM-223): 587. Translating cellView tsmcN65/nch_25_mac/layout as STRUCTURE nch_25_mac_CDNS_75955515233277.
INFO (XSTRM-223): 588. Translating cellView tsmcN65/pch_25_mac/layout as STRUCTURE pch_25_mac_CDNS_75955515233278.
INFO (XSTRM-223): 589. Translating cellView tsmcN65/pch_25_mac/layout as STRUCTURE pch_25_mac_CDNS_75955515233279.
INFO (XSTRM-223): 590. Translating cellView tsmcN65/nch_25_mac/layout as STRUCTURE nch_25_mac_CDNS_75955515233280.
INFO (XSTRM-223): 591. Translating cellView Better_ADCs/Cap_DAC_Driver_2V5_r1/layout as STRUCTURE Cap_DAC_Driver_2V5_r1.
INFO (XSTRM-223): 592. Translating stdVia tsmcN65/M2_M1/layout as STRUCTURE M2_M1_CDNS_75955515233248.
INFO (XSTRM-223): 593. Translating stdVia tsmcN65/M2_M1/layout as STRUCTURE M2_M1_CDNS_75955515233249.
INFO (XSTRM-223): 594. Translating stdVia tsmcN65/M3_M2/layout as STRUCTURE M3_M2_CDNS_75955515233250.
INFO (XSTRM-223): 595. Translating stdVia tsmcN65/M3_M2/layout as STRUCTURE M3_M2_CDNS_75955515233251.
INFO (XSTRM-223): 596. Translating stdVia tsmcN65/M1_PO/layout as STRUCTURE M1_PO_CDNS_75955515233252.
INFO (XSTRM-223): 597. Translating stdVia tsmcN65/M2_M1/layout as STRUCTURE M2_M1_CDNS_75955515233253.
INFO (XSTRM-223): 598. Translating stdVia tsmcN65/M2_M1/layout as STRUCTURE M2_M1_CDNS_75955515233254.
INFO (XSTRM-223): 599. Translating stdVia tsmcN65/M2_M1/layout as STRUCTURE M2_M1_CDNS_75955515233255.
INFO (XSTRM-223): 600. Translating stdVia tsmcN65/M3_M2/layout as STRUCTURE M3_M2_CDNS_75955515233256.
INFO (XSTRM-223): 601. Translating stdVia tsmcN65/M2_M1/layout as STRUCTURE M2_M1_CDNS_75955515233257.
INFO (XSTRM-223): 602. Translating stdVia tsmcN65/M2_M1/layout as STRUCTURE M2_M1_CDNS_75955515233258.
INFO (XSTRM-223): 603. Translating stdVia tsmcN65/M2_M1/layout as STRUCTURE M2_M1_CDNS_75955515233259.
INFO (XSTRM-223): 604. Translating cellView tsmcN65/pch_25/layout as STRUCTURE pch_25_CDNS_75955515233281.
INFO (XSTRM-223): 605. Translating cellView tsmcN65/pch_25/layout as STRUCTURE pch_25_CDNS_75955515233282.
INFO (XSTRM-223): 606. Translating cellView tsmcN65/pch_25/layout as STRUCTURE pch_25_CDNS_75955515233283.
INFO (XSTRM-223): 607. Translating cellView tsmcN65/nch_25_dnw/layout as STRUCTURE nch_25_dnw_CDNS_75955515233284.
INFO (XSTRM-223): 608. Translating cellView tsmcN65/nch_25/layout as STRUCTURE nch_25_CDNS_75955515233285.
INFO (XSTRM-223): 609. Translating cellView tsmcN65/nch_25_dnw/layout as STRUCTURE nch_25_dnw_CDNS_75955515233286.
INFO (XSTRM-223): 610. Translating cellView tsmcN65/nch_25_dnw/layout as STRUCTURE nch_25_dnw_CDNS_75955515233287.
INFO (XSTRM-223): 611. Translating cellView tsmcN65/nch_25_dnw/layout as STRUCTURE nch_25_dnw_CDNS_75955515233288.
INFO (XSTRM-223): 612. Translating cellView tsmcN65/nch_25/layout as STRUCTURE nch_25_CDNS_75955515233289.
INFO (XSTRM-223): 613. Translating cellView tsmcN65/pch_25/layout as STRUCTURE pch_25_CDNS_75955515233290.
INFO (XSTRM-223): 614. Translating cellView tsmcN65/nch_25/layout as STRUCTURE nch_25_CDNS_75955515233291.
INFO (XSTRM-223): 615. Translating cellView Better_ADCs/Sample_Switch_2V5_r1/layout as STRUCTURE Sample_Switch_2V5_r1.
INFO (XSTRM-223): 616. Translating cellView Better_ADCs/NEW_ADC_Main_2V5_Sync_0p13s_0p70lsb/layout as STRUCTURE NEW_ADC_Main_2V5_Sync_0p13s_0p70lsb.
INFO (XSTRM-223): 617. Translating stdVia tsmcN65/M8_M7/layout as STRUCTURE M8_M7_CDNS_75955515233260.
INFO (XSTRM-223): 618. Translating stdVia tsmcN65/M7_M6/layout as STRUCTURE M7_M6_CDNS_75955515233261.
INFO (XSTRM-223): 619. Translating stdVia tsmcN65/M6_M5/layout as STRUCTURE M6_M5_CDNS_75955515233262.
INFO (XSTRM-223): 620. Translating stdVia tsmcN65/M5_M4/layout as STRUCTURE M5_M4_CDNS_75955515233263.
INFO (XSTRM-223): 621. Translating stdVia tsmcN65/M4_M3/layout as STRUCTURE M4_M3_CDNS_75955515233264.
INFO (XSTRM-223): 622. Translating cellView tsmcN65/mimcap/layout as STRUCTURE mimcap_CDNS_75955515233292.
INFO (XSTRM-223): 623. Translating cellView tsmcN65/mimcap/layout as STRUCTURE mimcap_CDNS_75955515233293.
INFO (XSTRM-223): 624. Translating cellView tsmcN65/rppolywo/layout as STRUCTURE rppolywo_CDNS_75955515233294.
INFO (XSTRM-223): 625. Translating cellView tsmcN65/rppolywo/layout as STRUCTURE rppolywo_CDNS_75955515233295.
INFO (XSTRM-223): 626. Translating cellView tsmcN65/rppolywo/layout as STRUCTURE rppolywo_CDNS_75955515233296.
INFO (XSTRM-223): 627. Translating cellView tsmcN65/rppolywo/layout as STRUCTURE rppolywo_CDNS_75955515233297.
INFO (XSTRM-223): 628. Translating cellView tsmcN65/rppolywo/layout as STRUCTURE rppolywo_CDNS_75955515233298.
INFO (XSTRM-223): 629. Translating cellView tsmcN65/rppolywo/layout as STRUCTURE rppolywo_CDNS_75955515233299.
INFO (XSTRM-223): 630. Translating cellView tsmcN65/rppolywo/layout as STRUCTURE rppolywo_CDNS_75955515233300.
INFO (XSTRM-223): 631. Translating cellView tsmcN65/rnpoly/layout as STRUCTURE rnpoly_CDNS_75955515233301.
INFO (XSTRM-223): 632. Translating cellView tsmcN65/pch_25_macx/layout as STRUCTURE pch_25_macx_CDNS_75955515233302.
INFO (XSTRM-223): 633. Translating cellView tsmcN65/nch_25_macx/layout as STRUCTURE nch_25_macx_CDNS_75955515233303.
INFO (XSTRM-223): 634. Translating cellView tsmcN65/pch_25/layout as STRUCTURE pch_25_CDNS_75955515233304.
INFO (XSTRM-223): 635. Translating cellView tsmcN65/nch_25/layout as STRUCTURE nch_25_CDNS_75955515233305.
INFO (XSTRM-223): 636. Translating cellView potentiostat_final/NOR2X1/layout as STRUCTURE NOR2X1.
INFO (XSTRM-223): 637. Translating cellView potentiostat_final/AdcMimComparatorMei/layout as STRUCTURE AdcMimComparatorMei.
INFO (XSTRM-223): 638. Translating cellView potentiostat_final/dualSlope_sch4lay/layout as STRUCTURE dualSlope_sch4lay.
INFO (XSTRM-223): 639. Translating stdVia tsmcN65/M1_PO/layout as STRUCTURE M1_PO_CDNS_75955515233265.
INFO (XSTRM-223): 640. Translating cellView potentiostat_final/LVLA25D10PP/layout as STRUCTURE LVLA25D10PP.
INFO (XSTRM-223): 641. Translating cellView potentiostat_final/top_level_sch/layout as STRUCTURE top_level_sch.

Summary of Objects Translated:
	Scalar Instances:                       1232
	Array Instances:                        0
	Polygons:                               328
	Paths:                                  248
	Rectangles:                             94510
	Lines:                                  0
	Arcs:                                   0
	Donuts:                                 0
	Dots:                                   0
	Ellipses:                               0
	Boundaries:                             0
	Area Blockages:                         0
	Layer Blockages:                        0
	Area Halos:                             0
	Markers:                                0
	Rows:                                   0
	Standard Vias                           6025
	Custom Vias:                            0
	CdsGen Vias:                            0
	Pathsegs:                               5369
	Text:                                   4353
	TextDisplay:                            27
	Cells:                                  641

Elapsed Time: 1.0s   User Time: 0.9s   CPU Time: 0.1s   Peak VM: 137780KB
INFO (XSTRM-234): Translation completed. '0' error(s) and '0' warning(s) found.
