********************************************************************************
Product   : Virtuoso(R) XStream Out
Program   : @(#)$CDS: strmout version 6.1.8-64b 11/10/2020 19:36 (cpgsrv13) $
          : sub-version  IC6.1.8-64b.500.15 
Started at: 22-Sep-2025  17:08:26
User Name : mseminario2
Host Name : atlas
Directory : /home/mseminario2/chips/myshkin/ic
CADENCE Design Systems, Inc.
********************************************************************************
Info: Cellview Rev Num:99,  Tech Rev Num:59

INFO (XSTRM-217): Reading the layer map file, /opt/design_kits/TSMC65-PDK/tsmcN65/tsmcN65.layermap
INFO (XSTRM-162): You have not used the viaMap option. If the OpenAccess design has native oaVia instances, use the -viaMap option for preserving oaVia instances in a Stream Out - Stream In round trip. Using the -viaMap option improves performance and VM usage of applications using the Streamed-In design.  For details on the viaMap option, refer to the "Design Data Translator's Reference" guide for XStream.

Summary of Options :
library                                 potentiostat_final
strmFile                                ./pvs/potentiostat_final/BiasGenCascWideSwingGlobal/potentiostat_final.BiasGenCascWideSwingGlobal.gds
topCell                                 BiasGenCascWideSwingGlobal
view                                    layout
logFile                                 ./strmout/potentiostat_final.BiasGenCascWideSwingGlobal.strmout.log
techLib                                 tsmcN65
layerMap                                /opt/design_kits/TSMC65-PDK/tsmcN65/tsmcN65.layermap
case                                    Preserve
convertDot                              node
convertPin                              geometryAndText
noWarn                                  20 32 33 35 315

INFO (XSTRM-223): 1. Translating stdVia tsmcN65/M2_M1/layout as STRUCTURE M2_M1_CDNS_758578906560.
INFO (XSTRM-223): 2. Translating stdVia tsmcN65/M3_M2/layout as STRUCTURE M3_M2_CDNS_758578906561.
INFO (XSTRM-223): 3. Translating stdVia tsmcN65/M2_M1/layout as STRUCTURE M2_M1_CDNS_758578906562.
INFO (XSTRM-223): 4. Translating stdVia tsmcN65/M2_M1/layout as STRUCTURE M2_M1_CDNS_758578906563.
INFO (XSTRM-223): 5. Translating stdVia tsmcN65/M2_M1/layout as STRUCTURE M2_M1_CDNS_758578906564.
INFO (XSTRM-223): 6. Translating stdVia tsmcN65/M2_M1/layout as STRUCTURE M2_M1_CDNS_758578906565.
INFO (XSTRM-223): 7. Translating stdVia tsmcN65/M2_M1/layout as STRUCTURE M2_M1_CDNS_758578906566.
INFO (XSTRM-223): 8. Translating stdVia tsmcN65/M8_M7/layout as STRUCTURE M8_M7_CDNS_758578906567.
INFO (XSTRM-223): 9. Translating stdVia tsmcN65/M7_M6/layout as STRUCTURE M7_M6_CDNS_758578906568.
INFO (XSTRM-223): 10. Translating stdVia tsmcN65/M6_M5/layout as STRUCTURE M6_M5_CDNS_758578906569.
INFO (XSTRM-223): 11. Translating stdVia tsmcN65/M5_M4/layout as STRUCTURE M5_M4_CDNS_7585789065610.
INFO (XSTRM-223): 12. Translating stdVia tsmcN65/M4_M3/layout as STRUCTURE M4_M3_CDNS_7585789065611.
INFO (XSTRM-223): 13. Translating stdVia tsmcN65/M3_M2/layout as STRUCTURE M3_M2_CDNS_7585789065612.
INFO (XSTRM-223): 14. Translating stdVia tsmcN65/M2_M1/layout as STRUCTURE M2_M1_CDNS_7585789065613.
INFO (XSTRM-223): 15. Translating stdVia tsmcN65/M3_M2/layout as STRUCTURE M3_M2_CDNS_7585789065614.
INFO (XSTRM-223): 16. Translating stdVia tsmcN65/M3_M2/layout as STRUCTURE M3_M2_CDNS_7585789065615.
INFO (XSTRM-223): 17. Translating stdVia tsmcN65/M2_M1/layout as STRUCTURE M2_M1_CDNS_7585789065616.
INFO (XSTRM-223): 18. Translating stdVia tsmcN65/M3_M2/layout as STRUCTURE M3_M2_CDNS_7585789065617.
INFO (XSTRM-223): 19. Translating stdVia tsmcN65/M2_M1/layout as STRUCTURE M2_M1_CDNS_7585789065618.
INFO (XSTRM-223): 20. Translating stdVia tsmcN65/M4_M3/layout as STRUCTURE M4_M3_CDNS_7585789065619.
INFO (XSTRM-223): 21. Translating stdVia tsmcN65/M5_M4/layout as STRUCTURE M5_M4_CDNS_7585789065620.
INFO (XSTRM-223): 22. Translating stdVia tsmcN65/M6_M5/layout as STRUCTURE M6_M5_CDNS_7585789065621.
INFO (XSTRM-223): 23. Translating stdVia tsmcN65/M7_M6/layout as STRUCTURE M7_M6_CDNS_7585789065622.
INFO (XSTRM-223): 24. Translating stdVia tsmcN65/M3_M2/layout as STRUCTURE M3_M2_CDNS_7585789065623.
INFO (XSTRM-223): 25. Translating stdVia tsmcN65/M3_M2/layout as STRUCTURE M3_M2_CDNS_7585789065624.
INFO (XSTRM-223): 26. Translating stdVia tsmcN65/M3_M2/layout as STRUCTURE M3_M2_CDNS_7585789065625.
INFO (XSTRM-223): 27. Translating stdVia tsmcN65/M3_M2/layout as STRUCTURE M3_M2_CDNS_7585789065626.
INFO (XSTRM-223): 28. Translating stdVia tsmcN65/M4_M3/layout as STRUCTURE M4_M3_CDNS_7585789065627.
INFO (XSTRM-223): 29. Translating stdVia tsmcN65/M5_M4/layout as STRUCTURE M5_M4_CDNS_7585789065628.
INFO (XSTRM-223): 30. Translating stdVia tsmcN65/M2_M1/layout as STRUCTURE M2_M1_CDNS_7585789065629.
INFO (XSTRM-223): 31. Translating stdVia tsmcN65/M3_M2/layout as STRUCTURE M3_M2_CDNS_7585789065630.
INFO (XSTRM-223): 32. Translating stdVia tsmcN65/M3_M2/layout as STRUCTURE M3_M2_CDNS_7585789065631.
INFO (XSTRM-223): 33. Translating stdVia tsmcN65/M2_M1/layout as STRUCTURE M2_M1_CDNS_7585789065632.
INFO (XSTRM-223): 34. Translating stdVia tsmcN65/M3_M2/layout as STRUCTURE M3_M2_CDNS_7585789065633.
INFO (XSTRM-223): 35. Translating stdVia tsmcN65/M2_M1/layout as STRUCTURE M2_M1_CDNS_7585789065634.
INFO (XSTRM-223): 36. Translating stdVia tsmcN65/M3_M2/layout as STRUCTURE M3_M2_CDNS_7585789065635.
INFO (XSTRM-223): 37. Translating stdVia tsmcN65/M4_M3/layout as STRUCTURE M4_M3_CDNS_7585789065636.
INFO (XSTRM-223): 38. Translating stdVia tsmcN65/M5_M4/layout as STRUCTURE M5_M4_CDNS_7585789065637.
INFO (XSTRM-223): 39. Translating stdVia tsmcN65/M5_M4/layout as STRUCTURE M5_M4_CDNS_7585789065638.
INFO (XSTRM-223): 40. Translating stdVia tsmcN65/M4_M3/layout as STRUCTURE M4_M3_CDNS_7585789065639.
INFO (XSTRM-223): 41. Translating stdVia tsmcN65/M3_M2/layout as STRUCTURE M3_M2_CDNS_7585789065640.
INFO (XSTRM-223): 42. Translating stdVia tsmcN65/M3_M2/layout as STRUCTURE M3_M2_CDNS_7585789065641.
INFO (XSTRM-223): 43. Translating stdVia tsmcN65/M3_M2/layout as STRUCTURE M3_M2_CDNS_7585789065642.
INFO (XSTRM-223): 44. Translating stdVia tsmcN65/M4_M3/layout as STRUCTURE M4_M3_CDNS_7585789065643.
INFO (XSTRM-223): 45. Translating stdVia tsmcN65/M3_M2/layout as STRUCTURE M3_M2_CDNS_7585789065644.
INFO (XSTRM-223): 46. Translating stdVia tsmcN65/M2_M1/layout as STRUCTURE M2_M1_CDNS_7585789065645.
INFO (XSTRM-223): 47. Translating stdVia tsmcN65/M3_M2/layout as STRUCTURE M3_M2_CDNS_7585789065646.
INFO (XSTRM-223): 48. Translating stdVia tsmcN65/M5_M4/layout as STRUCTURE M5_M4_CDNS_7585789065647.
INFO (XSTRM-223): 49. Translating stdVia tsmcN65/M4_M3/layout as STRUCTURE M4_M3_CDNS_7585789065648.
INFO (XSTRM-223): 50. Translating stdVia tsmcN65/M4_M3/layout as STRUCTURE M4_M3_CDNS_7585789065649.
INFO (XSTRM-223): 51. Translating stdVia tsmcN65/M4_M3/layout as STRUCTURE M4_M3_CDNS_7585789065650.
INFO (XSTRM-223): 52. Translating stdVia tsmcN65/M4_M3/layout as STRUCTURE M4_M3_CDNS_7585789065651.
INFO (XSTRM-223): 53. Translating stdVia tsmcN65/M5_M4/layout as STRUCTURE M5_M4_CDNS_7585789065652.
INFO (XSTRM-223): 54. Translating stdVia tsmcN65/M4_M3/layout as STRUCTURE M4_M3_CDNS_7585789065653.
INFO (XSTRM-223): 55. Translating stdVia tsmcN65/M5_M4/layout as STRUCTURE M5_M4_CDNS_7585789065654.
INFO (XSTRM-223): 56. Translating stdVia tsmcN65/M3_M2/layout as STRUCTURE M3_M2_CDNS_7585789065655.
INFO (XSTRM-223): 57. Translating stdVia tsmcN65/M4_M3/layout as STRUCTURE M4_M3_CDNS_7585789065656.
INFO (XSTRM-223): 58. Translating stdVia tsmcN65/M5_M4/layout as STRUCTURE M5_M4_CDNS_7585789065657.
INFO (XSTRM-223): 59. Translating stdVia tsmcN65/M4_M3/layout as STRUCTURE M4_M3_CDNS_7585789065658.
INFO (XSTRM-223): 60. Translating stdVia tsmcN65/M3_M2/layout as STRUCTURE M3_M2_CDNS_7585789065659.
INFO (XSTRM-223): 61. Translating stdVia tsmcN65/M4_M3/layout as STRUCTURE M4_M3_CDNS_7585789065660.
INFO (XSTRM-223): 62. Translating stdVia tsmcN65/M5_M4/layout as STRUCTURE M5_M4_CDNS_7585789065661.
INFO (XSTRM-223): 63. Translating stdVia tsmcN65/M4_M3/layout as STRUCTURE M4_M3_CDNS_7585789065662.
INFO (XSTRM-223): 64. Translating stdVia tsmcN65/M3_M2/layout as STRUCTURE M3_M2_CDNS_7585789065663.
INFO (XSTRM-223): 65. Translating stdVia tsmcN65/M4_M3/layout as STRUCTURE M4_M3_CDNS_7585789065664.
INFO (XSTRM-223): 66. Translating stdVia tsmcN65/M5_M4/layout as STRUCTURE M5_M4_CDNS_7585789065665.
INFO (XSTRM-223): 67. Translating stdVia tsmcN65/M4_M3/layout as STRUCTURE M4_M3_CDNS_7585789065666.
INFO (XSTRM-223): 68. Translating stdVia tsmcN65/M3_M2/layout as STRUCTURE M3_M2_CDNS_7585789065667.
INFO (XSTRM-223): 69. Translating stdVia tsmcN65/M3_M2/layout as STRUCTURE M3_M2_CDNS_7585789065668.
INFO (XSTRM-223): 70. Translating stdVia tsmcN65/M3_M2/layout as STRUCTURE M3_M2_CDNS_7585789065669.
INFO (XSTRM-223): 71. Translating stdVia tsmcN65/M4_M3/layout as STRUCTURE M4_M3_CDNS_7585789065670.
INFO (XSTRM-223): 72. Translating stdVia tsmcN65/M3_M2/layout as STRUCTURE M3_M2_CDNS_7585789065671.
INFO (XSTRM-223): 73. Translating stdVia tsmcN65/M3_M2/layout as STRUCTURE M3_M2_CDNS_7585789065672.
INFO (XSTRM-223): 74. Translating stdVia tsmcN65/M3_M2/layout as STRUCTURE M3_M2_CDNS_7585789065673.
INFO (XSTRM-223): 75. Translating stdVia tsmcN65/M1_PO/layout as STRUCTURE M1_PO_CDNS_7585789065674.
INFO (XSTRM-223): 76. Translating stdVia tsmcN65/M1_PO/layout as STRUCTURE M1_PO_CDNS_7585789065675.
INFO (XSTRM-223): 77. Translating stdVia tsmcN65/M1_PO/layout as STRUCTURE M1_PO_CDNS_7585789065676.
INFO (XSTRM-223): 78. Translating stdVia tsmcN65/M2_M1/layout as STRUCTURE M2_M1_CDNS_7585789065677.
INFO (XSTRM-223): 79. Translating stdVia tsmcN65/M2_M1/layout as STRUCTURE M2_M1_CDNS_7585789065678.
INFO (XSTRM-223): 80. Translating stdVia tsmcN65/M3_M2/layout as STRUCTURE M3_M2_CDNS_7585789065679.
INFO (XSTRM-223): 81. Translating stdVia tsmcN65/M3_M2/layout as STRUCTURE M3_M2_CDNS_7585789065680.
INFO (XSTRM-223): 82. Translating stdVia tsmcN65/M1_PO/layout as STRUCTURE M1_PO_CDNS_7585789065681.
INFO (XSTRM-223): 83. Translating stdVia tsmcN65/M2_M1/layout as STRUCTURE M2_M1_CDNS_7585789065682.
INFO (XSTRM-223): 84. Translating stdVia tsmcN65/M1_OD/layout as STRUCTURE M1_OD_CDNS_7585789065683.
INFO (XSTRM-223): 85. Translating stdVia tsmcN65/M8_M7/layout as STRUCTURE M8_M7_CDNS_7585789065684.
INFO (XSTRM-223): 86. Translating stdVia tsmcN65/M3_M2/layout as STRUCTURE M3_M2_CDNS_7585789065685.
INFO (XSTRM-223): 87. Translating stdVia tsmcN65/M1_PO/layout as STRUCTURE M1_PO_CDNS_7585789065686.
INFO (XSTRM-223): 88. Translating cellView tsmcN65/nch_25_macx/layout as STRUCTURE nch_25_macx_CDNS_758578906560.
INFO (XSTRM-223): 89. Translating cellView tsmcN65/nch_25_macx/layout as STRUCTURE nch_25_macx_CDNS_758578906561.
INFO (XSTRM-223): 90. Translating cellView tsmcN65/nch_25_macx/layout as STRUCTURE nch_25_macx_CDNS_758578906562.
INFO (XSTRM-223): 91. Translating cellView tsmcN65/pch_25_macx/layout as STRUCTURE pch_25_macx_CDNS_758578906563.
INFO (XSTRM-223): 92. Translating cellView tsmcN65/pch_25_macx/layout as STRUCTURE pch_25_macx_CDNS_758578906564.
INFO (XSTRM-223): 93. Translating cellView tsmcN65/pch_25_macx/layout as STRUCTURE pch_25_macx_CDNS_758578906565.
INFO (XSTRM-223): 94. Translating cellView tsmcN65/pch_25_mac/layout as STRUCTURE pch_25_mac_CDNS_758578906566.
INFO (XSTRM-223): 95. Translating cellView tsmcN65/rppolywo/layout as STRUCTURE rppolywo_CDNS_758578906567.
INFO (XSTRM-223): 96. Translating cellView tsmcN65/nch_25x/layout as STRUCTURE nch_25x_CDNS_758578906568.
INFO (XSTRM-223): 97. Translating cellView tsmcN65/nch_25_macx/layout as STRUCTURE nch_25_macx_CDNS_758578906569.
INFO (XSTRM-223): 98. Translating cellView tsmcN65/pch_25_macx/layout as STRUCTURE pch_25_macx_CDNS_7585789065610.
INFO (XSTRM-223): 99. Translating cellView tsmcN65/pch_25_macx/layout as STRUCTURE pch_25_macx_CDNS_7585789065611.
INFO (XSTRM-223): 100. Translating cellView tsmcN65/rnpolywo/layout as STRUCTURE rnpolywo_CDNS_7585789065612.
INFO (XSTRM-223): 101. Translating cellView tsmcN65/rnpolywo/layout as STRUCTURE rnpolywo_CDNS_7585789065613.
INFO (XSTRM-223): 102. Translating cellView tsmcN65/nch_25_macx/layout as STRUCTURE nch_25_macx_CDNS_7585789065614.
INFO (XSTRM-223): 103. Translating cellView tsmcN65/nch_25_macx/layout as STRUCTURE nch_25_macx_CDNS_7585789065615.
INFO (XSTRM-223): 104. Translating cellView tsmcN65/nch_25_macx/layout as STRUCTURE nch_25_macx_CDNS_7585789065616.
INFO (XSTRM-223): 105. Translating cellView tsmcN65/nch_25_macx/layout as STRUCTURE nch_25_macx_CDNS_7585789065617.
INFO (XSTRM-223): 106. Translating cellView tsmcN65/mimcap/layout as STRUCTURE mimcap_CDNS_7585789065618.
INFO (XSTRM-223): 107. Translating cellView tsmcN65/rnpolywo/layout as STRUCTURE rnpolywo_CDNS_7585789065619.
INFO (XSTRM-223): 108. Translating cellView tsmcN65/rnpolywo/layout as STRUCTURE rnpolywo_CDNS_7585789065620.
INFO (XSTRM-223): 109. Translating cellView tsmcN65/rnpolywo/layout as STRUCTURE rnpolywo_CDNS_7585789065621.
INFO (XSTRM-223): 110. Translating cellView tsmcN65/nch_25_macx/layout as STRUCTURE nch_25_macx_CDNS_7585789065622.
INFO (XSTRM-223): 111. Translating cellView tsmcN65/nch_25_macx/layout as STRUCTURE nch_25_macx_CDNS_7585789065623.
INFO (XSTRM-223): 112. Translating cellView tsmcN65/pch_25_macx/layout as STRUCTURE pch_25_macx_CDNS_7585789065624.
INFO (XSTRM-223): 113. Translating cellView tsmcN65/pch_25_macx/layout as STRUCTURE pch_25_macx_CDNS_7585789065625.
INFO (XSTRM-223): 114. Translating cellView tsmcN65/pch_25_macx/layout as STRUCTURE pch_25_macx_CDNS_7585789065626.
INFO (XSTRM-223): 115. Translating stdVia tsmcN65/M1_OD/layout as STRUCTURE M1_OD_CDNS_7585789065687.
INFO (XSTRM-223): 116. Translating cellView tsmcN65/nch_25_macx/layout as STRUCTURE nch_25_macx_CDNS_7585789065627.
INFO (XSTRM-223): 117. Translating cellView tsmcN65/pch_25_macx/layout as STRUCTURE pch_25_macx_CDNS_7585789065628.
INFO (XSTRM-223): 118. Translating cellView potentiostat_final/INVX1/layout as STRUCTURE INVX1.
INFO (XSTRM-180): You have not used the objectMap option. The design has instance(s) of at least one of following OpenAccess objects: oaBlockage, oaBoundary, oaRow, and oaMarker. Any information about these objects will not be translated into the generated stream file. Use the objectMap option to translate/preserve these objects using XStream. For details on the objectMap option, refer to the "Design Data Translator's Reference" guide for XStream.
INFO (XSTRM-223): 119. Translating cellView tsmcN65/rnpolywo/layout as STRUCTURE rnpolywo_CDNS_7585789065629.
INFO (XSTRM-223): 120. Translating cellView potentiostat_final/BiasGenCascWideSwing/layout as STRUCTURE BiasGenCascWideSwing.
INFO (XSTRM-236): A path with a rounded extension, an acute angle or a length segment less than half width is encountered at (37340, 28885). This path will be written as a boundary record in the GDS file.
INFO (XSTRM-223): 121. Translating stdVia tsmcN65/M4_M3/layout as STRUCTURE M4_M3_CDNS_7585789065688.
INFO (XSTRM-223): 122. Translating stdVia tsmcN65/M5_M4/layout as STRUCTURE M5_M4_CDNS_7585789065689.
INFO (XSTRM-223): 123. Translating stdVia tsmcN65/M6_M5/layout as STRUCTURE M6_M5_CDNS_7585789065690.
INFO (XSTRM-223): 124. Translating stdVia tsmcN65/M7_M6/layout as STRUCTURE M7_M6_CDNS_7585789065691.
INFO (XSTRM-223): 125. Translating stdVia tsmcN65/M8_M7/layout as STRUCTURE M8_M7_CDNS_7585789065692.
INFO (XSTRM-223): 126. Translating stdVia tsmcN65/M7_M6/layout as STRUCTURE M7_M6_CDNS_7585789065693.
INFO (XSTRM-223): 127. Translating stdVia tsmcN65/M6_M5/layout as STRUCTURE M6_M5_CDNS_7585789065694.
INFO (XSTRM-223): 128. Translating stdVia tsmcN65/M5_M4/layout as STRUCTURE M5_M4_CDNS_7585789065695.
INFO (XSTRM-223): 129. Translating stdVia tsmcN65/M4_M3/layout as STRUCTURE M4_M3_CDNS_7585789065696.
INFO (XSTRM-223): 130. Translating stdVia tsmcN65/M3_M2/layout as STRUCTURE M3_M2_CDNS_7585789065697.
INFO (XSTRM-223): 131. Translating stdVia tsmcN65/M2_M1/layout as STRUCTURE M2_M1_CDNS_7585789065698.
INFO (XSTRM-223): 132. Translating stdVia tsmcN65/M1_OD/layout as STRUCTURE M1_OD_CDNS_7585789065699.
INFO (XSTRM-223): 133. Translating cellView tsmcN65/rppolywo/layout as STRUCTURE rppolywo_CDNS_7585789065630.
INFO (XSTRM-223): 134. Translating cellView potentiostat_final/R2R14/layout as STRUCTURE R2R14.
INFO (XSTRM-223): 135. Translating cellView tsmcN65/mimcap/layout as STRUCTURE mimcap_CDNS_7585789065631.
INFO (XSTRM-223): 136. Translating cellView tsmcN65/pch_25_macx/layout as STRUCTURE pch_25_macx_CDNS_7585789065632.
INFO (XSTRM-223): 137. Translating cellView tsmcN65/pch_25_macx/layout as STRUCTURE pch_25_macx_CDNS_7585789065633.
INFO (XSTRM-223): 138. Translating cellView tsmcN65/nch_25_macx/layout as STRUCTURE nch_25_macx_CDNS_7585789065634.
INFO (XSTRM-223): 139. Translating cellView potentiostat_final/AND2X8/layout as STRUCTURE AND2X8.
INFO (XSTRM-223): 140. Translating cellView potentiostat_final/Dac2V5R2R14/layout as STRUCTURE Dac2V5R2R14.
INFO (XSTRM-223): 141. Translating stdVia tsmcN65/M1_OD/layout as STRUCTURE M1_OD_CDNS_75857890656100.
INFO (XSTRM-223): 142. Translating cellView tsmcN65/nch_25_macx/layout as STRUCTURE nch_25_macx_CDNS_7585789065635.
INFO (XSTRM-223): 143. Translating cellView tsmcN65/pch_25_macx/layout as STRUCTURE pch_25_macx_CDNS_7585789065636.
INFO (XSTRM-223): 144. Translating cellView tsmcN65/pch_25_macx/layout as STRUCTURE pch_25_macx_CDNS_7585789065637.
INFO (XSTRM-223): 145. Translating cellView tsmcN65/nch_25_macx/layout as STRUCTURE nch_25_macx_CDNS_7585789065638.
INFO (XSTRM-223): 146. Translating cellView potentiostat_final/TGN16A/layout as STRUCTURE TGN16A.
INFO (XSTRM-223): 147. Translating stdVia tsmcN65/M1_OD/layout as STRUCTURE M1_OD_CDNS_75857890656101.
INFO (XSTRM-223): 148. Translating stdVia tsmcN65/M1_PO/layout as STRUCTURE M1_PO_CDNS_75857890656102.
INFO (XSTRM-223): 149. Translating stdVia tsmcN65/M2_M1/layout as STRUCTURE M2_M1_CDNS_75857890656103.
INFO (XSTRM-223): 150. Translating cellView tsmcN65/nch_25x/layout as STRUCTURE nch_25x_CDNS_7585789065639.
INFO (XSTRM-223): 151. Translating cellView tsmcN65/nch_25x/layout as STRUCTURE nch_25x_CDNS_7585789065640.
INFO (XSTRM-223): 152. Translating cellView tsmcN65/nch_25x/layout as STRUCTURE nch_25x_CDNS_7585789065641.
INFO (XSTRM-223): 153. Translating cellView tsmcN65/nch_25x/layout as STRUCTURE nch_25x_CDNS_7585789065642.
INFO (XSTRM-223): 154. Translating cellView tsmcN65/pch_25x/layout as STRUCTURE pch_25x_CDNS_7585789065643.
INFO (XSTRM-223): 155. Translating cellView tsmcN65/pch_25x/layout as STRUCTURE pch_25x_CDNS_7585789065644.
INFO (XSTRM-223): 156. Translating cellView tsmcN65/pch_25x/layout as STRUCTURE pch_25x_CDNS_7585789065645.
INFO (XSTRM-223): 157. Translating cellView tsmcN65/pch_25x/layout as STRUCTURE pch_25x_CDNS_7585789065646.
INFO (XSTRM-223): 158. Translating cellView tsmcN65/nch_25x/layout as STRUCTURE nch_25x_CDNS_7585789065647.
INFO (XSTRM-223): 159. Translating cellView tsmcN65/pch_25x/layout as STRUCTURE pch_25x_CDNS_7585789065648.
INFO (XSTRM-223): 160. Translating cellView potentiostat_final/MUX2A/layout as STRUCTURE MUX2A.
INFO (XSTRM-223): 161. Translating stdVia tsmcN65/M2_M1/layout as STRUCTURE M2_M1_CDNS_75857890656104.
INFO (XSTRM-223): 162. Translating stdVia tsmcN65/M2_M1/layout as STRUCTURE M2_M1_CDNS_75857890656105.
INFO (XSTRM-223): 163. Translating stdVia tsmcN65/M3_M2/layout as STRUCTURE M3_M2_CDNS_75857890656106.
INFO (XSTRM-223): 164. Translating stdVia tsmcN65/M2_M1/layout as STRUCTURE M2_M1_CDNS_75857890656107.
INFO (XSTRM-223): 165. Translating stdVia tsmcN65/M1_OD/layout as STRUCTURE M1_OD_CDNS_75857890656108.
INFO (XSTRM-223): 166. Translating stdVia tsmcN65/M1_OD/layout as STRUCTURE M1_OD_CDNS_75857890656109.
INFO (XSTRM-223): 167. Translating cellView tsmcN65/pch_25_mac/layout as STRUCTURE pch_25_mac_CDNS_7585789065649.
INFO (XSTRM-223): 168. Translating cellView tsmcN65/nch_25_macx/layout as STRUCTURE nch_25_macx_CDNS_7585789065650.
INFO (XSTRM-223): 169. Translating cellView tsmcN65/pch_25_mac/layout as STRUCTURE pch_25_mac_CDNS_7585789065651.
INFO (XSTRM-223): 170. Translating cellView tsmcN65/rppolywo/layout as STRUCTURE rppolywo_CDNS_7585789065652.
INFO (XSTRM-223): 171. Translating cellView tsmcN65/pch_25_mac/layout as STRUCTURE pch_25_mac_CDNS_7585789065653.
INFO (XSTRM-223): 172. Translating cellView tsmcN65/nch_25x/layout as STRUCTURE nch_25x_CDNS_7585789065654.
INFO (XSTRM-223): 173. Translating cellView tsmcN65/pch_25_macx/layout as STRUCTURE pch_25_macx_CDNS_7585789065655.
INFO (XSTRM-223): 174. Translating cellView tsmcN65/nch_25x/layout as STRUCTURE nch_25x_CDNS_7585789065656.
INFO (XSTRM-223): 175. Translating cellView tsmcN65/nch_25_macx/layout as STRUCTURE nch_25_macx_CDNS_7585789065657.
INFO (XSTRM-223): 176. Translating cellView tsmcN65/pch_25_mac/layout as STRUCTURE pch_25_mac_CDNS_7585789065658.
INFO (XSTRM-223): 177. Translating cellView tsmcN65/pch_25_mac/layout as STRUCTURE pch_25_mac_CDNS_7585789065659.
INFO (XSTRM-223): 178. Translating cellView potentiostat_final/DacPowerSupply/layout as STRUCTURE DacPowerSupply.
INFO (XSTRM-223): 179. Translating cellView tsmcN65/mimcap/layout as STRUCTURE mimcap_CDNS_7585789065660.
INFO (XSTRM-223): 180. Translating stdVia tsmcN65/M3_M2/layout as STRUCTURE M3_M2_CDNS_75857890656110.
INFO (XSTRM-223): 181. Translating stdVia tsmcN65/M2_M1/layout as STRUCTURE M2_M1_CDNS_75857890656111.
INFO (XSTRM-223): 182. Translating stdVia tsmcN65/M2_M1/layout as STRUCTURE M2_M1_CDNS_75857890656112.
INFO (XSTRM-223): 183. Translating stdVia tsmcN65/M2_M1/layout as STRUCTURE M2_M1_CDNS_75857890656113.
INFO (XSTRM-223): 184. Translating stdVia tsmcN65/M2_M1/layout as STRUCTURE M2_M1_CDNS_75857890656114.
INFO (XSTRM-223): 185. Translating stdVia tsmcN65/M1_OD/layout as STRUCTURE M1_OD_CDNS_75857890656115.
INFO (XSTRM-223): 186. Translating cellView tsmcN65/nch/layout as STRUCTURE nch_CDNS_7585789065661.
INFO (XSTRM-223): 187. Translating cellView tsmcN65/pch/layout as STRUCTURE pch_CDNS_7585789065662.
INFO (XSTRM-223): 188. Translating cellView tsmcN65/nch/layout as STRUCTURE nch_CDNS_7585789065663.
INFO (XSTRM-223): 189. Translating cellView tsmcN65/pch/layout as STRUCTURE pch_CDNS_7585789065664.
INFO (XSTRM-223): 190. Translating cellView tsmcN65/nch_25/layout as STRUCTURE nch_25_CDNS_7585789065665.
INFO (XSTRM-223): 191. Translating cellView tsmcN65/pch_25/layout as STRUCTURE pch_25_CDNS_7585789065666.
INFO (XSTRM-223): 192. Translating cellView potentiostat_final/LVLD10A25PP/layout as STRUCTURE LVLD10A25PP.
INFO (XSTRM-223): 193. Translating cellView potentiostat_final/LVLD10A25PP6/layout as STRUCTURE LVLD10A25PP6.
INFO (XSTRM-223): 194. Translating cellView potentiostat_final/LVLD10A25PP14/layout as STRUCTURE LVLD10A25PP14.
INFO (XSTRM-223): 195. Translating cellView potentiostat_final/TGP16A/layout as STRUCTURE TGP16A.
INFO (XSTRM-223): 196. Translating stdVia tsmcN65/M3_M2/layout as STRUCTURE M3_M2_CDNS_75857890656116.
INFO (XSTRM-223): 197. Translating stdVia tsmcN65/M2_M1/layout as STRUCTURE M2_M1_CDNS_75857890656117.
INFO (XSTRM-223): 198. Translating stdVia tsmcN65/M2_M1/layout as STRUCTURE M2_M1_CDNS_75857890656118.
INFO (XSTRM-223): 199. Translating stdVia tsmcN65/M2_M1/layout as STRUCTURE M2_M1_CDNS_75857890656119.
INFO (XSTRM-223): 200. Translating stdVia tsmcN65/M8_M7/layout as STRUCTURE M8_M7_CDNS_75857890656120.
INFO (XSTRM-223): 201. Translating cellView tsmcN65/pch_25_mac/layout as STRUCTURE pch_25_mac_CDNS_7585789065667.
INFO (XSTRM-223): 202. Translating cellView tsmcN65/pch_25_mac/layout as STRUCTURE pch_25_mac_CDNS_7585789065668.
INFO (XSTRM-223): 203. Translating cellView tsmcN65/pch_25_mac/layout as STRUCTURE pch_25_mac_CDNS_7585789065669.
INFO (XSTRM-223): 204. Translating cellView tsmcN65/pch_25_mac/layout as STRUCTURE pch_25_mac_CDNS_7585789065670.
INFO (XSTRM-223): 205. Translating cellView tsmcN65/pch_25_macx/layout as STRUCTURE pch_25_macx_CDNS_7585789065671.
INFO (XSTRM-223): 206. Translating cellView tsmcN65/nch_25_macx/layout as STRUCTURE nch_25_macx_CDNS_7585789065672.
INFO (XSTRM-223): 207. Translating cellView tsmcN65/nch_25_macx/layout as STRUCTURE nch_25_macx_CDNS_7585789065673.
INFO (XSTRM-223): 208. Translating cellView tsmcN65/mimcap/layout as STRUCTURE mimcap_CDNS_7585789065674.
INFO (XSTRM-223): 209. Translating stdVia tsmcN65/M1_PO/layout as STRUCTURE M1_PO_CDNS_75857890656121.
INFO (XSTRM-223): 210. Translating stdVia tsmcN65/M1_OD/layout as STRUCTURE M1_OD_CDNS_75857890656122.
INFO (XSTRM-223): 211. Translating cellView tsmcN65/nch_25_macx/layout as STRUCTURE nch_25_macx_CDNS_7585789065675.
INFO (XSTRM-223): 212. Translating cellView tsmcN65/pch_25_macx/layout as STRUCTURE pch_25_macx_CDNS_7585789065676.
INFO (XSTRM-223): 213. Translating cellView potentiostat_final/TGP2A/layout as STRUCTURE TGP2A.
INFO (XSTRM-223): 214. Translating cellView potentiostat_final/BiasSwitchCascode/layout as STRUCTURE BiasSwitchCascode.
INFO (XSTRM-223): 215. Translating cellView tsmcN65/nch_25_macx/layout as STRUCTURE nch_25_macx_CDNS_7585789065677.
INFO (XSTRM-223): 216. Translating cellView tsmcN65/nch_25_macx/layout as STRUCTURE nch_25_macx_CDNS_7585789065678.
INFO (XSTRM-223): 217. Translating cellView tsmcN65/nch_25_macx/layout as STRUCTURE nch_25_macx_CDNS_7585789065679.
INFO (XSTRM-223): 218. Translating cellView tsmcN65/nch_25_macx/layout as STRUCTURE nch_25_macx_CDNS_7585789065680.
INFO (XSTRM-223): 219. Translating cellView tsmcN65/nch_25_macx/layout as STRUCTURE nch_25_macx_CDNS_7585789065681.
INFO (XSTRM-223): 220. Translating cellView tsmcN65/nch_25_macx/layout as STRUCTURE nch_25_macx_CDNS_7585789065682.
INFO (XSTRM-223): 221. Translating cellView tsmcN65/pch_25_macx/layout as STRUCTURE pch_25_macx_CDNS_7585789065683.
INFO (XSTRM-223): 222. Translating cellView tsmcN65/pch_25_macx/layout as STRUCTURE pch_25_macx_CDNS_7585789065684.
INFO (XSTRM-223): 223. Translating cellView tsmcN65/pch_25_macx/layout as STRUCTURE pch_25_macx_CDNS_7585789065685.
INFO (XSTRM-223): 224. Translating cellView tsmcN65/pch_25_macx/layout as STRUCTURE pch_25_macx_CDNS_7585789065686.
INFO (XSTRM-223): 225. Translating cellView tsmcN65/pch_25_macx/layout as STRUCTURE pch_25_macx_CDNS_7585789065687.
INFO (XSTRM-223): 226. Translating cellView tsmcN65/pch_25_macx/layout as STRUCTURE pch_25_macx_CDNS_7585789065688.
INFO (XSTRM-223): 227. Translating cellView tsmcN65/nch_25_macx/layout as STRUCTURE nch_25_macx_CDNS_7585789065689.
INFO (XSTRM-223): 228. Translating cellView tsmcN65/nch_25_macx/layout as STRUCTURE nch_25_macx_CDNS_7585789065690.
INFO (XSTRM-223): 229. Translating cellView tsmcN65/nch_25_macx/layout as STRUCTURE nch_25_macx_CDNS_7585789065691.
INFO (XSTRM-223): 230. Translating cellView tsmcN65/nch_25_macx/layout as STRUCTURE nch_25_macx_CDNS_7585789065692.
INFO (XSTRM-223): 231. Translating cellView potentiostat_final/OpAmpCurrentMirrorP/layout as STRUCTURE OpAmpCurrentMirrorP.
INFO (XSTRM-223): 232. Translating cellView potentiostat_final/BiasGenCascWideSwingGlobal/layout as STRUCTURE BiasGenCascWideSwingGlobal.

Summary of Objects Translated:
	Scalar Instances:                       340
	Array Instances:                        0
	Polygons:                               12
	Paths:                                  70
	Rectangles:                             19456
	Lines:                                  0
	Arcs:                                   0
	Donuts:                                 0
	Dots:                                   0
	Ellipses:                               0
	Boundaries:                             0
	Area Blockages:                         0
	Layer Blockages:                        0
	Area Halos:                             0
	Markers:                                0
	Rows:                                   0
	Standard Vias                           1567
	Custom Vias:                            0
	CdsGen Vias:                            0
	Pathsegs:                               1593
	Text:                                   1034
	TextDisplay:                            0
	Cells:                                  232

Elapsed Time: 0.4s   User Time: 0.4s   CPU Time: 0.0s   Peak VM: 103948KB
INFO (XSTRM-234): Translation completed. '0' error(s) and '0' warning(s) found.
