********************************************************************************
Product   : Virtuoso(R) XStream Out
Program   : @(#)$CDS: strmout version 6.1.8-64b 11/10/2020 19:36 (cpgsrv13) $
          : sub-version  IC6.1.8-64b.500.15 
Started at: 23-Feb-2022  23:37:08
User Name : smurray5
Host Name : atlas
Directory : /home/smurray5/chips/washakie/ic
CADENCE Design Systems, Inc.
********************************************************************************
Info: Cellview Rev Num:99,  Tech Rev Num:59

INFO (XSTRM-217): Reading the layer map file, /opt/design_kits/TSMC65-PDK/tsmcN65/tsmcN65.layermap
INFO (XSTRM-162): You have not used the viaMap option. If the OpenAccess design has native oaVia instances, use the -viaMap option for preserving oaVia instances in a Stream Out - Stream In round trip. Using the -viaMap option improves performance and VM usage of applications using the Streamed-In design.  For details on the viaMap option, refer to the "Design Data Translator's Reference" guide for XStream.

Summary of Options :
library                                 washakie
strmFile                                ./pvs/washakie/OpAmpCurrentMirrorP/washakie.OpAmpCurrentMirrorP.gds
topCell                                 OpAmpCurrentMirrorP
view                                    layout
logFile                                 ./strmout/washakie.OpAmpCurrentMirrorP.strmout.log
techLib                                 tsmcN65
layerMap                                /opt/design_kits/TSMC65-PDK/tsmcN65/tsmcN65.layermap
case                                    Preserve
convertDot                              node
convertPin                              geometryAndText
noWarn                                  20 32 33 35 315

INFO (XSTRM-223): 1. Translating stdVia tsmcN65/M1_PO/layout as STRUCTURE M1_PO_CDNS_645681028670.
INFO (XSTRM-223): 2. Translating stdVia tsmcN65/M1_PO/layout as STRUCTURE M1_PO_CDNS_645681028671.
INFO (XSTRM-223): 3. Translating stdVia tsmcN65/M2_M1/layout as STRUCTURE M2_M1_CDNS_645681028672.
INFO (XSTRM-223): 4. Translating stdVia tsmcN65/M2_M1/layout as STRUCTURE M2_M1_CDNS_645681028673.
INFO (XSTRM-223): 5. Translating stdVia tsmcN65/M1_OD/layout as STRUCTURE M1_OD_CDNS_645681028674.
INFO (XSTRM-223): 6. Translating stdVia tsmcN65/M3_M2/layout as STRUCTURE M3_M2_CDNS_645681028675.
INFO (XSTRM-223): 7. Translating stdVia tsmcN65/M3_M2/layout as STRUCTURE M3_M2_CDNS_645681028676.
INFO (XSTRM-223): 8. Translating stdVia tsmcN65/M3_M2/layout as STRUCTURE M3_M2_CDNS_645681028677.
INFO (XSTRM-223): 9. Translating stdVia tsmcN65/M2_M1/layout as STRUCTURE M2_M1_CDNS_645681028678.
INFO (XSTRM-223): 10. Translating stdVia tsmcN65/M2_M1/layout as STRUCTURE M2_M1_CDNS_645681028679.
INFO (XSTRM-223): 11. Translating stdVia tsmcN65/M2_M1/layout as STRUCTURE M2_M1_CDNS_6456810286710.
INFO (XSTRM-223): 12. Translating stdVia tsmcN65/M2_M1/layout as STRUCTURE M2_M1_CDNS_6456810286711.
INFO (XSTRM-223): 13. Translating stdVia tsmcN65/M6_M5/layout as STRUCTURE M6_M5_CDNS_6456810286712.
INFO (XSTRM-223): 14. Translating stdVia tsmcN65/M5_M4/layout as STRUCTURE M5_M4_CDNS_6456810286713.
INFO (XSTRM-223): 15. Translating stdVia tsmcN65/M4_M3/layout as STRUCTURE M4_M3_CDNS_6456810286714.
INFO (XSTRM-223): 16. Translating stdVia tsmcN65/M3_M2/layout as STRUCTURE M3_M2_CDNS_6456810286715.
INFO (XSTRM-223): 17. Translating stdVia tsmcN65/M7_M6/layout as STRUCTURE M7_M6_CDNS_6456810286716.
INFO (XSTRM-223): 18. Translating stdVia tsmcN65/M8_M7/layout as STRUCTURE M8_M7_CDNS_6456810286717.
INFO (XSTRM-223): 19. Translating cellView tsmcN65/pch_25_mac/layout as STRUCTURE pch_25_mac_CDNS_645681028670.
INFO (XSTRM-223): 20. Translating cellView tsmcN65/pch_25_mac/layout as STRUCTURE pch_25_mac_CDNS_645681028671.
INFO (XSTRM-223): 21. Translating cellView tsmcN65/pch_25_mac/layout as STRUCTURE pch_25_mac_CDNS_645681028672.
INFO (XSTRM-223): 22. Translating cellView tsmcN65/pch_25_mac/layout as STRUCTURE pch_25_mac_CDNS_645681028673.
INFO (XSTRM-223): 23. Translating cellView tsmcN65/pch_25_macx/layout as STRUCTURE pch_25_macx_CDNS_645681028674.
INFO (XSTRM-223): 24. Translating cellView tsmcN65/nch_25_macx/layout as STRUCTURE nch_25_macx_CDNS_645681028675.
INFO (XSTRM-223): 25. Translating cellView tsmcN65/nch_25_macx/layout as STRUCTURE nch_25_macx_CDNS_645681028676.
INFO (XSTRM-223): 26. Translating cellView tsmcN65/mimcap/layout as STRUCTURE mimcap_CDNS_645681028677.
INFO (XSTRM-223): 27. Translating stdVia tsmcN65/M2_M1/layout as STRUCTURE M2_M1_CDNS_6456810286718.
INFO (XSTRM-223): 28. Translating stdVia tsmcN65/M1_PO/layout as STRUCTURE M1_PO_CDNS_6456810286719.
INFO (XSTRM-223): 29. Translating cellView tsmcN65/pch_25_macx/layout as STRUCTURE pch_25_macx_CDNS_645681028678.
INFO (XSTRM-223): 30. Translating stdVia tsmcN65/M1_PO/layout as STRUCTURE M1_PO_CDNS_6456810286720.
INFO (XSTRM-223): 31. Translating stdVia tsmcN65/M1_OD/layout as STRUCTURE M1_OD_CDNS_6456810286721.
INFO (XSTRM-223): 32. Translating cellView tsmcN65/nch_25_macx/layout as STRUCTURE nch_25_macx_CDNS_645681028679.
INFO (XSTRM-223): 33. Translating cellView tsmcN65/pch_25_macx/layout as STRUCTURE pch_25_macx_CDNS_6456810286710.
INFO (XSTRM-223): 34. Translating cellView tsmcN65/nch_25_macx/layout as STRUCTURE nch_25_macx_CDNS_6456810286711.
INFO (XSTRM-223): 35. Translating cellView teewinot/TGP2A/layout as STRUCTURE TGP2A.
INFO (XSTRM-180): You have not used the objectMap option. The design has instance(s) of at least one of following OpenAccess objects: oaBlockage, oaBoundary, oaRow, and oaMarker. Any information about these objects will not be translated into the generated stream file. Use the objectMap option to translate/preserve these objects using XStream. For details on the objectMap option, refer to the "Design Data Translator's Reference" guide for XStream.
INFO (XSTRM-223): 36. Translating cellView tsmcN65/nch_25_macx/layout as STRUCTURE nch_25_macx_CDNS_6456810286712.
INFO (XSTRM-223): 37. Translating cellView tsmcN65/pch_25_macx/layout as STRUCTURE pch_25_macx_CDNS_6456810286713.
INFO (XSTRM-223): 38. Translating cellView teewinot/BiasSwitchCascode/layout as STRUCTURE BiasSwitchCascode.
INFO (XSTRM-223): 39. Translating cellView tsmcN65/nch_25_macx/layout as STRUCTURE nch_25_macx_CDNS_6456810286714.
INFO (XSTRM-223): 40. Translating cellView tsmcN65/nch_25_macx/layout as STRUCTURE nch_25_macx_CDNS_6456810286715.
INFO (XSTRM-223): 41. Translating cellView tsmcN65/nch_25_macx/layout as STRUCTURE nch_25_macx_CDNS_6456810286716.
INFO (XSTRM-223): 42. Translating cellView tsmcN65/nch_25_macx/layout as STRUCTURE nch_25_macx_CDNS_6456810286717.
INFO (XSTRM-223): 43. Translating cellView tsmcN65/nch_25_macx/layout as STRUCTURE nch_25_macx_CDNS_6456810286718.
INFO (XSTRM-223): 44. Translating cellView tsmcN65/nch_25_macx/layout as STRUCTURE nch_25_macx_CDNS_6456810286719.
INFO (XSTRM-223): 45. Translating cellView tsmcN65/pch_25_macx/layout as STRUCTURE pch_25_macx_CDNS_6456810286720.
INFO (XSTRM-223): 46. Translating cellView tsmcN65/pch_25_macx/layout as STRUCTURE pch_25_macx_CDNS_6456810286721.
INFO (XSTRM-223): 47. Translating cellView tsmcN65/pch_25_macx/layout as STRUCTURE pch_25_macx_CDNS_6456810286722.
INFO (XSTRM-223): 48. Translating cellView tsmcN65/pch_25_macx/layout as STRUCTURE pch_25_macx_CDNS_6456810286723.
INFO (XSTRM-223): 49. Translating cellView tsmcN65/pch_25_macx/layout as STRUCTURE pch_25_macx_CDNS_6456810286724.
INFO (XSTRM-223): 50. Translating cellView tsmcN65/pch_25_macx/layout as STRUCTURE pch_25_macx_CDNS_6456810286725.
INFO (XSTRM-223): 51. Translating cellView tsmcN65/nch_25_macx/layout as STRUCTURE nch_25_macx_CDNS_6456810286726.
INFO (XSTRM-223): 52. Translating cellView tsmcN65/nch_25_macx/layout as STRUCTURE nch_25_macx_CDNS_6456810286727.
INFO (XSTRM-223): 53. Translating cellView tsmcN65/nch_25_macx/layout as STRUCTURE nch_25_macx_CDNS_6456810286728.
INFO (XSTRM-223): 54. Translating cellView tsmcN65/nch_25_macx/layout as STRUCTURE nch_25_macx_CDNS_6456810286729.
INFO (XSTRM-223): 55. Translating cellView washakie/OpAmpCurrentMirrorP/layout as STRUCTURE OpAmpCurrentMirrorP.

Summary of Objects Translated:
	Scalar Instances:                       78
	Array Instances:                        0
	Polygons:                               5
	Paths:                                  17
	Rectangles:                             4073
	Lines:                                  0
	Arcs:                                   0
	Donuts:                                 0
	Dots:                                   0
	Ellipses:                               0
	Boundaries:                             0
	Area Blockages:                         0
	Layer Blockages:                        0
	Area Halos:                             0
	Markers:                                0
	Rows:                                   0
	Standard Vias                           160
	Custom Vias:                            0
	CdsGen Vias:                            0
	Pathsegs:                               179
	Text:                                   315
	TextDisplay:                            0
	Cells:                                  55

Elapsed Time: 0.2s   User Time: 0.2s   CPU Time: 0.0s   Peak VM: 101032KB
INFO (XSTRM-234): Translation completed. '0' error(s) and '0' warning(s) found.
