********************************************************************************
Product   : Virtuoso(R) XStream Out
Program   : @(#)$CDS: strmout version 6.1.8-64b 11/10/2020 19:36 (cpgsrv13) $
          : sub-version  IC6.1.8-64b.500.15 
Started at: 01-Mar-2022  08:54:14
User Name : smurray5
Host Name : atlas
Directory : /home/smurray5/chips/washakie/ic
CADENCE Design Systems, Inc.
********************************************************************************
Info: Cellview Rev Num:99,  Tech Rev Num:59

INFO (XSTRM-217): Reading the layer map file, /opt/design_kits/TSMC65-PDK/tsmcN65/tsmcN65.layermap
INFO (XSTRM-162): You have not used the viaMap option. If the OpenAccess design has native oaVia instances, use the -viaMap option for preserving oaVia instances in a Stream Out - Stream In round trip. Using the -viaMap option improves performance and VM usage of applications using the Streamed-In design.  For details on the viaMap option, refer to the "Design Data Translator's Reference" guide for XStream.

Summary of Options :
library                                 washakie
strmFile                                ./pvs/washakie/Dac2BgR2R14Buf/washakie.Dac2BgR2R14Buf.gds
topCell                                 Dac2BgR2R14Buf
view                                    layout
logFile                                 ./strmout/washakie.Dac2BgR2R14Buf.strmout.log
techLib                                 tsmcN65
layerMap                                /opt/design_kits/TSMC65-PDK/tsmcN65/tsmcN65.layermap
case                                    Preserve
convertDot                              node
convertPin                              geometryAndText
noWarn                                  20 32 33 35 315

INFO (XSTRM-223): 1. Translating stdVia tsmcN65/M1_PO/layout as STRUCTURE M1_PO_CDNS_646146454090.
INFO (XSTRM-223): 2. Translating stdVia tsmcN65/M2_M1/layout as STRUCTURE M2_M1_CDNS_646146454091.
INFO (XSTRM-223): 3. Translating stdVia tsmcN65/M2_M1/layout as STRUCTURE M2_M1_CDNS_646146454092.
INFO (XSTRM-223): 4. Translating stdVia tsmcN65/M2_M1/layout as STRUCTURE M2_M1_CDNS_646146454093.
INFO (XSTRM-223): 5. Translating stdVia tsmcN65/M2_M1/layout as STRUCTURE M2_M1_CDNS_646146454094.
INFO (XSTRM-223): 6. Translating stdVia tsmcN65/M3_M2/layout as STRUCTURE M3_M2_CDNS_646146454095.
INFO (XSTRM-223): 7. Translating stdVia tsmcN65/M3_M2/layout as STRUCTURE M3_M2_CDNS_646146454096.
INFO (XSTRM-223): 8. Translating stdVia tsmcN65/M3_M2/layout as STRUCTURE M3_M2_CDNS_646146454097.
INFO (XSTRM-223): 9. Translating stdVia tsmcN65/M2_M1/layout as STRUCTURE M2_M1_CDNS_646146454098.
INFO (XSTRM-223): 10. Translating stdVia tsmcN65/M3_M2/layout as STRUCTURE M3_M2_CDNS_646146454099.
INFO (XSTRM-223): 11. Translating stdVia tsmcN65/M3_M2/layout as STRUCTURE M3_M2_CDNS_6461464540910.
INFO (XSTRM-223): 12. Translating stdVia tsmcN65/M3_M2/layout as STRUCTURE M3_M2_CDNS_6461464540911.
INFO (XSTRM-223): 13. Translating stdVia tsmcN65/M7_M6/layout as STRUCTURE M7_M6_CDNS_6461464540912.
INFO (XSTRM-223): 14. Translating stdVia tsmcN65/M6_M5/layout as STRUCTURE M6_M5_CDNS_6461464540913.
INFO (XSTRM-223): 15. Translating stdVia tsmcN65/M5_M4/layout as STRUCTURE M5_M4_CDNS_6461464540914.
INFO (XSTRM-223): 16. Translating stdVia tsmcN65/M4_M3/layout as STRUCTURE M4_M3_CDNS_6461464540915.
INFO (XSTRM-223): 17. Translating stdVia tsmcN65/M8_M7/layout as STRUCTURE M8_M7_CDNS_6461464540916.
INFO (XSTRM-223): 18. Translating stdVia tsmcN65/M7_M6/layout as STRUCTURE M7_M6_CDNS_6461464540917.
INFO (XSTRM-223): 19. Translating stdVia tsmcN65/M6_M5/layout as STRUCTURE M6_M5_CDNS_6461464540918.
INFO (XSTRM-223): 20. Translating stdVia tsmcN65/M5_M4/layout as STRUCTURE M5_M4_CDNS_6461464540919.
INFO (XSTRM-223): 21. Translating stdVia tsmcN65/M4_M3/layout as STRUCTURE M4_M3_CDNS_6461464540920.
INFO (XSTRM-223): 22. Translating stdVia tsmcN65/M2_M1/layout as STRUCTURE M2_M1_CDNS_6461464540921.
INFO (XSTRM-223): 23. Translating stdVia tsmcN65/M3_M2/layout as STRUCTURE M3_M2_CDNS_6461464540922.
INFO (XSTRM-223): 24. Translating stdVia tsmcN65/M2_M1/layout as STRUCTURE M2_M1_CDNS_6461464540923.
INFO (XSTRM-223): 25. Translating cellView tsmcN65/rppolywo/layout as STRUCTURE rppolywo_CDNS_646146454090.
INFO (XSTRM-223): 26. Translating cellView teewinot/R2R14/layout as STRUCTURE R2R14.
INFO (XSTRM-223): 27. Translating cellView tsmcN65/mimcap/layout as STRUCTURE mimcap_CDNS_646146454091.
INFO (XSTRM-223): 28. Translating stdVia tsmcN65/M1_PO/layout as STRUCTURE M1_PO_CDNS_6461464540924.
INFO (XSTRM-223): 29. Translating stdVia tsmcN65/M1_PO/layout as STRUCTURE M1_PO_CDNS_6461464540925.
INFO (XSTRM-223): 30. Translating stdVia tsmcN65/M2_M1/layout as STRUCTURE M2_M1_CDNS_6461464540926.
INFO (XSTRM-223): 31. Translating stdVia tsmcN65/M1_OD/layout as STRUCTURE M1_OD_CDNS_6461464540927.
INFO (XSTRM-223): 32. Translating stdVia tsmcN65/M3_M2/layout as STRUCTURE M3_M2_CDNS_6461464540928.
INFO (XSTRM-223): 33. Translating stdVia tsmcN65/M2_M1/layout as STRUCTURE M2_M1_CDNS_6461464540929.
INFO (XSTRM-223): 34. Translating stdVia tsmcN65/M2_M1/layout as STRUCTURE M2_M1_CDNS_6461464540930.
INFO (XSTRM-223): 35. Translating stdVia tsmcN65/M2_M1/layout as STRUCTURE M2_M1_CDNS_6461464540931.
INFO (XSTRM-223): 36. Translating stdVia tsmcN65/M8_M7/layout as STRUCTURE M8_M7_CDNS_6461464540932.
INFO (XSTRM-223): 37. Translating cellView tsmcN65/pch_25_mac/layout as STRUCTURE pch_25_mac_CDNS_646146454092.
INFO (XSTRM-223): 38. Translating cellView tsmcN65/pch_25_mac/layout as STRUCTURE pch_25_mac_CDNS_646146454093.
INFO (XSTRM-223): 39. Translating cellView tsmcN65/pch_25_mac/layout as STRUCTURE pch_25_mac_CDNS_646146454094.
INFO (XSTRM-223): 40. Translating cellView tsmcN65/pch_25_mac/layout as STRUCTURE pch_25_mac_CDNS_646146454095.
INFO (XSTRM-223): 41. Translating cellView tsmcN65/pch_25_macx/layout as STRUCTURE pch_25_macx_CDNS_646146454096.
INFO (XSTRM-223): 42. Translating cellView tsmcN65/nch_25_macx/layout as STRUCTURE nch_25_macx_CDNS_646146454097.
INFO (XSTRM-223): 43. Translating cellView tsmcN65/nch_25_macx/layout as STRUCTURE nch_25_macx_CDNS_646146454098.
INFO (XSTRM-223): 44. Translating cellView tsmcN65/mimcap/layout as STRUCTURE mimcap_CDNS_646146454099.
INFO (XSTRM-223): 45. Translating stdVia tsmcN65/M1_PO/layout as STRUCTURE M1_PO_CDNS_6461464540933.
INFO (XSTRM-223): 46. Translating cellView tsmcN65/pch_25_macx/layout as STRUCTURE pch_25_macx_CDNS_6461464540910.
INFO (XSTRM-223): 47. Translating stdVia tsmcN65/M1_PO/layout as STRUCTURE M1_PO_CDNS_6461464540934.
INFO (XSTRM-223): 48. Translating stdVia tsmcN65/M1_OD/layout as STRUCTURE M1_OD_CDNS_6461464540935.
INFO (XSTRM-223): 49. Translating cellView tsmcN65/nch_25_macx/layout as STRUCTURE nch_25_macx_CDNS_6461464540911.
INFO (XSTRM-223): 50. Translating cellView tsmcN65/pch_25_macx/layout as STRUCTURE pch_25_macx_CDNS_6461464540912.
INFO (XSTRM-223): 51. Translating cellView tsmcN65/nch_25_macx/layout as STRUCTURE nch_25_macx_CDNS_6461464540913.
INFO (XSTRM-223): 52. Translating cellView teewinot/TGP2A/layout as STRUCTURE TGP2A.
INFO (XSTRM-180): You have not used the objectMap option. The design has instance(s) of at least one of following OpenAccess objects: oaBlockage, oaBoundary, oaRow, and oaMarker. Any information about these objects will not be translated into the generated stream file. Use the objectMap option to translate/preserve these objects using XStream. For details on the objectMap option, refer to the "Design Data Translator's Reference" guide for XStream.
INFO (XSTRM-223): 53. Translating cellView tsmcN65/nch_25_macx/layout as STRUCTURE nch_25_macx_CDNS_6461464540914.
INFO (XSTRM-223): 54. Translating cellView tsmcN65/pch_25_macx/layout as STRUCTURE pch_25_macx_CDNS_6461464540915.
INFO (XSTRM-223): 55. Translating cellView teewinot/BiasSwitchCascode/layout as STRUCTURE BiasSwitchCascode.
INFO (XSTRM-223): 56. Translating cellView tsmcN65/nch_25_macx/layout as STRUCTURE nch_25_macx_CDNS_6461464540916.
INFO (XSTRM-223): 57. Translating cellView tsmcN65/nch_25_macx/layout as STRUCTURE nch_25_macx_CDNS_6461464540917.
INFO (XSTRM-223): 58. Translating cellView tsmcN65/nch_25_macx/layout as STRUCTURE nch_25_macx_CDNS_6461464540918.
INFO (XSTRM-223): 59. Translating cellView tsmcN65/nch_25_macx/layout as STRUCTURE nch_25_macx_CDNS_6461464540919.
INFO (XSTRM-223): 60. Translating cellView tsmcN65/nch_25_macx/layout as STRUCTURE nch_25_macx_CDNS_6461464540920.
INFO (XSTRM-223): 61. Translating cellView tsmcN65/nch_25_macx/layout as STRUCTURE nch_25_macx_CDNS_6461464540921.
INFO (XSTRM-223): 62. Translating cellView tsmcN65/pch_25_macx/layout as STRUCTURE pch_25_macx_CDNS_6461464540922.
INFO (XSTRM-223): 63. Translating cellView tsmcN65/pch_25_macx/layout as STRUCTURE pch_25_macx_CDNS_6461464540923.
INFO (XSTRM-223): 64. Translating cellView tsmcN65/pch_25_macx/layout as STRUCTURE pch_25_macx_CDNS_6461464540924.
INFO (XSTRM-223): 65. Translating cellView tsmcN65/pch_25_macx/layout as STRUCTURE pch_25_macx_CDNS_6461464540925.
INFO (XSTRM-223): 66. Translating cellView tsmcN65/pch_25_macx/layout as STRUCTURE pch_25_macx_CDNS_6461464540926.
INFO (XSTRM-223): 67. Translating cellView tsmcN65/pch_25_macx/layout as STRUCTURE pch_25_macx_CDNS_6461464540927.
INFO (XSTRM-223): 68. Translating cellView tsmcN65/nch_25_macx/layout as STRUCTURE nch_25_macx_CDNS_6461464540928.
INFO (XSTRM-223): 69. Translating cellView tsmcN65/nch_25_macx/layout as STRUCTURE nch_25_macx_CDNS_6461464540929.
INFO (XSTRM-223): 70. Translating cellView tsmcN65/nch_25_macx/layout as STRUCTURE nch_25_macx_CDNS_6461464540930.
INFO (XSTRM-223): 71. Translating cellView tsmcN65/nch_25_macx/layout as STRUCTURE nch_25_macx_CDNS_6461464540931.
INFO (XSTRM-223): 72. Translating cellView washakie/OpAmpCurrentMirrorP/layout as STRUCTURE OpAmpCurrentMirrorP.
INFO (XSTRM-223): 73. Translating cellView tsmcN65/nch_25_macx/layout as STRUCTURE nch_25_macx_CDNS_6461464540932.
INFO (XSTRM-223): 74. Translating cellView tsmcN65/nch_25_macx/layout as STRUCTURE nch_25_macx_CDNS_6461464540933.
INFO (XSTRM-223): 75. Translating stdVia tsmcN65/M1_OD/layout as STRUCTURE M1_OD_CDNS_6461464540936.
INFO (XSTRM-223): 76. Translating stdVia tsmcN65/M1_PO/layout as STRUCTURE M1_PO_CDNS_6461464540937.
INFO (XSTRM-223): 77. Translating stdVia tsmcN65/M2_M1/layout as STRUCTURE M2_M1_CDNS_6461464540938.
INFO (XSTRM-223): 78. Translating cellView tsmcN65/nch_25x/layout as STRUCTURE nch_25x_CDNS_6461464540934.
INFO (XSTRM-223): 79. Translating cellView tsmcN65/nch_25x/layout as STRUCTURE nch_25x_CDNS_6461464540935.
INFO (XSTRM-223): 80. Translating cellView tsmcN65/nch_25x/layout as STRUCTURE nch_25x_CDNS_6461464540936.
INFO (XSTRM-223): 81. Translating cellView tsmcN65/nch_25x/layout as STRUCTURE nch_25x_CDNS_6461464540937.
INFO (XSTRM-223): 82. Translating cellView tsmcN65/pch_25x/layout as STRUCTURE pch_25x_CDNS_6461464540938.
INFO (XSTRM-223): 83. Translating cellView tsmcN65/pch_25x/layout as STRUCTURE pch_25x_CDNS_6461464540939.
INFO (XSTRM-223): 84. Translating cellView tsmcN65/pch_25x/layout as STRUCTURE pch_25x_CDNS_6461464540940.
INFO (XSTRM-223): 85. Translating cellView tsmcN65/pch_25x/layout as STRUCTURE pch_25x_CDNS_6461464540941.
INFO (XSTRM-223): 86. Translating cellView tsmcN65/nch_25x/layout as STRUCTURE nch_25x_CDNS_6461464540942.
INFO (XSTRM-223): 87. Translating cellView tsmcN65/pch_25x/layout as STRUCTURE pch_25x_CDNS_6461464540943.
INFO (XSTRM-223): 88. Translating cellView teewinot/MUX2A/layout as STRUCTURE MUX2A.
INFO (XSTRM-223): 89. Translating cellView washakie/Dac2BgR2R14Buf/layout as STRUCTURE Dac2BgR2R14Buf.

Summary of Objects Translated:
	Scalar Instances:                       213
	Array Instances:                        0
	Polygons:                               5
	Paths:                                  26
	Rectangles:                             9085
	Lines:                                  0
	Arcs:                                   0
	Donuts:                                 0
	Dots:                                   0
	Ellipses:                               0
	Boundaries:                             0
	Area Blockages:                         0
	Layer Blockages:                        0
	Area Halos:                             0
	Markers:                                0
	Rows:                                   0
	Standard Vias                           690
	Custom Vias:                            0
	CdsGen Vias:                            0
	Pathsegs:                               465
	Text:                                   457
	TextDisplay:                            0
	Cells:                                  89

Elapsed Time: 0.3s   User Time: 0.2s   CPU Time: 0.0s   Peak VM: 101100KB
INFO (XSTRM-234): Translation completed. '0' error(s) and '0' warning(s) found.
