********************************************************************************
db2gds 20.10-p029 64 bit (Mon Sep 28 20:09:41 PDT 2020)
Build Ref No.: 029 Production (09-28-2020) [pvs_2010]

Copyright 2020 Cadence Design Systems, Inc.
All rights reserved worldwide.

Build O/S:       Linux x86_64 2.6.32-431.11.2.el6.x86_64
Executed on:     atlas (Linux x86_64 5.3.18-lp152.106-default)
Process Id:      126929
Starting Time:   Mon Sep 22 17:08:28 2025 (Mon Sep 22 22:08:28 2025 GMT)
With parameters: BiasGenCascWideSwingGlobal_126791 erc.db BiasGenCascWideSwingGlobal -lmap lmapFx9uSG -gdslib drc.db -gds_scale 1000 -property 
********************************************************************************

Library name: BiasGenCascWideSwingGlobal_126791
GDSII file name: erc.db
Cells to be written out: BiasGenCascWideSwingGlobal
Source Library: BiasGenCascWideSwingGlobal_126791
Layer mapping file(GDS <- DMC): lmapFx9uSG
    0 (dt:0) <- 0
    0 (dt:0) <- 0
    0 (dt:0) <- 0
    0 (dt:0) <- 0
    0 (dt:0) <- 0
    0 (dt:0) <- 0
    0 (dt:0) <- 0
    0 (dt:0) <- 0
    0 (dt:0) <- 0
Cell name case: PRESERVE
Option: output object property


                Object Statistics of Cells                            
Cell Name         Box  Polygon     Path   Label Instance Array    Total
----------------------------------------------------------------------
BiasGenCascWideSwingGlobal        0        0        0       0   653      0       653
M2_M1_CDNS_758578906560        0        0        0       0     0      0         0
M3_M2_CDNS_758578906561        0        0        0       0     0      0         0
M2_M1_CDNS_758578906562        0        0        0       0     0      0         0
M2_M1_CDNS_758578906563        0        0        0       0     0      0         0
M2_M1_CDNS_758578906564        0        0        0       0     0      0         0
M2_M1_CDNS_758578906566        0        0        0       0     0      0         0
M8_M7_CDNS_758578906567        0        0        0       0     0      0         0
M7_M6_CDNS_758578906568        0        0        0       0     0      0         0
M6_M5_CDNS_758578906569        0        0        0       0     0      0         0
M5_M4_CDNS_7585789065610        0        0        0       0     0      0         0
M4_M3_CDNS_7585789065611        0        0        0       0     0      0         0
M3_M2_CDNS_7585789065612        0        0        0       0     0      0         0
M2_M1_CDNS_7585789065613        0        0        0       0     0      0         0
M3_M2_CDNS_7585789065614        0        0        0       0     0      0         0
M3_M2_CDNS_7585789065615        0        0        0       0     0      0         0
M2_M1_CDNS_7585789065616        0        0        0       0     0      0         0
M3_M2_CDNS_7585789065617        0        0        0       0     0      0         0
M2_M1_CDNS_7585789065618        0        0        0       0     0      0         0
M4_M3_CDNS_7585789065619        0        0        0       0     0      0         0
M5_M4_CDNS_7585789065620        0        0        0       0     0      0         0
M6_M5_CDNS_7585789065621        0        0        0       0     0      0         0
M7_M6_CDNS_7585789065622        0        0        0       0     0      0         0
M3_M2_CDNS_7585789065623        0        0        0       0     0      0         0
M3_M2_CDNS_7585789065624        0        0        0       0     0      0         0
M3_M2_CDNS_7585789065625        0        0        0       0     0      0         0
M3_M2_CDNS_7585789065626        0        0        0       0     0      0         0
M4_M3_CDNS_7585789065627        0        0        0       0     0      0         0
M5_M4_CDNS_7585789065628        0        0        0       0     0      0         0
M2_M1_CDNS_7585789065629        0        0        0       0     0      0         0
M3_M2_CDNS_7585789065630        0        0        0       0     0      0         0
M3_M2_CDNS_7585789065631        0        0        0       0     0      0         0
M3_M2_CDNS_7585789065633        0        0        0       0     0      0         0
M2_M1_CDNS_7585789065634        0        0        0       0     0      0         0
M3_M2_CDNS_7585789065635        0        0        0       0     0      0         0
M4_M3_CDNS_7585789065636        0        0        0       0     0      0         0
M5_M4_CDNS_7585789065637        0        0        0       0     0      0         0
M5_M4_CDNS_7585789065638        0        0        0       0     0      0         0
M4_M3_CDNS_7585789065639        0        0        0       0     0      0         0
M3_M2_CDNS_7585789065641        0        0        0       0     0      0         0
M3_M2_CDNS_7585789065642        0        0        0       0     0      0         0
M4_M3_CDNS_7585789065643        0        0        0       0     0      0         0
M3_M2_CDNS_7585789065644        0        0        0       0     0      0         0
M2_M1_CDNS_7585789065645        0        0        0       0     0      0         0
M3_M2_CDNS_7585789065646        0        0        0       0     0      0         0
M5_M4_CDNS_7585789065647        0        0        0       0     0      0         0
M4_M3_CDNS_7585789065648        0        0        0       0     0      0         0
M4_M3_CDNS_7585789065649        0        0        0       0     0      0         0
M4_M3_CDNS_7585789065650        0        0        0       0     0      0         0
M5_M4_CDNS_7585789065652        0        0        0       0     0      0         0
M4_M3_CDNS_7585789065653        0        0        0       0     0      0         0
M5_M4_CDNS_7585789065657        0        0        0       0     0      0         0
M3_M2_CDNS_7585789065659        0        0        0       0     0      0         0
M4_M3_CDNS_7585789065660        0        0        0       0     0      0         0
M4_M3_CDNS_7585789065662        0        0        0       0     0      0         0
M4_M3_CDNS_7585789065666        0        0        0       0     0      0         0
M3_M2_CDNS_7585789065668        0        0        0       0     0      0         0
BiasGenCascWideSwing        0        0        0       0   217      0       217
Dac2V5R2R14         0        0        0       0   444      0       444
TGN16A              0        0        0       0     8      0         8
MUX2A               0        0        0       0    27      0        27
DacPowerSupply        0        0        0       0   108      0       108
mimcap_CDNS_7585789065660        0        0        0       0     0      0         0
LVLD10A25PP         0        0        0       0    45      0        45
LVLD10A25PP14        0        0        0       0     7      0         7
TGP16A              0        0        0       0     8      0         8
OpAmpCurrentMirrorP        0        0        0       0   215      0       215
M1_PO_CDNS_7585789065674        0        0        0       0     0      0         0
M1_PO_CDNS_7585789065675        0        0        0       0     0      0         0
M1_PO_CDNS_7585789065676        0        0        0       0     0      0         0
M2_M1_CDNS_7585789065677        0        0        0       0     0      0         0
M2_M1_CDNS_7585789065678        0        0        0       0     0      0         0
M3_M2_CDNS_7585789065679        0        0        0       0     0      0         0
M3_M2_CDNS_7585789065680        0        0        0       0     0      0         0
M1_PO_CDNS_7585789065681        0        0        0       0     0      0         0
M2_M1_CDNS_7585789065682        0        0        0       0     0      0         0
M1_OD_CDNS_7585789065683        0        0        0       0     0      0         0
M8_M7_CDNS_7585789065684        0        0        0       0     0      0         0
M3_M2_CDNS_7585789065685        0        0        0       0     0      0         0
M1_PO_CDNS_7585789065686        0        0        0       0     0      0         0
pch_25_macx_CDNS_758578906564        0        0        0       0     0      0         0
nch_25x_CDNS_758578906568        0        0        0       0     0      0         0
nch_25_macx_CDNS_758578906569        0        0        0       0     0      0         0
pch_25_macx_CDNS_7585789065610        0        0        0       0     0      0         0
pch_25_macx_CDNS_7585789065611        0        0        0       0     0      0         0
nch_25_macx_CDNS_7585789065614        0        0        0       0     0      0         0
nch_25_macx_CDNS_7585789065615        0        0        0       0     0      0         0
mimcap_CDNS_7585789065618        0        0        0       0     0      0         0
nch_25_macx_CDNS_7585789065622        0        0        0       0     0      0         0
nch_25_macx_CDNS_7585789065623        0        0        0       0     0      0         0
pch_25_macx_CDNS_7585789065624        0        0        0       0     0      0         0
pch_25_macx_CDNS_7585789065625        0        0        0       0     0      0         0
INVX1               0        0        0       0     4      0         4
M8_M7_CDNS_7585789065692        0        0        0       0     0      0         0
M2_M1_CDNS_7585789065698        0        0        0       0     0      0         0
rppolywo_CDNS_7585789065630        0        0        0       0     0      0         0
AND2X8              0        0        0       0     6      0         6
MASCO__B1           0        0        0       0     2      0         2
MASCO__B2           0        0        0       0     2      0         2
MASCO__B3           0        0        0       0     2      0         2
MASCO__B4           0        0        0       0     2      0         2
M1_OD_CDNS_75857890656100        0        0        0       0     0      0         0
nch_25_macx_CDNS_7585789065635        0        0        0       0     0      0         0
pch_25_macx_CDNS_7585789065636        0        0        0       0     0      0         0
pch_25_macx_CDNS_7585789065637        0        0        0       0     0      0         0
nch_25_macx_CDNS_7585789065638        0        0        0       0     0      0         0
M1_OD_CDNS_75857890656101        0        0        0       0     0      0         0
M2_M1_CDNS_75857890656103        0        0        0       0     0      0         0
nch_25x_CDNS_7585789065639        0        0        0       0     0      0         0
nch_25x_CDNS_7585789065640        0        0        0       0     0      0         0
pch_25x_CDNS_7585789065644        0        0        0       0     0      0         0
pch_25x_CDNS_7585789065645        0        0        0       0     0      0         0
M2_M1_CDNS_75857890656104        0        0        0       0     0      0         0
M3_M2_CDNS_75857890656106        0        0        0       0     0      0         0
M2_M1_CDNS_75857890656107        0        0        0       0     0      0         0
M1_OD_CDNS_75857890656109        0        0        0       0     0      0         0
nch_25_macx_CDNS_7585789065650        0        0        0       0     0      0         0
nch_25x_CDNS_7585789065656        0        0        0       0     0      0         0
nch_25_macx_CDNS_7585789065657        0        0        0       0     0      0         0
M2_M1_CDNS_75857890656113        0        0        0       0     0      0         0
M1_OD_CDNS_75857890656115        0        0        0       0     0      0         0
nch_25_CDNS_7585789065665        0        0        0       0     0      0         0
pch_25_CDNS_7585789065666        0        0        0       0     0      0         0
nch_25_macx_CDNS_7585789065627        0        0        0       0     0      0         0
pch_25_macx_CDNS_7585789065632        0        0        0       0     0      0         0
M2_M1_CDNS_75857890656117        0        0        0       0     0      0         0
M8_M7_CDNS_75857890656120        0        0        0       0     0      0         0
pch_25_mac_CDNS_7585789065667        0        0        0       0     0      0         0
pch_25_mac_CDNS_7585789065668        0        0        0       0     0      0         0
nch_25_macx_CDNS_7585789065672        0        0        0       0     0      0         0
nch_25_macx_CDNS_7585789065673        0        0        0       0     0      0         0
mimcap_CDNS_7585789065674        0        0        0       0     0      0         0
TGP2A               0        0        0       0     5      0         5
nch_25_macx_CDNS_7585789065677        0        0        0       0     0      0         0
nch_25_macx_CDNS_7585789065678        0        0        0       0     0      0         0
pch_25_macx_CDNS_7585789065683        0        0        0       0     0      0         0
pch_25_macx_CDNS_7585789065684        0        0        0       0     0      0         0
pch_25_macx_CDNS_7585789065685        0        0        0       0     0      0         0
pch_25_macx_CDNS_7585789065686        0        0        0       0     0      0         0
nch_25_macx_CDNS_7585789065689        0        0        0       0     0      0         0
nch_25_macx_CDNS_7585789065690        0        0        0       0     0      0         0
M1_OD_CDNS_7585789065687        0        0        0       0     0      0         0
M1_OD_CDNS_75857890656122        0        0        0       0     0      0         0
----------------------------------------------------------------------

Object Statistics of Layers
Layer   Objects
----------------
----------------

Object Summary
------------------
     Box         0
 Polygon         0
    Path         0
   Label         0
Instance      1755
   Array         0
------------------
   Total      1755


Output property: 1755
Total CPU Time          : 0(s)
Total Real Time         : 0(s)
Peak Memory Used        : 7(M)
