-------------------------------------------------------------------------------
Name     : Shielded net name
Length   : Shielded net length
Shield   : Total length of shielding wire
Ratio    : Average shielding ratio
-------------------------------------------------------------------------------
Name          Length    Shield    Ratio   
                                         Layer:      Length     Shield  Ratio
-------------------------------------------------------------------------------
uart0/CTS_4:   preferred: M3 - M4
                 0.6       0.0    0.000
                                             M1:        0.6        0.0  0.000
adddec0/FE_USKN8012_CTS_2:   preferred: M3 - M4
                 0.6       0.0    0.000
                                             M2:        0.6        0.0  0.000
uart0/CTS_6:   preferred: M3 - M4
                 0.6       0.0    0.000
                                             M2:        0.6        0.0  0.000
uart0/CTS_10:   preferred: M3 - M4
                 0.8       0.0    0.000
                                             M1:        0.8        0.0  0.000
npu0/CTS_2:   preferred: M3 - M4
                 0.9       0.0    0.000
                                             M2:        0.9        0.0  0.000
system0/smclk_mux/CTS_2:   preferred: M3 - M4
                 1.0       0.0    0.000
                                             M1:        1.0        0.0  0.000
system0/CTS_5:   preferred: M3 - M4
                 1.2       0.0    0.000
                                             M1:        1.2        0.0  0.000
timer0/CTS_2:   preferred: M3 - M4
                 1.2       0.0    0.000
                                             M1:        1.2        0.0  0.000
afe0/CTS_2:   preferred: M3 - M4
                 1.2       0.0    0.000
                                             M1:        1.2        0.0  0.000
adddec0/FE_USKN8013_CTS_2:   preferred: M3 - M4
                 1.8       0.0    0.000
                                             M2:        0.6        0.0  0.000
                                             M3:        0.6        0.0  0.000
                                             M4:        0.6        0.0  0.000
afe0/n_428:   preferred: M3 - M4
                 3.4       0.2    0.030
                                             M2:        0.7        0.2  0.147
                                             M3:        2.7        0.0  0.000
afe0/n_429:   preferred: M3 - M4
                 1.0       0.1    0.075
                                             M3:        1.0        0.1  0.075
afe0/n_503:   preferred: M3 - M4
                 2.0       0.4    0.100
                                             M1:        0.8        0.4  0.250
                                             M3:        1.2        0.0  0.000
i2c0/CGMaster/CTS_3:   preferred: M3 - M4
                 3.0       0.9    0.149
                                             M1:        0.4        0.0  0.000
                                             M2:        0.2        0.0  0.000
                                             M3:        2.4        0.9  0.186
adddec0/FE_USKN8017_clk_neg:   preferred: M3 - M4
                 4.4       1.6    0.179
                                             M2:        0.6        0.0  0.000
                                             M3:        0.2        0.0  0.000
                                             M4:        3.6        1.6  0.219
spi0/CTS_10:   preferred: M3 - M4
                 1.6       0.6    0.187
                                             M1:        0.4        0.0  0.000
                                             M2:        0.2        0.0  0.000
                                             M3:        1.0        0.6  0.300
system0/CTS_2:   preferred: M3 - M4
                 3.0       1.2    0.192
                                             M1:        0.4        0.0  0.000
                                             M2:        1.2        0.7  0.292
                                             M3:        1.4        0.5  0.161
afe0/adc_fsm/fsm/CTS_2:   preferred: M3 - M4
                 1.8       0.8    0.208
                                             M2:        0.6        0.4  0.292
                                             M3:        0.6        0.0  0.000
                                             M4:        0.6        0.4  0.333
timer1/CTS_5:   preferred: M3 - M4
                 2.4       1.0    0.208
                                             M1:        0.4        0.0  0.000
                                             M2:        0.2        0.0  0.000
                                             M3:        1.8        1.0  0.278
afe0/adc_fsm/fsm/CTS_4:   preferred: M3 - M4
                 7.6       3.4    0.224
                                             M1:        0.4        0.0  0.000
                                             M2:        4.8        2.1  0.224
                                             M3:        2.4        1.2  0.260
CTS_31:   preferred: M3 - M4
                 8.3       3.9    0.233
                                             M1:        1.0        0.0  0.000
                                             M2:        2.3        2.1  0.460
                                             M3:        5.0        1.8  0.175
npu0/CTS_4:   preferred: M3 - M4
                 3.4       1.6    0.235
                                             M1:        0.4        0.0  0.000
                                             M2:        0.8        0.0  0.000
                                             M3:        2.2        1.6  0.364
gpio3/n_146:   preferred: M3 - M4
                 1.8       0.8    0.236
                                             M2:        0.2        0.0  0.000
                                             M3:        1.6        0.8  0.266
adddec0/CTS_2:   preferred: M3 - M4
                 4.6       2.3    0.249
                                             M1:        0.4        0.4  0.500
                                             M2:        0.6        0.0  0.000
                                             M3:        3.6        1.9  0.263
i2c1/CGMaster/CTS_8:   preferred: M3 - M4
                 1.8       0.9    0.250
                                             M1:        0.6        0.0  0.000
                                             M3:        1.2        0.9  0.375
uart1/CTS_2:   preferred: M3 - M4
                 3.2       1.7    0.258
                                             M1:        0.4        0.0  0.000
                                             M2:        0.6        0.2  0.167
                                             M3:        2.2        1.4  0.330
uart0/CTS_14:   preferred: M3 - M4
                10.9       5.9    0.270
                                             M2:        0.5        0.0  0.000
                                             M3:        9.6        5.5  0.285
                                             M4:        0.8        0.4  0.278
CTS_14:   preferred: M3 - M4
                13.6       7.4    0.271
                                             M2:        1.2        2.0  0.854
                                             M3:       12.4        5.3  0.215
uart1/CTS_6:   preferred: M3 - M4
                 2.2       1.2    0.273
                                             M1:        0.6        0.0  0.000
                                             M3:        1.6        1.2  0.375
adddec0/FE_USKN8011_clk_neg:   preferred: M3 - M4
                 3.5       2.0    0.286
                                             M2:        0.3        0.3  0.492
                                             M3:        3.2        1.7  0.266
system0/CTS_13:   preferred: M3 - M4
                11.8       7.7    0.324
                                             M2:        1.4        0.0  0.000
                                             M3:        0.6        0.2  0.167
                                             M4:        1.8        2.8  0.778
                                             M5:        8.0        4.7  0.291
spi0/CTS_4:   preferred: M3 - M4
                 1.4       0.9    0.334
                                             M1:        1.4        0.9  0.334
afe0/n_431:   preferred: M3 - M4
                 8.2       5.6    0.341
                                             M1:        0.8        0.0  0.000
                                             M2:        5.6        4.7  0.424
                                             M3:        1.8        0.8  0.236
i2c0/CGMaster/n_88:   preferred: M3 - M4
                 3.0       2.0    0.342
                                             M2:        0.2        0.2  0.500
                                             M3:        2.8        1.9  0.330
CTS_39:   preferred: M3 - M4
                 1.6       1.2    0.375
                                             M1:        0.4        0.4  0.500
                                             M3:        1.2        0.8  0.333
afe0/n_500:   preferred: M3 - M4
                 1.6       1.2    0.375
                                             M1:        0.4        0.4  0.500
                                             M3:        1.2        0.8  0.333
dtp1_out:   preferred: M3 - M4
                 0.7       0.6    0.378
                                             M3:        0.7        0.6  0.378
timer0/CTS_7:   preferred: M3 - M4
                 1.6       1.2    0.389
                                             M2:        0.2        0.0  0.000
                                             M3:        1.4        1.2  0.445
i2c1/CGMaster/CTS_3:   preferred: M3 - M4
                 1.4       1.1    0.389
                                             M1:        1.4        1.1  0.389
uart1/CTS_4:   preferred: M3 - M4
                 1.6       1.3    0.403
                                             M1:        1.6        1.3  0.403
spi1/CTS_4:   preferred: M3 - M4
                 1.6       1.3    0.403
                                             M1:        1.6        1.3  0.403
adddec0/FE_USKN8010_clk_neg:   preferred: M3 - M4
                 3.8       3.2    0.421
                                             M3:        1.2        1.2  0.500
                                             M4:        2.6        2.0  0.385
spi0/CTS_6:   preferred: M3 - M4
                 2.5       2.1    0.430
                                             M2:        0.3        0.1  0.083
                                             M3:        1.2        0.2  0.104
                                             M4:        1.0        1.9  0.925
uart0/CTS_8:   preferred: M3 - M4
                 6.7       5.8    0.431
                                             M1:        0.5        0.0  0.000
                                             M3:        2.6        1.9  0.356
                                             M4:        2.4        2.1  0.438
                                             M5:        1.2        1.9  0.771
uart1/CTS_12:   preferred: M3 - M4
                 1.6       1.4    0.431
                                             M1:        1.6        1.4  0.431
saradc0/n_431_BAR:   preferred: M3 - M4
                 5.0       4.5    0.448
                                             M1:        0.6        0.6  0.500
                                             M2:        2.6        2.2  0.429
                                             M3:        1.8        1.6  0.457
adddec0/FE_USKN8016_clk_neg:   preferred: M3 - M4
                 5.1       4.6    0.450
                                             M1:        0.5        0.0  0.000
                                             M2:        0.8        0.8  0.500
                                             M3:        0.4        0.2  0.312
                                             M6:        0.2        0.0  0.000
                                             M7:        3.2        3.5  0.552
timer0/CTS_5:   preferred: M3 - M4
                 3.0       2.8    0.467
                                             M2:        0.2        0.2  0.500
                                             M3:        2.8        2.6  0.464
afe0/n_430:   preferred: M3 - M4
                 5.2       4.9    0.467
                                             M1:        0.4        0.0  0.000
                                             M2:        0.2        0.0  0.000
                                             M3:        2.2        2.8  0.631
                                             M4:        1.2        1.2  0.512
                                             M5:        1.2        0.8  0.354
adddec0/FE_USKN8015_CTS_1:   preferred: M3 - M4
                15.0      14.2    0.474
                                             M3:        2.4        1.2  0.246
                                             M4:        7.6       11.7  0.766
                                             M5:        5.0        1.4  0.140
uart0/CTS_2:   preferred: M3 - M4
                 5.0       4.9    0.490
                                             M1:        0.4        0.0  0.000
                                             M2:        2.4        1.1  0.229
                                             M4:        2.2        3.8  0.864
CTS_32:   preferred: M3 - M4
                12.8      12.7    0.494
                                             M2:        1.4        0.1  0.018
                                             M3:        2.4        0.9  0.188
                                             M4:        3.0        2.4  0.400
                                             M5:        6.0        9.3  0.775
dtp3_out:   preferred: M3 - M4
                16.7      16.6    0.497
                                             M2:        0.2        0.0  0.000
                                             M3:        4.3        2.4  0.276
                                             M4:       12.2       14.2  0.581
uart0/CTS_12:   preferred: M3 - M4
                 7.5       7.5    0.500
                                             M1:        1.8        1.6  0.457
                                             M2:        0.5        0.0  0.000
                                             M3:        0.6        0.6  0.500
                                             M4:        4.6        5.2  0.571
adddec0/FE_USKN8014_CTS_1:   preferred: M3 - M4
                 2.0       2.0    0.500
                                             M2:        2.0        2.0  0.500
i2c0/CGMaster/CTS_5:   preferred: M3 - M4
                 9.9      10.0    0.504
                                             M2:        0.3        0.2  0.299
                                             M3:        8.0        6.6  0.414
                                             M4:        1.6        3.2  1.000
CTS_42:   preferred: M3 - M4
                 4.2       4.3    0.511
                                             M2:        1.6        0.4  0.139
                                             M3:        2.6        3.8  0.739
i2c1/CGMaster/CTS_4:   preferred: M3 - M4
                 1.8       1.9    0.514
                                             M2:        0.4        0.0  0.000
                                             M3:        1.4        1.9  0.661
CTS_20:   preferred: M3 - M4
                24.0      24.9    0.518
                                             M2:        6.4        1.8  0.136
                                             M3:        0.4        0.4  0.500
                                             M4:        5.8        5.0  0.431
                                             M5:       11.4       17.8  0.779
spi1/sck_slave:   preferred: M3 - M4
                 6.6       6.9    0.522
                                             M2:        1.0        0.6  0.323
                                             M3:        5.6        6.2  0.558
uart1/CTS_13:   preferred: M3 - M4
                13.4      14.1    0.526
                                             M1:        0.6        0.0  0.000
                                             M2:        0.2        0.0  0.000
                                             M3:        9.2        7.3  0.396
                                             M4:        3.4        6.8  1.000
uart1/CTS_11:   preferred: M3 - M4
                 9.8      10.4    0.531
                                             M3:        6.4        4.6  0.359
                                             M4:        3.4        5.8  0.853
i2c1/CGMaster/Clk:   preferred: M3 - M4
                13.6      14.7    0.539
                                             M1:        0.4        0.0  0.000
                                             M2:        0.2        0.0  0.000
                                             M3:        0.6        0.4  0.333
                                             M4:       12.4       14.2  0.575
afe0/n_426:   preferred: M3 - M4
                11.8      12.8    0.542
                                             M2:        0.2        0.0  0.000
                                             M3:        5.2        4.8  0.464
                                             M4:        2.2        3.1  0.693
                                             M5:        4.2        4.9  0.585
system0/CTS_14:   preferred: M3 - M4
                 9.0       9.8    0.542
                                             M2:        0.6        0.2  0.167
                                             M3:        1.0        0.4  0.200
                                             M4:        2.4        4.4  0.908
                                             M5:        5.0        4.8  0.480
CTS_18:   preferred: M3 - M4
                10.6      11.8    0.555
                                             M2:        0.8        0.8  0.500
                                             M3:        2.6        0.0  0.000
                                             M4:        0.6        0.6  0.500
                                             M5:        6.6       10.4  0.785
afe0/n_496:   preferred: M3 - M4
                18.0      20.1    0.557
                                             M2:        1.2        0.1  0.042
                                             M3:        5.6        5.3  0.473
                                             M4:        9.4       13.8  0.735
                                             M5:        1.8        0.8  0.236
uart0/clk_tx:   preferred: M3 - M4
                23.7      26.5    0.561
                                             M2:        1.0        0.0  0.000
                                             M3:        9.7        7.9  0.410
                                             M4:       13.0       18.6  0.715
system0/CTS_11:   preferred: M3 - M4
                20.7      24.1    0.582
                                             M2:        0.1        0.0  0.000
                                             M3:        8.8        3.1  0.176
                                             M4:       11.8       21.0  0.890
uart1/CTS_8:   preferred: M3 - M4
                11.2      13.1    0.583
                                             M1:        0.4        0.0  0.000
                                             M2:        1.6        1.4  0.453
                                             M3:        6.2        5.6  0.452
                                             M4:        3.0        6.0  1.000
core/CTS_2:   preferred: M3 - M4
                10.2      11.9    0.584
                                             M1:        0.4        0.0  0.000
                                             M2:        0.2        0.0  0.000
                                             M3:        4.4        3.2  0.364
                                             M4:        5.2        8.7  0.838
saradc0/CTS_2:   preferred: M3 - M4
                 5.2       6.4    0.611
                                             M1:        0.4        0.4  0.500
                                             M2:        0.2        0.0  0.000
                                             M3:        4.6        6.0  0.647
afe0/n_425:   preferred: M3 - M4
                33.6      41.9    0.624
                                             M2:        1.2        1.0  0.421
                                             M3:        2.4        2.5  0.520
                                             M4:        1.4        0.0  0.000
                                             M5:       15.6       15.4  0.494
                                             M6:       13.0       23.0  0.885
system0/CTS_1:   preferred: M3 - M4
                 2.8       3.5    0.624
                                             M1:        0.4        0.4  0.500
                                             M2:        0.8        0.2  0.156
                                             M3:        1.6        2.8  0.889
afe0/n_432:   preferred: M3 - M4
                17.2      21.5    0.624
                                             M2:        1.4        0.0  0.000
                                             M3:        1.2        1.2  0.500
                                             M4:        1.8        1.2  0.333
                                             M5:        3.6        2.9  0.399
                                             M6:        9.2       16.2  0.880
system0/CTS_6:   preferred: M3 - M4
                 3.9       4.9    0.625
                                             M2:        0.1        0.0  0.000
                                             M3:        2.0        1.9  0.463
                                             M4:        1.8        3.0  0.833
gpio3/n_144:   preferred: M3 - M4
                16.2      20.6    0.632
                                             M2:        0.1        0.0  0.000
                                             M3:        2.0        0.2  0.050
                                             M4:        7.0       12.6  0.896
                                             M5:        7.2        7.8  0.542
afe0/n_427:   preferred: M3 - M4
                 5.8       7.4    0.636
                                             M2:        0.2        0.0  0.000
                                             M3:        5.0        6.5  0.652
                                             M4:        0.6        0.8  0.708
CTS_22:   preferred: M3 - M4
                 4.8       6.1    0.638
                                             M2:        0.2        0.2  0.500
                                             M3:        1.2        0.0  0.000
                                             M4:        3.4        5.9  0.871
dtp2_out:   preferred: M3 - M4
                 8.8      11.5    0.651
                                             M2:        0.1        0.1  0.500
                                             M3:        2.1        3.7  0.883
                                             M4:        3.4        3.6  0.529
                                             M5:        3.2        4.0  0.633
uart0/baud_clk_src:   preferred: M3 - M4
                 7.8      10.2    0.654
                                             M2:        0.8        0.0  0.000
                                             M3:        2.0        2.0  0.500
                                             M4:        1.4        1.8  0.643
                                             M5:        3.6        6.4  0.889
i2c1/CGMaster/CTS_7:   preferred: M3 - M4
                 5.2       6.9    0.659
                                             M1:        0.8        0.4  0.250
                                             M2:        0.2        0.2  0.500
                                             M3:        4.2        6.2  0.744
CTS_5:   preferred: M3 - M4
                 6.3       8.3    0.659
                                             M2:        0.3        0.6  1.000
                                             M3:        6.0        7.7  0.641
prt1_in[3]:   preferred: M3 - M4
                13.5      17.9    0.661
                                             M1:        0.4        0.0  0.000
                                             M2:        2.5        3.9  0.778
                                             M3:       10.6       14.0  0.658
CTS_1:   preferred: M3 - M4
                29.8      39.7    0.666
                                             M2:        0.4        0.0  0.000
                                             M3:        4.6        5.6  0.614
                                             M4:       20.2       29.1  0.721
                                             M5:        4.6        4.9  0.533
CTS_8:   preferred: M3 - M4
                49.8      66.4    0.667
                                             M1:        0.4        0.0  0.000
                                             M3:       17.0       31.2  0.919
                                             M4:        8.6       11.4  0.663
                                             M5:       23.8       23.8  0.500
spi0/CTS_8:   preferred: M3 - M4
                 5.0       6.7    0.669
                                             M2:        0.8        0.0  0.000
                                             M3:        4.2        6.7  0.797
afe0/adc_fsm/fsm/CTS_3:   preferred: M3 - M4
                11.7      15.7    0.671
                                             M2:        0.4        0.4  0.500
                                             M3:        0.3        0.0  0.000
                                             M4:       11.0       15.3  0.694
system0/CTS_8:   preferred: M3 - M4
                 1.8       2.5    0.681
                                             M3:        1.8        2.5  0.681
dtp0_out:   preferred: M3 - M4
                22.6      31.0    0.685
                                             M2:        0.6        0.2  0.208
                                             M3:        0.2        0.0  0.000
                                             M4:        0.2        0.4  1.000
                                             M5:        2.8        3.6  0.652
                                             M6:       18.8       26.7  0.709
CTS_21:   preferred: M3 - M4
               312.2     428.5    0.686
                                             M2:        0.4        0.0  0.000
                                             M3:      110.2      197.5  0.896
                                             M4:      183.4      200.2  0.546
                                             M5:       18.2       30.8  0.845
uart1/clk_baud:   preferred: M3 - M4
                18.4      25.4    0.692
                                             M3:        4.8        7.7  0.797
                                             M4:       13.6       17.8  0.654
spi0/ClkFlash:   preferred: M3 - M4
                14.7      20.5    0.696
                                             M1:        0.5        0.0  0.000
                                             M2:        0.8        0.0  0.000
                                             M3:        8.6       11.2  0.648
                                             M4:        4.8        9.4  0.975
system0/CTS_12:   preferred: M3 - M4
                20.0      27.9    0.697
                                             M1:        0.4        0.0  0.000
                                             M3:       17.4       24.4  0.700
                                             M4:        2.2        3.5  0.795
CTS_25:   preferred: M3 - M4
               345.0     485.7    0.704
                                             M2:        0.2        0.0  0.000
                                             M3:       22.2       20.6  0.464
                                             M4:      162.6      158.1  0.486
                                             M5:      160.0      307.0  0.959
i2c1/CTS_2:   preferred: M3 - M4
                 2.0       2.8    0.708
                                             M1:        2.0        2.8  0.708
uart1/CTS_10:   preferred: M3 - M4
                 2.0       2.8    0.708
                                             M1:        2.0        2.8  0.708
i2c1/CGMaster/n_88:   preferred: M3 - M4
                 9.6      13.6    0.710
                                             M3:        5.6        6.4  0.574
                                             M4:        4.0        7.2  0.900
spi1/clk_baud:   preferred: M3 - M4
                58.2      84.3    0.724
                                             M1:        0.4        0.0  0.000
                                             M2:        0.4        0.0  0.000
                                             M3:       13.8        9.5  0.344
                                             M4:       36.8       61.2  0.832
                                             M5:        6.8       13.6  1.000
i2c0/CTS_2:   preferred: M3 - M4
                 5.1       7.5    0.725
                                             M1:        0.7        0.4  0.270
                                             M3:        1.0        0.8  0.425
                                             M4:        3.4        6.2  0.912
afe0/clk_afe:   preferred: M3 - M4
                 9.4      13.7    0.726
                                             M3:        1.2        0.0  0.000
                                             M4:        8.2       13.7  0.832
i2c1/CGMaster/n_118:   preferred: M3 - M4
                20.6      30.4    0.738
                                             M2:        2.4        0.8  0.177
                                             M3:        8.2       10.3  0.628
                                             M4:       10.0       19.2  0.963
smclk:   preferred: M3 - M4
                53.0      79.6    0.751
                                             M2:        1.0        0.8  0.400
                                             M3:       10.4       10.7  0.512
                                             M4:       41.6       68.1  0.819
clk_periph[2]:   preferred: M3 - M4
               102.2     155.3    0.760
                                             M2:        0.8        0.4  0.250
                                             M3:       31.4       42.7  0.679
                                             M4:       41.4       59.5  0.718
                                             M5:       17.0       29.6  0.871
                                             M6:       11.6       23.2  1.000
timer1/CTS_2:   preferred: M3 - M4
                 3.7       5.7    0.763
                                             M1:        0.4        0.4  0.500
                                             M2:        0.3        0.2  0.299
                                             M3:        1.8        3.1  0.847
                                             M4:        1.2        2.0  0.854
spi1/CTS_8:   preferred: M3 - M4
                 7.0      10.8    0.769
                                             M1:        0.4        0.0  0.000
                                             M2:        0.8        0.2  0.125
                                             M3:        0.8        1.6  1.000
                                             M4:        0.8        1.6  1.000
                                             M5:        4.2        7.4  0.876
uart1/clk_tx:   preferred: M3 - M4
                25.6      39.6    0.774
                                             M1:        0.4        0.0  0.000
                                             M2:        0.4        0.4  0.500
                                             M3:       17.8       32.2  0.906
                                             M4:        7.0        7.0  0.500
gpio3/n_148:   preferred: M3 - M4
                12.9      20.2    0.780
                                             M2:        0.3        0.1  0.242
                                             M4:        0.8        0.8  0.500
                                             M5:        1.2        1.6  0.667
                                             M6:       10.6       17.6  0.830
timer0/clk_mux/ClkGated[1]:   preferred: M3 - M4
               202.2     316.8    0.783
                                             M2:        2.0        3.2  0.790
                                             M3:        0.2        0.2  0.500
                                             M4:       16.4       24.2  0.738
                                             M5:      183.6      289.2  0.788
clk_periph[4]:   preferred: M3 - M4
                27.0      42.4    0.785
                                             M2:        0.4        0.0  0.000
                                             M3:       23.0       36.4  0.791
                                             M4:        3.6        6.0  0.835
timer1/clock_source:   preferred: M3 - M4
                 9.0      14.2    0.789
                                             M3:        1.0        1.0  0.475
                                             M4:        8.0       13.2  0.828
afe0/n_507:   preferred: M3 - M4
                11.4      18.0    0.790
                                             M1:        0.4        0.0  0.000
                                             M3:        2.6        2.0  0.387
                                             M4:        8.4       16.0  0.952
i2c1/CGMaster/CTS_6:   preferred: M3 - M4
                35.5      56.6    0.796
                                             M1:        0.4        0.0  0.000
                                             M2:        0.6        0.8  0.678
                                             M3:        1.1        1.7  0.764
                                             M4:       33.4       54.1  0.809
adddec0/CTS_3:   preferred: M3 - M4
                83.2     133.4    0.802
                                             M3:        0.4        0.4  0.500
                                             M4:       11.2       13.7  0.613
                                             M5:       71.6      119.3  0.833
CTS_41:   preferred: M3 - M4
                 9.8      15.8    0.807
                                             M3:        5.4        8.6  0.794
                                             M4:        4.4        7.2  0.824
timer1/clk_mux/ClkGated[0]:   preferred: M3 - M4
               216.8     350.0    0.807
                                             M2:        3.0        3.8  0.627
                                             M3:      145.8      232.2  0.796
                                             M4:       32.6       57.1  0.876
                                             M5:       35.4       56.9  0.803
uart1/CTS_7:   preferred: M3 - M4
                51.1      82.6    0.808
                                             M1:        0.6        0.0  0.000
                                             M2:        2.1        1.4  0.318
                                             M3:       17.6       24.8  0.706
                                             M4:       24.8       44.5  0.896
                                             M5:        6.0       12.0  1.000
i2c0/CGMaster/Clk:   preferred: M3 - M4
                12.8      20.7    0.809
                                             M1:        0.4        0.0  0.000
                                             M3:        0.4        0.4  0.500
                                             M4:       12.0       20.3  0.847
CTS_30:   preferred: M3 - M4
               140.8     228.5    0.812
                                             M2:        3.4        1.2  0.178
                                             M3:       15.4       17.4  0.564
                                             M4:        8.0        6.3  0.394
                                             M5:       89.2      160.2  0.898
                                             M6:        4.8        4.3  0.445
                                             M7:       20.0       39.2  0.980
clk_periph[9]:   preferred: M3 - M4
               370.4     601.4    0.812
                                             M1:        0.4        0.0  0.000
                                             M2:        1.2        1.2  0.508
                                             M3:       26.2       40.4  0.772
                                             M4:      158.0      272.2  0.861
                                             M5:      170.6      260.6  0.764
                                             M6:       14.0       27.0  0.964
i2c1/CGMaster/ClkDivided:   preferred: M3 - M4
                37.2      60.6    0.815
                                             M2:        0.2        0.2  0.500
                                             M3:        7.8       10.2  0.651
                                             M4:       29.2       50.3  0.861
CTS_16:   preferred: M3 - M4
                17.0      27.9    0.819
                                             M2:        1.0        0.8  0.400
                                             M3:        2.6        2.6  0.500
                                             M4:       13.4       24.4  0.912
core/CTS_4:   preferred: M3 - M4
               272.9     451.4    0.827
                                             M1:        0.4        0.0  0.000
                                             M2:        2.0        1.9  0.475
                                             M3:       58.6       86.7  0.739
                                             M4:       88.4      163.1  0.922
                                             M5:       84.0      133.2  0.793
                                             M6:       35.4       59.3  0.837
                                             M7:        4.0        7.2  0.900
clk_hfxt:   preferred: M3 - M4
                33.4      55.5    0.831
                                             M1:        0.4        0.0  0.000
                                             M2:        0.4        0.1  0.062
                                             M3:       13.4       20.4  0.763
                                             M4:       19.2       35.0  0.911
clk_periph[0]:   preferred: M3 - M4
                55.2      92.0    0.834
                                             M2:        0.6        0.6  0.500
                                             M3:       27.4       38.3  0.700
                                             M4:       17.2       33.1  0.962
                                             M5:       10.0       20.0  1.000
spi0/CTS_2:   preferred: M3 - M4
               167.8     281.2    0.838
                                             M3:        5.4        9.8  0.912
                                             M4:       13.2       24.2  0.917
                                             M5:      143.2      237.3  0.829
                                             M6:        6.0        9.8  0.820
afe0/adc_fsm/CTS_2:   preferred: M3 - M4
                33.0      55.4    0.839
                                             M3:       12.0       18.1  0.756
                                             M4:        6.8       12.8  0.945
                                             M5:       14.2       24.4  0.858
CTS_9:   preferred: M3 - M4
               158.2     267.4    0.845
                                             M2:        0.6        0.8  0.633
                                             M4:       78.8      141.3  0.897
                                             M5:       78.8      125.3  0.795
i2c0/CGMaster/n_118:   preferred: M3 - M4
                 9.2      15.6    0.846
                                             M3:        2.8        3.0  0.536
                                             M4:        6.4       12.6  0.981
CTS_37:   preferred: M3 - M4
                90.2     153.0    0.848
                                             M3:       27.0       32.5  0.603
                                             M4:       40.6       76.8  0.946
                                             M5:       22.6       43.6  0.965
i2c1/ClkMaster:   preferred: M3 - M4
                61.4     104.3    0.850
                                             M2:        0.8        0.6  0.375
                                             M3:       13.2       22.2  0.839
                                             M4:       33.2       58.9  0.887
                                             M5:       14.2       22.7  0.799
timer1/n_125:   preferred: M3 - M4
                 4.8       8.2    0.854
                                             M2:        0.2        0.4  1.000
                                             M3:        1.6        1.8  0.562
                                             M4:        3.0        6.0  1.000
i2c1/CGMaster/CTS_2:   preferred: M3 - M4
                 6.0      10.2    0.854
                                             M2:        0.2        0.2  0.500
                                             M3:        3.2        4.9  0.758
                                             M4:        2.6        5.2  1.000
timer0/clk_mux/ClkGated[2]:   preferred: M3 - M4
               204.0     349.3    0.856
                                             M3:        0.2        0.4  1.000
                                             M4:       14.4       26.9  0.934
                                             M5:      189.4      322.0  0.850
timer0/CTS_4:   preferred: M3 - M4
                22.2      38.0    0.857
                                             M1:        0.4        0.0  0.000
                                             M2:        0.2        0.0  0.000
                                             M3:        0.2        0.2  0.500
                                             M4:        2.2        3.6  0.818
                                             M5:        1.2        1.2  0.500
                                             M6:        4.6        6.2  0.679
                                             M7:       13.4       26.8  1.000
CTS_40:   preferred: M3 - M4
               277.8     478.4    0.861
                                             M2:        0.2        0.0  0.000
                                             M3:        2.4        4.4  0.917
                                             M4:       55.6       98.9  0.889
                                             M5:      119.6      201.0  0.840
                                             M6:      100.0      174.1  0.871
uart0/clk_baud:   preferred: M3 - M4
                22.4      38.6    0.863
                                             M2:        0.8        0.6  0.375
                                             M3:        4.8        5.2  0.547
                                             M4:        7.4       14.0  0.946
                                             M5:        9.4       18.8  1.000
mclk:   preferred: M3 - M4
                78.8     136.1    0.863
                                             M1:        0.4        0.0  0.000
                                             M2:        0.2        0.2  0.500
                                             M3:        7.0        6.6  0.472
                                             M4:       17.6       29.1  0.826
                                             M5:        9.8       12.6  0.641
                                             M6:       43.8       87.6  1.000
timer0/clk_mux/ClkGated[3]:   preferred: M3 - M4
               207.2     357.9    0.864
                                             M3:        0.6        0.6  0.500
                                             M4:       10.0       19.2  0.963
                                             M5:      196.6      338.1  0.860
clk_periph[13]:   preferred: M3 - M4
               115.2     200.1    0.869
                                             M2:        0.2        0.2  0.500
                                             M3:       30.4       50.5  0.830
                                             M4:       66.0      112.7  0.853
                                             M5:       18.6       36.8  0.990
CTS_28:   preferred: M3 - M4
                11.7      20.4    0.869
                                             M2:        0.7        0.0  0.000
                                             M4:       11.0       20.4  0.928
system0/CTS_4:   preferred: M3 - M4
                17.6      30.6    0.869
                                             M1:        0.6        0.0  0.000
                                             M2:        0.6        0.2  0.167
                                             M3:        1.2        0.0  0.000
                                             M4:        6.2       12.4  1.000
                                             M5:        9.0       18.0  1.000
npu0/NpuSramCLK:   preferred: M3 - M4
                14.0      24.4    0.870
                                             M2:        2.2        3.4  0.764
                                             M3:       11.8       21.0  0.890
gpio3/n_145:   preferred: M3 - M4
                 9.8      17.1    0.871
                                             M2:        0.2        0.1  0.375
                                             M4:        3.6        4.9  0.683
                                             M5:        6.0       12.0  1.000
spi1/clk_baud_src:   preferred: M3 - M4
                14.8      25.8    0.872
                                             M1:        0.8        0.0  0.000
                                             M3:        6.6       11.0  0.833
                                             M4:        7.4       14.8  1.000
clk_cpu:   preferred: M3 - M4
               173.8     303.1    0.872
                                             M1:        0.6        0.0  0.000
                                             M2:        0.2        0.2  0.500
                                             M3:       36.0       56.6  0.786
                                             M4:      112.2      221.5  0.987
                                             M5:       24.8       24.8  0.500
CTS_29:   preferred: M3 - M4
               260.0     454.9    0.875
                                             M2:        0.4        0.4  0.500
                                             M3:      241.4      422.1  0.874
                                             M4:       18.2       32.5  0.891
prt2_in[3]:   preferred: M3 - M4
                 9.9      17.3    0.875
                                             M1:        0.4        0.0  0.000
                                             M2:        0.3        0.0  0.000
                                             M3:        2.4        4.6  0.958
                                             M4:        6.8       12.7  0.934
clk_periph[11]:   preferred: M3 - M4
                27.2      47.7    0.877
                                             M2:        0.2        0.0  0.000
                                             M3:        6.8        8.7  0.639
                                             M4:       20.2       39.0  0.965
spi1/CTS_6:   preferred: M3 - M4
                 5.3       9.3    0.879
                                             M2:        0.1        0.0  0.188
                                             M3:        3.4        5.7  0.831
                                             M4:        1.8        3.6  1.000
CTS_34:   preferred: M3 - M4
               129.4     227.8    0.880
                                             M3:        0.2        0.0  0.000
                                             M4:       12.6       20.0  0.792
                                             M5:      116.6      207.8  0.891
timer1/clk_mux/ClkGated[1]:   preferred: M3 - M4
               171.6     302.7    0.882
                                             M2:        0.4        0.8  1.000
                                             M3:       14.2       19.0  0.669
                                             M4:        3.8        5.2  0.679
                                             M5:      153.2      277.7  0.906
timer1/clk_mux/ClkGated[3]:   preferred: M3 - M4
               185.2     326.7    0.882
                                             M2:        0.6        0.0  0.000
                                             M3:        0.6        1.2  1.000
                                             M4:        3.8        6.5  0.849
                                             M5:      180.2      319.1  0.885
spi0/clk_baud_src:   preferred: M3 - M4
                 8.4      14.8    0.883
                                             M1:        0.4        0.0  0.000
                                             M3:        1.0        0.8  0.420
                                             M4:        7.0       14.0  1.000
CTS_24:   preferred: M3 - M4
                70.8     125.5    0.887
                                             M2:        0.4        0.5  0.632
                                             M3:        0.2        0.0  0.000
                                             M4:       28.4       53.0  0.934
                                             M5:       41.8       72.0  0.862
timer1/CTS_3:   preferred: M3 - M4
               300.8     534.2    0.888
                                             M3:        0.2        0.2  0.500
                                             M4:       17.4       34.8  1.000
                                             M5:      283.2      499.2  0.881
CTS_10:   preferred: M3 - M4
               623.0    1106.8    0.888
                                             M4:       38.2       57.4  0.751
                                             M5:      584.8     1049.5  0.897
clk_periph[1]:   preferred: M3 - M4
                96.4     171.3    0.888
                                             M3:       11.4       18.5  0.811
                                             M4:       16.8       29.4  0.876
                                             M5:       39.0       72.0  0.922
                                             M6:       29.2       51.4  0.880
i2c0/ClkMaster:   preferred: M3 - M4
                73.2     130.2    0.889
                                             M1:        0.4        0.0  0.000
                                             M3:       19.0       30.2  0.796
                                             M4:       36.2       71.2  0.983
                                             M5:       17.6       28.7  0.815
i2c1/CGMaster/CTS_5:   preferred: M3 - M4
                 5.2       9.3    0.894
                                             M1:        1.6        2.2  0.702
                                             M2:        3.6        7.0  0.979
CTS_38:   preferred: M3 - M4
               249.4     445.9    0.894
                                             M3:        0.2        0.0  0.000
                                             M4:       23.6       36.5  0.772
                                             M5:      225.6      409.4  0.907
timer0/clk_mux/ClkGated[0]:   preferred: M3 - M4
               198.8     356.6    0.897
                                             M2:        0.6        0.1  0.045
                                             M3:       12.0       16.6  0.694
                                             M4:        4.4        4.9  0.552
                                             M5:      181.8      335.0  0.921
CTS_19:   preferred: M3 - M4
               572.4    1027.2    0.897
                                             M2:        0.6        0.6  0.500
                                             M3:      107.6      189.7  0.882
                                             M4:       25.6       48.6  0.949
                                             M5:      438.6      788.2  0.899
i2c0/CGMaster/CTS_4:   preferred: M3 - M4
                20.4      36.7    0.900
                                             M1:        0.4        0.0  0.000
                                             M2:        0.2        0.2  0.500
                                             M3:        0.4        0.4  0.500
                                             M4:       19.4       36.1  0.931
CTS_27:   preferred: M3 - M4
               123.8     223.0    0.901
                                             M2:        0.4        0.0  0.000
                                             M3:        0.2        0.2  0.500
                                             M4:        7.4       11.1  0.750
                                             M5:      115.8      211.7  0.914
clk_periph[3]:   preferred: M3 - M4
                70.0     126.2    0.902
                                             M1:        0.4        0.0  0.000
                                             M2:        0.4        0.0  0.000
                                             M3:        4.8        8.7  0.901
                                             M4:       44.4       81.2  0.914
                                             M5:       20.0       36.4  0.910
clk_periph[14]:   preferred: M3 - M4
                98.6     179.5    0.910
                                             M3:       38.2       62.9  0.823
                                             M4:       32.2       60.9  0.945
                                             M5:       10.8       21.0  0.972
                                             M6:       17.4       34.8  1.000
uart1/CTS_14:   preferred: M3 - M4
                27.2      49.6    0.913
                                             M1:        0.8        0.4  0.250
                                             M2:        0.4        0.4  0.500
                                             M3:        0.4        0.0  0.000
                                             M4:       25.6       48.9  0.954
timer0/CTS_3:   preferred: M3 - M4
               400.8     731.9    0.913
                                             M2:        0.4        0.8  1.000
                                             M3:       21.8       32.3  0.742
                                             M4:       72.0      126.6  0.879
                                             M5:      306.6      572.1  0.933
CTS_3:   preferred: M3 - M4
                 6.0      11.0    0.917
                                             M1:        0.4        0.0  0.000
                                             M3:        3.8        7.4  0.974
                                             M4:        1.8        3.6  1.000
uart0/CTS_13:   preferred: M3 - M4
                10.6      19.4    0.917
                                             M1:        0.4        0.0  0.000
                                             M3:        0.8        1.4  0.875
                                             M4:        5.0        9.2  0.925
                                             M5:        4.4        8.8  1.000
adddec0/clk_neg:   preferred: M3 - M4
               246.2     451.9    0.918
                                             M3:        5.0        3.0  0.304
                                             M4:       69.2      134.6  0.972
                                             M5:      172.0      314.3  0.914
CTS_36:   preferred: M3 - M4
               392.8     721.5    0.918
                                             M2:        0.6        0.6  0.500
                                             M3:        6.2        9.0  0.723
                                             M4:       85.6      162.6  0.950
                                             M5:      296.2      540.9  0.913
                                             M6:        4.2        8.4  1.000
system0/CTS_10:   preferred: M3 - M4
                14.4      26.4    0.918
                                             M1:        0.4        0.0  0.000
                                             M2:        0.2        0.2  0.500
                                             M3:        2.4        4.4  0.917
                                             M4:       11.4       21.9  0.958
npu0/NpuClk:   preferred: M3 - M4
               169.2     310.9    0.919
                                             M1:        0.6        0.0  0.000
                                             M2:        1.6        0.8  0.253
                                             M3:       15.0       19.8  0.658
                                             M4:       24.6       47.4  0.964
                                             M5:      127.4      242.9  0.953
timer1/clk_mux/ClkGated[2]:   preferred: M3 - M4
               173.2     318.3    0.919
                                             M1:        0.4        0.0  0.000
                                             M3:        0.4        0.4  0.500
                                             M5:      172.4      317.9  0.922
CTS_15:   preferred: M3 - M4
               784.4    1445.4    0.921
                                             M1:        0.4        0.0  0.000
                                             M2:        0.2        0.0  0.000
                                             M3:        7.4        9.0  0.608
                                             M4:      203.4      346.7  0.852
                                             M5:      382.0      709.3  0.928
                                             M6:      154.2      306.8  0.995
                                             M7:       36.8       73.6  1.000
spi1/CTS_2:   preferred: M3 - M4
               192.6     355.1    0.922
                                             M1:        0.6        0.0  0.000
                                             M4:        3.8        7.6  1.000
                                             M5:      188.2      347.5  0.923
uart0/CTS_7:   preferred: M3 - M4
                49.5      91.4    0.923
                                             M2:        0.8        0.0  0.000
                                             M3:       13.1       21.6  0.821
                                             M4:       25.2       49.1  0.973
                                             M5:       10.4       20.8  1.000
i2c0/CGMaster/CTS_2:   preferred: M3 - M4
                18.0      33.3    0.924
                                             M2:        0.8        0.0  0.025
                                             M3:        7.9       15.3  0.973
                                             M4:        9.4       18.0  0.957
CTS_17:   preferred: M3 - M4
               216.8     402.2    0.928
                                             M2:        0.4        0.0  0.000
                                             M3:        3.8        2.2  0.284
                                             M4:       14.6       22.1  0.757
                                             M5:      130.8      243.6  0.931
                                             M6:       50.0      100.0  1.000
                                             M7:       17.2       34.4  1.000
core/CTS_3:   preferred: M3 - M4
               143.4     266.3    0.929
                                             M2:        1.2        2.0  0.854
                                             M3:        1.0        1.0  0.500
                                             M4:        4.6        8.1  0.875
                                             M5:      136.6      255.2  0.934
spi0/clk_baud:   preferred: M3 - M4
               105.3     195.6    0.929
                                             M2:        0.3        0.0  0.000
                                             M3:        8.4       12.4  0.738
                                             M4:       20.0       38.3  0.957
                                             M5:       76.6      145.0  0.946
CTS_35:   preferred: M3 - M4
               138.2     257.0    0.930
                                             M3:        2.8        5.0  0.886
                                             M4:       22.4       42.1  0.941
                                             M5:      113.0      209.8  0.929
clk_periph[8]:   preferred: M3 - M4
               115.2     214.3    0.930
                                             M2:        0.2        0.4  1.000
                                             M3:        5.4        7.5  0.699
                                             M4:       27.6       49.6  0.899
                                             M5:       82.0      156.7  0.955
clk_periph[6]:   preferred: M3 - M4
               201.8     375.4    0.930
                                             M2:        0.4        0.8  1.000
                                             M3:        7.6       10.2  0.672
                                             M4:      122.4      230.1  0.940
                                             M5:       71.4      134.3  0.941
clk_periph[12]:   preferred: M3 - M4
               864.6    1609.1    0.931
                                             M2:        1.4        2.0  0.714
                                             M3:       12.6       16.6  0.657
                                             M4:      145.4      271.8  0.935
                                             M5:      672.4     1261.5  0.938
                                             M6:       32.8       57.2  0.873
gpio0/CTS_2:   preferred: M3 - M4
                88.0     164.0    0.932
                                             M1:        0.4        0.4  0.500
                                             M2:        0.4        0.6  0.750
                                             M3:        2.8        5.6  1.000
                                             M4:        0.8        1.6  1.000
                                             M5:       83.6      155.8  0.932
adddec0/CTS_5:   preferred: M3 - M4
               908.6    1694.2    0.932
                                             M2:        1.0        0.0  0.000
                                             M3:        5.2        8.4  0.808
                                             M4:      184.2      353.9  0.961
                                             M5:      632.8     1161.9  0.918
                                             M6:       66.2      131.7  0.994
                                             M7:       19.2       38.4  1.000
clk_periph[10]:   preferred: M3 - M4
                74.2     138.4    0.933
                                             M1:        0.4        0.0  0.000
                                             M3:       31.0       55.8  0.899
                                             M4:       42.8       82.7  0.966
timer1/CTS_4:   preferred: M3 - M4
                11.4      21.3    0.934
                                             M3:        1.2        2.0  0.854
                                             M4:       10.2       19.2  0.944
clk_periph[7]:   preferred: M3 - M4
               202.6     382.2    0.943
                                             M2:        0.4        0.0  0.000
                                             M3:        5.2        6.5  0.620
                                             M4:       85.6      166.4  0.972
                                             M5:      111.4      209.3  0.939
adddec0/CTS_4:   preferred: M3 - M4
               589.1    1112.2    0.944
                                             M2:        0.5        0.0  0.000
                                             M3:       15.2       29.8  0.980
                                             M4:      225.2      420.1  0.933
                                             M5:      256.8      480.2  0.935
                                             M6:       91.4      182.0  0.996
CTS_11:   preferred: M3 - M4
                 1.8       3.4    0.944
                                             M2:        0.2        0.2  0.500
                                             M3:        1.6        3.2  1.000
core/CTS_5:   preferred: M3 - M4
               671.4    1269.8    0.946
                                             M3:      104.0      197.5  0.950
                                             M4:      223.6      438.7  0.981
                                             M5:      343.8      633.6  0.921
clk_lfxt:   preferred: M3 - M4
                51.1      96.6    0.946
                                             M3:        2.3        2.7  0.598
                                             M4:       22.8       41.9  0.919
                                             M5:       26.0       52.0  1.000
timer1/CTS_7:   preferred: M3 - M4
                 7.0      13.3    0.950
                                             M2:        0.2        0.2  0.500
                                             M3:        6.8       13.1  0.963
timer1/divider_input:   preferred: M3 - M4
                12.0      22.8    0.950
                                             M1:        0.4        0.0  0.000
                                             M2:        0.4        0.4  0.500
                                             M4:       11.2       22.4  1.000
clk_periph[5]:   preferred: M3 - M4
                44.8      85.3    0.952
                                             M1:        0.4        0.0  0.000
                                             M2:        0.8        0.8  0.500
                                             M3:        2.6        3.1  0.587
                                             M4:       16.2       32.2  0.994
                                             M5:       18.2       36.1  0.990
                                             M6:        6.6       13.2  1.000
clk_periph[15]:   preferred: M3 - M4
                69.6     133.0    0.956
                                             M3:        8.0       12.8  0.801
                                             M4:       29.4       57.6  0.979
                                             M5:       32.2       62.6  0.973
CTS_23:   preferred: M3 - M4
               382.4     732.5    0.958
                                             M4:        4.0        7.6  0.950
                                             M5:      206.4      381.7  0.925
                                             M6:      172.0      343.2  0.998
uart1/baud_clk_src:   preferred: M3 - M4
                18.2      34.9    0.959
                                             M1:        0.4        0.0  0.000
                                             M2:        0.2        0.1  0.375
                                             M3:        1.6        3.1  0.953
                                             M4:        4.8        9.3  0.969
                                             M5:       11.2       22.4  1.000
CTS_26:   preferred: M3 - M4
                47.1      91.2    0.968
                                             M2:        0.1        0.0  0.000
                                             M3:        3.6        4.4  0.611
                                             M4:       43.4       86.8  1.000
timer0/divider_input:   preferred: M3 - M4
                16.8      32.5    0.968
                                             M3:       10.2       20.4  1.000
                                             M4:        6.6       12.1  0.918
uart0/CTS_11:   preferred: M3 - M4
                13.0      25.2    0.969
                                             M1:        0.4        0.0  0.000
                                             M5:        0.4        0.8  1.000
                                             M6:       12.2       24.4  1.000
CTS_7:   preferred: M3 - M4
                 6.6      12.8    0.973
                                             M3:        1.0        2.0  1.000
                                             M4:        5.6       10.8  0.968
i2c1/CGMaster/RC_CG_HIER_INST155/CTS_1:   preferred: M3 - M4
                 8.2      16.0    0.976
                                             M2:        0.4        0.4  0.500
                                             M4:        7.8       15.6  1.000
spi0/sck_slave:   preferred: M3 - M4
                45.8      90.7    0.990
                                             M2:        0.2        0.2  0.500
                                             M3:        0.6        0.9  0.750
                                             M4:        2.6        5.2  1.000
                                             M5:       42.4       84.4  0.995
i2c0/CGMaster/ClkDivided:   preferred: M3 - M4
                21.0      41.8    0.995
                                             M3:        0.2        0.2  0.500
                                             M4:       20.8       41.6  1.000
gpio1/CTS_2:   preferred: M3 - M4
               426.4     849.0    0.996
                                             M2:        0.2        0.0  0.000
                                             M3:        0.6        1.0  0.833
                                             M4:        1.8        3.6  1.000
                                             M5:      142.0      282.4  0.994
                                             M6:      281.8      562.0  0.997
CTS_4:   preferred: M3 - M4
                26.6      53.0    0.996
                                             M2:        0.2        0.2  0.500
                                             M4:        6.6       13.2  1.000
                                             M5:       19.8       39.6  1.000
CTS_12:   preferred: M3 - M4
               395.0     788.9    0.999
                                             M2:        1.0        2.0  1.000
                                             M3:        1.0        1.7  0.825
                                             M4:        2.6        5.2  1.000
                                             M5:      136.6      272.4  0.997
                                             M6:      253.8      507.6  1.000
clk_mem[2]:   preferred: M3 - M4
                 7.0      14.0    1.000
                                             M3:        5.2       10.4  1.000
                                             M4:        1.8        3.6  1.000
timer0/clock_source:   preferred: M3 - M4
                 7.8      15.6    1.000
                                             M3:        4.0        8.0  1.000
                                             M4:        3.8        7.6  1.000
timer0/n_137:   preferred: M3 - M4
                12.2      24.4    1.000
                                             M3:        3.0        6.0  1.000
                                             M4:        9.2       18.4  1.000
-------------------------------------------------------------------------------

 Average ratio:                   0.878
                                             M1:          0.2        0.1  0.194
                                             M2:          0.5        0.4  0.341
                                             M3:          8.5       12.7  0.751
                                             M4:         18.2       31.7  0.868
                                             M5:         43.0       77.6  0.903
                                             M6:          6.7       13.0  0.969
                                             M7:          0.5        1.0  0.980


