********************************************************************************
db2gds 22.14-s007 64 bit (Tue Jan 31 16:35:56 PST 2023)
Build Ref No.: 031 Release Candidate (01-31-2023) [2214_pgs]

Copyright 2023 Cadence Design Systems, Inc.
All rights reserved worldwide.

Build O/S:       Linux x86_64 3.10.0-693.el7.x86_64
Executed on:     atlas (Linux x86_64 5.3.18-lp152.106-default)
Process Id:      70974
Starting Time:   Sat Sep 20 17:17:31 2025 (Sat Sep 20 22:17:31 2025 GMT)
With parameters: pad_ring_70555 erc.db pad_ring -lmap lmapua10p8 -gdslib drc.db -gds_scale 1000 -property 
********************************************************************************

Library name: pad_ring_70555
GDSII file name: erc.db
Cells to be written out: pad_ring
Source Library: pad_ring_70555
Layer mapping file(GDS <- DMC): lmapua10p8
    0 (dt:0) <- 0
    0 (dt:0) <- 0
    0 (dt:0) <- 0
    0 (dt:0) <- 0
    0 (dt:0) <- 0
    0 (dt:0) <- 0
    0 (dt:0) <- 0
    0 (dt:0) <- 0
    0 (dt:0) <- 0
Cell name case: PRESERVE
Option: output object property


                Object Statistics of Cells                            
Cell Name         Box  Polygon     Path   Label Instance Array    Total
----------------------------------------------------------------------
pad_ring            0        0        0       0  2133      0      2133
M2_M1_CDNS_758406635720        0        0        0       0     0      0         0
PFILLER20_G         0        0        0       0     8      0         8
PFILLER10_G         0        0        0       0     4      0         4
PFILLER1_G          0        0        0       0    60      0        60
PFILLER58P95_G        0        0        0       0    54      0        54
PFILLER05_G         0        0        0       0     1      0         1
PFILLER25_G         0        0        0       0     2      0         2
PFILLER97P6_G        0        0        0       0    42      0        42
PFILLER61P3_G        0        0        0       0    21      0        21
PFILLER05A_G        0        0        0       0     0      0         0
PFILLER10A_G        0        0        0       0    72      0        72
PFILLER25A_G        0        0        0       0    77      0        77
PFILLER58P95A_G        0        0        0       0   268      0       268
N65CHIPCDU2_New        0        0        0       0     0      0         0
UCSRN               0        0        0       0    65      0        65
UCSRN_NOVIA         0        0        0       0     0      0         0
VZ_45               0        0        0       0     0      0         0
VX_CO_45            0        0        0       0     0      0         0
PAD70GU_SL          0        0        0       0   108      0       108
PDUW16SDGZ_G        0        0        0       0  1219      0      1219
PCORNER_G           0        0        0       0     2      0         2
HBG526_PL_M3456789_VDD2        0        0        0       0   202      0       202
PVDD1DGZ_G          0        0        0       0   301      0       301
PVDD2POC_G          0        0        0       0     3      0         3
PVDD2DGZ_G          0        0        0       0     3      0         3
PRCUTA_G            0        0        0       0   227      0       227
PVDD3A_G            0        0        0       0   450      0       450
PDB3A_G             0        0        0       0   636      0       636
rppoly_CDNS_758406635720        0        0        0       0     0      0         0
PVSS2DGZ_G          0        0        0       0   283      0       283
HBG526_POSTVSS1DGZ_G        1        1        0       0   311      0       313
HBG526_PREVSS1DGZ_G        0        0        0       0   309      0       309
PVSS3A_G            0        0        0       0   874      0       874
MASCO__A271         0        0        0       0     2      0         2
MASCO__A275         0        0        0       0     2      0         2
MASCO__A276         0        0        0       0     2      0         2
MASCO__A281         0        0        0       0     2      0         2
MASCO__A282         0        0        0       0     2      0         2
MASCO__A284         0        0        0       0     2      0         2
MASCO__B285         0        0        0       0     2      0         2
MASCO__B288         0        0        0       0     2      0         2
MASCO__B291         0        0        0       0     2      0         2
MASCO__B292         0        0        0       0     2      0         2
MASCO__A293         0        0        0       0     2      0         2
MASCO__A294         0        0        0       0     2      0         2
MASCO__A297         0        0        0       0     2      0         2
MASCO__A298         0        0        0       0     2      0         2
MASCO__B299         0        0        0       0     2      0         2
MASCO__B300         0        0        0       0     2      0         2
HBG526_PFILLER5_BASE_G        0        0        0       0   818      0       818
HBG526_PL_M3456789_FILLER5        0        0        0       0   125      0       125
HBG526_V456789XZ_4X4        0        0        0       0     0      0         0
HBG526_V3456789XZ_4X4        0        0        0       0     1      0         1
HBG526_PFILLER1_BASE_G        0        0        0       0   530      0       530
MASCO__B342         0        0        0       0     4      0         4
PFILLER50_G         0        0        0       0     3      0         3
PFILLER5_G          0        0        0       0     2      0         2
PFILLER0005_G        0        0        0       0     0      0         0
MASCO__A339         0        0        0       0     4      0         4
HBG526_PFILLER05_BASE_G        0        0        0       0     0      0         0
HBG526_V3456789XZ_4X4_1        0        0        0       0     1      0         1
HBG526_PL_M3456789_FILLER5A        0        0        0       0   134      0       134
HBG526_BASE_PFILLER5A        0        0        0       0   938      0       938
HBG526_PL_M3456789_BASE2_1        0        0        0       0     6      0         6
HBG526_PL_M3456789_BASE6_1        0        0        0       0     6      0         6
PFILLER5A_G         0        0        0       0     2      0         2
PFILLER1A_G         0        0        0       0   857      0       857
PFILLER0005A_G        0        0        0       0     0      0         0
CONT_VIA1_6         0        0        0       0     0      0         0
VIA7_8              0        0        0       0     0      0         0
HAE261_V8U_UNIT        0        0        0       0     0      0         0
MASCO__X102         0        0        0       0    12      0        12
MASCO__X103         0        0        0       0     4      0         4
MASCO__X105         0        0        0       0     4      0         4
MASCO__Y232         0        0        0       0    11      0        11
HBG526_V2_BASE        0        0        0       0     0      0         0
HBG526_V1_BASE        0        0        0       0     0      0         0
HBG526_OC           0        0        0       0     0      0         0
HBG526_PC           0        0        0       0     0      0         0
HBG526_V1_1         0        0        0       0     0      0         0
HBG526_V1_V2_BASE        0        0        0       0     2      0         2
HBG526_OC_1         0        0        0       0     0      0         0
HBG526_POSTDRV_PBASE_EDGE        0        0        0       0   111      0       111
HBG526_PC_2X1        0        0        0       0     8      0         8
HBG526_PMOS_1        0        0        0       0   154      0       154
HBG526_PMOS         0        0        0       0   176      0       176
HBG526_POSTN        0        0        0       0    74      0        74
HBG526_PREDRV        0        0        0       0  2018      0      2018
HBG526_PL_M3456789_BASE7        0        0        0       0    57      0        57
HBG526_PL_M3456789_BASE5        0        0        0       0    18      0        18
HBG526_PAD_CONNECT        0        0        0       0    26      0        26
HBG526_PL_M3456789_BASE6        0        0        0       0     6      0         6
HBG526_PL_M3456789_BASE_UP        0        0        0       0    45      0        45
HBG526_PL_M3456789_BASE4        0        0        0       0    42      0        42
HBG526_PL_M3456789_BASE3        0        0        0       0    15      0        15
HBG526_PL_M3456789_BASE2        0        0        0       0     9      0         9
HBG526_PL_M3456789_BASE1        0        0        0       0    45      0        45
MASCO__X25          0        0        0       0     8      0         8
MASCO__Y125         0        0        0       0     6      0         6
MASCO__Y128         0        0        0       0     6      0         6
MASCO__Y218         0        0        0       0    11      0        11
MASCO__Y219         0        0        0       0     6      0         6
MASCO__Y220         0        0        0       0     5      0         5
MASCO__Y221         0        0        0       0    11      0        11
MASCO__Y222         0        0        0       0    11      0        11
MASCO__Y223         0        0        0       0    11      0        11
HBG526_SUB_CORNER        0        0        0       0  7155      0      7155
MASCO__B321         0        0        0       0     4      0         4
MASCO__B322         0        0        0       0     4      0         4
MASCO__B327         0        0        0       0     6      0         6
HBG526_V1           0        0        0       0     1      0         1
HBG526_RES_04X22D11        0        0        0       0     0      0         0
HBG526_PC_1_2X1        0        0        0       0     2      0         2
HBG526_NPLUSNVDD1        0        0        0       0    57      0        57
HBG526_PPLUSNVDD1        0        0        0       0    62      0        62
HBG526_POSTN_EDGE_VDD1        0        0        0       0   196      0       196
HBG526_POSTVDD1_PBASE_EDGE        0        0        0       0   238      0       238
HBG526_NMOS10X1D81        0        0        0       0    14      0        14
HBG526_POSTVDD1_CONN_M12_1        0        0        0       0   216      0       216
HBG526_POSTVDD1_CONN_M12        0        0        0       0   224      0       224
HBG526_VDD1_INV_P        0        0        0       0    97      0        97
HBG526_PREVDD1        0        0        0       0   608      0       608
MASCO__X71          0        0        0       0     8      0         8
MASCO__Y179         0        0        0       0     5      0         5
HBG526_PREVDD2        0        0        0       0   187      0       187
HBG526_POSTVDD2POC_G        0        0        0       0   321      0       321
HBG526_V456789XZ_4X4_1        0        0        0       0     0      0         0
HBG526_POST_PRCUT_1        0        0        0       0   369      0       369
HBG526_PRE_PRCUT_1        0        0        0       0   444      0       444
HBG526_PRE_TAVDD_PRCUT        0        0        0       0    23      0        23
MASCO__B303         0        0        0       0     4      0         4
MASCO__A306         0        0        0       0     4      0         4
MASCO__B307         0        0        0       0     3      0         3
MASCO__B308         0        0        0       0     4      0         4
MASCO__B313         0        0        0       0     4      0         4
HBG526_OC_2         0        0        0       0     0      0         0
HBG526_V2_2         0        0        0       0     1      0         1
HBG526_BASE_PVDD3A_RPO_EN_RC_V2        0        0        0       0     6      0         6
HBG526_BASE_PVDD3A_RPO_EN_RC_V12        0        0        0       0    12      0        12
HBG526_BASE_PVDD3        0        0        0       0   111      0       111
HBG526_PC_2         0        0        0       0     0      0         0
HBG526_PMOS5XD4        0        0        0       0    26      0        26
HBG526_RES_D4X22D92        0        0        0       0     0      0         0
HBG526_PC_1_1        0        0        0       0     0      0         0
HBG526_PREVDD3A_RPO_DIS        0        0        0       0   734      0       734
HBG526_BASE_PVDD3A_DCAP_M1        0        0        0       0    49      0        49
HBG526_BASE_PVDD3A_DCAP_M        0        0        0       0    52      0        52
HBG526_MOS36XD5_RPO_DIS        2        0        0       0   211      0       213
HBG526_BASE_PVDD3A_M12_RPO_EN_RC        0        0        0       0   646      0       646
HBG526_C_4X7        0        0        0       0    32      0        32
HBG526_POWERLINE        0        0        0       0   153      0       153
MASCO__X1           0        0        0       0     4      0         4
MASCO__X2           0        0        0       0     4      0         4
MASCO__X3           0        0        0       0    12      0        12
MASCO__X4           0        0        0       0     9      0         9
MASCO__X5           0        0        0       0     9      0         9
MASCO__X6           0        0        0       0    12      0        12
MASCO__X7           0        0        0       0    12      0        12
MASCO__X8           0        0        0       0     9      0         9
MASCO__Y112         0        0        0       0    12      0        12
MASCO__Y157         0        0        0       0     4      0         4
MASCO__Y158         0        0        0       0     7      0         7
MASCO__X242         0        0        0       0     4      0         4
HBG526_V1_2         0        0        0       0     1      0         1
HBG526_POST_EDGE_PDB3A        0        0        0       0   197      0       197
HBG526_DIO_1D7X19_N        0        0        0       0     1      0         1
HBG526_BASE_PDB3A_M2        0        0        0       0   815      0       815
HBG526_BASE_PDB3A_VSS        0        0        0       0     0      0         0
HBG526_DIO_GR_TAVDD        0        0        0       0    56      0        56
HBG526_DIO_1D7X19_P        0        0        0       0     1      0         1
MASCO__X9           0        0        0       0     4      0         4
MASCO__X251         0        0        0       0    12      0        12
HBG526_V2_1         0        0        0       0     0      0         0
HBG526_POSTN_EDGE_VSS2DGZ_G        0        0        0       0   161      0       161
HBG526_POSTVSS2DGZ_PBASE_EDGE        0        0        0       0    86      0        86
HBG526_NPLUSH_D6X22D58_BOT        0        0        0       0    74      0        74
HBG526_NPLUSH_D6X22D58        0        0        0       0    46      0        46
HBG526_PPLUSH_1D66X22D58        0        0        0       0    55      0        55
HBG526_POSTVSS2DGZ_COMM_V2        0        0        0       0   228      0       228
HBG526_PREVSS2DGZ_G        0        0        0       0   359      0       359
MASCO__X17          0        0        0       0     9      0         9
MASCO__X21          0        0        0       0     9      0         9
MASCO__X26          0        0        0       0     7      0         7
MASCO__X27          0        0        0       0    10      0        10
HBG526_POSTN_EDGE_VSS1DGZ_G        0        0        0       0   161      0       161
HBG526_NPLUSH_D6X18D88        0        0        0       0    50      0        50
HBG526_PPLUSH_1D66X18D88        0        0        0       0    48      0        48
HBG526_PPLUSH_D6X18D88        0        0        0       0    44      0        44
HBG526_NPLUSH_1D66X18D88        0        0        0       0    48      0        48
HBG526_POSTVSS1DGZ_COMM_V2        0        0        0       0   228      0       228
HBG526_PREVSSDN_CUT        0        0        0       0   503      0       503
HBG526_PREVDDPST_CUT        0        0        0       0   148      0       148
HBG526_PPLUSH_1D66X8D77        0        0        0       0    66      0        66
HBG526_PREVSS1DGZ_CONN_V12        0        0        0       0    79      0        79
HBG526_NPLUSH_D6X9D54_PVSS1DGZ        0        0        0       0   112      0       112
MASCO__X18          0        0        0       0    11      0        11
MASCO__X20          0        0        0       0     6      0         6
MASCO__X22          0        0        0       0     5      0         5
MASCO__Y123         0        0        0       0     8      0         8
MASCO__X249         0        0        0       0     5      0         5
HBG526_C_8X4        0        0        0       0    80      0        80
HBG526_DIO_3D2X20_P        0        0        0       0   104      0       104
HBG526_DIO_3D2X16D4_P        1        1        0       0     1      0         3
HBG526_DIO_3D2X16D4_N        0        0        0       0     1      0         1
HBG526_BASE_PVSS3A_M12        0        0        0       0  4925      0      4925
MASCO__Y111         0        0        0       0     4      0         4
MASCO__Y113         0        0        0       0     9      0         9
MASCO__X243         0        0        0       0     4      0         4
MASCO__X244         0        0        0       0     4      0         4
MASCO__A272         0        0        0       0     2      0         2
MASCO__B277         0        0        0       0     2      0         2
MASCO__B280         0        0        0       0     2      0         2
MASCO__B286         0        0        0       0     2      0         2
MASCO__B287         0        0        0       0     2      0         2
MASCO__A289         0        0        0       0     2      0         2
MASCO__A290         0        0        0       0     2      0         2
MASCO__B295         0        0        0       0     2      0         2
MASCO__B296         0        0        0       0     2      0         2
HBG526_V2           0        0        0       0     1      0         1
MASCO__X19          0        0        0       0    10      0        10
MASCO__X34          0        0        0       0     9      0         9
MASCO__X35          0        0        0       0     7      0         7
MASCO__X39          0        0        0       0     7      0         7
MASCO__X40          0        0        0       0    12      0        12
MASCO__X41          0        0        0       0     9      0         9
MASCO__X42          0        0        0       0     8      0         8
MASCO__X58          0        0        0       0     4      0         4
MASCO__X66          0        0        0       0    12      0        12
MASCO__Y194         0        0        0       0    10      0        10
MASCO__Y236         0        0        0       0     9      0         9
MASCO__Y237         0        0        0       0     7      0         7
MASCO__Y238         0        0        0       0     7      0         7
MASCO__Y239         0        0        0       0     4      0         4
MASCO__Y240         0        0        0       0     7      0         7
MASCO__Y241         0        0        0       0     4      0         4
MASCO__X263         0        0        0       0     4      0         4
MASCO__X264         0        0        0       0     5      0         5
MASCO__Y270         0        0        0       0     4      0         4
MASCO__X36          0        0        0       0    10      0        10
MASCO__X43          0        0        0       0     5      0         5
MASCO__X65          0        0        0       0     5      0         5
MASCO__X70          0        0        0       0     4      0         4
MASCO__X97          0        0        0       0     4      0         4
MASCO__Y235         0        0        0       0     4      0         4
HBG526_V1_BASE_1        0        0        0       0     0      0         0
HBG526_V2_BASE_1        0        0        0       0     0      0         0
MASCO__X10          0        0        0       0    11      0        11
MASCO__X13          0        0        0       0     8      0         8
MASCO__X14          0        0        0       0     4      0         4
MASCO__X55          0        0        0       0     9      0         9
MASCO__X107         0        0        0       0    12      0        12
MASCO__X108         0        0        0       0    11      0        11
MASCO__X109         0        0        0       0     9      0         9
MASCO__X110         0        0        0       0    10      0        10
MASCO__Y160         0        0        0       0     4      0         4
MASCO__Y165         0        0        0       0     4      0         4
MASCO__Y166         0        0        0       0     7      0         7
MASCO__Y167         0        0        0       0     9      0         9
MASCO__Y168         0        0        0       0    10      0        10
MASCO__Y233         0        0        0       0     7      0         7
MASCO__Y234         0        0        0       0     4      0         4
MASCO__X261         0        0        0       0     5      0         5
MASCO__X262         0        0        0       0     4      0         4
MASCO__Y265         0        0        0       0     4      0         4
MASCO__X57          0        0        0       0     4      0         4
MASCO__X106         0        0        0       0     5      0         5
MASCO__Y159         0        0        0       0     4      0         4
HAE261_V8U_UNIT_4        0        0        0       0     0      0         0
HAE261_V7Z_UNIT_4        0        0        0       0     0      0         0
MASCO__X104         0        0        0       0    12      0        12
MASCO__X31          0        0        0       0    12      0        12
MASCO__X101         0        0        0       0     7      0         7
HBG526_PC_1         0        0        0       0     0      0         0
MASCO__Y231         0        0        0       0     6      0         6
MASCO__X260         0        0        0       0     5      0         5
MASCO__X98          0        0        0       0    11      0        11
MASCO__Y230         0        0        0       0     6      0         6
MASCO__X259         0        0        0       0     6      0         6
HBG526_POSTN_EDGE        0        0        0       0   136      0       136
HBG526_MOS_ESDN01        0        0        0       0   206      0       206
MASCO__X74          0        0        0       0    10      0        10
MASCO__Y176         0        0        0       0     6      0         6
HBG526_PMOS1D2X0D4        0        0        0       0     8      0         8
HBG526_V1_V2        0        0        0       0     2      0         2
HBG526_PIN          0        0        0       0    15      0        15
HBG526_RES_1D5XD5        0        0        0       0    24      0        24
HBG526_PMOS04X1_NEW        0        0        0       0     7      0         7
HBG526_NMOS2X05        0        0        0       0    20      0        20
HBG526_NTN_LS_TINY        0        0        0       0   132      0       132
HBG526_PMOS5D3X9_2        0        0        0       0    42      0        42
HBG526_PREDRVVDD        0        0        0       0   824      0       824
HBG526_NMOS5D15X09        0        0        0       0    48      0        48
HBG526_NMOS2D5X05_1        0        0        0       0    22      0        22
HBG526_PMOS3X04        0        0        0       0    30      0        30
HBG526_PMOS1X04        0        0        0       0    12      0        12
HBG526_NMOS7X06        0        0        0       0    66      0        66
HBG526_PMOS3D5X9        0        0        0       0    34      0        34
HBG526_NMOS3D5X05        0        0        0       0    34      0        34
HBG526_PMOS7X9        0        0        0       0    66      0        66
HBG526_NMOS3D2X05        0        0        0       0    32      0        32
HBG526_PMOS3D5X04        0        0        0       0    34      0        34
HBG526_PMOS21X4        0        0        0       0    42      0        42
HBG526_PMOS19D5X4        0        0        0       0    42      0        42
HBG526_PMOS7X04        0        0        0       0    66      0        66
HBG526_NMOS2D1X09        0        0        0       0    22      0        22
HBG526_NMOS7X05        0        0        0       0    66      0        66
HBG526_NMOS3X05        0        0        0       0    30      0        30
HBG526_PMOS0D8X04        0        0        0       0     8      0         8
MASCO__X23          0        0        0       0     7      0         7
MASCO__X28          0        0        0       0    12      0        12
MASCO__X37          0        0        0       0     7      0         7
MASCO__X38          0        0        0       0    12      0        12
MASCO__X86          0        0        0       0     4      0         4
MASCO__X87          0        0        0       0     6      0         6
MASCO__X88          0        0        0       0     7      0         7
MASCO__X89          0        0        0       0    12      0        12
MASCO__Y131         0        0        0       0    12      0        12
MASCO__Y133         0        0        0       0     9      0         9
MASCO__Y136         0        0        0       0     9      0         9
MASCO__Y224         0        0        0       0     6      0         6
MASCO__Y225         0        0        0       0    12      0        12
MASCO__Y226         0        0        0       0     5      0         5
MASCO__Y227         0        0        0       0    10      0        10
MASCO__A330         0        0        0       0     4      0         4
MASCO__X30          0        0        0       0     5      0         5
MASCO__X77          0        0        0       0     5      0         5
MASCO__X78          0        0        0       0     6      0         6
MASCO__X79          0        0        0       0    12      0        12
MASCO__X82          0        0        0       0     8      0         8
MASCO__X83          0        0        0       0    12      0        12
MASCO__X84          0        0        0       0     4      0         4
MASCO__X85          0        0        0       0     6      0         6
MASCO__Y137         0        0        0       0     6      0         6
MASCO__Y174         0        0        0       0     5      0         5
MASCO__Y181         0        0        0       0    12      0        12
MASCO__Y182         0        0        0       0     9      0         9
MASCO__Y183         0        0        0       0    11      0        11
MASCO__Y184         0        0        0       0     8      0         8
MASCO__Y185         0        0        0       0     5      0         5
MASCO__Y186         0        0        0       0    10      0        10
MASCO__Y187         0        0        0       0    12      0        12
MASCO__Y188         0        0        0       0     9      0         9
MASCO__Y189         0        0        0       0     7      0         7
MASCO__Y190         0        0        0       0     5      0         5
MASCO__Y191         0        0        0       0     8      0         8
MASCO__Y193         0        0        0       0    12      0        12
MASCO__Y195         0        0        0       0     4      0         4
MASCO__Y196         0        0        0       0     8      0         8
MASCO__Y197         0        0        0       0     7      0         7
MASCO__Y198         0        0        0       0     8      0         8
MASCO__Y199         0        0        0       0    12      0        12
MASCO__Y200         0        0        0       0     7      0         7
MASCO__Y201         0        0        0       0     7      0         7
MASCO__Y202         0        0        0       0    12      0        12
MASCO__Y203         0        0        0       0     6      0         6
MASCO__Y204         0        0        0       0     7      0         7
MASCO__Y205         0        0        0       0     9      0         9
MASCO__Y206         0        0        0       0     4      0         4
MASCO__Y207         0        0        0       0    10      0        10
MASCO__Y208         0        0        0       0    11      0        11
MASCO__Y209         0        0        0       0     5      0         5
MASCO__Y210         0        0        0       0    12      0        12
MASCO__Y211         0        0        0       0     4      0         4
MASCO__Y212         0        0        0       0     6      0         6
MASCO__Y213         0        0        0       0     7      0         7
MASCO__Y214         0        0        0       0     6      0         6
MASCO__Y215         0        0        0       0    12      0        12
MASCO__Y217         0        0        0       0     8      0         8
MASCO__X255         0        0        0       0     5      0         5
MASCO__X256         0        0        0       0     5      0         5
MASCO__X257         0        0        0       0     5      0         5
MASCO__X258         0        0        0       0     4      0         4
MASCO__Y266         0        0        0       0    12      0        12
MASCO__Y267         0        0        0       0     5      0         5
MASCO__Y268         0        0        0       0     6      0         6
MASCO__Y269         0        0        0       0     7      0         7
MASCO__X67          0        0        0       0    11      0        11
MASCO__X76          0        0        0       0     5      0         5
MASCO__X45          0        0        0       0     4      0         4
MASCO__X75          0        0        0       0     9      0         9
MASCO__X32          0        0        0       0     7      0         7
HBG526_VDD_CONN_M12        0        0        0       0    10      0        10
HBG526_PREVDD1_CONN_M12        0        0        0       0   206      0       206
HBG526_NMOS0D13X34D99X2        2        0        0       0    44      0        46
HBG526_VDD1_INV_N        0        0        0       0    17      0        17
MASCO__Y180         0        0        0       0     4      0         4
MASCO__X72          0        0        0       0     6      0         6
HBG526_PREVDD        0        0        0       0   842      0       842
HBG526_RES_04X23        0        0        0       0     0      0         0
HBG526_PREVSS1        0        0        0       0   557      0       557
HBG526_RES_H        0        0        0       0     2      0         2
HBG526_PREVSS2        0        0        0       0   601      0       601
HBG526_PREVDDPST        0        0        0       0   373      0       373
HBG526_RES_04X23D87        0        0        0       0     0      0         0
HBG526_PMOS6D5XD5        0        0        0       0    12      0        12
HBG526_POSTVDDPSR_PBASE_EDGE        0        0        0       0   122      0       122
HBG526_RES_04X21D86        0        0        0       0     0      0         0
HBG526_POSTN_EDGE_VDD2        0        0        0       0   156      0       156
HBG526_VDD2_INV_P_1        0        0        0       0    66      0        66
HBG526_VDD2_INV_P        0        0        0       0    66      0        66
HBG526_POST_CONN_M12_RPO_048        0        0        0       0   777      0       777
HBG526_VDD2_C_3D5X3D3        0        0        0       0    52      0        52
HBG526_VDD2_INV_N        0        0        0       0    12      0        12
HBG526_MOS_ESDN01_VDD2_RPO_095        2        0        0       0    99      0       101
MASCO__X44          0        0        0       0     8      0         8
MASCO__X59          0        0        0       0     9      0         9
MASCO__Y169         0        0        0       0     5      0         5
MASCO__Y170         0        0        0       0     5      0         5
MASCO__Y171         0        0        0       0     5      0         5
HBG526_V1_V2_BASE_1        0        0        0       0     2      0         2
MASCO__X53          0        0        0       0     6      0         6
MASCO__X56          0        0        0       0     5      0         5
MASCO__X254         0        0        0       0     9      0         9
MASCO__X51          0        0        0       0     7      0         7
MASCO__X12          0        0        0       0     5      0         5
MASCO__X52          0        0        0       0     7      0         7
HBG526_MOS35D925XD5_RPO_DIS        2        0        0       0   124      0       126
HBG526_PREVDD3A_RPO_DIS_M2        0        0        0       0   206      0       206
HBG526_MOS1D2XD5X2        0        0        0       0    30      0        30
HBG526_PC_1_2X1_1        0        0        0       0     2      0         2
MASCO__X49          0        0        0       0     5      0         5
MASCO__Y163         0        0        0       0    12      0        12
MASCO__X48          0        0        0       0    10      0        10
MASCO__Y162         0        0        0       0    10      0        10
MASCO__X11          0        0        0       0    12      0        12
MASCO__X46          0        0        0       0     6      0         6
MASCO__Y154         0        0        0       0     4      0         4
MASCO__Y161         0        0        0       0     4      0         4
HBG526_PL_M3456789_BASE5_1        0        0        0       0    18      0        18
HBG526_PL_M3456789_BASE1_1        0        0        0       0    57      0        57
MASCO__A304         0        0        0       0     3      0         3
MASCO__A310         0        0        0       0     4      0         4
MASCO__X50          0        0        0       0     6      0         6
HBG526_DIO_1D7X19        0        0        0       0   124      0       124
MASCO__X16          0        0        0       0    10      0        10
MASCO__Y143         0        0        0       0     6      0         6
MASCO__Y145         0        0        0       0     6      0         6
MASCO__Y146         0        0        0       0     6      0         6
MASCO__Y147         0        0        0       0     6      0         6
MASCO__Y148         0        0        0       0     6      0         6
MASCO__Y149         0        0        0       0     6      0         6
MASCO__Y150         0        0        0       0     6      0         6
MASCO__Y151         0        0        0       0     6      0         6
MASCO__Y152         0        0        0       0     6      0         6
MASCO__Y153         0        0        0       0     6      0         6
MASCO__X252         0        0        0       0     4      0         4
MASCO__X253         0        0        0       0     6      0         6
MASCO__Y142         0        0        0       0    10      0        10
MASCO__Y144         0        0        0       0    10      0        10
MASCO__Y129         0        0        0       0     4      0         4
MASCO__Y141         0        0        0       0     4      0         4
MASCO__X33          0        0        0       0    12      0        12
MASCO__Y140         0        0        0       0     6      0         6
MASCO__X29          0        0        0       0     8      0         8
MASCO__Y126         0        0        0       0     6      0         6
MASCO__Y138         0        0        0       0     6      0         6
MASCO__Y139         0        0        0       0     6      0         6
MASCO__X250         0        0        0       0     5      0         5
HBG526_PREVSS2DGZ_CONN_V12        0        0        0       0    83      0        83
HBG526_NPLUSH_D6X9D54        0        0        0       0    40      0        40
MASCO__Y130         0        0        0       0     7      0         7
MASCO__Y127         0        0        0       0     6      0         6
MASCO__Y132         0        0        0       0     9      0         9
MASCO__Y134         0        0        0       0     6      0         6
MASCO__Y135         0        0        0       0     6      0         6
MASCO__Y124         0        0        0       0     6      0         6
MASCO__Y122         0        0        0       0     4      0         4
HBG526_DIO_3D2X16D4        0        0        0       0    80      0        80
MASCO__Y114         0        0        0       0     5      0         5
MASCO__Y116         0        0        0       0     5      0         5
MASCO__Y117         0        0        0       0    10      0        10
MASCO__Y118         0        0        0       0     5      0         5
MASCO__Y119         0        0        0       0    10      0        10
MASCO__Y120         0        0        0       0    10      0        10
MASCO__X245         0        0        0       0     7      0         7
MASCO__X246         0        0        0       0     5      0         5
MASCO__X247         0        0        0       0     4      0         4
MASCO__X248         0        0        0       0     5      0         5
MASCO__B278         0        0        0       0     2      0         2
MASCO__B279         0        0        0       0     2      0         2
MASCO__X99          0        0        0       0     9      0         9
MASCO__X100         0        0        0       0     5      0         5
MASCO__X96          0        0        0       0     6      0         6
MASCO__X64          0        0        0       0    10      0        10
MASCO__X94          0        0        0       0    12      0        12
MASCO__X95          0        0        0       0     5      0         5
MASCO__Y229         0        0        0       0    10      0        10
MASCO__X93          0        0        0       0     4      0         4
MASCO__X91          0        0        0       0     5      0         5
MASCO__X92          0        0        0       0    10      0        10
MASCO__Y228         0        0        0       0    11      0        11
MASCO__X90          0        0        0       0     5      0         5
MASCO__X81          0        0        0       0     5      0         5
MASCO__X80          0        0        0       0     4      0         4
MASCO__Y192         0        0        0       0    11      0        11
MASCO__Y216         0        0        0       0     5      0         5
MASCO__X61          0        0        0       0     9      0         9
MASCO__X73          0        0        0       0    12      0        12
MASCO__X69          0        0        0       0    11      0        11
MASCO__Y178         0        0        0       0    11      0        11
MASCO__X68          0        0        0       0    11      0        11
MASCO__Y177         0        0        0       0     5      0         5
MASCO__Y175         0        0        0       0     7      0         7
MASCO__X60          0        0        0       0     8      0         8
MASCO__Y173         0        0        0       0     5      0         5
MASCO__X62          0        0        0       0    12      0        12
MASCO__Y172         0        0        0       0    11      0        11
MASCO__Y164         0        0        0       0    10      0        10
MASCO__X15          0        0        0       0    11      0        11
MASCO__Y155         0        0        0       0     9      0         9
MASCO__Y156         0        0        0       0    10      0        10
MASCO__X47          0        0        0       0     4      0         4
MASCO__X24          0        0        0       0     9      0         9
MASCO__Y121         0        0        0       0     4      0         4
MASCO__Y115         0        0        0       0    10      0        10
MASCO__X63          0        0        0       0    11      0        11
MASCO__X54          0        0        0       0    11      0        11
----------------------------------------------------------------------

Object Statistics of Layers
Layer   Objects
----------------
   0          12
----------------

Object Summary
------------------
     Box        10
 Polygon         2
    Path         0
   Label         0
Instance     43856
   Array         0
------------------
   Total     43868


Output property: 43856
Total CPU Time          : 0(s)
Total Real Time         : 0(s)
Peak Memory Used        : 7(M)
