********************************************************************************
db2gds 22.14-s007 64 bit (Tue Jan 31 16:35:56 PST 2023)
Build Ref No.: 031 Release Candidate (01-31-2023) [2214_pgs]

Copyright 2023 Cadence Design Systems, Inc.
All rights reserved worldwide.

Build O/S:       Linux x86_64 3.10.0-693.el7.x86_64
Executed on:     atlas (Linux x86_64 5.3.18-lp152.106-default)
Process Id:      119606
Starting Time:   Tue Sep 30 00:43:36 2025 (Tue Sep 30 05:43:36 2025 GMT)
With parameters: GlitchFilterBiEdge_119045 erc.db GlitchFilterBiEdge -lmap lmapvrMIst -gdslib drc.db -gds_scale 1000 -property 
********************************************************************************

Library name: GlitchFilterBiEdge_119045
GDSII file name: erc.db
Cells to be written out: GlitchFilterBiEdge
Source Library: GlitchFilterBiEdge_119045
Layer mapping file(GDS <- DMC): lmapvrMIst
    0 (dt:0) <- 0
    0 (dt:0) <- 0
    0 (dt:0) <- 0
    0 (dt:0) <- 0
    0 (dt:0) <- 0
    0 (dt:0) <- 0
    0 (dt:0) <- 0
    0 (dt:0) <- 0
    0 (dt:0) <- 0
Cell name case: PRESERVE
Option: output object property


                Object Statistics of Cells                            
Cell Name         Box  Polygon     Path   Label Instance Array    Total
----------------------------------------------------------------------
GlitchFilterBiEdge        0        0        0       0    10      0        10
M1_PO_CDNS_759211010190        0        0        0       0     0      0         0
M1_PO_CDNS_759211010191        0        0        0       0     0      0         0
pch_hvt_CDNS_759211010191        0        0        0       0     0      0         0
----------------------------------------------------------------------

Object Statistics of Layers
Layer   Objects
----------------
----------------

Object Summary
------------------
     Box         0
 Polygon         0
    Path         0
   Label         0
Instance        10
   Array         0
------------------
   Total        10


Output property: 10
Total CPU Time          : 0(s)
Total Real Time         : 0(s)
Peak Memory Used        : 7(M)
