********************************************************************************
db2gds 22.14-s007 64 bit (Tue Jan 31 16:35:56 PST 2023)
Build Ref No.: 031 Release Candidate (01-31-2023) [2214_pgs]

Copyright 2023 Cadence Design Systems, Inc.
All rights reserved worldwide.

Build O/S:       Linux x86_64 3.10.0-693.el7.x86_64
Executed on:     atlas (Linux x86_64 5.3.18-lp152.106-default)
Process Id:      79465
Starting Time:   Tue Sep 23 12:37:46 2025 (Tue Sep 23 17:37:46 2025 GMT)
With parameters: top_level_sch_78991 erc.db top_level_sch -lmap lmapWxGlAk -gdslib drc.db -gds_scale 1000 -property 
********************************************************************************

Library name: top_level_sch_78991
GDSII file name: erc.db
Cells to be written out: top_level_sch
Source Library: top_level_sch_78991
Layer mapping file(GDS <- DMC): lmapWxGlAk
    0 (dt:0) <- 0
    0 (dt:0) <- 0
    0 (dt:0) <- 0
    0 (dt:0) <- 0
    0 (dt:0) <- 0
    0 (dt:0) <- 0
    0 (dt:0) <- 0
    0 (dt:0) <- 0
    0 (dt:0) <- 0
Cell name case: PRESERVE
Option: output object property


                Object Statistics of Cells                            
Cell Name         Box  Polygon     Path   Label Instance Array    Total
----------------------------------------------------------------------
top_level_sch        0        0        0       0   438      0       438
M3_M2_CDNS_758649056990        0        0        0       0     0      0         0
M4_M3_CDNS_758649056991        0        0        0       0     0      0         0
M5_M4_CDNS_758649056992        0        0        0       0     0      0         0
M4_M3_CDNS_758649056994        0        0        0       0     0      0         0
M3_M2_CDNS_758649056995        0        0        0       0     0      0         0
M4_M3_CDNS_758649056996        0        0        0       0     0      0         0
M3_M2_CDNS_758649056997        0        0        0       0     0      0         0
M3_M2_CDNS_758649056998        0        0        0       0     0      0         0
M4_M3_CDNS_758649056999        0        0        0       0     0      0         0
M3_M2_CDNS_7586490569910        0        0        0       0     0      0         0
M2_M1_CDNS_7586490569911        0        0        0       0     0      0         0
M2_M1_CDNS_7586490569912        0        0        0       0     0      0         0
M1_PO_CDNS_7586490569913        0        0        0       0     0      0         0
M3_M2_CDNS_7586490569914        0        0        0       0     0      0         0
M5_M4_CDNS_7586490569916        0        0        0       0     0      0         0
M2_M1_CDNS_7586490569917        0        0        0       0     0      0         0
M3_M2_CDNS_7586490569919        0        0        0       0     0      0         0
M2_M1_CDNS_7586490569920        0        0        0       0     0      0         0
M2_M1_CDNS_7586490569921        0        0        0       0     0      0         0
M3_M2_CDNS_7586490569923        0        0        0       0     0      0         0
M5_M4_CDNS_7586490569924        0        0        0       0     0      0         0
M4_M3_CDNS_7586490569925        0        0        0       0     0      0         0
M3_M2_CDNS_7586490569926        0        0        0       0     0      0         0
M2_M1_CDNS_7586490569927        0        0        0       0     0      0         0
M2_M1_CDNS_7586490569928        0        0        0       0     0      0         0
M5_M4_CDNS_7586490569931        0        0        0       0     0      0         0
M4_M3_CDNS_7586490569932        0        0        0       0     0      0         0
M3_M2_CDNS_7586490569933        0        0        0       0     0      0         0
M2_M1_CDNS_7586490569934        0        0        0       0     0      0         0
M4_M3_CDNS_7586490569936        0        0        0       0     0      0         0
M3_M2_CDNS_7586490569938        0        0        0       0     0      0         0
M4_M3_CDNS_7586490569939        0        0        0       0     0      0         0
M2_M1_CDNS_7586490569940        0        0        0       0     0      0         0
potentiostat_pmos_sch4lay        0        0        0       0   979      0       979
M2_M1_CDNS_7586490569973        0        0        0       0     0      0         0
M2_M1_CDNS_7586490569975        0        0        0       0     0      0         0
M2_M1_CDNS_7586490569976        0        0        0       0     0      0         0
M1_PO_CDNS_7586490569977        0        0        0       0     0      0         0
M1_OD_CDNS_7586490569978        0        0        0       0     0      0         0
LVLD10A25PP         0        0        0       0    47      0        47
LVLD10A25PP6        0        0        0       0     3      0         3
MUX2A               0        0        0       0    33      0        33
Dac2V5R2R14         0        0        0       0   447      0       447
LVLD10A25PP14        0        0        0       0     7      0         7
OpAmpCurrentMirrorP        0        0        0       0   240      0       240
BiasGenCascWideSwingGlobal        0        0        0       0   651      0       651
PCLAMPA_G           0        0        0       0   210      0       210
pch_25_CDNS_75864905699212        0        0        0       0     0      0         0
NEW_ADC_Main_2V5_Sync_0p13s_0p70lsb        0        0        0       0  1833      0      1833
nch_25_CDNS_75864905699305        0        0        0       0     0      0         0
dualSlope_sch4lay        0        0        0       0   228      0       228
M1_PO_CDNS_7586490569941        0        0        0       0     0      0         0
M1_PO_CDNS_7586490569942        0        0        0       0     0      0         0
M1_PO_CDNS_7586490569945        0        0        0       0     0      0         0
M2_M1_CDNS_7586490569946        0        0        0       0     0      0         0
M1_PO_CDNS_7586490569947        0        0        0       0     0      0         0
M3_M2_CDNS_7586490569950        0        0        0       0     0      0         0
M2_M1_CDNS_7586490569951        0        0        0       0     0      0         0
M3_M2_CDNS_7586490569952        0        0        0       0     0      0         0
M2_M1_CDNS_7586490569953        0        0        0       0     0      0         0
pch_25_mac_CDNS_758649056990        0        0        0       0     0      0         0
M1_PO_CDNS_7586490569954        0        0        0       0     0      0         0
M1_PO_CDNS_7586490569955        0        0        0       0     0      0         0
M1_PO_CDNS_7586490569956        0        0        0       0     0      0         0
M1_PO_CDNS_7586490569957        0        0        0       0     0      0         0
M3_M2_CDNS_7586490569958        0        0        0       0     0      0         0
M8_M7_CDNS_7586490569961        0        0        0       0     0      0         0
M7_M6_CDNS_7586490569962        0        0        0       0     0      0         0
M6_M5_CDNS_7586490569963        0        0        0       0     0      0         0
M5_M4_CDNS_7586490569964        0        0        0       0     0      0         0
M4_M3_CDNS_7586490569965        0        0        0       0     0      0         0
M3_M2_CDNS_7586490569966        0        0        0       0     0      0         0
M2_M1_CDNS_7586490569967        0        0        0       0     0      0         0
pch_25_mac_CDNS_758649056992        0        0        0       0     0      0         0
pch_25_mac_CDNS_758649056993        0        0        0       0     0      0         0
nch_25_mac_CDNS_758649056995        0        0        0       0     0      0         0
nch_25_mac_CDNS_758649056996        0        0        0       0     0      0         0
rnpoly_CDNS_7586490569910        0        0        0       0     0      0         0
rnpoly_CDNS_7586490569911        0        0        0       0     0      0         0
rnpoly_CDNS_7586490569914        0        0        0       0     0      0         0
rnpoly_CDNS_7586490569915        0        0        0       0     0      0         0
pch_25_mac_CDNS_7586490569916        0        0        0       0     0      0         0
nch_25_mac_CDNS_7586490569918        0        0        0       0     0      0         0
rnpoly_CDNS_7586490569919        0        0        0       0     0      0         0
nch_25_mac_CDNS_7586490569927        0        0        0       0     0      0         0
pch_25_mac_CDNS_7586490569928        0        0        0       0     0      0         0
nch_25_mac_CDNS_7586490569930        0        0        0       0     0      0         0
pch_25_mac_CDNS_7586490569931        0        0        0       0     0      0         0
pch_25_mac_CDNS_7586490569933        0        0        0       0     0      0         0
pch_25_mac_CDNS_7586490569936        0        0        0       0     0      0         0
nch_25_mac_CDNS_7586490569937        0        0        0       0     0      0         0
pch_25_mac_CDNS_7586490569939        0        0        0       0     0      0         0
nch_25_mac_CDNS_7586490569940        0        0        0       0     0      0         0
nch_25_mac_CDNS_7586490569942        0        0        0       0     0      0         0
nch_25_mac_CDNS_7586490569943        0        0        0       0     0      0         0
nch_25_mac_CDNS_7586490569946        0        0        0       0     0      0         0
nch_25_mac_CDNS_7586490569950        0        0        0       0     0      0         0
nch_25_mac_CDNS_7586490569957        0        0        0       0     0      0         0
pch_25_mac_CDNS_7586490569958        0        0        0       0     0      0         0
pch_25_mac_CDNS_7586490569959        0        0        0       0     0      0         0
pch_25_mac_CDNS_7586490569960        0        0        0       0     0      0         0
pch_25_mac_CDNS_7586490569962        0        0        0       0     0      0         0
pch_25_mac_CDNS_7586490569963        0        0        0       0     0      0         0
nch_25_mac_CDNS_7586490569964        0        0        0       0     0      0         0
nch_25_mac_CDNS_7586490569965        0        0        0       0     0      0         0
pch_25_mac_CDNS_7586490569966        0        0        0       0     0      0         0
pch_25_mac_CDNS_7586490569970        0        0        0       0     0      0         0
nch_25_mac_CDNS_7586490569972        0        0        0       0     0      0         0
pch_25_mac_CDNS_7586490569973        0        0        0       0     0      0         0
nch_25_mac_CDNS_7586490569974        0        0        0       0     0      0         0
pch_25_mac_CDNS_7586490569977        0        0        0       0     0      0         0
rppolywo_CDNS_7586490569978        0        0        0       0     0      0         0
TGP2A               0        0        0       0     7      0         7
pch_25_mac_CDNS_7586490569983        0        0        0       0     0      0         0
pch_25_mac_CDNS_7586490569984        0        0        0       0     0      0         0
pch_25_mac_CDNS_7586490569985        0        0        0       0     0      0         0
pch_25_mac_CDNS_7586490569986        0        0        0       0     0      0         0
pch_25_mac_CDNS_7586490569987        0        0        0       0     0      0         0
pch_25_mac_CDNS_7586490569988        0        0        0       0     0      0         0
pch_25_mac_CDNS_7586490569989        0        0        0       0     0      0         0
pch_25_mac_CDNS_7586490569990        0        0        0       0     0      0         0
folded_cascode_pmos        0        0        0       0   499      0       499
pch_25_mac_CDNS_75864905699116        0        0        0       0     0      0         0
pch_25_mac_CDNS_75864905699117        0        0        0       0     0      0         0
pch_25_mac_CDNS_75864905699118        0        0        0       0     0      0         0
pch_25_mac_CDNS_75864905699120        0        0        0       0     0      0         0
M2_M1_CDNS_7586490569972        0        0        0       0     0      0         0
nch_25_CDNS_75864905699125        0        0        0       0     0      0         0
pch_25_CDNS_75864905699126        0        0        0       0     0      0         0
M1_PO_CDNS_7586490569969        0        0        0       0     0      0         0
M1_OD_CDNS_7586490569979        0        0        0       0     0      0         0
nch_25x_CDNS_75864905699127        0        0        0       0     0      0         0
nch_25x_CDNS_75864905699128        0        0        0       0     0      0         0
nch_25x_CDNS_75864905699129        0        0        0       0     0      0         0
nch_25x_CDNS_75864905699130        0        0        0       0     0      0         0
pch_25x_CDNS_75864905699131        0        0        0       0     0      0         0
pch_25x_CDNS_75864905699132        0        0        0       0     0      0         0
pch_25x_CDNS_75864905699133        0        0        0       0     0      0         0
pch_25x_CDNS_75864905699134        0        0        0       0     0      0         0
nch_25x_CDNS_75864905699135        0        0        0       0     0      0         0
pch_25x_CDNS_75864905699136        0        0        0       0     0      0         0
M3_M2_CDNS_7586490569995        0        0        0       0     0      0         0
M2_M1_CDNS_75864905699158        0        0        0       0     0      0         0
M1_OD_CDNS_75864905699159        0        0        0       0     0      0         0
rppolywo_CDNS_75864905699165        0        0        0       0     0      0         0
AND2X8              0        0        0       0     7      0         7
MASCO__B27          0        0        0       0     2      0         2
MASCO__B28          0        0        0       0     2      0         2
MASCO__B29          0        0        0       0     2      0         2
MASCO__B30          0        0        0       0     2      0         2
M1_OD_CDNS_7586490569970        0        0        0       0     0      0         0
nch_25_macx_CDNS_7586490569979        0        0        0       0     0      0         0
pch_25_macx_CDNS_7586490569980        0        0        0       0     0      0         0
pch_25_macx_CDNS_7586490569981        0        0        0       0     0      0         0
nch_25_macx_CDNS_7586490569982        0        0        0       0     0      0         0
M6_M5_CDNS_7586490569998        0        0        0       0     0      0         0
M7_M6_CDNS_7586490569999        0        0        0       0     0      0         0
M1_OD_CDNS_75864905699147        0        0        0       0     0      0         0
nch_25_macx_CDNS_75864905699162        0        0        0       0     0      0         0
pch_25_macx_CDNS_75864905699167        0        0        0       0     0      0         0
M3_M2_CDNS_75864905699164        0        0        0       0     0      0         0
M2_M1_CDNS_75864905699165        0        0        0       0     0      0         0
M8_M7_CDNS_75864905699168        0        0        0       0     0      0         0
pch_25_mac_CDNS_75864905699186        0        0        0       0     0      0         0
pch_25_mac_CDNS_75864905699187        0        0        0       0     0      0         0
nch_25_macx_CDNS_75864905699191        0        0        0       0     0      0         0
nch_25_macx_CDNS_75864905699192        0        0        0       0     0      0         0
mimcap_CDNS_75864905699193        0        0        0       0     0      0         0
nch_25_macx_CDNS_75864905699194        0        0        0       0     0      0         0
nch_25_macx_CDNS_75864905699195        0        0        0       0     0      0         0
pch_25_macx_CDNS_75864905699200        0        0        0       0     0      0         0
pch_25_macx_CDNS_75864905699201        0        0        0       0     0      0         0
pch_25_macx_CDNS_75864905699202        0        0        0       0     0      0         0
pch_25_macx_CDNS_75864905699203        0        0        0       0     0      0         0
nch_25_macx_CDNS_75864905699206        0        0        0       0     0      0         0
nch_25_macx_CDNS_75864905699207        0        0        0       0     0      0         0
M2_M1_CDNS_7586490569981        0        0        0       0     0      0         0
M3_M2_CDNS_7586490569982        0        0        0       0     0      0         0
M2_M1_CDNS_7586490569983        0        0        0       0     0      0         0
M2_M1_CDNS_7586490569984        0        0        0       0     0      0         0
M2_M1_CDNS_7586490569985        0        0        0       0     0      0         0
M2_M1_CDNS_7586490569987        0        0        0       0     0      0         0
M8_M7_CDNS_7586490569988        0        0        0       0     0      0         0
M7_M6_CDNS_7586490569989        0        0        0       0     0      0         0
M6_M5_CDNS_7586490569990        0        0        0       0     0      0         0
M5_M4_CDNS_7586490569991        0        0        0       0     0      0         0
M4_M3_CDNS_7586490569992        0        0        0       0     0      0         0
M3_M2_CDNS_7586490569993        0        0        0       0     0      0         0
M2_M1_CDNS_7586490569994        0        0        0       0     0      0         0
M3_M2_CDNS_7586490569996        0        0        0       0     0      0         0
M2_M1_CDNS_7586490569997        0        0        0       0     0      0         0
M3_M2_CDNS_75864905699100        0        0        0       0     0      0         0
M4_M3_CDNS_75864905699101        0        0        0       0     0      0         0
M5_M4_CDNS_75864905699102        0        0        0       0     0      0         0
M3_M2_CDNS_75864905699103        0        0        0       0     0      0         0
M3_M2_CDNS_75864905699104        0        0        0       0     0      0         0
M3_M2_CDNS_75864905699106        0        0        0       0     0      0         0
M3_M2_CDNS_75864905699107        0        0        0       0     0      0         0
M4_M3_CDNS_75864905699108        0        0        0       0     0      0         0
M5_M4_CDNS_75864905699109        0        0        0       0     0      0         0
M5_M4_CDNS_75864905699110        0        0        0       0     0      0         0
M4_M3_CDNS_75864905699111        0        0        0       0     0      0         0
M3_M2_CDNS_75864905699113        0        0        0       0     0      0         0
M3_M2_CDNS_75864905699114        0        0        0       0     0      0         0
M4_M3_CDNS_75864905699115        0        0        0       0     0      0         0
M3_M2_CDNS_75864905699116        0        0        0       0     0      0         0
M2_M1_CDNS_75864905699117        0        0        0       0     0      0         0
M3_M2_CDNS_75864905699118        0        0        0       0     0      0         0
M5_M4_CDNS_75864905699119        0        0        0       0     0      0         0
M4_M3_CDNS_75864905699120        0        0        0       0     0      0         0
M4_M3_CDNS_75864905699121        0        0        0       0     0      0         0
M4_M3_CDNS_75864905699122        0        0        0       0     0      0         0
M5_M4_CDNS_75864905699124        0        0        0       0     0      0         0
M4_M3_CDNS_75864905699125        0        0        0       0     0      0         0
M5_M4_CDNS_75864905699129        0        0        0       0     0      0         0
M3_M2_CDNS_75864905699131        0        0        0       0     0      0         0
M4_M3_CDNS_75864905699132        0        0        0       0     0      0         0
M4_M3_CDNS_75864905699134        0        0        0       0     0      0         0
M4_M3_CDNS_75864905699138        0        0        0       0     0      0         0
M3_M2_CDNS_75864905699140        0        0        0       0     0      0         0
BiasGenCascWideSwing        0        0        0       0   218      0       218
TGN16A              0        0        0       0     8      0         8
DacPowerSupply        0        0        0       0   109      0       109
mimcap_CDNS_75864905699185        0        0        0       0     0      0         0
TGP16A              0        0        0       0     8      0         8
HBG526_SUB_V3A_SIDEA_RPO_095        0        0        0       0   374      0       374
HBG526_R_UNIT        0        0        0       0     0      0         0
HBG526_PC_2         0        0        0       0     0      0         0
HBG526_UNT_PCLAMPA_RPO_095        0        0        0       0   250      0       250
HBG526_NMOS30D7X055X2_RPO_095        0        0        0       0   219      0       219
MASCO__X2           0        0        0       0     8      0         8
MASCO__X3           0        0        0       0    12      0        12
MASCO__Y17          0        0        0       0     6      0         6
MASCO__Y18          0        0        0       0     7      0         7
MASCO__Y19          0        0        0       0     9      0         9
M3_M2_CDNS_75864905699169        0        0        0       0     0      0         0
M5_M4_CDNS_75864905699172        0        0        0       0     0      0         0
M2_M1_CDNS_75864905699174        0        0        0       0     0      0         0
M2_M1_CDNS_75864905699176        0        0        0       0     0      0         0
M3_M2_CDNS_75864905699177        0        0        0       0     0      0         0
M4_M3_CDNS_75864905699178        0        0        0       0     0      0         0
M1_OD_CDNS_75864905699179        0        0        0       0     0      0         0
M5_M4_CDNS_75864905699180        0        0        0       0     0      0         0
M3_M2_CDNS_75864905699181        0        0        0       0     0      0         0
M5_M4_CDNS_75864905699185        0        0        0       0     0      0         0
M1_OD_CDNS_75864905699186        0        0        0       0     0      0         0
M7_M6_CDNS_75864905699187        0        0        0       0     0      0         0
M3_M2_CDNS_75864905699188        0        0        0       0     0      0         0
M6_M5_CDNS_75864905699189        0        0        0       0     0      0         0
M5_M4_CDNS_75864905699190        0        0        0       0     0      0         0
M5_M4_CDNS_75864905699193        0        0        0       0     0      0         0
M3_M2_CDNS_75864905699198        0        0        0       0     0      0         0
M5_M4_CDNS_75864905699201        0        0        0       0     0      0         0
M5_M4_CDNS_75864905699203        0        0        0       0     0      0         0
M2_M1_CDNS_75864905699204        0        0        0       0     0      0         0
M1_PO_CDNS_75864905699206        0        0        0       0     0      0         0
M2_M1_CDNS_75864905699207        0        0        0       0     0      0         0
M2_M1_CDNS_75864905699208        0        0        0       0     0      0         0
M2_M1_CDNS_75864905699209        0        0        0       0     0      0         0
M1_PO_CDNS_75864905699210        0        0        0       0     0      0         0
pch_25_CDNS_75864905699210        0        0        0       0     0      0         0
pch_25_CDNS_75864905699213        0        0        0       0     0      0         0
pch_25_CDNS_75864905699216        0        0        0       0     0      0         0
nch_25_CDNS_75864905699217        0        0        0       0     0      0         0
nch_25_CDNS_75864905699219        0        0        0       0     0      0         0
LS10TO25FastFallBuf_comp        0        0        0       0    40      0        40
LS10TO25DualOutput_r1        0        0        0       0    39      0        39
rppolywo_CDNS_75864905699222        0        0        0       0     0      0         0
LS25TO10Dual        0        0        0       0    38      0        38
M7_M6_CDNS_75864905699215        0        0        0       0     0      0         0
M5_M4_CDNS_75864905699216        0        0        0       0     0      0         0
M6_M5_CDNS_75864905699217        0        0        0       0     0      0         0
M4_M3_CDNS_75864905699218        0        0        0       0     0      0         0
M6_M5_CDNS_75864905699219        0        0        0       0     0      0         0
M5_M4_CDNS_75864905699220        0        0        0       0     0      0         0
M7_M6_CDNS_75864905699221        0        0        0       0     0      0         0
M3_M2_CDNS_75864905699222        0        0        0       0     0      0         0
M2_M1_CDNS_75864905699230        0        0        0       0     0      0         0
nch_25_mac_CDNS_75864905699231        0        0        0       0     0      0         0
pch_25_mac_CDNS_75864905699236        0        0        0       0     0      0         0
nch_25_mac_CDNS_75864905699244        0        0        0       0     0      0         0
pch_25_mac_CDNS_75864905699245        0        0        0       0     0      0         0
Comparator_2V5_Mei        0        0        0       0   176      0       176
M2_M1_CDNS_75864905699233        0        0        0       0     0      0         0
M2_M1_CDNS_75864905699234        0        0        0       0     0      0         0
M3_M2_CDNS_75864905699235        0        0        0       0     0      0         0
M3_M2_CDNS_75864905699236        0        0        0       0     0      0         0
M3_M2_CDNS_75864905699238        0        0        0       0     0      0         0
M1_OD_CDNS_75864905699239        0        0        0       0     0      0         0
NOR2X0P5MA10TH        0        0        0       0     0      0         0
OR2X1MA10TH         0        0        0       0     0      0         0
INVX1BA10TH         0        0        0       0     0      0         0
NAND2X1BA10TH        0        0        0       0     0      0         0
DFFNRPQX1MA10TH_Spacing_Modded        0        0        0       0     0      0         0
DFFNSQX1MA10TH_Spacing_Modded        0        0        0       0     0      0         0
DFFNSRPQX1MA10TH_Spacing_Modded        0        0        0       0     0      0         0
M1_PO_CDNS_75864905699240        0        0        0       0     0      0         0
M1_PO_CDNS_75864905699241        0        0        0       0     0      0         0
M2_M1_CDNS_75864905699242        0        0        0       0     0      0         0
M2_M1_CDNS_75864905699243        0        0        0       0     0      0         0
M2_M1_CDNS_75864905699244        0        0        0       0     0      0         0
M2_M1_CDNS_75864905699245        0        0        0       0     0      0         0
M2_M1_CDNS_75864905699246        0        0        0       0     0      0         0
M1_PO_CDNS_75864905699247        0        0        0       0     0      0         0
pch_25_mac_CDNS_75864905699246        0        0        0       0     0      0         0
pch_25_mac_CDNS_75864905699247        0        0        0       0     0      0         0
pch_25_mac_CDNS_75864905699248        0        0        0       0     0      0         0
nch_25_mac_CDNS_75864905699249        0        0        0       0     0      0         0
pch_25_mac_CDNS_75864905699250        0        0        0       0     0      0         0
nch_25_mac_CDNS_75864905699251        0        0        0       0     0      0         0
pch_25_mac_CDNS_75864905699252        0        0        0       0     0      0         0
nch_25_mac_CDNS_75864905699253        0        0        0       0     0      0         0
nch_25_mac_CDNS_75864905699254        0        0        0       0     0      0         0
pch_25_mac_CDNS_75864905699255        0        0        0       0     0      0         0
nch_25_mac_CDNS_75864905699256        0        0        0       0     0      0         0
nch_25_mac_CDNS_75864905699257        0        0        0       0     0      0         0
pch_25_mac_CDNS_75864905699258        0        0        0       0     0      0         0
pch_25_mac_CDNS_75864905699259        0        0        0       0     0      0         0
nch_25_mac_CDNS_75864905699260        0        0        0       0     0      0         0
pch_25_mac_CDNS_75864905699261        0        0        0       0     0      0         0
pch_25_mac_CDNS_75864905699262        0        0        0       0     0      0         0
pch_25_mac_CDNS_75864905699263        0        0        0       0     0      0         0
pch_25_mac_CDNS_75864905699264        0        0        0       0     0      0         0
pch_25_mac_CDNS_75864905699265        0        0        0       0     0      0         0
nch_25_mac_CDNS_75864905699266        0        0        0       0     0      0         0
nch_25_mac_CDNS_75864905699267        0        0        0       0     0      0         0
nch_25_mac_CDNS_75864905699268        0        0        0       0     0      0         0
nch_25_mac_CDNS_75864905699269        0        0        0       0     0      0         0
pch_25_mac_CDNS_75864905699270        0        0        0       0     0      0         0
nch_25_mac_CDNS_75864905699271        0        0        0       0     0      0         0
pch_25_mac_CDNS_75864905699272        0        0        0       0     0      0         0
nch_25_mac_CDNS_75864905699273        0        0        0       0     0      0         0
nch_25_mac_CDNS_75864905699274        0        0        0       0     0      0         0
nch_25_mac_CDNS_75864905699275        0        0        0       0     0      0         0
nch_25_mac_CDNS_75864905699276        0        0        0       0     0      0         0
nch_25_mac_CDNS_75864905699277        0        0        0       0     0      0         0
pch_25_mac_CDNS_75864905699278        0        0        0       0     0      0         0
pch_25_mac_CDNS_75864905699279        0        0        0       0     0      0         0
nch_25_mac_CDNS_75864905699280        0        0        0       0     0      0         0
Sample_Switch_2V5_r1        0        0        0       0   260      0       260
MASCO__X1           0        0        0       0     4      0         4
bts_pmos            0        0        0       0   469      0       469
M8_M7_CDNS_75864905699260        0        0        0       0     0      0         0
M7_M6_CDNS_75864905699261        0        0        0       0     0      0         0
M6_M5_CDNS_75864905699262        0        0        0       0     0      0         0
M5_M4_CDNS_75864905699263        0        0        0       0     0      0         0
M4_M3_CDNS_75864905699264        0        0        0       0     0      0         0
mimcap_CDNS_75864905699292        0        0        0       0     0      0         0
rnpoly_CDNS_75864905699301        0        0        0       0     0      0         0
AdcMimComparatorMei        0        0        0       0   175      0       175
nch_25_mac_CDNS_7586490569991        0        0        0       0     0      0         0
nch_25_mac_CDNS_7586490569992        0        0        0       0     0      0         0
nch_25_mac_CDNS_7586490569993        0        0        0       0     0      0         0
nch_25_mac_CDNS_7586490569994        0        0        0       0     0      0         0
nch_25_mac_CDNS_7586490569995        0        0        0       0     0      0         0
nch_25_mac_CDNS_7586490569996        0        0        0       0     0      0         0
nch_25_mac_CDNS_7586490569997        0        0        0       0     0      0         0
pch_25_mac_CDNS_7586490569998        0        0        0       0     0      0         0
pch_25_mac_CDNS_7586490569999        0        0        0       0     0      0         0
pch_25_mac_CDNS_75864905699100        0        0        0       0     0      0         0
pch_25_mac_CDNS_75864905699101        0        0        0       0     0      0         0
pch_25_mac_CDNS_75864905699102        0        0        0       0     0      0         0
pch_25_mac_CDNS_75864905699103        0        0        0       0     0      0         0
pch_25_mac_CDNS_75864905699104        0        0        0       0     0      0         0
pch_25_mac_CDNS_75864905699105        0        0        0       0     0      0         0
pch_25_mac_CDNS_75864905699106        0        0        0       0     0      0         0
pch_25_mac_CDNS_75864905699107        0        0        0       0     0      0         0
pch_25_mac_CDNS_75864905699108        0        0        0       0     0      0         0
pch_25_mac_CDNS_75864905699109        0        0        0       0     0      0         0
pch_25_mac_CDNS_75864905699110        0        0        0       0     0      0         0
pch_25_mac_CDNS_75864905699111        0        0        0       0     0      0         0
pch_25_mac_CDNS_75864905699112        0        0        0       0     0      0         0
pch_25_mac_CDNS_75864905699113        0        0        0       0     0      0         0
pch_25_mac_CDNS_75864905699114        0        0        0       0     0      0         0
pch_25_mac_CDNS_75864905699115        0        0        0       0     0      0         0
pch_25_macx_CDNS_75864905699168        0        0        0       0     0      0         0
M1_PO_CDNS_75864905699146        0        0        0       0     0      0         0
M8_M7_CDNS_75864905699148        0        0        0       0     0      0         0
M3_M2_CDNS_75864905699149        0        0        0       0     0      0         0
pch_25_macx_CDNS_75864905699141        0        0        0       0     0      0         0
nch_25x_CDNS_75864905699145        0        0        0       0     0      0         0
pch_25_macx_CDNS_75864905699146        0        0        0       0     0      0         0
nch_25_macx_CDNS_75864905699149        0        0        0       0     0      0         0
nch_25_macx_CDNS_75864905699150        0        0        0       0     0      0         0
mimcap_CDNS_75864905699153        0        0        0       0     0      0         0
nch_25_macx_CDNS_75864905699157        0        0        0       0     0      0         0
nch_25_macx_CDNS_75864905699158        0        0        0       0     0      0         0
pch_25_macx_CDNS_75864905699159        0        0        0       0     0      0         0
pch_25_macx_CDNS_75864905699160        0        0        0       0     0      0         0
pch_25_macx_CDNS_75864905699161        0        0        0       0     0      0         0
INVX1               0        0        0       0     5      0         5
M1_OD_CDNS_75864905699160        0        0        0       0     0      0         0
nch_25_macx_CDNS_75864905699170        0        0        0       0     0      0         0
pch_25_macx_CDNS_75864905699171        0        0        0       0     0      0         0
pch_25_macx_CDNS_75864905699172        0        0        0       0     0      0         0
nch_25_macx_CDNS_75864905699173        0        0        0       0     0      0         0
M1_OD_CDNS_75864905699163        0        0        0       0     0      0         0
nch_25_macx_CDNS_75864905699175        0        0        0       0     0      0         0
pch_25_macx_CDNS_75864905699180        0        0        0       0     0      0         0
nch_25x_CDNS_75864905699181        0        0        0       0     0      0         0
nch_25_macx_CDNS_75864905699182        0        0        0       0     0      0         0
HBG526_OC_1_1        0        0        0       0     0      0         0
HBG526_V1_2         0        0        0       0     0      0         0
HBG526_OC_2         0        0        0       0     0      0         0
HBG526_V1_1_1        0        0        0       0     0      0         0
HBG526_V2_1_1        0        0        0       0     0      0         0
MASCO__X6           0        0        0       0    12      0        12
MASCO__X9           0        0        0       0     8      0         8
MASCO__X12          0        0        0       0     9      0         9
MASCO__X13          0        0        0       0     4      0         4
MASCO__X14          0        0        0       0     9      0         9
MASCO__X15          0        0        0       0    12      0        12
MASCO__X16          0        0        0       0    10      0        10
MASCO__Y23          0        0        0       0     7      0         7
HBG526_NMOS1X05_1        0        0        0       0     8      0         8
HBG526_PMOS3X04A        0        0        0       0    45      0        45
MASCO__X10          0        0        0       0    10      0        10
MASCO__Y21          0        0        0       0     5      0         5
MASCO__Y22          0        0        0       0     5      0         5
HBG526_V2_2         0        0        0       0     0      0         0
MASCO__X5           0        0        0       0     8      0         8
MASCO__X7           0        0        0       0     7      0         7
MASCO__X8           0        0        0       0     7      0         7
MASCO__Y20          0        0        0       0    10      0        10
MASCO__X4           0        0        0       0    10      0        10
M2_M1_CDNS_75864905699205        0        0        0       0     0      0         0
nch_lvt_CDNS_75864905699211        0        0        0       0     0      0         0
pch_lvt_CDNS_75864905699215        0        0        0       0     0      0         0
nch_25_CDNS_75864905699220        0        0        0       0     0      0         0
nch_25_CDNS_75864905699221        0        0        0       0     0      0         0
M1_PO_CDNS_75864905699211        0        0        0       0     0      0         0
M2_M1_CDNS_75864905699212        0        0        0       0     0      0         0
M3_M2_CDNS_75864905699213        0        0        0       0     0      0         0
M1_PO_CDNS_75864905699214        0        0        0       0     0      0         0
pch_25_mac_CDNS_75864905699223        0        0        0       0     0      0         0
nch_25_mac_CDNS_75864905699224        0        0        0       0     0      0         0
nch_lvt_mac_CDNS_75864905699225        0        0        0       0     0      0         0
pch_lvt_mac_CDNS_75864905699226        0        0        0       0     0      0         0
nch_25_mac_CDNS_75864905699227        0        0        0       0     0      0         0
pch_lvt_mac_CDNS_75864905699228        0        0        0       0     0      0         0
nch_lvt_mac_CDNS_75864905699229        0        0        0       0     0      0         0
M1_PO_CDNS_75864905699223        0        0        0       0     0      0         0
M3_M2_CDNS_75864905699224        0        0        0       0     0      0         0
M2_M1_CDNS_75864905699225        0        0        0       0     0      0         0
M3_M2_CDNS_75864905699226        0        0        0       0     0      0         0
M1_OD_CDNS_75864905699227        0        0        0       0     0      0         0
M1_PO_CDNS_75864905699228        0        0        0       0     0      0         0
M1_OD_CDNS_75864905699229        0        0        0       0     0      0         0
M3_M2_CDNS_75864905699231        0        0        0       0     0      0         0
M2_M1_CDNS_75864905699232        0        0        0       0     0      0         0
pch_25_mac_CDNS_75864905699230        0        0        0       0     0      0         0
pch_25_mac_CDNS_75864905699232        0        0        0       0     0      0         0
pch_25_mac_CDNS_75864905699233        0        0        0       0     0      0         0
pch_25_mac_CDNS_75864905699234        0        0        0       0     0      0         0
nch_25_mac_CDNS_75864905699235        0        0        0       0     0      0         0
pch_25_mac_CDNS_75864905699237        0        0        0       0     0      0         0
nch_25_mac_CDNS_75864905699238        0        0        0       0     0      0         0
nch_25_mac_CDNS_75864905699239        0        0        0       0     0      0         0
nch_25_mac_CDNS_75864905699240        0        0        0       0     0      0         0
nch_25_mac_CDNS_75864905699241        0        0        0       0     0      0         0
pch_25_mac_CDNS_75864905699242        0        0        0       0     0      0         0
nch_25_mac_CDNS_75864905699243        0        0        0       0     0      0         0
M2_M1_CDNS_75864905699249        0        0        0       0     0      0         0
M3_M2_CDNS_75864905699250        0        0        0       0     0      0         0
M3_M2_CDNS_75864905699251        0        0        0       0     0      0         0
M2_M1_CDNS_75864905699255        0        0        0       0     0      0         0
M3_M2_CDNS_75864905699256        0        0        0       0     0      0         0
M2_M1_CDNS_75864905699257        0        0        0       0     0      0         0
M2_M1_CDNS_75864905699258        0        0        0       0     0      0         0
pch_25_CDNS_75864905699281        0        0        0       0     0      0         0
pch_25_CDNS_75864905699282        0        0        0       0     0      0         0
pch_25_CDNS_75864905699283        0        0        0       0     0      0         0
nch_25_dnw_CDNS_75864905699284        0        0        0       0     0      0         0
nch_25_CDNS_75864905699285        0        0        0       0     0      0         0
nch_25_dnw_CDNS_75864905699286        0        0        0       0     0      0         0
nch_25_dnw_CDNS_75864905699287        0        0        0       0     0      0         0
nch_25_dnw_CDNS_75864905699288        0        0        0       0     0      0         0
nch_25_CDNS_75864905699289        0        0        0       0     0      0         0
pch_25_CDNS_75864905699290        0        0        0       0     0      0         0
nch_25_CDNS_75864905699291        0        0        0       0     0      0         0
pch_25_macx_CDNS_75864905699302        0        0        0       0     0      0         0
nch_25_macx_CDNS_75864905699303        0        0        0       0     0      0         0
NOR2X1              0        0        0       0     6      0         6
M1_OD_CDNS_75864905699150        0        0        0       0     0      0         0
pch_25_macx_CDNS_75864905699163        0        0        0       0     0      0         0
MASCO__X11          0        0        0       0    12      0        12
pch_25_CDNS_75864905699304        0        0        0       0     0      0         0
----------------------------------------------------------------------

Object Statistics of Layers
Layer   Objects
----------------
----------------

Object Summary
------------------
     Box         0
 Polygon         0
    Path         0
   Label         0
Instance      8275
   Array         0
------------------
   Total      8275


Output property: 8275
Total CPU Time          : 0(s)
Total Real Time         : 0(s)
Peak Memory Used        : 7(M)
