********************************************************************************
db2gds 16.12-s208 64 bit (Thu Mar 22 23:09:45 PDT 2018)
Build Ref No.: 208 Production (03-22-2018) [pvs_1612_a]

Copyright 2018 Cadence Design Systems, Inc.
All rights reserved worldwide.

Build O/S:       Linux x86_64 2.6.18-194.el5
Executed on:     poseidon (Linux x86_64 3.10.0-957.12.2.el7.x86_64)
Process Id:      4947
Starting Time:   Fri Jul  2 02:11:19 2021 (Fri Jul  2 07:11:19 2021 GMT)
With parameters: ADC_Main_1V0_S_4809 erc.db ADC_Main_1V0_S -lmap lmapa84Ixj -gdslib drc.db -gds_scale 1000 -property 
********************************************************************************

Library name: ADC_Main_1V0_S_4809
GDSII file name: erc.db
Cells to be written out: ADC_Main_1V0_S
Source Library: ADC_Main_1V0_S_4809
Layer mapping file(GDS <- DMC): lmapa84Ixj
    0 (dt:0) <- 0
    0 (dt:0) <- 1
    0 (dt:0) <- 2
    0 (dt:0) <- 3
    0 (dt:0) <- 4
    0 (dt:0) <- 5
    0 (dt:0) <- 6
    0 (dt:0) <- 7
    0 (dt:0) <- 8
Cell name case: PRESERVE
Option: output object property


                Object Statistics of Cells                            
Cell Name         Box  Polygon     Path   Label Instance Array    Total
----------------------------------------------------------------------
ADC_Main_1V0_S        0        0        0       0  1296      0      1296
M7_M6$$1            0        0        0       0     0      0         0
M6_M5$$2            0        0        0       0     0      0         0
M5_M4$$3            0        0        0       0     0      0         0
M4_M3$$4            0        0        0       0     0      0         0
M3_M2$$5            0        0        0       0     0      0         0
M2_M1$$6            0        0        0       0     0      0         0
M3_M2$$7            0        0        0       0     0      0         0
M5_M4$$9            0        0        0       0     0      0         0
M2_M1$$10           0        0        0       0     0      0         0
M6_M5$$11           0        0        0       0     0      0         0
M3_M2$$12           0        0        0       0     0      0         0
M7_M6$$13           0        0        0       0     0      0         0
M3_M2$$14           0        0        0       0     0      0         0
M5_M4$$15           0        0        0       0     0      0         0
M2_M1$$16           0        0        0       0     0      0         0
M5_M4$$17           0        0        0       0     0      0         0
M6_M5$$18           0        0        0       0     0      0         0
M5_M4$$19           0        0        0       0     0      0         0
M4_M3$$20           0        0        0       0     0      0         0
M7_M6$$21           0        0        0       0     0      0         0
M3_M2$$27           0        0        0       0     0      0         0
M2_M1$$28           0        0        0       0     0      0         0
M2_M1$$29           0        0        0       0     0      0         0
M2_M1$$31           0        0        0       0     0      0         0
M3_M2$$41           0        0        0       0     0      0         0
M4_M3$$47           0        0        0       0     0      0         0
M3_M2$$49           0        0        0       0     0      0         0
M3_M2$$50           0        0        0       0     0      0         0
M2_M1$$51           0        0        0       0     0      0         0
M1_PO$$52           0        0        0       0     0      0         0
M1_PO$$53           0        0        0       0     0      0         0
M2_M1$$54           0        0        0       0     0      0         0
M2_M1$$55           0        0        0       0     0      0         0
M2_M1$$58           0        0        0       0     0      0         0
M3_M2$$59           0        0        0       0     0      0         0
M3_M2$$60           0        0        0       0     0      0         0
M3_M2$$61           0        0        0       0     0      0         0
M3_M2$$62           0        0        0       0     0      0         0
M2_M1$$63           0        0        0       0     0      0         0
M2_M1$$64           0        0        0       0     0      0         0
M2_M1$$65           0        0        0       0     0      0         0
M2_M1$$66           0        0        0       0     0      0         0
pch_hvt_mac$$67        0        0        0       0     0      0         0
nch_hvt_mac$$68        0        0        0       0     0      0         0
nch_hvt_dnw_mac$$69        0        0        0       0     0      0         0
pch_hvt_mac$$71        0        0        0       0     0      0         0
pch_hvt_mac$$73        0        0        0       0     0      0         0
nch_hvt_mac$$74        0        0        0       0     0      0         0
nch_hvt_mac$$75        0        0        0       0     0      0         0
pch_hvt_mac$$77        0        0        0       0     0      0         0
rppolywo$$79        0        0        0       0     0      0         0
Logic_Main          0        0        0       0   428      0       428
M2_M1$$114          0        0        0       0     0      0         0
M1_PO$$115          0        0        0       0     0      0         0
M1_PO$$116          0        0        0       0     0      0         0
M1_PO$$117          0        0        0       0     0      0         0
M1_PO$$118          0        0        0       0     0      0         0
M1_PO$$119          0        0        0       0     0      0         0
M2_M1$$120          0        0        0       0     0      0         0
M1_PO$$121          0        0        0       0     0      0         0
M2_M1$$122          0        0        0       0     0      0         0
M1_PO$$123          0        0        0       0     0      0         0
M3_M2$$124          0        0        0       0     0      0         0
M3_M2$$125          0        0        0       0     0      0         0
M3_M2$$126          0        0        0       0     0      0         0
nch_mac$$127        0        0        0       0     0      0         0
pch_mac$$128        0        0        0       0     0      0         0
nch_mac$$129        0        0        0       0     0      0         0
nch_mac$$130        0        0        0       0     0      0         0
nch_mac$$131        0        0        0       0     0      0         0
nch_mac$$132        0        0        0       0     0      0         0
nch_mac$$133        0        0        0       0     0      0         0
nch_mac$$134        0        0        0       0     0      0         0
nch_mac$$135        0        0        0       0     0      0         0
nch_mac$$136        0        0        0       0     0      0         0
pch_mac$$137        0        0        0       0     0      0         0
pch_mac$$138        0        0        0       0     0      0         0
pch_mac$$139        0        0        0       0     0      0         0
pch_mac$$140        0        0        0       0     0      0         0
pch_mac$$141        0        0        0       0     0      0         0
pch_mac$$142        0        0        0       0     0      0         0
nch_mac$$143        0        0        0       0     0      0         0
nch_mac$$144        0        0        0       0     0      0         0
pch_mac$$145        0        0        0       0     0      0         0
pch_mac$$146        0        0        0       0     0      0         0
pch_mac$$147        0        0        0       0     0      0         0
pch_mac$$148        0        0        0       0     0      0         0
pch_mac$$149        0        0        0       0     0      0         0
pch_mac$$150        0        0        0       0     0      0         0
pch_mac$$151        0        0        0       0     0      0         0
pch_mac$$152        0        0        0       0     0      0         0
nch_mac$$153        0        0        0       0     0      0         0
nch_mac$$154        0        0        0       0     0      0         0
nch_mac$$155        0        0        0       0     0      0         0
nch_mac$$156        0        0        0       0     0      0         0
Comparator_1V0        0        0        0       0   116      0       116
MASCO__X1           0        0        0       0     6      0         6
M2_M1$$80           0        0        0       0     0      0         0
M2_M1$$83           0        0        0       0     0      0         0
M3_M2$$84           0        0        0       0     0      0         0
M2_M1$$86           0        0        0       0     0      0         0
M2_M1$$87           0        0        0       0     0      0         0
M3_M2$$89           0        0        0       0     0      0         0
M2_M1$$90           0        0        0       0     0      0         0
M3_M2$$91           0        0        0       0     0      0         0
M2_M1$$92           0        0        0       0     0      0         0
M2_M1$$95           0        0        0       0     0      0         0
M2_M1$$99           0        0        0       0     0      0         0
M3_M2$$100          0        0        0       0     0      0         0
DFFQX0P5MA10TH_Taller        0        0        0       0     0      0         0
M2_M1$$105          0        0        0       0     0      0         0
Pulse_Generator        0        0        0       0    10      0        10
M1_OD$$107          0        0        0       0     0      0         0
BUF300              0        0        0       0     2      0         2
NAND2MINIMAL        0        0        0       0     0      0         0
NOR2MINIMAL         0        0        0       0     0      0         0
NOR3MINIMAL         0        0        0       0     0      0         0
INVMIMIMAL          0        0        0       0     0      0         0
INV300_Wrapper        0        0        0       0     0      0         0
M3_M2$$109          0        0        0       0     0      0         0
BUF350              0        0        0       0     2      0         2
OAI21MIMIMAL        0        0        0       0     0      0         0
AOI21MINIMAL        0        0        0       0     0      0         0
AOI31MINIMAL        0        0        0       0     0      0         0
Bit_Logic           0        0        0       0    54      0        54
M3_M2$$111          0        0        0       0     0      0         0
NOR5MINIMAL         0        0        0       0    13      0        13
M1_PO$$157          0        0        0       0     0      0         0
M1_PO$$158          0        0        0       0     0      0         0
M2_M1$$159          0        0        0       0     0      0         0
M1_OD$$162          0        0        0       0     0      0         0
M2_M1$$164          0        0        0       0     0      0         0
pch_lvt_mac$$166        0        0        0       0     0      0         0
nch_lvt_mac$$167        0        0        0       0     0      0         0
pch_hvt_mac$$172        0        0        0       0     0      0         0
nch_lvt_mac$$174        0        0        0       0     0      0         0
nch_lvt_mac$$176        0        0        0       0     0      0         0
nch_hvt_mac$$177        0        0        0       0     0      0         0
pch_lvt_mac$$178        0        0        0       0     0      0         0
pch_hvt_mac$$181        0        0        0       0     0      0         0
nch_lvt_mac$$184        0        0        0       0     0      0         0
nch_lvt_mac$$185        0        0        0       0     0      0         0
nch_hvt_mac$$187        0        0        0       0     0      0         0
pch_hvt_mac$$193        0        0        0       0     0      0         0
pch_hvt_mac$$196        0        0        0       0     0      0         0
pch_hvt_mac$$197        0        0        0       0     0      0         0
M1_OD$$104          0        0        0       0     0      0         0
M1_OD$$112          0        0        0       0     0      0         0
M1_PO$$113          0        0        0       0     0      0         0
----------------------------------------------------------------------

Object Statistics of Layers
Layer   Objects
----------------
----------------

Object Summary
------------------
     Box         0
 Polygon         0
    Path         0
   Label         0
Instance      1927
   Array         0
------------------
   Total      1927


Output property: 1927
Total CPU Time          : 0(s)
Total Real Time         : 0(s)
Peak Memory Used        : 3(M)
