********************************************************************************
Product   : Virtuoso(R) XStream Out
Program   : @(#)$CDS: strmout version 6.1.8-64b 11/10/2020 19:36 (cpgsrv13) $
          : sub-version  IC6.1.8-64b.500.15 
Started at: 22-Sep-2025  16:30:21
User Name : mseminario2
Host Name : atlas
Directory : /home/mseminario2/chips/myshkin/ic
CADENCE Design Systems, Inc.
********************************************************************************
Info: Cellview Rev Num:99,  Tech Rev Num:59

INFO (XSTRM-217): Reading the layer map file, /opt/design_kits/TSMC65-PDK/tsmcN65/tsmcN65.layermap
INFO (XSTRM-162): You have not used the viaMap option. If the OpenAccess design has native oaVia instances, use the -viaMap option for preserving oaVia instances in a Stream Out - Stream In round trip. Using the -viaMap option improves performance and VM usage of applications using the Streamed-In design.  For details on the viaMap option, refer to the "Design Data Translator's Reference" guide for XStream.

Summary of Options :
library                                 Better_ADCs
strmFile                                ./pvs/Better_ADCs/NEW_ADC_Main_2V5_Sync_0p13s_0p70lsb/Better_ADCs.NEW_ADC_Main_2V5_Sync_0p13s_0p70lsb.gds
topCell                                 NEW_ADC_Main_2V5_Sync_0p13s_0p70lsb
view                                    layout
logFile                                 ./strmout/Better_ADCs.NEW_ADC_Main_2V5_Sync_0p13s_0p70lsb.strmout.log
techLib                                 tsmcN65
layerMap                                /opt/design_kits/TSMC65-PDK/tsmcN65/tsmcN65.layermap
case                                    Preserve
convertDot                              node
convertPin                              geometryAndText
noWarn                                  20 32 33 35 315

INFO (XSTRM-223): 1. Translating stdVia tsmcN65/M3_M2/layout as STRUCTURE M3_M2_CDNS_758576621230.
INFO (XSTRM-223): 2. Translating stdVia tsmcN65/M2_M1/layout as STRUCTURE M2_M1_CDNS_758576621231.
INFO (XSTRM-223): 3. Translating stdVia tsmcN65/M2_M1/layout as STRUCTURE M2_M1_CDNS_758576621232.
INFO (XSTRM-223): 4. Translating stdVia tsmcN65/M5_M4/layout as STRUCTURE M5_M4_CDNS_758576621233.
INFO (XSTRM-223): 5. Translating stdVia tsmcN65/M2_M1/layout as STRUCTURE M2_M1_CDNS_758576621234.
INFO (XSTRM-223): 6. Translating stdVia tsmcN65/M2_M1/layout as STRUCTURE M2_M1_CDNS_758576621235.
INFO (XSTRM-223): 7. Translating stdVia tsmcN65/M2_M1/layout as STRUCTURE M2_M1_CDNS_758576621236.
INFO (XSTRM-223): 8. Translating stdVia tsmcN65/M2_M1/layout as STRUCTURE M2_M1_CDNS_758576621237.
INFO (XSTRM-223): 9. Translating stdVia tsmcN65/M3_M2/layout as STRUCTURE M3_M2_CDNS_758576621238.
INFO (XSTRM-223): 10. Translating stdVia tsmcN65/M4_M3/layout as STRUCTURE M4_M3_CDNS_758576621239.
INFO (XSTRM-223): 11. Translating stdVia tsmcN65/M1_OD/layout as STRUCTURE M1_OD_CDNS_7585766212310.
INFO (XSTRM-223): 12. Translating stdVia tsmcN65/M5_M4/layout as STRUCTURE M5_M4_CDNS_7585766212311.
INFO (XSTRM-223): 13. Translating stdVia tsmcN65/M3_M2/layout as STRUCTURE M3_M2_CDNS_7585766212312.
INFO (XSTRM-223): 14. Translating stdVia tsmcN65/M3_M2/layout as STRUCTURE M3_M2_CDNS_7585766212313.
INFO (XSTRM-223): 15. Translating stdVia tsmcN65/M3_M2/layout as STRUCTURE M3_M2_CDNS_7585766212314.
INFO (XSTRM-223): 16. Translating stdVia tsmcN65/M3_M2/layout as STRUCTURE M3_M2_CDNS_7585766212315.
INFO (XSTRM-223): 17. Translating stdVia tsmcN65/M5_M4/layout as STRUCTURE M5_M4_CDNS_7585766212316.
INFO (XSTRM-223): 18. Translating stdVia tsmcN65/M1_OD/layout as STRUCTURE M1_OD_CDNS_7585766212317.
INFO (XSTRM-223): 19. Translating stdVia tsmcN65/M3_M2/layout as STRUCTURE M3_M2_CDNS_7585766212318.
INFO (XSTRM-223): 20. Translating stdVia tsmcN65/M7_M6/layout as STRUCTURE M7_M6_CDNS_7585766212319.
INFO (XSTRM-223): 21. Translating stdVia tsmcN65/M2_M1/layout as STRUCTURE M2_M1_CDNS_7585766212320.
INFO (XSTRM-223): 22. Translating stdVia tsmcN65/M3_M2/layout as STRUCTURE M3_M2_CDNS_7585766212321.
INFO (XSTRM-223): 23. Translating stdVia tsmcN65/M6_M5/layout as STRUCTURE M6_M5_CDNS_7585766212322.
INFO (XSTRM-223): 24. Translating stdVia tsmcN65/M5_M4/layout as STRUCTURE M5_M4_CDNS_7585766212323.
INFO (XSTRM-223): 25. Translating stdVia tsmcN65/M3_M2/layout as STRUCTURE M3_M2_CDNS_7585766212324.
INFO (XSTRM-223): 26. Translating stdVia tsmcN65/M3_M2/layout as STRUCTURE M3_M2_CDNS_7585766212325.
INFO (XSTRM-223): 27. Translating stdVia tsmcN65/M5_M4/layout as STRUCTURE M5_M4_CDNS_7585766212326.
INFO (XSTRM-223): 28. Translating stdVia tsmcN65/M2_M1/layout as STRUCTURE M2_M1_CDNS_7585766212327.
INFO (XSTRM-223): 29. Translating stdVia tsmcN65/M2_M1/layout as STRUCTURE M2_M1_CDNS_7585766212328.
INFO (XSTRM-223): 30. Translating stdVia tsmcN65/M2_M1/layout as STRUCTURE M2_M1_CDNS_7585766212329.
INFO (XSTRM-223): 31. Translating stdVia tsmcN65/M2_M1/layout as STRUCTURE M2_M1_CDNS_7585766212330.
INFO (XSTRM-223): 32. Translating stdVia tsmcN65/M2_M1/layout as STRUCTURE M2_M1_CDNS_7585766212331.
INFO (XSTRM-223): 33. Translating stdVia tsmcN65/M3_M2/layout as STRUCTURE M3_M2_CDNS_7585766212332.
INFO (XSTRM-223): 34. Translating stdVia tsmcN65/M2_M1/layout as STRUCTURE M2_M1_CDNS_7585766212333.
INFO (XSTRM-223): 35. Translating stdVia tsmcN65/M3_M2/layout as STRUCTURE M3_M2_CDNS_7585766212334.
INFO (XSTRM-223): 36. Translating stdVia tsmcN65/M2_M1/layout as STRUCTURE M2_M1_CDNS_7585766212335.
INFO (XSTRM-223): 37. Translating stdVia tsmcN65/M2_M1/layout as STRUCTURE M2_M1_CDNS_7585766212336.
INFO (XSTRM-223): 38. Translating stdVia tsmcN65/M3_M2/layout as STRUCTURE M3_M2_CDNS_7585766212337.
INFO (XSTRM-223): 39. Translating stdVia tsmcN65/M3_M2/layout as STRUCTURE M3_M2_CDNS_7585766212338.
INFO (XSTRM-223): 40. Translating stdVia tsmcN65/M2_M1/layout as STRUCTURE M2_M1_CDNS_7585766212339.
INFO (XSTRM-223): 41. Translating stdVia tsmcN65/M5_M4/layout as STRUCTURE M5_M4_CDNS_7585766212340.
INFO (XSTRM-223): 42. Translating stdVia tsmcN65/M3_M2/layout as STRUCTURE M3_M2_CDNS_7585766212341.
INFO (XSTRM-223): 43. Translating stdVia tsmcN65/M5_M4/layout as STRUCTURE M5_M4_CDNS_7585766212342.
INFO (XSTRM-223): 44. Translating stdVia tsmcN65/M2_M1/layout as STRUCTURE M2_M1_CDNS_7585766212343.
INFO (XSTRM-223): 45. Translating stdVia tsmcN65/M2_M1/layout as STRUCTURE M2_M1_CDNS_7585766212344.
INFO (XSTRM-223): 46. Translating stdVia tsmcN65/M1_PO/layout as STRUCTURE M1_PO_CDNS_7585766212345.
INFO (XSTRM-223): 47. Translating stdVia tsmcN65/M2_M1/layout as STRUCTURE M2_M1_CDNS_7585766212346.
INFO (XSTRM-223): 48. Translating stdVia tsmcN65/M2_M1/layout as STRUCTURE M2_M1_CDNS_7585766212347.
INFO (XSTRM-223): 49. Translating stdVia tsmcN65/M2_M1/layout as STRUCTURE M2_M1_CDNS_7585766212348.
INFO (XSTRM-223): 50. Translating stdVia tsmcN65/M1_PO/layout as STRUCTURE M1_PO_CDNS_7585766212349.
INFO (XSTRM-223): 51. Translating cellView tsmcN65/pch_25/layout as STRUCTURE pch_25_CDNS_758576621230.
INFO (XSTRM-223): 52. Translating cellView tsmcN65/nch_lvt/layout as STRUCTURE nch_lvt_CDNS_758576621231.
INFO (XSTRM-223): 53. Translating cellView tsmcN65/pch_25/layout as STRUCTURE pch_25_CDNS_758576621232.
INFO (XSTRM-223): 54. Translating cellView tsmcN65/pch_25/layout as STRUCTURE pch_25_CDNS_758576621233.
INFO (XSTRM-223): 55. Translating cellView tsmcN65/nch_25/layout as STRUCTURE nch_25_CDNS_758576621234.
INFO (XSTRM-223): 56. Translating cellView tsmcN65/pch_lvt/layout as STRUCTURE pch_lvt_CDNS_758576621235.
INFO (XSTRM-223): 57. Translating cellView tsmcN65/pch_25/layout as STRUCTURE pch_25_CDNS_758576621236.
INFO (XSTRM-223): 58. Translating cellView tsmcN65/nch_25/layout as STRUCTURE nch_25_CDNS_758576621237.
INFO (XSTRM-223): 59. Translating cellView tsmcN65/pch_25/layout as STRUCTURE pch_25_CDNS_758576621238.
INFO (XSTRM-223): 60. Translating cellView tsmcN65/nch_25/layout as STRUCTURE nch_25_CDNS_758576621239.
INFO (XSTRM-223): 61. Translating cellView Better_ADCs/LS10TO25FastFallBuf_comp/layout as STRUCTURE LS10TO25FastFallBuf_comp.
INFO (XSTRM-180): You have not used the objectMap option. The design has instance(s) of at least one of following OpenAccess objects: oaBlockage, oaBoundary, oaRow, and oaMarker. Any information about these objects will not be translated into the generated stream file. Use the objectMap option to translate/preserve these objects using XStream. For details on the objectMap option, refer to the "Design Data Translator's Reference" guide for XStream.
INFO (XSTRM-223): 62. Translating cellView tsmcN65/nch_25/layout as STRUCTURE nch_25_CDNS_7585766212310.
INFO (XSTRM-223): 63. Translating cellView tsmcN65/nch_25/layout as STRUCTURE nch_25_CDNS_7585766212311.
INFO (XSTRM-223): 64. Translating cellView Better_ADCs/LS10TO25DualOutput_r1/layout as STRUCTURE LS10TO25DualOutput_r1.
INFO (XSTRM-223): 65. Translating cellView Better_ADCs/LS10TO25DualOutputX10_r1/layout as STRUCTURE LS10TO25DualOutputX10_r1.
INFO (XSTRM-223): 66. Translating cellView tsmcN65/rppolywo/layout as STRUCTURE rppolywo_CDNS_7585766212312.
INFO (XSTRM-223): 67. Translating stdVia tsmcN65/M1_PO/layout as STRUCTURE M1_PO_CDNS_7585766212350.
INFO (XSTRM-223): 68. Translating stdVia tsmcN65/M2_M1/layout as STRUCTURE M2_M1_CDNS_7585766212351.
INFO (XSTRM-223): 69. Translating stdVia tsmcN65/M3_M2/layout as STRUCTURE M3_M2_CDNS_7585766212352.
INFO (XSTRM-223): 70. Translating stdVia tsmcN65/M1_PO/layout as STRUCTURE M1_PO_CDNS_7585766212353.
INFO (XSTRM-223): 71. Translating cellView tsmcN65/pch_25_mac/layout as STRUCTURE pch_25_mac_CDNS_7585766212313.
INFO (XSTRM-223): 72. Translating cellView tsmcN65/nch_25_mac/layout as STRUCTURE nch_25_mac_CDNS_7585766212314.
INFO (XSTRM-223): 73. Translating cellView tsmcN65/nch_lvt_mac/layout as STRUCTURE nch_lvt_mac_CDNS_7585766212315.
INFO (XSTRM-223): 74. Translating cellView tsmcN65/pch_lvt_mac/layout as STRUCTURE pch_lvt_mac_CDNS_7585766212316.
INFO (XSTRM-223): 75. Translating cellView tsmcN65/pch_25_mac/layout as STRUCTURE pch_25_mac_CDNS_7585766212317.
INFO (XSTRM-223): 76. Translating cellView tsmcN65/nch_25_mac/layout as STRUCTURE nch_25_mac_CDNS_7585766212318.
INFO (XSTRM-223): 77. Translating cellView tsmcN65/pch_lvt_mac/layout as STRUCTURE pch_lvt_mac_CDNS_7585766212319.
INFO (XSTRM-223): 78. Translating cellView tsmcN65/nch_lvt_mac/layout as STRUCTURE nch_lvt_mac_CDNS_7585766212320.
INFO (XSTRM-223): 79. Translating cellView Better_ADCs/LS25TO10Dual/layout as STRUCTURE LS25TO10Dual.
INFO (XSTRM-223): 80. Translating stdVia tsmcN65/M7_M6/layout as STRUCTURE M7_M6_CDNS_7585766212354.
INFO (XSTRM-223): 81. Translating stdVia tsmcN65/M5_M4/layout as STRUCTURE M5_M4_CDNS_7585766212355.
INFO (XSTRM-223): 82. Translating stdVia tsmcN65/M6_M5/layout as STRUCTURE M6_M5_CDNS_7585766212356.
INFO (XSTRM-223): 83. Translating stdVia tsmcN65/M4_M3/layout as STRUCTURE M4_M3_CDNS_7585766212357.
INFO (XSTRM-223): 84. Translating stdVia tsmcN65/M6_M5/layout as STRUCTURE M6_M5_CDNS_7585766212358.
INFO (XSTRM-223): 85. Translating stdVia tsmcN65/M5_M4/layout as STRUCTURE M5_M4_CDNS_7585766212359.
INFO (XSTRM-223): 86. Translating stdVia tsmcN65/M7_M6/layout as STRUCTURE M7_M6_CDNS_7585766212360.
INFO (XSTRM-223): 87. Translating cellView Better_ADCs/Cap_DAC_2V5_D_0p13s_0p70lsb/layout as STRUCTURE Cap_DAC_2V5_D_0p13s_0p70lsb.
INFO (XSTRM-223): 88. Translating stdVia tsmcN65/M1_PO/layout as STRUCTURE M1_PO_CDNS_7585766212361.
INFO (XSTRM-223): 89. Translating stdVia tsmcN65/M3_M2/layout as STRUCTURE M3_M2_CDNS_7585766212362.
INFO (XSTRM-223): 90. Translating stdVia tsmcN65/M2_M1/layout as STRUCTURE M2_M1_CDNS_7585766212363.
INFO (XSTRM-223): 91. Translating stdVia tsmcN65/M3_M2/layout as STRUCTURE M3_M2_CDNS_7585766212364.
INFO (XSTRM-223): 92. Translating stdVia tsmcN65/M1_PO/layout as STRUCTURE M1_PO_CDNS_7585766212365.
INFO (XSTRM-223): 93. Translating stdVia tsmcN65/M3_M2/layout as STRUCTURE M3_M2_CDNS_7585766212366.
INFO (XSTRM-223): 94. Translating stdVia tsmcN65/M2_M1/layout as STRUCTURE M2_M1_CDNS_7585766212367.
INFO (XSTRM-223): 95. Translating stdVia tsmcN65/M1_PO/layout as STRUCTURE M1_PO_CDNS_7585766212368.
INFO (XSTRM-223): 96. Translating stdVia tsmcN65/M3_M2/layout as STRUCTURE M3_M2_CDNS_7585766212369.
INFO (XSTRM-223): 97. Translating stdVia tsmcN65/M1_OD/layout as STRUCTURE M1_OD_CDNS_7585766212370.
INFO (XSTRM-223): 98. Translating stdVia tsmcN65/M1_PO/layout as STRUCTURE M1_PO_CDNS_7585766212371.
INFO (XSTRM-223): 99. Translating stdVia tsmcN65/M1_OD/layout as STRUCTURE M1_OD_CDNS_7585766212372.
INFO (XSTRM-223): 100. Translating stdVia tsmcN65/M2_M1/layout as STRUCTURE M2_M1_CDNS_7585766212373.
INFO (XSTRM-223): 101. Translating stdVia tsmcN65/M3_M2/layout as STRUCTURE M3_M2_CDNS_7585766212374.
INFO (XSTRM-223): 102. Translating stdVia tsmcN65/M2_M1/layout as STRUCTURE M2_M1_CDNS_7585766212375.
INFO (XSTRM-223): 103. Translating cellView tsmcN65/pch_25_mac/layout as STRUCTURE pch_25_mac_CDNS_7585766212321.
INFO (XSTRM-223): 104. Translating cellView tsmcN65/nch_25_mac/layout as STRUCTURE nch_25_mac_CDNS_7585766212322.
INFO (XSTRM-223): 105. Translating cellView tsmcN65/pch_25_mac/layout as STRUCTURE pch_25_mac_CDNS_7585766212323.
INFO (XSTRM-223): 106. Translating cellView tsmcN65/pch_25_mac/layout as STRUCTURE pch_25_mac_CDNS_7585766212324.
INFO (XSTRM-223): 107. Translating cellView tsmcN65/pch_25_mac/layout as STRUCTURE pch_25_mac_CDNS_7585766212325.
INFO (XSTRM-223): 108. Translating cellView tsmcN65/nch_25_mac/layout as STRUCTURE nch_25_mac_CDNS_7585766212326.
INFO (XSTRM-223): 109. Translating cellView tsmcN65/pch_25_mac/layout as STRUCTURE pch_25_mac_CDNS_7585766212327.
INFO (XSTRM-223): 110. Translating cellView tsmcN65/pch_25_mac/layout as STRUCTURE pch_25_mac_CDNS_7585766212328.
INFO (XSTRM-223): 111. Translating cellView tsmcN65/nch_25_mac/layout as STRUCTURE nch_25_mac_CDNS_7585766212329.
INFO (XSTRM-223): 112. Translating cellView tsmcN65/nch_25_mac/layout as STRUCTURE nch_25_mac_CDNS_7585766212330.
INFO (XSTRM-223): 113. Translating cellView tsmcN65/nch_25_mac/layout as STRUCTURE nch_25_mac_CDNS_7585766212331.
INFO (XSTRM-223): 114. Translating cellView tsmcN65/nch_25_mac/layout as STRUCTURE nch_25_mac_CDNS_7585766212332.
INFO (XSTRM-223): 115. Translating cellView tsmcN65/pch_25_mac/layout as STRUCTURE pch_25_mac_CDNS_7585766212333.
INFO (XSTRM-223): 116. Translating cellView tsmcN65/nch_25_mac/layout as STRUCTURE nch_25_mac_CDNS_7585766212334.
INFO (XSTRM-223): 117. Translating cellView tsmcN65/nch_25_mac/layout as STRUCTURE nch_25_mac_CDNS_7585766212335.
INFO (XSTRM-223): 118. Translating cellView tsmcN65/pch_25_mac/layout as STRUCTURE pch_25_mac_CDNS_7585766212336.
INFO (XSTRM-223): 119. Translating cellView Better_ADCs/Comparator_2V5_Mei/layout as STRUCTURE Comparator_2V5_Mei.
INFO (XSTRM-223): 120. Translating stdVia tsmcN65/M2_M1/layout as STRUCTURE M2_M1_CDNS_7585766212376.
INFO (XSTRM-223): 121. Translating stdVia tsmcN65/M3_M2/layout as STRUCTURE M3_M2_CDNS_7585766212377.
INFO (XSTRM-223): 122. Translating stdVia tsmcN65/M2_M1/layout as STRUCTURE M2_M1_CDNS_7585766212378.
INFO (XSTRM-223): 123. Translating stdVia tsmcN65/M3_M2/layout as STRUCTURE M3_M2_CDNS_7585766212379.
INFO (XSTRM-223): 124. Translating stdVia tsmcN65/M3_M2/layout as STRUCTURE M3_M2_CDNS_7585766212380.
INFO (XSTRM-223): 125. Translating stdVia tsmcN65/M2_M1/layout as STRUCTURE M2_M1_CDNS_7585766212381.
INFO (XSTRM-223): 126. Translating stdVia tsmcN65/M3_M2/layout as STRUCTURE M3_M2_CDNS_7585766212382.
INFO (XSTRM-223): 127. Translating stdVia tsmcN65/M1_OD/layout as STRUCTURE M1_OD_CDNS_7585766212383.
INFO (XSTRM-223): 128. Translating cellView tsmc65_sc_adv10/N8bnsSkggI9iAZ/layout as STRUCTURE N8bnsSkggI9iAZ.
INFO (XSTRM-223): 129. Translating cellView tsmc65_sc_adv10/NOR2X0P5MA10TH/layout as STRUCTURE NOR2X0P5MA10TH.
INFO (XSTRM-223): 130. Translating cellView tsmc65_sc_adv10/DrwlfY5M4YhGZR1/layout as STRUCTURE DrwlfY5M4YhGZR1.
INFO (XSTRM-223): 131. Translating cellView Better_ADCs/DFFSRPQX1MA10TH_Spacing_Modded/layout as STRUCTURE DFFSRPQX1MA10TH_Spacing_Modded.
INFO (XSTRM-223): 132. Translating cellView tsmc65_sc_adv10/OqWCBcuzlDW/layout as STRUCTURE OqWCBcuzlDW.
INFO (XSTRM-223): 133. Translating cellView tsmc65_sc_adv10/OR2X1MA10TH/layout as STRUCTURE OR2X1MA10TH.
INFO (XSTRM-223): 134. Translating cellView tsmc65_sc_adv10/ILXCiTuzlDW/layout as STRUCTURE ILXCiTuzlDW.
INFO (XSTRM-223): 135. Translating cellView tsmc65_sc_adv10/INVX2BA10TH/layout as STRUCTURE INVX2BA10TH.
INFO (XSTRM-223): 136. Translating cellView tsmc65_sc_adv10/ILXCBTuzlDW/layout as STRUCTURE ILXCBTuzlDW.
INFO (XSTRM-223): 137. Translating cellView tsmc65_sc_adv10/INVX1BA10TH/layout as STRUCTURE INVX1BA10TH.
INFO (XSTRM-223): 138. Translating cellView tsmc65_sc_adv10/DPjGsSkggI9iAZ/layout as STRUCTURE DPjGsSkggI9iAZ.
INFO (XSTRM-223): 139. Translating cellView tsmc65_sc_adv10/DLY4X0P5MA10TH/layout as STRUCTURE DLY4X0P5MA10TH.
INFO (XSTRM-223): 140. Translating cellView tsmc65_sc_adv10/A8enBUo0JTnai/layout as STRUCTURE A8enBUo0JTnai.
INFO (XSTRM-223): 141. Translating cellView tsmc65_sc_adv10/AOI21X1MA10TH/layout as STRUCTURE AOI21X1MA10TH.
INFO (XSTRM-223): 142. Translating cellView tsmc65_sc_adv10/BtwCnTuzlDW/layout as STRUCTURE BtwCnTuzlDW.
INFO (XSTRM-223): 143. Translating cellView tsmc65_sc_adv10/BUFX3BA10TH/layout as STRUCTURE BUFX3BA10TH.
INFO (XSTRM-223): 144. Translating cellView tsmc65_sc_adv10/BtwCicuzlDW/layout as STRUCTURE BtwCicuzlDW.
INFO (XSTRM-223): 145. Translating cellView tsmc65_sc_adv10/BUFX2MA10TH/layout as STRUCTURE BUFX2MA10TH.
INFO (XSTRM-223): 146. Translating cellView tsmc65_sc_adv10/ILXCjY0GJTnai/layout as STRUCTURE ILXCjY0GJTnai.
INFO (XSTRM-223): 147. Translating cellView tsmc65_sc_adv10/INVX0P5BA10TH/layout as STRUCTURE INVX0P5BA10TH.
INFO (XSTRM-223): 148. Translating cellView tsmc65_sc_adv10/ALansKHm4Wvn/layout as STRUCTURE ALansKHm4Wvn.
INFO (XSTRM-223): 149. Translating cellView tsmc65_sc_adv10/AND2X1MA10TH/layout as STRUCTURE AND2X1MA10TH.
INFO (XSTRM-223): 150. Translating cellView tsmc65_sc_adv10/NRPAiUo0JTnai/layout as STRUCTURE NRPAiUo0JTnai.
INFO (XSTRM-223): 151. Translating cellView tsmc65_sc_adv10/NAND2X1MA10TH/layout as STRUCTURE NAND2X1MA10TH.
INFO (XSTRM-223): 152. Translating cellView tsmc65_sc_adv10/NRPAiUoGJTnai/layout as STRUCTURE NRPAiUoGJTnai.
INFO (XSTRM-223): 153. Translating cellView tsmc65_sc_adv10/NAND2X1BA10TH/layout as STRUCTURE NAND2X1BA10TH.
INFO (XSTRM-223): 154. Translating cellView tsmc65_sc_adv10/ILXCnTuzlDW/layout as STRUCTURE ILXCnTuzlDW.
INFO (XSTRM-223): 155. Translating cellView tsmc65_sc_adv10/INVX3BA10TH/layout as STRUCTURE INVX3BA10TH.
INFO (XSTRM-223): 156. Translating cellView tsmc65_sc_adv10/DrwcfY5M4YhGZR1/layout as STRUCTURE DrwcfY5M4YhGZR1.
INFO (XSTRM-223): 157. Translating cellView Better_ADCs/DFFNRPQX1MA10TH_Spacing_Modded/layout as STRUCTURE DFFNRPQX1MA10TH_Spacing_Modded.
INFO (XSTRM-223): 158. Translating cellView tsmc65_sc_adv10/DrwcWMtzgI9iAZ/layout as STRUCTURE DrwcWMtzgI9iAZ.
INFO (XSTRM-223): 159. Translating cellView Better_ADCs/DFFNSQX1MA10TH_Spacing_Modded/layout as STRUCTURE DFFNSQX1MA10TH_Spacing_Modded.
INFO (XSTRM-223): 160. Translating cellView tsmc65_sc_adv10/DrwcWukN5Tke71qF/layout as STRUCTURE DrwcWukN5Tke71qF.
INFO (XSTRM-223): 161. Translating cellView Better_ADCs/DFFNSRPQX1MA10TH_Spacing_Modded/layout as STRUCTURE DFFNSRPQX1MA10TH_Spacing_Modded.
INFO (XSTRM-223): 162. Translating cellView Better_ADCs/Logic_Main_Neg_Out_Only_Sync/layout as STRUCTURE Logic_Main_Neg_Out_Only_Sync.
INFO (XSTRM-223): 163. Translating cellView Better_ADCs/LS10TO25FastRiseBuf_ssw/layout as STRUCTURE LS10TO25FastRiseBuf_ssw.
INFO (XSTRM-223): 164. Translating stdVia tsmcN65/M1_PO/layout as STRUCTURE M1_PO_CDNS_7585766212384.
INFO (XSTRM-223): 165. Translating stdVia tsmcN65/M1_PO/layout as STRUCTURE M1_PO_CDNS_7585766212385.
INFO (XSTRM-223): 166. Translating stdVia tsmcN65/M1_PO/layout as STRUCTURE M1_PO_CDNS_7585766212386.
INFO (XSTRM-223): 167. Translating stdVia tsmcN65/M1_PO/layout as STRUCTURE M1_PO_CDNS_7585766212387.
INFO (XSTRM-223): 168. Translating stdVia tsmcN65/M2_M1/layout as STRUCTURE M2_M1_CDNS_7585766212388.
INFO (XSTRM-223): 169. Translating stdVia tsmcN65/M2_M1/layout as STRUCTURE M2_M1_CDNS_7585766212389.
INFO (XSTRM-223): 170. Translating stdVia tsmcN65/M2_M1/layout as STRUCTURE M2_M1_CDNS_7585766212390.
INFO (XSTRM-223): 171. Translating stdVia tsmcN65/M2_M1/layout as STRUCTURE M2_M1_CDNS_7585766212391.
INFO (XSTRM-223): 172. Translating stdVia tsmcN65/M2_M1/layout as STRUCTURE M2_M1_CDNS_7585766212392.
INFO (XSTRM-223): 173. Translating stdVia tsmcN65/M1_PO/layout as STRUCTURE M1_PO_CDNS_7585766212393.
INFO (XSTRM-223): 174. Translating cellView tsmcN65/pch_25_mac/layout as STRUCTURE pch_25_mac_CDNS_7585766212337.
INFO (XSTRM-223): 175. Translating cellView tsmcN65/pch_25_mac/layout as STRUCTURE pch_25_mac_CDNS_7585766212338.
INFO (XSTRM-223): 176. Translating cellView tsmcN65/pch_25_mac/layout as STRUCTURE pch_25_mac_CDNS_7585766212339.
INFO (XSTRM-223): 177. Translating cellView tsmcN65/nch_25_mac/layout as STRUCTURE nch_25_mac_CDNS_7585766212340.
INFO (XSTRM-223): 178. Translating cellView tsmcN65/pch_25_mac/layout as STRUCTURE pch_25_mac_CDNS_7585766212341.
INFO (XSTRM-223): 179. Translating cellView tsmcN65/nch_25_mac/layout as STRUCTURE nch_25_mac_CDNS_7585766212342.
INFO (XSTRM-223): 180. Translating cellView tsmcN65/pch_25_mac/layout as STRUCTURE pch_25_mac_CDNS_7585766212343.
INFO (XSTRM-223): 181. Translating cellView tsmcN65/nch_25_mac/layout as STRUCTURE nch_25_mac_CDNS_7585766212344.
INFO (XSTRM-223): 182. Translating cellView tsmcN65/nch_25_mac/layout as STRUCTURE nch_25_mac_CDNS_7585766212345.
INFO (XSTRM-223): 183. Translating cellView tsmcN65/pch_25_mac/layout as STRUCTURE pch_25_mac_CDNS_7585766212346.
INFO (XSTRM-223): 184. Translating cellView tsmcN65/nch_25_mac/layout as STRUCTURE nch_25_mac_CDNS_7585766212347.
INFO (XSTRM-223): 185. Translating cellView tsmcN65/nch_25_mac/layout as STRUCTURE nch_25_mac_CDNS_7585766212348.
INFO (XSTRM-223): 186. Translating cellView tsmcN65/pch_25_mac/layout as STRUCTURE pch_25_mac_CDNS_7585766212349.
INFO (XSTRM-223): 187. Translating cellView tsmcN65/pch_25_mac/layout as STRUCTURE pch_25_mac_CDNS_7585766212350.
INFO (XSTRM-223): 188. Translating cellView tsmcN65/nch_25_mac/layout as STRUCTURE nch_25_mac_CDNS_7585766212351.
INFO (XSTRM-223): 189. Translating cellView tsmcN65/pch_25_mac/layout as STRUCTURE pch_25_mac_CDNS_7585766212352.
INFO (XSTRM-223): 190. Translating cellView tsmcN65/pch_25_mac/layout as STRUCTURE pch_25_mac_CDNS_7585766212353.
INFO (XSTRM-223): 191. Translating cellView tsmcN65/pch_25_mac/layout as STRUCTURE pch_25_mac_CDNS_7585766212354.
INFO (XSTRM-223): 192. Translating cellView tsmcN65/pch_25_mac/layout as STRUCTURE pch_25_mac_CDNS_7585766212355.
INFO (XSTRM-223): 193. Translating cellView tsmcN65/pch_25_mac/layout as STRUCTURE pch_25_mac_CDNS_7585766212356.
INFO (XSTRM-223): 194. Translating cellView tsmcN65/nch_25_mac/layout as STRUCTURE nch_25_mac_CDNS_7585766212357.
INFO (XSTRM-223): 195. Translating cellView tsmcN65/nch_25_mac/layout as STRUCTURE nch_25_mac_CDNS_7585766212358.
INFO (XSTRM-223): 196. Translating cellView tsmcN65/nch_25_mac/layout as STRUCTURE nch_25_mac_CDNS_7585766212359.
INFO (XSTRM-223): 197. Translating cellView tsmcN65/nch_25_mac/layout as STRUCTURE nch_25_mac_CDNS_7585766212360.
INFO (XSTRM-223): 198. Translating cellView tsmcN65/pch_25_mac/layout as STRUCTURE pch_25_mac_CDNS_7585766212361.
INFO (XSTRM-223): 199. Translating cellView tsmcN65/nch_25_mac/layout as STRUCTURE nch_25_mac_CDNS_7585766212362.
INFO (XSTRM-223): 200. Translating cellView tsmcN65/pch_25_mac/layout as STRUCTURE pch_25_mac_CDNS_7585766212363.
INFO (XSTRM-223): 201. Translating cellView tsmcN65/nch_25_mac/layout as STRUCTURE nch_25_mac_CDNS_7585766212364.
INFO (XSTRM-223): 202. Translating cellView tsmcN65/nch_25_mac/layout as STRUCTURE nch_25_mac_CDNS_7585766212365.
INFO (XSTRM-223): 203. Translating cellView tsmcN65/nch_25_mac/layout as STRUCTURE nch_25_mac_CDNS_7585766212366.
INFO (XSTRM-223): 204. Translating cellView tsmcN65/nch_25_mac/layout as STRUCTURE nch_25_mac_CDNS_7585766212367.
INFO (XSTRM-223): 205. Translating cellView tsmcN65/nch_25_mac/layout as STRUCTURE nch_25_mac_CDNS_7585766212368.
INFO (XSTRM-223): 206. Translating cellView tsmcN65/pch_25_mac/layout as STRUCTURE pch_25_mac_CDNS_7585766212369.
INFO (XSTRM-223): 207. Translating cellView tsmcN65/pch_25_mac/layout as STRUCTURE pch_25_mac_CDNS_7585766212370.
INFO (XSTRM-223): 208. Translating cellView tsmcN65/nch_25_mac/layout as STRUCTURE nch_25_mac_CDNS_7585766212371.
INFO (XSTRM-223): 209. Translating cellView Better_ADCs/Cap_DAC_Driver_2V5_r1/layout as STRUCTURE Cap_DAC_Driver_2V5_r1.
INFO (XSTRM-223): 210. Translating stdVia tsmcN65/M2_M1/layout as STRUCTURE M2_M1_CDNS_7585766212394.
INFO (XSTRM-223): 211. Translating stdVia tsmcN65/M2_M1/layout as STRUCTURE M2_M1_CDNS_7585766212395.
INFO (XSTRM-223): 212. Translating stdVia tsmcN65/M3_M2/layout as STRUCTURE M3_M2_CDNS_7585766212396.
INFO (XSTRM-223): 213. Translating stdVia tsmcN65/M3_M2/layout as STRUCTURE M3_M2_CDNS_7585766212397.
INFO (XSTRM-223): 214. Translating stdVia tsmcN65/M1_PO/layout as STRUCTURE M1_PO_CDNS_7585766212398.
INFO (XSTRM-223): 215. Translating stdVia tsmcN65/M2_M1/layout as STRUCTURE M2_M1_CDNS_7585766212399.
INFO (XSTRM-223): 216. Translating stdVia tsmcN65/M2_M1/layout as STRUCTURE M2_M1_CDNS_75857662123100.
INFO (XSTRM-223): 217. Translating stdVia tsmcN65/M2_M1/layout as STRUCTURE M2_M1_CDNS_75857662123101.
INFO (XSTRM-223): 218. Translating stdVia tsmcN65/M3_M2/layout as STRUCTURE M3_M2_CDNS_75857662123102.
INFO (XSTRM-223): 219. Translating stdVia tsmcN65/M2_M1/layout as STRUCTURE M2_M1_CDNS_75857662123103.
INFO (XSTRM-223): 220. Translating stdVia tsmcN65/M2_M1/layout as STRUCTURE M2_M1_CDNS_75857662123104.
INFO (XSTRM-223): 221. Translating stdVia tsmcN65/M2_M1/layout as STRUCTURE M2_M1_CDNS_75857662123105.
INFO (XSTRM-223): 222. Translating cellView tsmcN65/pch_25/layout as STRUCTURE pch_25_CDNS_7585766212372.
INFO (XSTRM-223): 223. Translating cellView tsmcN65/pch_25/layout as STRUCTURE pch_25_CDNS_7585766212373.
INFO (XSTRM-223): 224. Translating cellView tsmcN65/pch_25/layout as STRUCTURE pch_25_CDNS_7585766212374.
INFO (XSTRM-223): 225. Translating cellView tsmcN65/nch_25_dnw/layout as STRUCTURE nch_25_dnw_CDNS_7585766212375.
INFO (XSTRM-223): 226. Translating cellView tsmcN65/nch_25/layout as STRUCTURE nch_25_CDNS_7585766212376.
INFO (XSTRM-223): 227. Translating cellView tsmcN65/nch_25_dnw/layout as STRUCTURE nch_25_dnw_CDNS_7585766212377.
INFO (XSTRM-223): 228. Translating cellView tsmcN65/nch_25_dnw/layout as STRUCTURE nch_25_dnw_CDNS_7585766212378.
INFO (XSTRM-223): 229. Translating cellView tsmcN65/nch_25_dnw/layout as STRUCTURE nch_25_dnw_CDNS_7585766212379.
INFO (XSTRM-223): 230. Translating cellView tsmcN65/nch_25/layout as STRUCTURE nch_25_CDNS_7585766212380.
INFO (XSTRM-223): 231. Translating cellView tsmcN65/pch_25/layout as STRUCTURE pch_25_CDNS_7585766212381.
INFO (XSTRM-223): 232. Translating cellView tsmcN65/nch_25/layout as STRUCTURE nch_25_CDNS_7585766212382.
INFO (XSTRM-223): 233. Translating cellView Better_ADCs/Sample_Switch_2V5_r1/layout as STRUCTURE Sample_Switch_2V5_r1.
INFO (XSTRM-223): 234. Translating cellView Better_ADCs/NEW_ADC_Main_2V5_Sync_0p13s_0p70lsb/layout as STRUCTURE NEW_ADC_Main_2V5_Sync_0p13s_0p70lsb.

Summary of Objects Translated:
	Scalar Instances:                       358
	Array Instances:                        0
	Polygons:                               315
	Paths:                                  142
	Rectangles:                             49349
	Lines:                                  0
	Arcs:                                   0
	Donuts:                                 0
	Dots:                                   0
	Ellipses:                               0
	Boundaries:                             0
	Area Blockages:                         0
	Layer Blockages:                        0
	Area Halos:                             0
	Markers:                                0
	Rows:                                   0
	Standard Vias                           2602
	Custom Vias:                            0
	CdsGen Vias:                            0
	Pathsegs:                               976
	Text:                                   2168
	TextDisplay:                            0
	Cells:                                  234

Elapsed Time: 0.3s   User Time: 0.3s   CPU Time: 0.0s   Peak VM: 106880KB
INFO (XSTRM-234): Translation completed. '0' error(s) and '0' warning(s) found.
