********************************************************************************
Product   : Virtuoso(R) XStream Out
Program   : @(#)$CDS: strmout version 6.1.8-64b 11/10/2020 19:36 (cpgsrv13) $
          : sub-version  IC6.1.8-64b.500.15 
Started at: 22-Sep-2025  16:24:55
User Name : mseminario2
Host Name : atlas
Directory : /home/mseminario2/chips/myshkin/ic
CADENCE Design Systems, Inc.
********************************************************************************
Info: Cellview Rev Num:99,  Tech Rev Num:59

INFO (XSTRM-217): Reading the layer map file, /opt/design_kits/TSMC65-PDK/tsmcN65/tsmcN65.layermap
INFO (XSTRM-162): You have not used the viaMap option. If the OpenAccess design has native oaVia instances, use the -viaMap option for preserving oaVia instances in a Stream Out - Stream In round trip. Using the -viaMap option improves performance and VM usage of applications using the Streamed-In design.  For details on the viaMap option, refer to the "Design Data Translator's Reference" guide for XStream.

Summary of Options :
library                                 potentiostat_final
strmFile                                ./pvs/potentiostat_final/dualSlope_sch4lay/potentiostat_final.dualSlope_sch4lay.gds
topCell                                 dualSlope_sch4lay
view                                    layout
logFile                                 ./strmout/potentiostat_final.dualSlope_sch4lay.strmout.log
techLib                                 tsmcN65
layerMap                                /opt/design_kits/TSMC65-PDK/tsmcN65/tsmcN65.layermap
case                                    Preserve
convertDot                              node
convertPin                              geometryAndText
noWarn                                  20 32 33 35 315

INFO (XSTRM-223): 1. Translating stdVia tsmcN65/M3_M2/layout as STRUCTURE M3_M2_CDNS_758576295900.
INFO (XSTRM-223): 2. Translating stdVia tsmcN65/M3_M2/layout as STRUCTURE M3_M2_CDNS_758576295901.
INFO (XSTRM-223): 3. Translating stdVia tsmcN65/M2_M1/layout as STRUCTURE M2_M1_CDNS_758576295902.
INFO (XSTRM-223): 4. Translating stdVia tsmcN65/M4_M3/layout as STRUCTURE M4_M3_CDNS_758576295903.
INFO (XSTRM-223): 5. Translating stdVia tsmcN65/M4_M3/layout as STRUCTURE M4_M3_CDNS_758576295904.
INFO (XSTRM-223): 6. Translating stdVia tsmcN65/M2_M1/layout as STRUCTURE M2_M1_CDNS_758576295905.
INFO (XSTRM-223): 7. Translating stdVia tsmcN65/M1_PO/layout as STRUCTURE M1_PO_CDNS_758576295906.
INFO (XSTRM-223): 8. Translating stdVia tsmcN65/M3_M2/layout as STRUCTURE M3_M2_CDNS_758576295907.
INFO (XSTRM-223): 9. Translating stdVia tsmcN65/M2_M1/layout as STRUCTURE M2_M1_CDNS_758576295908.
INFO (XSTRM-223): 10. Translating stdVia tsmcN65/M3_M2/layout as STRUCTURE M3_M2_CDNS_758576295909.
INFO (XSTRM-223): 11. Translating stdVia tsmcN65/M2_M1/layout as STRUCTURE M2_M1_CDNS_7585762959010.
INFO (XSTRM-223): 12. Translating stdVia tsmcN65/M8_M7/layout as STRUCTURE M8_M7_CDNS_7585762959011.
INFO (XSTRM-223): 13. Translating stdVia tsmcN65/M7_M6/layout as STRUCTURE M7_M6_CDNS_7585762959012.
INFO (XSTRM-223): 14. Translating stdVia tsmcN65/M6_M5/layout as STRUCTURE M6_M5_CDNS_7585762959013.
INFO (XSTRM-223): 15. Translating stdVia tsmcN65/M5_M4/layout as STRUCTURE M5_M4_CDNS_7585762959014.
INFO (XSTRM-223): 16. Translating stdVia tsmcN65/M4_M3/layout as STRUCTURE M4_M3_CDNS_7585762959015.
INFO (XSTRM-223): 17. Translating stdVia tsmcN65/M4_M3/layout as STRUCTURE M4_M3_CDNS_7585762959016.
INFO (XSTRM-223): 18. Translating stdVia tsmcN65/M4_M3/layout as STRUCTURE M4_M3_CDNS_7585762959017.
INFO (XSTRM-223): 19. Translating stdVia tsmcN65/M3_M2/layout as STRUCTURE M3_M2_CDNS_7585762959018.
INFO (XSTRM-223): 20. Translating stdVia tsmcN65/M3_M2/layout as STRUCTURE M3_M2_CDNS_7585762959019.
INFO (XSTRM-223): 21. Translating stdVia tsmcN65/M2_M1/layout as STRUCTURE M2_M1_CDNS_7585762959020.
INFO (XSTRM-223): 22. Translating cellView tsmcN65/mimcap/layout as STRUCTURE mimcap_CDNS_758576295900.
INFO (XSTRM-223): 23. Translating stdVia tsmcN65/M1_PO/layout as STRUCTURE M1_PO_CDNS_7585762959021.
INFO (XSTRM-223): 24. Translating stdVia tsmcN65/M1_PO/layout as STRUCTURE M1_PO_CDNS_7585762959022.
INFO (XSTRM-223): 25. Translating stdVia tsmcN65/M1_OD/layout as STRUCTURE M1_OD_CDNS_7585762959023.
INFO (XSTRM-223): 26. Translating cellView tsmcN65/nch_25_macx/layout as STRUCTURE nch_25_macx_CDNS_758576295901.
INFO (XSTRM-223): 27. Translating cellView tsmcN65/pch_25_macx/layout as STRUCTURE pch_25_macx_CDNS_758576295902.
INFO (XSTRM-223): 28. Translating cellView tsmcN65/pch_25_macx/layout as STRUCTURE pch_25_macx_CDNS_758576295903.
INFO (XSTRM-223): 29. Translating cellView tsmcN65/nch_25_macx/layout as STRUCTURE nch_25_macx_CDNS_758576295904.
INFO (XSTRM-223): 30. Translating cellView potentiostat_final/TGP2A/layout as STRUCTURE TGP2A.
INFO (XSTRM-180): You have not used the objectMap option. The design has instance(s) of at least one of following OpenAccess objects: oaBlockage, oaBoundary, oaRow, and oaMarker. Any information about these objects will not be translated into the generated stream file. Use the objectMap option to translate/preserve these objects using XStream. For details on the objectMap option, refer to the "Design Data Translator's Reference" guide for XStream.
INFO (XSTRM-223): 31. Translating cellView tsmcN65/mimcap/layout as STRUCTURE mimcap_CDNS_758576295905.
INFO (XSTRM-223): 32. Translating cellView tsmcN65/rppolywo/layout as STRUCTURE rppolywo_CDNS_758576295906.
INFO (XSTRM-223): 33. Translating cellView tsmcN65/rppolywo/layout as STRUCTURE rppolywo_CDNS_758576295907.
INFO (XSTRM-223): 34. Translating cellView tsmcN65/rppolywo/layout as STRUCTURE rppolywo_CDNS_758576295908.
INFO (XSTRM-223): 35. Translating cellView tsmcN65/rppolywo/layout as STRUCTURE rppolywo_CDNS_758576295909.
INFO (XSTRM-223): 36. Translating cellView tsmcN65/rppolywo/layout as STRUCTURE rppolywo_CDNS_7585762959010.
INFO (XSTRM-223): 37. Translating cellView tsmcN65/rppolywo/layout as STRUCTURE rppolywo_CDNS_7585762959011.
INFO (XSTRM-223): 38. Translating cellView tsmcN65/rppolywo/layout as STRUCTURE rppolywo_CDNS_7585762959012.
INFO (XSTRM-223): 39. Translating cellView tsmcN65/rnpoly/layout as STRUCTURE rnpoly_CDNS_7585762959013.
INFO (XSTRM-223): 40. Translating cellView tsmcN65/rnpoly/layout as STRUCTURE rnpoly_CDNS_7585762959014.
INFO (XSTRM-223): 41. Translating cellView tsmcN65/rnpoly/layout as STRUCTURE rnpoly_CDNS_7585762959015.
INFO (XSTRM-223): 42. Translating cellView tsmcN65/rnpoly/layout as STRUCTURE rnpoly_CDNS_7585762959016.
INFO (XSTRM-223): 43. Translating cellView tsmcN65/rnpoly/layout as STRUCTURE rnpoly_CDNS_7585762959017.
INFO (XSTRM-223): 44. Translating cellView tsmcN65/rnpoly/layout as STRUCTURE rnpoly_CDNS_7585762959018.
INFO (XSTRM-223): 45. Translating stdVia tsmcN65/M1_PO/layout as STRUCTURE M1_PO_CDNS_7585762959024.
INFO (XSTRM-223): 46. Translating stdVia tsmcN65/M3_M2/layout as STRUCTURE M3_M2_CDNS_7585762959025.
INFO (XSTRM-223): 47. Translating stdVia tsmcN65/M2_M1/layout as STRUCTURE M2_M1_CDNS_7585762959026.
INFO (XSTRM-223): 48. Translating stdVia tsmcN65/M2_M1/layout as STRUCTURE M2_M1_CDNS_7585762959027.
INFO (XSTRM-223): 49. Translating stdVia tsmcN65/M1_OD/layout as STRUCTURE M1_OD_CDNS_7585762959028.
INFO (XSTRM-223): 50. Translating stdVia tsmcN65/M1_OD/layout as STRUCTURE M1_OD_CDNS_7585762959029.
INFO (XSTRM-223): 51. Translating stdVia tsmcN65/M1_PO/layout as STRUCTURE M1_PO_CDNS_7585762959030.
INFO (XSTRM-223): 52. Translating stdVia tsmcN65/M1_OD/layout as STRUCTURE M1_OD_CDNS_7585762959031.
INFO (XSTRM-223): 53. Translating cellView tsmcN65/nch_25_macx/layout as STRUCTURE nch_25_macx_CDNS_7585762959019.
INFO (XSTRM-223): 54. Translating cellView tsmcN65/pch_25_macx/layout as STRUCTURE pch_25_macx_CDNS_7585762959020.
INFO (XSTRM-223): 55. Translating cellView potentiostat_final/INVX1/layout as STRUCTURE INVX1.
INFO (XSTRM-223): 56. Translating cellView tsmcN65/pch_25_macx/layout as STRUCTURE pch_25_macx_CDNS_7585762959021.
INFO (XSTRM-223): 57. Translating cellView tsmcN65/nch_25_macx/layout as STRUCTURE nch_25_macx_CDNS_7585762959022.
INFO (XSTRM-223): 58. Translating cellView tsmcN65/pch_25/layout as STRUCTURE pch_25_CDNS_7585762959023.
INFO (XSTRM-223): 59. Translating cellView tsmcN65/nch_25/layout as STRUCTURE nch_25_CDNS_7585762959024.
INFO (XSTRM-223): 60. Translating cellView potentiostat_final/NOR2X1/layout as STRUCTURE NOR2X1.
INFO (XSTRM-223): 61. Translating cellView potentiostat_final/AdcMimComparatorMei/layout as STRUCTURE AdcMimComparatorMei.
INFO (XSTRM-223): 62. Translating stdVia tsmcN65/M1_PO/layout as STRUCTURE M1_PO_CDNS_7585762959032.
INFO (XSTRM-223): 63. Translating stdVia tsmcN65/M1_PO/layout as STRUCTURE M1_PO_CDNS_7585762959033.
INFO (XSTRM-223): 64. Translating stdVia tsmcN65/M3_M2/layout as STRUCTURE M3_M2_CDNS_7585762959034.
INFO (XSTRM-223): 65. Translating stdVia tsmcN65/M2_M1/layout as STRUCTURE M2_M1_CDNS_7585762959035.
INFO (XSTRM-223): 66. Translating stdVia tsmcN65/M1_PO/layout as STRUCTURE M1_PO_CDNS_7585762959036.
INFO (XSTRM-223): 67. Translating stdVia tsmcN65/M1_PO/layout as STRUCTURE M1_PO_CDNS_7585762959037.
INFO (XSTRM-223): 68. Translating stdVia tsmcN65/M2_M1/layout as STRUCTURE M2_M1_CDNS_7585762959038.
INFO (XSTRM-223): 69. Translating stdVia tsmcN65/M3_M2/layout as STRUCTURE M3_M2_CDNS_7585762959039.
INFO (XSTRM-223): 70. Translating stdVia tsmcN65/M1_PO/layout as STRUCTURE M1_PO_CDNS_7585762959040.
INFO (XSTRM-223): 71. Translating stdVia tsmcN65/M1_PO/layout as STRUCTURE M1_PO_CDNS_7585762959041.
INFO (XSTRM-223): 72. Translating stdVia tsmcN65/M2_M1/layout as STRUCTURE M2_M1_CDNS_7585762959042.
INFO (XSTRM-223): 73. Translating stdVia tsmcN65/M3_M2/layout as STRUCTURE M3_M2_CDNS_7585762959043.
INFO (XSTRM-223): 74. Translating stdVia tsmcN65/M2_M1/layout as STRUCTURE M2_M1_CDNS_7585762959044.
INFO (XSTRM-223): 75. Translating stdVia tsmcN65/M8_M7/layout as STRUCTURE M8_M7_CDNS_7585762959045.
INFO (XSTRM-223): 76. Translating stdVia tsmcN65/M7_M6/layout as STRUCTURE M7_M6_CDNS_7585762959046.
INFO (XSTRM-223): 77. Translating stdVia tsmcN65/M6_M5/layout as STRUCTURE M6_M5_CDNS_7585762959047.
INFO (XSTRM-223): 78. Translating stdVia tsmcN65/M5_M4/layout as STRUCTURE M5_M4_CDNS_7585762959048.
INFO (XSTRM-223): 79. Translating stdVia tsmcN65/M4_M3/layout as STRUCTURE M4_M3_CDNS_7585762959049.
INFO (XSTRM-223): 80. Translating stdVia tsmcN65/M3_M2/layout as STRUCTURE M3_M2_CDNS_7585762959050.
INFO (XSTRM-223): 81. Translating cellView tsmcN65/pch_25_mac/layout as STRUCTURE pch_25_mac_CDNS_7585762959025.
INFO (XSTRM-223): 82. Translating cellView tsmcN65/pch_25_mac/layout as STRUCTURE pch_25_mac_CDNS_7585762959026.
INFO (XSTRM-223): 83. Translating cellView tsmcN65/pch_25_mac/layout as STRUCTURE pch_25_mac_CDNS_7585762959027.
INFO (XSTRM-223): 84. Translating cellView tsmcN65/nch_25_mac/layout as STRUCTURE nch_25_mac_CDNS_7585762959028.
INFO (XSTRM-223): 85. Translating cellView tsmcN65/nch_25_mac/layout as STRUCTURE nch_25_mac_CDNS_7585762959029.
INFO (XSTRM-223): 86. Translating cellView tsmcN65/nch_25_mac/layout as STRUCTURE nch_25_mac_CDNS_7585762959030.
INFO (XSTRM-223): 87. Translating cellView tsmcN65/nch_25_mac/layout as STRUCTURE nch_25_mac_CDNS_7585762959031.
INFO (XSTRM-223): 88. Translating cellView tsmcN65/pch_25_mac/layout as STRUCTURE pch_25_mac_CDNS_7585762959032.
INFO (XSTRM-223): 89. Translating cellView tsmcN65/pch_25_mac/layout as STRUCTURE pch_25_mac_CDNS_7585762959033.
INFO (XSTRM-223): 90. Translating cellView tsmcN65/mimcap/layout as STRUCTURE mimcap_CDNS_7585762959034.
INFO (XSTRM-223): 91. Translating cellView tsmcN65/rnpoly/layout as STRUCTURE rnpoly_CDNS_7585762959035.
INFO (XSTRM-223): 92. Translating cellView tsmcN65/pch_25_mac/layout as STRUCTURE pch_25_mac_CDNS_7585762959036.
INFO (XSTRM-223): 93. Translating cellView tsmcN65/rnpoly/layout as STRUCTURE rnpoly_CDNS_7585762959037.
INFO (XSTRM-223): 94. Translating cellView tsmcN65/nch_25_mac/layout as STRUCTURE nch_25_mac_CDNS_7585762959038.
INFO (XSTRM-223): 95. Translating cellView tsmcN65/rnpolywo/layout as STRUCTURE rnpolywo_CDNS_7585762959039.
INFO (XSTRM-223): 96. Translating cellView tsmcN65/rnpolywo/layout as STRUCTURE rnpolywo_CDNS_7585762959040.
INFO (XSTRM-223): 97. Translating cellView tsmcN65/rnpolywo/layout as STRUCTURE rnpolywo_CDNS_7585762959041.
INFO (XSTRM-223): 98. Translating cellView tsmcN65/rnpolywo/layout as STRUCTURE rnpolywo_CDNS_7585762959042.
INFO (XSTRM-223): 99. Translating cellView tsmcN65/rnpolywo/layout as STRUCTURE rnpolywo_CDNS_7585762959043.
INFO (XSTRM-223): 100. Translating cellView tsmcN65/rnpolywo/layout as STRUCTURE rnpolywo_CDNS_7585762959044.
INFO (XSTRM-223): 101. Translating cellView tsmcN65/rnpolywo/layout as STRUCTURE rnpolywo_CDNS_7585762959045.
INFO (XSTRM-223): 102. Translating cellView tsmcN65/nch_25_mac/layout as STRUCTURE nch_25_mac_CDNS_7585762959046.
INFO (XSTRM-223): 103. Translating cellView tsmcN65/pch_25_mac/layout as STRUCTURE pch_25_mac_CDNS_7585762959047.
INFO (XSTRM-223): 104. Translating cellView tsmcN65/pch_25_mac/layout as STRUCTURE pch_25_mac_CDNS_7585762959048.
INFO (XSTRM-223): 105. Translating cellView tsmcN65/nch_25_mac/layout as STRUCTURE nch_25_mac_CDNS_7585762959049.
INFO (XSTRM-223): 106. Translating cellView tsmcN65/pch_25_mac/layout as STRUCTURE pch_25_mac_CDNS_7585762959050.
INFO (XSTRM-223): 107. Translating cellView tsmcN65/pch_25_mac/layout as STRUCTURE pch_25_mac_CDNS_7585762959051.
INFO (XSTRM-223): 108. Translating cellView tsmcN65/pch_25_mac/layout as STRUCTURE pch_25_mac_CDNS_7585762959052.
INFO (XSTRM-223): 109. Translating cellView tsmcN65/nch_25_mac/layout as STRUCTURE nch_25_mac_CDNS_7585762959053.
INFO (XSTRM-223): 110. Translating cellView tsmcN65/pch_25_mac/layout as STRUCTURE pch_25_mac_CDNS_7585762959054.
INFO (XSTRM-223): 111. Translating cellView tsmcN65/pch_25_mac/layout as STRUCTURE pch_25_mac_CDNS_7585762959055.
INFO (XSTRM-223): 112. Translating cellView tsmcN65/nch_25_mac/layout as STRUCTURE nch_25_mac_CDNS_7585762959056.
INFO (XSTRM-223): 113. Translating cellView tsmcN65/nch_25_mac/layout as STRUCTURE nch_25_mac_CDNS_7585762959057.
INFO (XSTRM-223): 114. Translating cellView tsmcN65/pch_25_mac/layout as STRUCTURE pch_25_mac_CDNS_7585762959058.
INFO (XSTRM-223): 115. Translating cellView tsmcN65/nch_25_mac/layout as STRUCTURE nch_25_mac_CDNS_7585762959059.
INFO (XSTRM-223): 116. Translating cellView tsmcN65/pch_25_mac/layout as STRUCTURE pch_25_mac_CDNS_7585762959060.
INFO (XSTRM-223): 117. Translating cellView tsmcN65/nch_25_mac/layout as STRUCTURE nch_25_mac_CDNS_7585762959061.
INFO (XSTRM-223): 118. Translating cellView tsmcN65/nch_25_mac/layout as STRUCTURE nch_25_mac_CDNS_7585762959062.
INFO (XSTRM-223): 119. Translating cellView tsmcN65/pch_25_mac/layout as STRUCTURE pch_25_mac_CDNS_7585762959063.
INFO (XSTRM-223): 120. Translating cellView tsmcN65/pch_25_mac/layout as STRUCTURE pch_25_mac_CDNS_7585762959064.
INFO (XSTRM-223): 121. Translating cellView tsmcN65/nch_25_mac/layout as STRUCTURE nch_25_mac_CDNS_7585762959065.
INFO (XSTRM-223): 122. Translating cellView tsmcN65/pch_25_mac/layout as STRUCTURE pch_25_mac_CDNS_7585762959066.
INFO (XSTRM-223): 123. Translating cellView tsmcN65/nch_25_mac/layout as STRUCTURE nch_25_mac_CDNS_7585762959067.
INFO (XSTRM-223): 124. Translating cellView tsmcN65/pch_25_mac/layout as STRUCTURE pch_25_mac_CDNS_7585762959068.
INFO (XSTRM-223): 125. Translating cellView tsmcN65/nch_25_mac/layout as STRUCTURE nch_25_mac_CDNS_7585762959069.
INFO (XSTRM-223): 126. Translating cellView tsmcN65/nch_25_mac/layout as STRUCTURE nch_25_mac_CDNS_7585762959070.
INFO (XSTRM-223): 127. Translating cellView tsmcN65/pch_25_mac/layout as STRUCTURE pch_25_mac_CDNS_7585762959071.
INFO (XSTRM-223): 128. Translating cellView tsmcN65/pch_25_mac/layout as STRUCTURE pch_25_mac_CDNS_7585762959072.
INFO (XSTRM-223): 129. Translating cellView tsmcN65/pch_25_mac/layout as STRUCTURE pch_25_mac_CDNS_7585762959073.
INFO (XSTRM-223): 130. Translating cellView tsmcN65/nch_25_mac/layout as STRUCTURE nch_25_mac_CDNS_7585762959074.
INFO (XSTRM-223): 131. Translating cellView tsmcN65/pch_25_mac/layout as STRUCTURE pch_25_mac_CDNS_7585762959075.
INFO (XSTRM-223): 132. Translating cellView tsmcN65/nch_25_mac/layout as STRUCTURE nch_25_mac_CDNS_7585762959076.
INFO (XSTRM-223): 133. Translating cellView tsmcN65/pch_25_mac/layout as STRUCTURE pch_25_mac_CDNS_7585762959077.
INFO (XSTRM-223): 134. Translating cellView tsmcN65/pch_25_mac/layout as STRUCTURE pch_25_mac_CDNS_7585762959078.
INFO (XSTRM-223): 135. Translating cellView tsmcN65/pch_25_mac/layout as STRUCTURE pch_25_mac_CDNS_7585762959079.
INFO (XSTRM-223): 136. Translating cellView tsmcN65/nch_25_mac/layout as STRUCTURE nch_25_mac_CDNS_7585762959080.
INFO (XSTRM-223): 137. Translating cellView tsmcN65/pch_25_mac/layout as STRUCTURE pch_25_mac_CDNS_7585762959081.
INFO (XSTRM-223): 138. Translating cellView tsmcN65/pch_25_mac/layout as STRUCTURE pch_25_mac_CDNS_7585762959082.
INFO (XSTRM-223): 139. Translating cellView tsmcN65/nch_25_mac/layout as STRUCTURE nch_25_mac_CDNS_7585762959083.
INFO (XSTRM-223): 140. Translating cellView tsmcN65/nch_25_mac/layout as STRUCTURE nch_25_mac_CDNS_7585762959084.
INFO (XSTRM-223): 141. Translating cellView tsmcN65/pch_25_mac/layout as STRUCTURE pch_25_mac_CDNS_7585762959085.
INFO (XSTRM-223): 142. Translating cellView tsmcN65/pch_25_mac/layout as STRUCTURE pch_25_mac_CDNS_7585762959086.
INFO (XSTRM-223): 143. Translating cellView tsmcN65/nch_25_mac/layout as STRUCTURE nch_25_mac_CDNS_7585762959087.
INFO (XSTRM-223): 144. Translating cellView tsmcN65/nch_25_mac/layout as STRUCTURE nch_25_mac_CDNS_7585762959088.
INFO (XSTRM-223): 145. Translating cellView tsmcN65/pch_25_mac/layout as STRUCTURE pch_25_mac_CDNS_7585762959089.
INFO (XSTRM-223): 146. Translating cellView tsmcN65/nch_25_mac/layout as STRUCTURE nch_25_mac_CDNS_7585762959090.
INFO (XSTRM-223): 147. Translating cellView tsmcN65/nch_25_mac/layout as STRUCTURE nch_25_mac_CDNS_7585762959091.
INFO (XSTRM-223): 148. Translating cellView tsmcN65/pch_25_mac/layout as STRUCTURE pch_25_mac_CDNS_7585762959092.
INFO (XSTRM-223): 149. Translating cellView tsmcN65/nch_25_mac/layout as STRUCTURE nch_25_mac_CDNS_7585762959093.
INFO (XSTRM-223): 150. Translating cellView tsmcN65/nch_25_mac/layout as STRUCTURE nch_25_mac_CDNS_7585762959094.
INFO (XSTRM-223): 151. Translating cellView tsmcN65/pch_25_mac/layout as STRUCTURE pch_25_mac_CDNS_7585762959095.
INFO (XSTRM-223): 152. Translating cellView potentiostat_final/bts_pmos/layout as STRUCTURE bts_pmos.
INFO (XSTRM-236): A path with a rounded extension, an acute angle or a length segment less than half width is encountered at (25625, -25980). This path will be written as a boundary record in the GDS file.
INFO (XSTRM-236): A path with a rounded extension, an acute angle or a length segment less than half width is encountered at (25625, -25810). This path will be written as a boundary record in the GDS file.
INFO (XSTRM-236): A path with a rounded extension, an acute angle or a length segment less than half width is encountered at (25625, -26100). This path will be written as a boundary record in the GDS file.
INFO (XSTRM-236): A path with a rounded extension, an acute angle or a length segment less than half width is encountered at (25625, -26110). This path will be written as a boundary record in the GDS file.
INFO (XSTRM-223): 153. Translating cellView potentiostat_final/dualSlope_sch4lay/layout as STRUCTURE dualSlope_sch4lay.

Summary of Objects Translated:
	Scalar Instances:                       263
	Array Instances:                        0
	Polygons:                               2
	Paths:                                  21
	Rectangles:                             22266
	Lines:                                  0
	Arcs:                                   0
	Donuts:                                 0
	Dots:                                   0
	Ellipses:                               0
	Boundaries:                             0
	Area Blockages:                         0
	Layer Blockages:                        0
	Area Halos:                             0
	Markers:                                0
	Rows:                                   0
	Standard Vias                           677
	Custom Vias:                            0
	CdsGen Vias:                            0
	Pathsegs:                               971
	Text:                                   844
	TextDisplay:                            18
	Cells:                                  153

Elapsed Time: 0.4s   User Time: 0.3s   CPU Time: 0.0s   Peak VM: 103944KB
INFO (XSTRM-234): Translation completed. '0' error(s) and '0' warning(s) found.
