********************************************************************************
Product   : Virtuoso(R) XStream Out
Program   : @(#)$CDS: strmout version 6.1.8-64b 11/10/2020 19:36 (cpgsrv13) $
          : sub-version  IC6.1.8-64b.500.15 
Started at: 22-Sep-2025  16:22:54
User Name : mseminario2
Host Name : atlas
Directory : /home/mseminario2/chips/myshkin/ic
CADENCE Design Systems, Inc.
********************************************************************************
Info: Cellview Rev Num:99,  Tech Rev Num:59

INFO (XSTRM-217): Reading the layer map file, /opt/design_kits/TSMC65-PDK/tsmcN65/tsmcN65.layermap
INFO (XSTRM-162): You have not used the viaMap option. If the OpenAccess design has native oaVia instances, use the -viaMap option for preserving oaVia instances in a Stream Out - Stream In round trip. Using the -viaMap option improves performance and VM usage of applications using the Streamed-In design.  For details on the viaMap option, refer to the "Design Data Translator's Reference" guide for XStream.

Summary of Options :
library                                 potentiostat_final
strmFile                                ./pvs/potentiostat_final/LVLD10A25PP/potentiostat_final.LVLD10A25PP.gds
topCell                                 LVLD10A25PP
view                                    layout
logFile                                 ./strmout/potentiostat_final.LVLD10A25PP.strmout.log
techLib                                 tsmcN65
layerMap                                /opt/design_kits/TSMC65-PDK/tsmcN65/tsmcN65.layermap
case                                    Preserve
convertDot                              node
convertPin                              geometryAndText
noWarn                                  20 32 33 35 315

INFO (XSTRM-223): 1. Translating stdVia tsmcN65/M3_M2/layout as STRUCTURE M3_M2_CDNS_758576174910.
INFO (XSTRM-223): 2. Translating stdVia tsmcN65/M2_M1/layout as STRUCTURE M2_M1_CDNS_758576174911.
INFO (XSTRM-223): 3. Translating stdVia tsmcN65/M3_M2/layout as STRUCTURE M3_M2_CDNS_758576174912.
INFO (XSTRM-223): 4. Translating stdVia tsmcN65/M2_M1/layout as STRUCTURE M2_M1_CDNS_758576174913.
INFO (XSTRM-223): 5. Translating stdVia tsmcN65/M2_M1/layout as STRUCTURE M2_M1_CDNS_758576174914.
INFO (XSTRM-223): 6. Translating stdVia tsmcN65/M2_M1/layout as STRUCTURE M2_M1_CDNS_758576174915.
INFO (XSTRM-223): 7. Translating stdVia tsmcN65/M2_M1/layout as STRUCTURE M2_M1_CDNS_758576174916.
INFO (XSTRM-223): 8. Translating stdVia tsmcN65/M2_M1/layout as STRUCTURE M2_M1_CDNS_758576174917.
INFO (XSTRM-223): 9. Translating stdVia tsmcN65/M1_PO/layout as STRUCTURE M1_PO_CDNS_758576174918.
INFO (XSTRM-223): 10. Translating stdVia tsmcN65/M1_PO/layout as STRUCTURE M1_PO_CDNS_758576174919.
INFO (XSTRM-223): 11. Translating stdVia tsmcN65/M1_OD/layout as STRUCTURE M1_OD_CDNS_7585761749110.
INFO (XSTRM-223): 12. Translating cellView tsmcN65/nch/layout as STRUCTURE nch_CDNS_758576174910.
INFO (XSTRM-223): 13. Translating cellView tsmcN65/pch/layout as STRUCTURE pch_CDNS_758576174911.
INFO (XSTRM-223): 14. Translating cellView tsmcN65/nch/layout as STRUCTURE nch_CDNS_758576174912.
INFO (XSTRM-223): 15. Translating cellView tsmcN65/pch/layout as STRUCTURE pch_CDNS_758576174913.
INFO (XSTRM-223): 16. Translating cellView tsmcN65/nch_25/layout as STRUCTURE nch_25_CDNS_758576174914.
INFO (XSTRM-223): 17. Translating cellView tsmcN65/pch_25/layout as STRUCTURE pch_25_CDNS_758576174915.
INFO (XSTRM-223): 18. Translating cellView potentiostat_final/LVLD10A25PP/layout as STRUCTURE LVLD10A25PP.
INFO (XSTRM-180): You have not used the objectMap option. The design has instance(s) of at least one of following OpenAccess objects: oaBlockage, oaBoundary, oaRow, and oaMarker. Any information about these objects will not be translated into the generated stream file. Use the objectMap option to translate/preserve these objects using XStream. For details on the objectMap option, refer to the "Design Data Translator's Reference" guide for XStream.

Summary of Objects Translated:
	Scalar Instances:                       12
	Array Instances:                        0
	Polygons:                               2
	Paths:                                  0
	Rectangles:                             173
	Lines:                                  0
	Arcs:                                   0
	Donuts:                                 0
	Dots:                                   0
	Ellipses:                               0
	Boundaries:                             0
	Area Blockages:                         0
	Layer Blockages:                        0
	Area Halos:                             0
	Markers:                                0
	Rows:                                   0
	Standard Vias                           41
	Custom Vias:                            0
	CdsGen Vias:                            0
	Pathsegs:                               84
	Text:                                   68
	TextDisplay:                            0
	Cells:                                  18

Elapsed Time: 0.2s   User Time: 0.1s   CPU Time: 0.0s   Peak VM: 100928KB
INFO (XSTRM-234): Translation completed. '0' error(s) and '0' warning(s) found.
