********************************************************************************
Product   : Virtuoso(R) XStream Out
Program   : @(#)$CDS: strmout version 6.1.8-64b 11/10/2020 19:36 (cpgsrv13) $
          : sub-version  IC6.1.8-64b.500.15 
Started at: 23-Sep-2025  14:06:08
User Name : mseminario2
Host Name : atlas
Directory : /home/mseminario2/chips/myshkin/ic
CADENCE Design Systems, Inc.
********************************************************************************
Info: Cellview Rev Num:99,  Tech Rev Num:59

INFO (XSTRM-217): Reading the layer map file, /opt/design_kits/TSMC65-PDK/tsmcN65/tsmcN65.layermap
INFO (XSTRM-162): You have not used the viaMap option. If the OpenAccess design has native oaVia instances, use the -viaMap option for preserving oaVia instances in a Stream Out - Stream In round trip. Using the -viaMap option improves performance and VM usage of applications using the Streamed-In design.  For details on the viaMap option, refer to the "Design Data Translator's Reference" guide for XStream.

Summary of Options :
library                                 potentiostat_final
strmFile                                ./pvs/potentiostat_final/top_level_sch/potentiostat_final.top_level_sch.gds
topCell                                 top_level_sch
view                                    layout
logFile                                 ./strmout/potentiostat_final.top_level_sch.strmout.log
techLib                                 tsmcN65
layerMap                                /opt/design_kits/TSMC65-PDK/tsmcN65/tsmcN65.layermap
case                                    Preserve
convertDot                              node
convertPin                              geometryAndText
noWarn                                  20 32 33 35 315

INFO (XSTRM-223): 1. Translating stdVia tsmcN65/M3_M2/layout as STRUCTURE M3_M2_CDNS_758654368890.
INFO (XSTRM-223): 2. Translating stdVia tsmcN65/M4_M3/layout as STRUCTURE M4_M3_CDNS_758654368891.
INFO (XSTRM-223): 3. Translating stdVia tsmcN65/M5_M4/layout as STRUCTURE M5_M4_CDNS_758654368892.
INFO (XSTRM-223): 4. Translating stdVia tsmcN65/M5_M4/layout as STRUCTURE M5_M4_CDNS_758654368893.
INFO (XSTRM-223): 5. Translating stdVia tsmcN65/M4_M3/layout as STRUCTURE M4_M3_CDNS_758654368894.
INFO (XSTRM-223): 6. Translating stdVia tsmcN65/M3_M2/layout as STRUCTURE M3_M2_CDNS_758654368895.
INFO (XSTRM-223): 7. Translating stdVia tsmcN65/M4_M3/layout as STRUCTURE M4_M3_CDNS_758654368896.
INFO (XSTRM-223): 8. Translating stdVia tsmcN65/M3_M2/layout as STRUCTURE M3_M2_CDNS_758654368897.
INFO (XSTRM-223): 9. Translating stdVia tsmcN65/M3_M2/layout as STRUCTURE M3_M2_CDNS_758654368898.
INFO (XSTRM-223): 10. Translating stdVia tsmcN65/M4_M3/layout as STRUCTURE M4_M3_CDNS_758654368899.
INFO (XSTRM-223): 11. Translating stdVia tsmcN65/M3_M2/layout as STRUCTURE M3_M2_CDNS_7586543688910.
INFO (XSTRM-223): 12. Translating stdVia tsmcN65/M2_M1/layout as STRUCTURE M2_M1_CDNS_7586543688911.
INFO (XSTRM-223): 13. Translating stdVia tsmcN65/M2_M1/layout as STRUCTURE M2_M1_CDNS_7586543688912.
INFO (XSTRM-223): 14. Translating stdVia tsmcN65/M1_PO/layout as STRUCTURE M1_PO_CDNS_7586543688913.
INFO (XSTRM-223): 15. Translating stdVia tsmcN65/M3_M2/layout as STRUCTURE M3_M2_CDNS_7586543688914.
INFO (XSTRM-223): 16. Translating stdVia tsmcN65/M5_M4/layout as STRUCTURE M5_M4_CDNS_7586543688915.
INFO (XSTRM-223): 17. Translating stdVia tsmcN65/M5_M4/layout as STRUCTURE M5_M4_CDNS_7586543688916.
INFO (XSTRM-223): 18. Translating stdVia tsmcN65/M2_M1/layout as STRUCTURE M2_M1_CDNS_7586543688917.
INFO (XSTRM-223): 19. Translating stdVia tsmcN65/M3_M2/layout as STRUCTURE M3_M2_CDNS_7586543688918.
INFO (XSTRM-223): 20. Translating stdVia tsmcN65/M3_M2/layout as STRUCTURE M3_M2_CDNS_7586543688919.
INFO (XSTRM-223): 21. Translating stdVia tsmcN65/M2_M1/layout as STRUCTURE M2_M1_CDNS_7586543688920.
INFO (XSTRM-223): 22. Translating stdVia tsmcN65/M2_M1/layout as STRUCTURE M2_M1_CDNS_7586543688921.
INFO (XSTRM-223): 23. Translating stdVia tsmcN65/M3_M2/layout as STRUCTURE M3_M2_CDNS_7586543688922.
INFO (XSTRM-223): 24. Translating stdVia tsmcN65/M3_M2/layout as STRUCTURE M3_M2_CDNS_7586543688923.
INFO (XSTRM-223): 25. Translating stdVia tsmcN65/M5_M4/layout as STRUCTURE M5_M4_CDNS_7586543688924.
INFO (XSTRM-223): 26. Translating stdVia tsmcN65/M4_M3/layout as STRUCTURE M4_M3_CDNS_7586543688925.
INFO (XSTRM-223): 27. Translating stdVia tsmcN65/M3_M2/layout as STRUCTURE M3_M2_CDNS_7586543688926.
INFO (XSTRM-223): 28. Translating stdVia tsmcN65/M2_M1/layout as STRUCTURE M2_M1_CDNS_7586543688927.
INFO (XSTRM-223): 29. Translating stdVia tsmcN65/M2_M1/layout as STRUCTURE M2_M1_CDNS_7586543688928.
INFO (XSTRM-223): 30. Translating stdVia tsmcN65/M4_M3/layout as STRUCTURE M4_M3_CDNS_7586543688929.
INFO (XSTRM-223): 31. Translating stdVia tsmcN65/M5_M4/layout as STRUCTURE M5_M4_CDNS_7586543688930.
INFO (XSTRM-223): 32. Translating stdVia tsmcN65/M5_M4/layout as STRUCTURE M5_M4_CDNS_7586543688931.
INFO (XSTRM-223): 33. Translating stdVia tsmcN65/M4_M3/layout as STRUCTURE M4_M3_CDNS_7586543688932.
INFO (XSTRM-223): 34. Translating stdVia tsmcN65/M3_M2/layout as STRUCTURE M3_M2_CDNS_7586543688933.
INFO (XSTRM-223): 35. Translating stdVia tsmcN65/M2_M1/layout as STRUCTURE M2_M1_CDNS_7586543688934.
INFO (XSTRM-223): 36. Translating stdVia tsmcN65/M5_M4/layout as STRUCTURE M5_M4_CDNS_7586543688935.
INFO (XSTRM-223): 37. Translating stdVia tsmcN65/M4_M3/layout as STRUCTURE M4_M3_CDNS_7586543688936.
INFO (XSTRM-223): 38. Translating stdVia tsmcN65/M4_M3/layout as STRUCTURE M4_M3_CDNS_7586543688937.
INFO (XSTRM-223): 39. Translating stdVia tsmcN65/M3_M2/layout as STRUCTURE M3_M2_CDNS_7586543688938.
INFO (XSTRM-223): 40. Translating stdVia tsmcN65/M4_M3/layout as STRUCTURE M4_M3_CDNS_7586543688939.
INFO (XSTRM-223): 41. Translating stdVia tsmcN65/M2_M1/layout as STRUCTURE M2_M1_CDNS_7586543688940.
INFO (XSTRM-223): 42. Translating stdVia tsmcN65/M1_PO/layout as STRUCTURE M1_PO_CDNS_7586543688941.
INFO (XSTRM-223): 43. Translating stdVia tsmcN65/M1_PO/layout as STRUCTURE M1_PO_CDNS_7586543688942.
INFO (XSTRM-223): 44. Translating stdVia tsmcN65/M2_M1/layout as STRUCTURE M2_M1_CDNS_7586543688943.
INFO (XSTRM-223): 45. Translating stdVia tsmcN65/M1_PO/layout as STRUCTURE M1_PO_CDNS_7586543688944.
INFO (XSTRM-223): 46. Translating stdVia tsmcN65/M1_PO/layout as STRUCTURE M1_PO_CDNS_7586543688945.
INFO (XSTRM-223): 47. Translating stdVia tsmcN65/M2_M1/layout as STRUCTURE M2_M1_CDNS_7586543688946.
INFO (XSTRM-223): 48. Translating stdVia tsmcN65/M1_PO/layout as STRUCTURE M1_PO_CDNS_7586543688947.
INFO (XSTRM-223): 49. Translating stdVia tsmcN65/M2_M1/layout as STRUCTURE M2_M1_CDNS_7586543688948.
INFO (XSTRM-223): 50. Translating stdVia tsmcN65/M3_M2/layout as STRUCTURE M3_M2_CDNS_7586543688949.
INFO (XSTRM-223): 51. Translating stdVia tsmcN65/M3_M2/layout as STRUCTURE M3_M2_CDNS_7586543688950.
INFO (XSTRM-223): 52. Translating stdVia tsmcN65/M2_M1/layout as STRUCTURE M2_M1_CDNS_7586543688951.
INFO (XSTRM-223): 53. Translating stdVia tsmcN65/M3_M2/layout as STRUCTURE M3_M2_CDNS_7586543688952.
INFO (XSTRM-223): 54. Translating stdVia tsmcN65/M2_M1/layout as STRUCTURE M2_M1_CDNS_7586543688953.
INFO (XSTRM-223): 55. Translating cellView tsmcN65/pch_25_mac/layout as STRUCTURE pch_25_mac_CDNS_758654368890.
INFO (XSTRM-223): 56. Translating stdVia tsmcN65/M1_PO/layout as STRUCTURE M1_PO_CDNS_7586543688954.
INFO (XSTRM-223): 57. Translating stdVia tsmcN65/M1_PO/layout as STRUCTURE M1_PO_CDNS_7586543688955.
INFO (XSTRM-223): 58. Translating stdVia tsmcN65/M1_PO/layout as STRUCTURE M1_PO_CDNS_7586543688956.
INFO (XSTRM-223): 59. Translating stdVia tsmcN65/M1_PO/layout as STRUCTURE M1_PO_CDNS_7586543688957.
INFO (XSTRM-223): 60. Translating stdVia tsmcN65/M3_M2/layout as STRUCTURE M3_M2_CDNS_7586543688958.
INFO (XSTRM-223): 61. Translating stdVia tsmcN65/M2_M1/layout as STRUCTURE M2_M1_CDNS_7586543688959.
INFO (XSTRM-223): 62. Translating stdVia tsmcN65/M3_M2/layout as STRUCTURE M3_M2_CDNS_7586543688960.
INFO (XSTRM-223): 63. Translating stdVia tsmcN65/M8_M7/layout as STRUCTURE M8_M7_CDNS_7586543688961.
INFO (XSTRM-223): 64. Translating stdVia tsmcN65/M7_M6/layout as STRUCTURE M7_M6_CDNS_7586543688962.
INFO (XSTRM-223): 65. Translating stdVia tsmcN65/M6_M5/layout as STRUCTURE M6_M5_CDNS_7586543688963.
INFO (XSTRM-223): 66. Translating stdVia tsmcN65/M5_M4/layout as STRUCTURE M5_M4_CDNS_7586543688964.
INFO (XSTRM-223): 67. Translating stdVia tsmcN65/M4_M3/layout as STRUCTURE M4_M3_CDNS_7586543688965.
INFO (XSTRM-223): 68. Translating stdVia tsmcN65/M3_M2/layout as STRUCTURE M3_M2_CDNS_7586543688966.
INFO (XSTRM-223): 69. Translating stdVia tsmcN65/M2_M1/layout as STRUCTURE M2_M1_CDNS_7586543688967.
INFO (XSTRM-223): 70. Translating cellView tsmcN65/pch_25_mac/layout as STRUCTURE pch_25_mac_CDNS_758654368891.
INFO (XSTRM-223): 71. Translating cellView tsmcN65/pch_25_mac/layout as STRUCTURE pch_25_mac_CDNS_758654368892.
INFO (XSTRM-223): 72. Translating cellView tsmcN65/pch_25_mac/layout as STRUCTURE pch_25_mac_CDNS_758654368893.
INFO (XSTRM-223): 73. Translating cellView tsmcN65/nch_25_mac/layout as STRUCTURE nch_25_mac_CDNS_758654368894.
INFO (XSTRM-223): 74. Translating cellView tsmcN65/nch_25_mac/layout as STRUCTURE nch_25_mac_CDNS_758654368895.
INFO (XSTRM-223): 75. Translating cellView tsmcN65/nch_25_mac/layout as STRUCTURE nch_25_mac_CDNS_758654368896.
INFO (XSTRM-223): 76. Translating cellView tsmcN65/nch_25_mac/layout as STRUCTURE nch_25_mac_CDNS_758654368897.
INFO (XSTRM-223): 77. Translating cellView tsmcN65/pch_25_mac/layout as STRUCTURE pch_25_mac_CDNS_758654368898.
INFO (XSTRM-223): 78. Translating cellView tsmcN65/pch_25_mac/layout as STRUCTURE pch_25_mac_CDNS_758654368899.
INFO (XSTRM-223): 79. Translating cellView tsmcN65/rnpoly/layout as STRUCTURE rnpoly_CDNS_7586543688910.
INFO (XSTRM-223): 80. Translating cellView tsmcN65/rnpoly/layout as STRUCTURE rnpoly_CDNS_7586543688911.
INFO (XSTRM-223): 81. Translating cellView tsmcN65/mimcap/layout as STRUCTURE mimcap_CDNS_7586543688912.
INFO (XSTRM-223): 82. Translating cellView tsmcN65/rnpoly/layout as STRUCTURE rnpoly_CDNS_7586543688913.
INFO (XSTRM-223): 83. Translating cellView tsmcN65/rnpoly/layout as STRUCTURE rnpoly_CDNS_7586543688914.
INFO (XSTRM-223): 84. Translating cellView tsmcN65/rnpoly/layout as STRUCTURE rnpoly_CDNS_7586543688915.
INFO (XSTRM-223): 85. Translating cellView tsmcN65/pch_25_mac/layout as STRUCTURE pch_25_mac_CDNS_7586543688916.
INFO (XSTRM-223): 86. Translating cellView tsmcN65/rnpoly/layout as STRUCTURE rnpoly_CDNS_7586543688917.
INFO (XSTRM-223): 87. Translating cellView tsmcN65/nch_25_mac/layout as STRUCTURE nch_25_mac_CDNS_7586543688918.
INFO (XSTRM-223): 88. Translating cellView tsmcN65/rnpoly/layout as STRUCTURE rnpoly_CDNS_7586543688919.
INFO (XSTRM-223): 89. Translating cellView tsmcN65/rnpolywo/layout as STRUCTURE rnpolywo_CDNS_7586543688920.
INFO (XSTRM-223): 90. Translating cellView tsmcN65/rnpolywo/layout as STRUCTURE rnpolywo_CDNS_7586543688921.
INFO (XSTRM-223): 91. Translating cellView tsmcN65/rnpolywo/layout as STRUCTURE rnpolywo_CDNS_7586543688922.
INFO (XSTRM-223): 92. Translating cellView tsmcN65/rnpolywo/layout as STRUCTURE rnpolywo_CDNS_7586543688923.
INFO (XSTRM-223): 93. Translating cellView tsmcN65/rnpolywo/layout as STRUCTURE rnpolywo_CDNS_7586543688924.
INFO (XSTRM-223): 94. Translating cellView tsmcN65/rnpolywo/layout as STRUCTURE rnpolywo_CDNS_7586543688925.
INFO (XSTRM-223): 95. Translating cellView tsmcN65/rnpolywo/layout as STRUCTURE rnpolywo_CDNS_7586543688926.
INFO (XSTRM-223): 96. Translating cellView tsmcN65/nch_25_mac/layout as STRUCTURE nch_25_mac_CDNS_7586543688927.
INFO (XSTRM-223): 97. Translating cellView tsmcN65/pch_25_mac/layout as STRUCTURE pch_25_mac_CDNS_7586543688928.
INFO (XSTRM-223): 98. Translating cellView tsmcN65/pch_25_mac/layout as STRUCTURE pch_25_mac_CDNS_7586543688929.
INFO (XSTRM-223): 99. Translating cellView tsmcN65/nch_25_mac/layout as STRUCTURE nch_25_mac_CDNS_7586543688930.
INFO (XSTRM-223): 100. Translating cellView tsmcN65/pch_25_mac/layout as STRUCTURE pch_25_mac_CDNS_7586543688931.
INFO (XSTRM-223): 101. Translating cellView tsmcN65/pch_25_mac/layout as STRUCTURE pch_25_mac_CDNS_7586543688932.
INFO (XSTRM-223): 102. Translating cellView tsmcN65/pch_25_mac/layout as STRUCTURE pch_25_mac_CDNS_7586543688933.
INFO (XSTRM-223): 103. Translating cellView tsmcN65/nch_25_mac/layout as STRUCTURE nch_25_mac_CDNS_7586543688934.
INFO (XSTRM-223): 104. Translating cellView tsmcN65/pch_25_mac/layout as STRUCTURE pch_25_mac_CDNS_7586543688935.
INFO (XSTRM-223): 105. Translating cellView tsmcN65/pch_25_mac/layout as STRUCTURE pch_25_mac_CDNS_7586543688936.
INFO (XSTRM-223): 106. Translating cellView tsmcN65/nch_25_mac/layout as STRUCTURE nch_25_mac_CDNS_7586543688937.
INFO (XSTRM-223): 107. Translating cellView tsmcN65/nch_25_mac/layout as STRUCTURE nch_25_mac_CDNS_7586543688938.
INFO (XSTRM-223): 108. Translating cellView tsmcN65/pch_25_mac/layout as STRUCTURE pch_25_mac_CDNS_7586543688939.
INFO (XSTRM-223): 109. Translating cellView tsmcN65/nch_25_mac/layout as STRUCTURE nch_25_mac_CDNS_7586543688940.
INFO (XSTRM-223): 110. Translating cellView tsmcN65/pch_25_mac/layout as STRUCTURE pch_25_mac_CDNS_7586543688941.
INFO (XSTRM-223): 111. Translating cellView tsmcN65/nch_25_mac/layout as STRUCTURE nch_25_mac_CDNS_7586543688942.
INFO (XSTRM-223): 112. Translating cellView tsmcN65/nch_25_mac/layout as STRUCTURE nch_25_mac_CDNS_7586543688943.
INFO (XSTRM-223): 113. Translating cellView tsmcN65/pch_25_mac/layout as STRUCTURE pch_25_mac_CDNS_7586543688944.
INFO (XSTRM-223): 114. Translating cellView tsmcN65/pch_25_mac/layout as STRUCTURE pch_25_mac_CDNS_7586543688945.
INFO (XSTRM-223): 115. Translating cellView tsmcN65/nch_25_mac/layout as STRUCTURE nch_25_mac_CDNS_7586543688946.
INFO (XSTRM-223): 116. Translating cellView tsmcN65/pch_25_mac/layout as STRUCTURE pch_25_mac_CDNS_7586543688947.
INFO (XSTRM-223): 117. Translating cellView tsmcN65/nch_25_mac/layout as STRUCTURE nch_25_mac_CDNS_7586543688948.
INFO (XSTRM-223): 118. Translating cellView tsmcN65/pch_25_mac/layout as STRUCTURE pch_25_mac_CDNS_7586543688949.
INFO (XSTRM-223): 119. Translating cellView tsmcN65/nch_25_mac/layout as STRUCTURE nch_25_mac_CDNS_7586543688950.
INFO (XSTRM-223): 120. Translating cellView tsmcN65/nch_25_mac/layout as STRUCTURE nch_25_mac_CDNS_7586543688951.
INFO (XSTRM-223): 121. Translating cellView tsmcN65/pch_25_mac/layout as STRUCTURE pch_25_mac_CDNS_7586543688952.
INFO (XSTRM-223): 122. Translating cellView tsmcN65/pch_25_mac/layout as STRUCTURE pch_25_mac_CDNS_7586543688953.
INFO (XSTRM-223): 123. Translating cellView tsmcN65/pch_25_mac/layout as STRUCTURE pch_25_mac_CDNS_7586543688954.
INFO (XSTRM-223): 124. Translating cellView tsmcN65/nch_25_mac/layout as STRUCTURE nch_25_mac_CDNS_7586543688955.
INFO (XSTRM-223): 125. Translating cellView tsmcN65/pch_25_mac/layout as STRUCTURE pch_25_mac_CDNS_7586543688956.
INFO (XSTRM-223): 126. Translating cellView tsmcN65/nch_25_mac/layout as STRUCTURE nch_25_mac_CDNS_7586543688957.
INFO (XSTRM-223): 127. Translating cellView tsmcN65/pch_25_mac/layout as STRUCTURE pch_25_mac_CDNS_7586543688958.
INFO (XSTRM-223): 128. Translating cellView tsmcN65/pch_25_mac/layout as STRUCTURE pch_25_mac_CDNS_7586543688959.
INFO (XSTRM-223): 129. Translating cellView tsmcN65/pch_25_mac/layout as STRUCTURE pch_25_mac_CDNS_7586543688960.
INFO (XSTRM-223): 130. Translating cellView tsmcN65/nch_25_mac/layout as STRUCTURE nch_25_mac_CDNS_7586543688961.
INFO (XSTRM-223): 131. Translating cellView tsmcN65/pch_25_mac/layout as STRUCTURE pch_25_mac_CDNS_7586543688962.
INFO (XSTRM-223): 132. Translating cellView tsmcN65/pch_25_mac/layout as STRUCTURE pch_25_mac_CDNS_7586543688963.
INFO (XSTRM-223): 133. Translating cellView tsmcN65/nch_25_mac/layout as STRUCTURE nch_25_mac_CDNS_7586543688964.
INFO (XSTRM-223): 134. Translating cellView tsmcN65/nch_25_mac/layout as STRUCTURE nch_25_mac_CDNS_7586543688965.
INFO (XSTRM-223): 135. Translating cellView tsmcN65/pch_25_mac/layout as STRUCTURE pch_25_mac_CDNS_7586543688966.
INFO (XSTRM-223): 136. Translating cellView tsmcN65/pch_25_mac/layout as STRUCTURE pch_25_mac_CDNS_7586543688967.
INFO (XSTRM-223): 137. Translating cellView tsmcN65/nch_25_mac/layout as STRUCTURE nch_25_mac_CDNS_7586543688968.
INFO (XSTRM-223): 138. Translating cellView tsmcN65/nch_25_mac/layout as STRUCTURE nch_25_mac_CDNS_7586543688969.
INFO (XSTRM-223): 139. Translating cellView tsmcN65/pch_25_mac/layout as STRUCTURE pch_25_mac_CDNS_7586543688970.
INFO (XSTRM-223): 140. Translating cellView tsmcN65/nch_25_mac/layout as STRUCTURE nch_25_mac_CDNS_7586543688971.
INFO (XSTRM-223): 141. Translating cellView tsmcN65/nch_25_mac/layout as STRUCTURE nch_25_mac_CDNS_7586543688972.
INFO (XSTRM-223): 142. Translating cellView tsmcN65/pch_25_mac/layout as STRUCTURE pch_25_mac_CDNS_7586543688973.
INFO (XSTRM-223): 143. Translating cellView tsmcN65/nch_25_mac/layout as STRUCTURE nch_25_mac_CDNS_7586543688974.
INFO (XSTRM-223): 144. Translating cellView tsmcN65/nch_25_mac/layout as STRUCTURE nch_25_mac_CDNS_7586543688975.
INFO (XSTRM-223): 145. Translating cellView tsmcN65/pch_25_mac/layout as STRUCTURE pch_25_mac_CDNS_7586543688976.
INFO (XSTRM-223): 146. Translating cellView potentiostat_final/bts_pmos/layout as STRUCTURE bts_pmos.
INFO (XSTRM-180): You have not used the objectMap option. The design has instance(s) of at least one of following OpenAccess objects: oaBlockage, oaBoundary, oaRow, and oaMarker. Any information about these objects will not be translated into the generated stream file. Use the objectMap option to translate/preserve these objects using XStream. For details on the objectMap option, refer to the "Design Data Translator's Reference" guide for XStream.
INFO (XSTRM-236): A path with a rounded extension, an acute angle or a length segment less than half width is encountered at (25625, -25980). This path will be written as a boundary record in the GDS file.
INFO (XSTRM-236): A path with a rounded extension, an acute angle or a length segment less than half width is encountered at (25625, -25810). This path will be written as a boundary record in the GDS file.
INFO (XSTRM-236): A path with a rounded extension, an acute angle or a length segment less than half width is encountered at (25625, -26100). This path will be written as a boundary record in the GDS file.
INFO (XSTRM-236): A path with a rounded extension, an acute angle or a length segment less than half width is encountered at (25625, -26110). This path will be written as a boundary record in the GDS file.
INFO (XSTRM-223): 147. Translating cellView tsmcN65/pch_25_mac/layout as STRUCTURE pch_25_mac_CDNS_7586543688977.
INFO (XSTRM-223): 148. Translating cellView tsmcN65/rppolywo/layout as STRUCTURE rppolywo_CDNS_7586543688978.
INFO (XSTRM-223): 149. Translating stdVia tsmcN65/M1_PO/layout as STRUCTURE M1_PO_CDNS_7586543688968.
INFO (XSTRM-223): 150. Translating stdVia tsmcN65/M1_PO/layout as STRUCTURE M1_PO_CDNS_7586543688969.
INFO (XSTRM-223): 151. Translating stdVia tsmcN65/M1_OD/layout as STRUCTURE M1_OD_CDNS_7586543688970.
INFO (XSTRM-223): 152. Translating cellView tsmcN65/nch_25_macx/layout as STRUCTURE nch_25_macx_CDNS_7586543688979.
INFO (XSTRM-223): 153. Translating cellView tsmcN65/pch_25_macx/layout as STRUCTURE pch_25_macx_CDNS_7586543688980.
INFO (XSTRM-223): 154. Translating cellView tsmcN65/pch_25_macx/layout as STRUCTURE pch_25_macx_CDNS_7586543688981.
INFO (XSTRM-223): 155. Translating cellView tsmcN65/nch_25_macx/layout as STRUCTURE nch_25_macx_CDNS_7586543688982.
INFO (XSTRM-223): 156. Translating cellView potentiostat_final/TGP2A/layout as STRUCTURE TGP2A.
INFO (XSTRM-223): 157. Translating cellView tsmcN65/pch_25_mac/layout as STRUCTURE pch_25_mac_CDNS_7586543688983.
INFO (XSTRM-223): 158. Translating cellView tsmcN65/pch_25_mac/layout as STRUCTURE pch_25_mac_CDNS_7586543688984.
INFO (XSTRM-223): 159. Translating cellView tsmcN65/pch_25_mac/layout as STRUCTURE pch_25_mac_CDNS_7586543688985.
INFO (XSTRM-223): 160. Translating cellView tsmcN65/pch_25_mac/layout as STRUCTURE pch_25_mac_CDNS_7586543688986.
INFO (XSTRM-223): 161. Translating cellView tsmcN65/pch_25_mac/layout as STRUCTURE pch_25_mac_CDNS_7586543688987.
INFO (XSTRM-223): 162. Translating cellView tsmcN65/pch_25_mac/layout as STRUCTURE pch_25_mac_CDNS_7586543688988.
INFO (XSTRM-223): 163. Translating cellView tsmcN65/pch_25_mac/layout as STRUCTURE pch_25_mac_CDNS_7586543688989.
INFO (XSTRM-223): 164. Translating cellView tsmcN65/pch_25_mac/layout as STRUCTURE pch_25_mac_CDNS_7586543688990.
INFO (XSTRM-223): 165. Translating cellView tsmcN65/nch_25_mac/layout as STRUCTURE nch_25_mac_CDNS_7586543688991.
INFO (XSTRM-223): 166. Translating cellView tsmcN65/nch_25_mac/layout as STRUCTURE nch_25_mac_CDNS_7586543688992.
INFO (XSTRM-223): 167. Translating cellView tsmcN65/nch_25_mac/layout as STRUCTURE nch_25_mac_CDNS_7586543688993.
INFO (XSTRM-223): 168. Translating cellView tsmcN65/nch_25_mac/layout as STRUCTURE nch_25_mac_CDNS_7586543688994.
INFO (XSTRM-223): 169. Translating cellView tsmcN65/nch_25_mac/layout as STRUCTURE nch_25_mac_CDNS_7586543688995.
INFO (XSTRM-223): 170. Translating cellView tsmcN65/nch_25_mac/layout as STRUCTURE nch_25_mac_CDNS_7586543688996.
INFO (XSTRM-223): 171. Translating cellView tsmcN65/nch_25_mac/layout as STRUCTURE nch_25_mac_CDNS_7586543688997.
INFO (XSTRM-223): 172. Translating cellView tsmcN65/pch_25_mac/layout as STRUCTURE pch_25_mac_CDNS_7586543688998.
INFO (XSTRM-223): 173. Translating cellView tsmcN65/pch_25_mac/layout as STRUCTURE pch_25_mac_CDNS_7586543688999.
INFO (XSTRM-223): 174. Translating cellView tsmcN65/pch_25_mac/layout as STRUCTURE pch_25_mac_CDNS_75865436889100.
INFO (XSTRM-223): 175. Translating cellView tsmcN65/pch_25_mac/layout as STRUCTURE pch_25_mac_CDNS_75865436889101.
INFO (XSTRM-223): 176. Translating cellView tsmcN65/pch_25_mac/layout as STRUCTURE pch_25_mac_CDNS_75865436889102.
INFO (XSTRM-223): 177. Translating cellView tsmcN65/pch_25_mac/layout as STRUCTURE pch_25_mac_CDNS_75865436889103.
INFO (XSTRM-223): 178. Translating cellView tsmcN65/pch_25_mac/layout as STRUCTURE pch_25_mac_CDNS_75865436889104.
INFO (XSTRM-223): 179. Translating cellView tsmcN65/pch_25_mac/layout as STRUCTURE pch_25_mac_CDNS_75865436889105.
INFO (XSTRM-223): 180. Translating cellView tsmcN65/pch_25_mac/layout as STRUCTURE pch_25_mac_CDNS_75865436889106.
INFO (XSTRM-223): 181. Translating cellView tsmcN65/pch_25_mac/layout as STRUCTURE pch_25_mac_CDNS_75865436889107.
INFO (XSTRM-223): 182. Translating cellView tsmcN65/pch_25_mac/layout as STRUCTURE pch_25_mac_CDNS_75865436889108.
INFO (XSTRM-223): 183. Translating cellView tsmcN65/pch_25_mac/layout as STRUCTURE pch_25_mac_CDNS_75865436889109.
INFO (XSTRM-223): 184. Translating cellView tsmcN65/pch_25_mac/layout as STRUCTURE pch_25_mac_CDNS_75865436889110.
INFO (XSTRM-223): 185. Translating cellView tsmcN65/pch_25_mac/layout as STRUCTURE pch_25_mac_CDNS_75865436889111.
INFO (XSTRM-223): 186. Translating cellView tsmcN65/pch_25_mac/layout as STRUCTURE pch_25_mac_CDNS_75865436889112.
INFO (XSTRM-223): 187. Translating cellView tsmcN65/pch_25_mac/layout as STRUCTURE pch_25_mac_CDNS_75865436889113.
INFO (XSTRM-223): 188. Translating cellView tsmcN65/pch_25_mac/layout as STRUCTURE pch_25_mac_CDNS_75865436889114.
INFO (XSTRM-223): 189. Translating cellView tsmcN65/pch_25_mac/layout as STRUCTURE pch_25_mac_CDNS_75865436889115.
INFO (XSTRM-223): 190. Translating cellView potentiostat_final/folded_cascode_pmos/layout_upd as STRUCTURE folded_cascode_pmos.
INFO (XSTRM-223): 191. Translating cellView tsmcN65/pch_25_mac/layout as STRUCTURE pch_25_mac_CDNS_75865436889116.
INFO (XSTRM-223): 192. Translating cellView tsmcN65/pch_25_mac/layout as STRUCTURE pch_25_mac_CDNS_75865436889117.
INFO (XSTRM-223): 193. Translating cellView tsmcN65/pch_25_mac/layout as STRUCTURE pch_25_mac_CDNS_75865436889118.
INFO (XSTRM-223): 194. Translating cellView tsmcN65/pch_25_mac/layout as STRUCTURE pch_25_mac_CDNS_75865436889119.
INFO (XSTRM-223): 195. Translating cellView tsmcN65/pch_25_mac/layout as STRUCTURE pch_25_mac_CDNS_75865436889120.
INFO (XSTRM-223): 196. Translating cellView potentiostat_final/potentiostat_pmos_sch4lay/layout as STRUCTURE potentiostat_pmos_sch4lay.
INFO (XSTRM-223): 197. Translating stdVia tsmcN65/M3_M2/layout as STRUCTURE M3_M2_CDNS_7586543688971.
INFO (XSTRM-223): 198. Translating stdVia tsmcN65/M2_M1/layout as STRUCTURE M2_M1_CDNS_7586543688972.
INFO (XSTRM-223): 199. Translating stdVia tsmcN65/M2_M1/layout as STRUCTURE M2_M1_CDNS_7586543688973.
INFO (XSTRM-223): 200. Translating stdVia tsmcN65/M2_M1/layout as STRUCTURE M2_M1_CDNS_7586543688974.
INFO (XSTRM-223): 201. Translating stdVia tsmcN65/M2_M1/layout as STRUCTURE M2_M1_CDNS_7586543688975.
INFO (XSTRM-223): 202. Translating stdVia tsmcN65/M2_M1/layout as STRUCTURE M2_M1_CDNS_7586543688976.
INFO (XSTRM-223): 203. Translating stdVia tsmcN65/M1_PO/layout as STRUCTURE M1_PO_CDNS_7586543688977.
INFO (XSTRM-223): 204. Translating stdVia tsmcN65/M1_OD/layout as STRUCTURE M1_OD_CDNS_7586543688978.
INFO (XSTRM-223): 205. Translating cellView tsmcN65/nch/layout as STRUCTURE nch_CDNS_75865436889121.
INFO (XSTRM-223): 206. Translating cellView tsmcN65/pch/layout as STRUCTURE pch_CDNS_75865436889122.
INFO (XSTRM-223): 207. Translating cellView tsmcN65/nch/layout as STRUCTURE nch_CDNS_75865436889123.
INFO (XSTRM-223): 208. Translating cellView tsmcN65/pch/layout as STRUCTURE pch_CDNS_75865436889124.
INFO (XSTRM-223): 209. Translating cellView tsmcN65/nch_25/layout as STRUCTURE nch_25_CDNS_75865436889125.
INFO (XSTRM-223): 210. Translating cellView tsmcN65/pch_25/layout as STRUCTURE pch_25_CDNS_75865436889126.
INFO (XSTRM-223): 211. Translating cellView potentiostat_final/LVLD10A25PP/layout as STRUCTURE LVLD10A25PP.
INFO (XSTRM-223): 212. Translating cellView potentiostat_final/LVLD10A25PP6/layout as STRUCTURE LVLD10A25PP6.
INFO (XSTRM-223): 213. Translating stdVia tsmcN65/M1_OD/layout as STRUCTURE M1_OD_CDNS_7586543688979.
INFO (XSTRM-223): 214. Translating stdVia tsmcN65/M1_PO/layout as STRUCTURE M1_PO_CDNS_7586543688980.
INFO (XSTRM-223): 215. Translating cellView tsmcN65/nch_25x/layout as STRUCTURE nch_25x_CDNS_75865436889127.
INFO (XSTRM-223): 216. Translating cellView tsmcN65/nch_25x/layout as STRUCTURE nch_25x_CDNS_75865436889128.
INFO (XSTRM-223): 217. Translating cellView tsmcN65/nch_25x/layout as STRUCTURE nch_25x_CDNS_75865436889129.
INFO (XSTRM-223): 218. Translating cellView tsmcN65/nch_25x/layout as STRUCTURE nch_25x_CDNS_75865436889130.
INFO (XSTRM-223): 219. Translating cellView tsmcN65/pch_25x/layout as STRUCTURE pch_25x_CDNS_75865436889131.
INFO (XSTRM-223): 220. Translating cellView tsmcN65/pch_25x/layout as STRUCTURE pch_25x_CDNS_75865436889132.
INFO (XSTRM-223): 221. Translating cellView tsmcN65/pch_25x/layout as STRUCTURE pch_25x_CDNS_75865436889133.
INFO (XSTRM-223): 222. Translating cellView tsmcN65/pch_25x/layout as STRUCTURE pch_25x_CDNS_75865436889134.
INFO (XSTRM-223): 223. Translating cellView tsmcN65/nch_25x/layout as STRUCTURE nch_25x_CDNS_75865436889135.
INFO (XSTRM-223): 224. Translating cellView tsmcN65/pch_25x/layout as STRUCTURE pch_25x_CDNS_75865436889136.
INFO (XSTRM-223): 225. Translating cellView potentiostat_final/MUX2A/layout as STRUCTURE MUX2A.
INFO (XSTRM-223): 226. Translating stdVia tsmcN65/M2_M1/layout as STRUCTURE M2_M1_CDNS_7586543688981.
INFO (XSTRM-223): 227. Translating stdVia tsmcN65/M3_M2/layout as STRUCTURE M3_M2_CDNS_7586543688982.
INFO (XSTRM-223): 228. Translating stdVia tsmcN65/M2_M1/layout as STRUCTURE M2_M1_CDNS_7586543688983.
INFO (XSTRM-223): 229. Translating stdVia tsmcN65/M2_M1/layout as STRUCTURE M2_M1_CDNS_7586543688984.
INFO (XSTRM-223): 230. Translating stdVia tsmcN65/M2_M1/layout as STRUCTURE M2_M1_CDNS_7586543688985.
INFO (XSTRM-223): 231. Translating stdVia tsmcN65/M2_M1/layout as STRUCTURE M2_M1_CDNS_7586543688986.
INFO (XSTRM-223): 232. Translating stdVia tsmcN65/M2_M1/layout as STRUCTURE M2_M1_CDNS_7586543688987.
INFO (XSTRM-223): 233. Translating stdVia tsmcN65/M8_M7/layout as STRUCTURE M8_M7_CDNS_7586543688988.
INFO (XSTRM-223): 234. Translating stdVia tsmcN65/M7_M6/layout as STRUCTURE M7_M6_CDNS_7586543688989.
INFO (XSTRM-223): 235. Translating stdVia tsmcN65/M6_M5/layout as STRUCTURE M6_M5_CDNS_7586543688990.
INFO (XSTRM-223): 236. Translating stdVia tsmcN65/M5_M4/layout as STRUCTURE M5_M4_CDNS_7586543688991.
INFO (XSTRM-223): 237. Translating stdVia tsmcN65/M4_M3/layout as STRUCTURE M4_M3_CDNS_7586543688992.
INFO (XSTRM-223): 238. Translating stdVia tsmcN65/M3_M2/layout as STRUCTURE M3_M2_CDNS_7586543688993.
INFO (XSTRM-223): 239. Translating stdVia tsmcN65/M2_M1/layout as STRUCTURE M2_M1_CDNS_7586543688994.
INFO (XSTRM-223): 240. Translating stdVia tsmcN65/M3_M2/layout as STRUCTURE M3_M2_CDNS_7586543688995.
INFO (XSTRM-223): 241. Translating stdVia tsmcN65/M3_M2/layout as STRUCTURE M3_M2_CDNS_7586543688996.
INFO (XSTRM-223): 242. Translating stdVia tsmcN65/M2_M1/layout as STRUCTURE M2_M1_CDNS_7586543688997.
INFO (XSTRM-223): 243. Translating stdVia tsmcN65/M6_M5/layout as STRUCTURE M6_M5_CDNS_7586543688998.
INFO (XSTRM-223): 244. Translating stdVia tsmcN65/M7_M6/layout as STRUCTURE M7_M6_CDNS_7586543688999.
INFO (XSTRM-223): 245. Translating stdVia tsmcN65/M3_M2/layout as STRUCTURE M3_M2_CDNS_75865436889100.
INFO (XSTRM-223): 246. Translating stdVia tsmcN65/M4_M3/layout as STRUCTURE M4_M3_CDNS_75865436889101.
INFO (XSTRM-223): 247. Translating stdVia tsmcN65/M5_M4/layout as STRUCTURE M5_M4_CDNS_75865436889102.
INFO (XSTRM-223): 248. Translating stdVia tsmcN65/M3_M2/layout as STRUCTURE M3_M2_CDNS_75865436889103.
INFO (XSTRM-223): 249. Translating stdVia tsmcN65/M3_M2/layout as STRUCTURE M3_M2_CDNS_75865436889104.
INFO (XSTRM-223): 250. Translating stdVia tsmcN65/M2_M1/layout as STRUCTURE M2_M1_CDNS_75865436889105.
INFO (XSTRM-223): 251. Translating stdVia tsmcN65/M3_M2/layout as STRUCTURE M3_M2_CDNS_75865436889106.
INFO (XSTRM-223): 252. Translating stdVia tsmcN65/M3_M2/layout as STRUCTURE M3_M2_CDNS_75865436889107.
INFO (XSTRM-223): 253. Translating stdVia tsmcN65/M4_M3/layout as STRUCTURE M4_M3_CDNS_75865436889108.
INFO (XSTRM-223): 254. Translating stdVia tsmcN65/M5_M4/layout as STRUCTURE M5_M4_CDNS_75865436889109.
INFO (XSTRM-223): 255. Translating stdVia tsmcN65/M5_M4/layout as STRUCTURE M5_M4_CDNS_75865436889110.
INFO (XSTRM-223): 256. Translating stdVia tsmcN65/M4_M3/layout as STRUCTURE M4_M3_CDNS_75865436889111.
INFO (XSTRM-223): 257. Translating stdVia tsmcN65/M3_M2/layout as STRUCTURE M3_M2_CDNS_75865436889112.
INFO (XSTRM-223): 258. Translating stdVia tsmcN65/M3_M2/layout as STRUCTURE M3_M2_CDNS_75865436889113.
INFO (XSTRM-223): 259. Translating stdVia tsmcN65/M3_M2/layout as STRUCTURE M3_M2_CDNS_75865436889114.
INFO (XSTRM-223): 260. Translating stdVia tsmcN65/M4_M3/layout as STRUCTURE M4_M3_CDNS_75865436889115.
INFO (XSTRM-223): 261. Translating stdVia tsmcN65/M3_M2/layout as STRUCTURE M3_M2_CDNS_75865436889116.
INFO (XSTRM-223): 262. Translating stdVia tsmcN65/M2_M1/layout as STRUCTURE M2_M1_CDNS_75865436889117.
INFO (XSTRM-223): 263. Translating stdVia tsmcN65/M3_M2/layout as STRUCTURE M3_M2_CDNS_75865436889118.
INFO (XSTRM-223): 264. Translating stdVia tsmcN65/M5_M4/layout as STRUCTURE M5_M4_CDNS_75865436889119.
INFO (XSTRM-223): 265. Translating stdVia tsmcN65/M4_M3/layout as STRUCTURE M4_M3_CDNS_75865436889120.
INFO (XSTRM-223): 266. Translating stdVia tsmcN65/M4_M3/layout as STRUCTURE M4_M3_CDNS_75865436889121.
INFO (XSTRM-223): 267. Translating stdVia tsmcN65/M4_M3/layout as STRUCTURE M4_M3_CDNS_75865436889122.
INFO (XSTRM-223): 268. Translating stdVia tsmcN65/M4_M3/layout as STRUCTURE M4_M3_CDNS_75865436889123.
INFO (XSTRM-223): 269. Translating stdVia tsmcN65/M5_M4/layout as STRUCTURE M5_M4_CDNS_75865436889124.
INFO (XSTRM-223): 270. Translating stdVia tsmcN65/M4_M3/layout as STRUCTURE M4_M3_CDNS_75865436889125.
INFO (XSTRM-223): 271. Translating stdVia tsmcN65/M5_M4/layout as STRUCTURE M5_M4_CDNS_75865436889126.
INFO (XSTRM-223): 272. Translating stdVia tsmcN65/M3_M2/layout as STRUCTURE M3_M2_CDNS_75865436889127.
INFO (XSTRM-223): 273. Translating stdVia tsmcN65/M4_M3/layout as STRUCTURE M4_M3_CDNS_75865436889128.
INFO (XSTRM-223): 274. Translating stdVia tsmcN65/M5_M4/layout as STRUCTURE M5_M4_CDNS_75865436889129.
INFO (XSTRM-223): 275. Translating stdVia tsmcN65/M4_M3/layout as STRUCTURE M4_M3_CDNS_75865436889130.
INFO (XSTRM-223): 276. Translating stdVia tsmcN65/M3_M2/layout as STRUCTURE M3_M2_CDNS_75865436889131.
INFO (XSTRM-223): 277. Translating stdVia tsmcN65/M4_M3/layout as STRUCTURE M4_M3_CDNS_75865436889132.
INFO (XSTRM-223): 278. Translating stdVia tsmcN65/M5_M4/layout as STRUCTURE M5_M4_CDNS_75865436889133.
INFO (XSTRM-223): 279. Translating stdVia tsmcN65/M4_M3/layout as STRUCTURE M4_M3_CDNS_75865436889134.
INFO (XSTRM-223): 280. Translating stdVia tsmcN65/M3_M2/layout as STRUCTURE M3_M2_CDNS_75865436889135.
INFO (XSTRM-223): 281. Translating stdVia tsmcN65/M4_M3/layout as STRUCTURE M4_M3_CDNS_75865436889136.
INFO (XSTRM-223): 282. Translating stdVia tsmcN65/M5_M4/layout as STRUCTURE M5_M4_CDNS_75865436889137.
INFO (XSTRM-223): 283. Translating stdVia tsmcN65/M4_M3/layout as STRUCTURE M4_M3_CDNS_75865436889138.
INFO (XSTRM-223): 284. Translating stdVia tsmcN65/M3_M2/layout as STRUCTURE M3_M2_CDNS_75865436889139.
INFO (XSTRM-223): 285. Translating stdVia tsmcN65/M3_M2/layout as STRUCTURE M3_M2_CDNS_75865436889140.
INFO (XSTRM-223): 286. Translating stdVia tsmcN65/M3_M2/layout as STRUCTURE M3_M2_CDNS_75865436889141.
INFO (XSTRM-223): 287. Translating stdVia tsmcN65/M4_M3/layout as STRUCTURE M4_M3_CDNS_75865436889142.
INFO (XSTRM-223): 288. Translating stdVia tsmcN65/M3_M2/layout as STRUCTURE M3_M2_CDNS_75865436889143.
INFO (XSTRM-223): 289. Translating stdVia tsmcN65/M3_M2/layout as STRUCTURE M3_M2_CDNS_75865436889144.
INFO (XSTRM-223): 290. Translating stdVia tsmcN65/M3_M2/layout as STRUCTURE M3_M2_CDNS_75865436889145.
INFO (XSTRM-223): 291. Translating stdVia tsmcN65/M1_PO/layout as STRUCTURE M1_PO_CDNS_75865436889146.
INFO (XSTRM-223): 292. Translating stdVia tsmcN65/M1_OD/layout as STRUCTURE M1_OD_CDNS_75865436889147.
INFO (XSTRM-223): 293. Translating stdVia tsmcN65/M8_M7/layout as STRUCTURE M8_M7_CDNS_75865436889148.
INFO (XSTRM-223): 294. Translating stdVia tsmcN65/M3_M2/layout as STRUCTURE M3_M2_CDNS_75865436889149.
INFO (XSTRM-223): 295. Translating cellView tsmcN65/nch_25_macx/layout as STRUCTURE nch_25_macx_CDNS_75865436889137.
INFO (XSTRM-223): 296. Translating cellView tsmcN65/nch_25_macx/layout as STRUCTURE nch_25_macx_CDNS_75865436889138.
INFO (XSTRM-223): 297. Translating cellView tsmcN65/nch_25_macx/layout as STRUCTURE nch_25_macx_CDNS_75865436889139.
INFO (XSTRM-223): 298. Translating cellView tsmcN65/pch_25_macx/layout as STRUCTURE pch_25_macx_CDNS_75865436889140.
INFO (XSTRM-223): 299. Translating cellView tsmcN65/pch_25_macx/layout as STRUCTURE pch_25_macx_CDNS_75865436889141.
INFO (XSTRM-223): 300. Translating cellView tsmcN65/pch_25_macx/layout as STRUCTURE pch_25_macx_CDNS_75865436889142.
INFO (XSTRM-223): 301. Translating cellView tsmcN65/pch_25_mac/layout as STRUCTURE pch_25_mac_CDNS_75865436889143.
INFO (XSTRM-223): 302. Translating cellView tsmcN65/rppolywo/layout as STRUCTURE rppolywo_CDNS_75865436889144.
INFO (XSTRM-223): 303. Translating cellView tsmcN65/nch_25x/layout as STRUCTURE nch_25x_CDNS_75865436889145.
INFO (XSTRM-223): 304. Translating cellView tsmcN65/pch_25_macx/layout as STRUCTURE pch_25_macx_CDNS_75865436889146.
INFO (XSTRM-223): 305. Translating cellView tsmcN65/rnpolywo/layout as STRUCTURE rnpolywo_CDNS_75865436889147.
INFO (XSTRM-223): 306. Translating cellView tsmcN65/rnpolywo/layout as STRUCTURE rnpolywo_CDNS_75865436889148.
INFO (XSTRM-223): 307. Translating cellView tsmcN65/nch_25_macx/layout as STRUCTURE nch_25_macx_CDNS_75865436889149.
INFO (XSTRM-223): 308. Translating cellView tsmcN65/nch_25_macx/layout as STRUCTURE nch_25_macx_CDNS_75865436889150.
INFO (XSTRM-223): 309. Translating cellView tsmcN65/nch_25_macx/layout as STRUCTURE nch_25_macx_CDNS_75865436889151.
INFO (XSTRM-223): 310. Translating cellView tsmcN65/nch_25_macx/layout as STRUCTURE nch_25_macx_CDNS_75865436889152.
INFO (XSTRM-223): 311. Translating cellView tsmcN65/mimcap/layout as STRUCTURE mimcap_CDNS_75865436889153.
INFO (XSTRM-223): 312. Translating cellView tsmcN65/rnpolywo/layout as STRUCTURE rnpolywo_CDNS_75865436889154.
INFO (XSTRM-223): 313. Translating cellView tsmcN65/rnpolywo/layout as STRUCTURE rnpolywo_CDNS_75865436889155.
INFO (XSTRM-223): 314. Translating cellView tsmcN65/rnpolywo/layout as STRUCTURE rnpolywo_CDNS_75865436889156.
INFO (XSTRM-223): 315. Translating cellView tsmcN65/nch_25_macx/layout as STRUCTURE nch_25_macx_CDNS_75865436889157.
INFO (XSTRM-223): 316. Translating cellView tsmcN65/nch_25_macx/layout as STRUCTURE nch_25_macx_CDNS_75865436889158.
INFO (XSTRM-223): 317. Translating cellView tsmcN65/pch_25_macx/layout as STRUCTURE pch_25_macx_CDNS_75865436889159.
INFO (XSTRM-223): 318. Translating cellView tsmcN65/pch_25_macx/layout as STRUCTURE pch_25_macx_CDNS_75865436889160.
INFO (XSTRM-223): 319. Translating cellView tsmcN65/pch_25_macx/layout as STRUCTURE pch_25_macx_CDNS_75865436889161.
INFO (XSTRM-223): 320. Translating stdVia tsmcN65/M1_OD/layout as STRUCTURE M1_OD_CDNS_75865436889150.
INFO (XSTRM-223): 321. Translating cellView tsmcN65/nch_25_macx/layout as STRUCTURE nch_25_macx_CDNS_75865436889162.
INFO (XSTRM-223): 322. Translating cellView tsmcN65/pch_25_macx/layout as STRUCTURE pch_25_macx_CDNS_75865436889163.
INFO (XSTRM-223): 323. Translating cellView potentiostat_final/INVX1/layout as STRUCTURE INVX1.
INFO (XSTRM-223): 324. Translating cellView tsmcN65/rnpolywo/layout as STRUCTURE rnpolywo_CDNS_75865436889164.
INFO (XSTRM-223): 325. Translating cellView potentiostat_final/BiasGenCascWideSwing/layout as STRUCTURE BiasGenCascWideSwing.
INFO (XSTRM-236): A path with a rounded extension, an acute angle or a length segment less than half width is encountered at (37340, 28885). This path will be written as a boundary record in the GDS file.
INFO (XSTRM-223): 326. Translating stdVia tsmcN65/M4_M3/layout as STRUCTURE M4_M3_CDNS_75865436889151.
INFO (XSTRM-223): 327. Translating stdVia tsmcN65/M5_M4/layout as STRUCTURE M5_M4_CDNS_75865436889152.
INFO (XSTRM-223): 328. Translating stdVia tsmcN65/M6_M5/layout as STRUCTURE M6_M5_CDNS_75865436889153.
INFO (XSTRM-223): 329. Translating stdVia tsmcN65/M7_M6/layout as STRUCTURE M7_M6_CDNS_75865436889154.
INFO (XSTRM-223): 330. Translating stdVia tsmcN65/M7_M6/layout as STRUCTURE M7_M6_CDNS_75865436889155.
INFO (XSTRM-223): 331. Translating stdVia tsmcN65/M6_M5/layout as STRUCTURE M6_M5_CDNS_75865436889156.
INFO (XSTRM-223): 332. Translating stdVia tsmcN65/M3_M2/layout as STRUCTURE M3_M2_CDNS_75865436889157.
INFO (XSTRM-223): 333. Translating stdVia tsmcN65/M2_M1/layout as STRUCTURE M2_M1_CDNS_75865436889158.
INFO (XSTRM-223): 334. Translating stdVia tsmcN65/M1_OD/layout as STRUCTURE M1_OD_CDNS_75865436889159.
INFO (XSTRM-223): 335. Translating cellView tsmcN65/rppolywo/layout as STRUCTURE rppolywo_CDNS_75865436889165.
INFO (XSTRM-223): 336. Translating cellView potentiostat_final/R2R14/layout as STRUCTURE R2R14.
INFO (XSTRM-223): 337. Translating cellView tsmcN65/mimcap/layout as STRUCTURE mimcap_CDNS_75865436889166.
INFO (XSTRM-223): 338. Translating cellView tsmcN65/pch_25_macx/layout as STRUCTURE pch_25_macx_CDNS_75865436889167.
INFO (XSTRM-223): 339. Translating cellView tsmcN65/pch_25_macx/layout as STRUCTURE pch_25_macx_CDNS_75865436889168.
INFO (XSTRM-223): 340. Translating cellView tsmcN65/nch_25_macx/layout as STRUCTURE nch_25_macx_CDNS_75865436889169.
INFO (XSTRM-223): 341. Translating cellView potentiostat_final/AND2X8/layout as STRUCTURE AND2X8.
INFO (XSTRM-223): 342. Translating cellView potentiostat_final/Dac2V5R2R14/layout as STRUCTURE Dac2V5R2R14.
INFO (XSTRM-223): 343. Translating stdVia tsmcN65/M1_OD/layout as STRUCTURE M1_OD_CDNS_75865436889160.
INFO (XSTRM-223): 344. Translating cellView tsmcN65/nch_25_macx/layout as STRUCTURE nch_25_macx_CDNS_75865436889170.
INFO (XSTRM-223): 345. Translating cellView tsmcN65/pch_25_macx/layout as STRUCTURE pch_25_macx_CDNS_75865436889171.
INFO (XSTRM-223): 346. Translating cellView tsmcN65/pch_25_macx/layout as STRUCTURE pch_25_macx_CDNS_75865436889172.
INFO (XSTRM-223): 347. Translating cellView tsmcN65/nch_25_macx/layout as STRUCTURE nch_25_macx_CDNS_75865436889173.
INFO (XSTRM-223): 348. Translating cellView potentiostat_final/TGN16A/layout as STRUCTURE TGN16A.
INFO (XSTRM-223): 349. Translating stdVia tsmcN65/M2_M1/layout as STRUCTURE M2_M1_CDNS_75865436889161.
INFO (XSTRM-223): 350. Translating stdVia tsmcN65/M1_OD/layout as STRUCTURE M1_OD_CDNS_75865436889162.
INFO (XSTRM-223): 351. Translating stdVia tsmcN65/M1_OD/layout as STRUCTURE M1_OD_CDNS_75865436889163.
INFO (XSTRM-223): 352. Translating cellView tsmcN65/pch_25_mac/layout as STRUCTURE pch_25_mac_CDNS_75865436889174.
INFO (XSTRM-223): 353. Translating cellView tsmcN65/nch_25_macx/layout as STRUCTURE nch_25_macx_CDNS_75865436889175.
INFO (XSTRM-223): 354. Translating cellView tsmcN65/pch_25_mac/layout as STRUCTURE pch_25_mac_CDNS_75865436889176.
INFO (XSTRM-223): 355. Translating cellView tsmcN65/rppolywo/layout as STRUCTURE rppolywo_CDNS_75865436889177.
INFO (XSTRM-223): 356. Translating cellView tsmcN65/pch_25_mac/layout as STRUCTURE pch_25_mac_CDNS_75865436889178.
INFO (XSTRM-223): 357. Translating cellView tsmcN65/nch_25x/layout as STRUCTURE nch_25x_CDNS_75865436889179.
INFO (XSTRM-223): 358. Translating cellView tsmcN65/pch_25_macx/layout as STRUCTURE pch_25_macx_CDNS_75865436889180.
INFO (XSTRM-223): 359. Translating cellView tsmcN65/nch_25x/layout as STRUCTURE nch_25x_CDNS_75865436889181.
INFO (XSTRM-223): 360. Translating cellView tsmcN65/nch_25_macx/layout as STRUCTURE nch_25_macx_CDNS_75865436889182.
INFO (XSTRM-223): 361. Translating cellView tsmcN65/pch_25_mac/layout as STRUCTURE pch_25_mac_CDNS_75865436889183.
INFO (XSTRM-223): 362. Translating cellView tsmcN65/pch_25_mac/layout as STRUCTURE pch_25_mac_CDNS_75865436889184.
INFO (XSTRM-223): 363. Translating cellView potentiostat_final/DacPowerSupply/layout as STRUCTURE DacPowerSupply.
INFO (XSTRM-223): 364. Translating cellView tsmcN65/mimcap/layout as STRUCTURE mimcap_CDNS_75865436889185.
INFO (XSTRM-223): 365. Translating cellView potentiostat_final/LVLD10A25PP14/layout as STRUCTURE LVLD10A25PP14.
INFO (XSTRM-223): 366. Translating cellView potentiostat_final/TGP16A/layout as STRUCTURE TGP16A.
INFO (XSTRM-223): 367. Translating stdVia tsmcN65/M3_M2/layout as STRUCTURE M3_M2_CDNS_75865436889164.
INFO (XSTRM-223): 368. Translating stdVia tsmcN65/M2_M1/layout as STRUCTURE M2_M1_CDNS_75865436889165.
INFO (XSTRM-223): 369. Translating stdVia tsmcN65/M2_M1/layout as STRUCTURE M2_M1_CDNS_75865436889166.
INFO (XSTRM-223): 370. Translating stdVia tsmcN65/M2_M1/layout as STRUCTURE M2_M1_CDNS_75865436889167.
INFO (XSTRM-223): 371. Translating stdVia tsmcN65/M8_M7/layout as STRUCTURE M8_M7_CDNS_75865436889168.
INFO (XSTRM-223): 372. Translating cellView tsmcN65/pch_25_mac/layout as STRUCTURE pch_25_mac_CDNS_75865436889186.
INFO (XSTRM-223): 373. Translating cellView tsmcN65/pch_25_mac/layout as STRUCTURE pch_25_mac_CDNS_75865436889187.
INFO (XSTRM-223): 374. Translating cellView tsmcN65/pch_25_mac/layout as STRUCTURE pch_25_mac_CDNS_75865436889188.
INFO (XSTRM-223): 375. Translating cellView tsmcN65/pch_25_mac/layout as STRUCTURE pch_25_mac_CDNS_75865436889189.
INFO (XSTRM-223): 376. Translating cellView tsmcN65/pch_25_macx/layout as STRUCTURE pch_25_macx_CDNS_75865436889190.
INFO (XSTRM-223): 377. Translating cellView tsmcN65/nch_25_macx/layout as STRUCTURE nch_25_macx_CDNS_75865436889191.
INFO (XSTRM-223): 378. Translating cellView tsmcN65/nch_25_macx/layout as STRUCTURE nch_25_macx_CDNS_75865436889192.
INFO (XSTRM-223): 379. Translating cellView tsmcN65/mimcap/layout as STRUCTURE mimcap_CDNS_75865436889193.
INFO (XSTRM-223): 380. Translating cellView potentiostat_final/BiasSwitchCascode/layout as STRUCTURE BiasSwitchCascode.
INFO (XSTRM-223): 381. Translating cellView tsmcN65/nch_25_macx/layout as STRUCTURE nch_25_macx_CDNS_75865436889194.
INFO (XSTRM-223): 382. Translating cellView tsmcN65/nch_25_macx/layout as STRUCTURE nch_25_macx_CDNS_75865436889195.
INFO (XSTRM-223): 383. Translating cellView tsmcN65/nch_25_macx/layout as STRUCTURE nch_25_macx_CDNS_75865436889196.
INFO (XSTRM-223): 384. Translating cellView tsmcN65/nch_25_macx/layout as STRUCTURE nch_25_macx_CDNS_75865436889197.
INFO (XSTRM-223): 385. Translating cellView tsmcN65/nch_25_macx/layout as STRUCTURE nch_25_macx_CDNS_75865436889198.
INFO (XSTRM-223): 386. Translating cellView tsmcN65/nch_25_macx/layout as STRUCTURE nch_25_macx_CDNS_75865436889199.
INFO (XSTRM-223): 387. Translating cellView tsmcN65/pch_25_macx/layout as STRUCTURE pch_25_macx_CDNS_75865436889200.
INFO (XSTRM-223): 388. Translating cellView tsmcN65/pch_25_macx/layout as STRUCTURE pch_25_macx_CDNS_75865436889201.
INFO (XSTRM-223): 389. Translating cellView tsmcN65/pch_25_macx/layout as STRUCTURE pch_25_macx_CDNS_75865436889202.
INFO (XSTRM-223): 390. Translating cellView tsmcN65/pch_25_macx/layout as STRUCTURE pch_25_macx_CDNS_75865436889203.
INFO (XSTRM-223): 391. Translating cellView tsmcN65/pch_25_macx/layout as STRUCTURE pch_25_macx_CDNS_75865436889204.
INFO (XSTRM-223): 392. Translating cellView tsmcN65/pch_25_macx/layout as STRUCTURE pch_25_macx_CDNS_75865436889205.
INFO (XSTRM-223): 393. Translating cellView tsmcN65/nch_25_macx/layout as STRUCTURE nch_25_macx_CDNS_75865436889206.
INFO (XSTRM-223): 394. Translating cellView tsmcN65/nch_25_macx/layout as STRUCTURE nch_25_macx_CDNS_75865436889207.
INFO (XSTRM-223): 395. Translating cellView tsmcN65/nch_25_macx/layout as STRUCTURE nch_25_macx_CDNS_75865436889208.
INFO (XSTRM-223): 396. Translating cellView tsmcN65/nch_25_macx/layout as STRUCTURE nch_25_macx_CDNS_75865436889209.
INFO (XSTRM-223): 397. Translating cellView potentiostat_final/OpAmpCurrentMirrorP/layout as STRUCTURE OpAmpCurrentMirrorP.
INFO (XSTRM-223): 398. Translating cellView potentiostat_final/BiasGenCascWideSwingGlobal/layout as STRUCTURE BiasGenCascWideSwingGlobal.
INFO (XSTRM-223): 399. Translating cellView tphn65gpgv2od3_sl/HBG526_PL_PCLAMPA/layout as STRUCTURE HBG526_PL_PCLAMPA.
INFO (XSTRM-223): 400. Translating cellView tphn65gpgv2od3_sl/HBG526_OC_1_1/layout as STRUCTURE HBG526_OC_1_1.
INFO (XSTRM-223): 401. Translating cellView tphn65gpgv2od3_sl/HBG526_V1_BASE_1/layout as STRUCTURE HBG526_V1_BASE_1.
INFO (XSTRM-223): 402. Translating cellView tphn65gpgv2od3_sl/HBG526_V1_2/layout as STRUCTURE HBG526_V1_2.
INFO (XSTRM-223): 403. Translating cellView tphn65gpgv2od3_sl/HBG526_OC_2/layout as STRUCTURE HBG526_OC_2.
INFO (XSTRM-223): 404. Translating cellView tphn65gpgv2od3_sl/HBG526_V1_1_1/layout as STRUCTURE HBG526_V1_1_1.
INFO (XSTRM-223): 405. Translating cellView tphn65gpgv2od3_sl/HBG526_V2_1_1/layout as STRUCTURE HBG526_V2_1_1.
INFO (XSTRM-223): 406. Translating cellView tphn65gpgv2od3_sl/HBG526_SUB_V3A_SIDEA_RPO_095/layout as STRUCTURE HBG526_SUB_V3A_SIDEA_RPO_095.
INFO (XSTRM-223): 407. Translating cellView tphn65gpgv2od3_sl/HBG526_R_UNIT/layout as STRUCTURE HBG526_R_UNIT.
INFO (XSTRM-223): 408. Translating cellView tphn65gpgv2od3_sl/HBG526_PC_2/layout as STRUCTURE HBG526_PC_2.
INFO (XSTRM-223): 409. Translating cellView tphn65gpgv2od3_sl/HBG526_NMOS1X05_1/layout as STRUCTURE HBG526_NMOS1X05_1.
INFO (XSTRM-223): 410. Translating cellView tphn65gpgv2od3_sl/HBG526_NMOS_CAP01/layout as STRUCTURE HBG526_NMOS_CAP01.
INFO (XSTRM-223): 411. Translating cellView tphn65gpgv2od3_sl/HBG526_PMOS3X04A/layout as STRUCTURE HBG526_PMOS3X04A.
INFO (XSTRM-223): 412. Translating cellView tphn65gpgv2od3_sl/HBG526_UNT_PCLAMPA_RPO_095/layout as STRUCTURE HBG526_UNT_PCLAMPA_RPO_095.
INFO (XSTRM-223): 413. Translating cellView tphn65gpgv2od3_sl/HBG526_V2_BASE_1/layout as STRUCTURE HBG526_V2_BASE_1.
INFO (XSTRM-223): 414. Translating cellView tphn65gpgv2od3_sl/HBG526_V2_2/layout as STRUCTURE HBG526_V2_2.
INFO (XSTRM-223): 415. Translating cellView tphn65gpgv2od3_sl/HBG526_NMOS30D7X055X2_RPO_095/layout as STRUCTURE HBG526_NMOS30D7X055X2_RPO_095.
INFO (XSTRM-223): 416. Translating cellView tphn65gpgv2od3_sl/HBG526_SUB_PCLAMPA_RPO_RC/layout as STRUCTURE HBG526_SUB_PCLAMPA_RPO_RC.
INFO (XSTRM-223): 417. Translating cellView tphn65gpgv2od3_sl/PCLAMPA_G/layout as STRUCTURE PCLAMPA_G.
INFO (XSTRM-223): 418. Translating stdVia tsmcN65/M3_M2/layout as STRUCTURE M3_M2_CDNS_75865436889169.
INFO (XSTRM-223): 419. Translating stdVia tsmcN65/M2_M1/layout as STRUCTURE M2_M1_CDNS_75865436889170.
INFO (XSTRM-223): 420. Translating stdVia tsmcN65/M2_M1/layout as STRUCTURE M2_M1_CDNS_75865436889171.
INFO (XSTRM-223): 421. Translating stdVia tsmcN65/M5_M4/layout as STRUCTURE M5_M4_CDNS_75865436889172.
INFO (XSTRM-223): 422. Translating stdVia tsmcN65/M2_M1/layout as STRUCTURE M2_M1_CDNS_75865436889173.
INFO (XSTRM-223): 423. Translating stdVia tsmcN65/M2_M1/layout as STRUCTURE M2_M1_CDNS_75865436889174.
INFO (XSTRM-223): 424. Translating stdVia tsmcN65/M2_M1/layout as STRUCTURE M2_M1_CDNS_75865436889175.
INFO (XSTRM-223): 425. Translating stdVia tsmcN65/M2_M1/layout as STRUCTURE M2_M1_CDNS_75865436889176.
INFO (XSTRM-223): 426. Translating stdVia tsmcN65/M3_M2/layout as STRUCTURE M3_M2_CDNS_75865436889177.
INFO (XSTRM-223): 427. Translating stdVia tsmcN65/M4_M3/layout as STRUCTURE M4_M3_CDNS_75865436889178.
INFO (XSTRM-223): 428. Translating stdVia tsmcN65/M1_OD/layout as STRUCTURE M1_OD_CDNS_75865436889179.
INFO (XSTRM-223): 429. Translating stdVia tsmcN65/M5_M4/layout as STRUCTURE M5_M4_CDNS_75865436889180.
INFO (XSTRM-223): 430. Translating stdVia tsmcN65/M3_M2/layout as STRUCTURE M3_M2_CDNS_75865436889181.
INFO (XSTRM-223): 431. Translating stdVia tsmcN65/M3_M2/layout as STRUCTURE M3_M2_CDNS_75865436889182.
INFO (XSTRM-223): 432. Translating stdVia tsmcN65/M3_M2/layout as STRUCTURE M3_M2_CDNS_75865436889183.
INFO (XSTRM-223): 433. Translating stdVia tsmcN65/M3_M2/layout as STRUCTURE M3_M2_CDNS_75865436889184.
INFO (XSTRM-223): 434. Translating stdVia tsmcN65/M5_M4/layout as STRUCTURE M5_M4_CDNS_75865436889185.
INFO (XSTRM-223): 435. Translating stdVia tsmcN65/M1_OD/layout as STRUCTURE M1_OD_CDNS_75865436889186.
INFO (XSTRM-223): 436. Translating stdVia tsmcN65/M7_M6/layout as STRUCTURE M7_M6_CDNS_75865436889187.
INFO (XSTRM-223): 437. Translating stdVia tsmcN65/M3_M2/layout as STRUCTURE M3_M2_CDNS_75865436889188.
INFO (XSTRM-223): 438. Translating stdVia tsmcN65/M6_M5/layout as STRUCTURE M6_M5_CDNS_75865436889189.
INFO (XSTRM-223): 439. Translating stdVia tsmcN65/M5_M4/layout as STRUCTURE M5_M4_CDNS_75865436889190.
INFO (XSTRM-223): 440. Translating stdVia tsmcN65/M3_M2/layout as STRUCTURE M3_M2_CDNS_75865436889191.
INFO (XSTRM-223): 441. Translating stdVia tsmcN65/M3_M2/layout as STRUCTURE M3_M2_CDNS_75865436889192.
INFO (XSTRM-223): 442. Translating stdVia tsmcN65/M5_M4/layout as STRUCTURE M5_M4_CDNS_75865436889193.
INFO (XSTRM-223): 443. Translating stdVia tsmcN65/M2_M1/layout as STRUCTURE M2_M1_CDNS_75865436889194.
INFO (XSTRM-223): 444. Translating stdVia tsmcN65/M3_M2/layout as STRUCTURE M3_M2_CDNS_75865436889195.
INFO (XSTRM-223): 445. Translating stdVia tsmcN65/M3_M2/layout as STRUCTURE M3_M2_CDNS_75865436889196.
INFO (XSTRM-223): 446. Translating stdVia tsmcN65/M2_M1/layout as STRUCTURE M2_M1_CDNS_75865436889197.
INFO (XSTRM-223): 447. Translating stdVia tsmcN65/M3_M2/layout as STRUCTURE M3_M2_CDNS_75865436889198.
INFO (XSTRM-223): 448. Translating stdVia tsmcN65/M3_M2/layout as STRUCTURE M3_M2_CDNS_75865436889199.
INFO (XSTRM-223): 449. Translating stdVia tsmcN65/M2_M1/layout as STRUCTURE M2_M1_CDNS_75865436889200.
INFO (XSTRM-223): 450. Translating stdVia tsmcN65/M5_M4/layout as STRUCTURE M5_M4_CDNS_75865436889201.
INFO (XSTRM-223): 451. Translating stdVia tsmcN65/M3_M2/layout as STRUCTURE M3_M2_CDNS_75865436889202.
INFO (XSTRM-223): 452. Translating stdVia tsmcN65/M5_M4/layout as STRUCTURE M5_M4_CDNS_75865436889203.
INFO (XSTRM-223): 453. Translating stdVia tsmcN65/M2_M1/layout as STRUCTURE M2_M1_CDNS_75865436889204.
INFO (XSTRM-223): 454. Translating stdVia tsmcN65/M2_M1/layout as STRUCTURE M2_M1_CDNS_75865436889205.
INFO (XSTRM-223): 455. Translating stdVia tsmcN65/M1_PO/layout as STRUCTURE M1_PO_CDNS_75865436889206.
INFO (XSTRM-223): 456. Translating stdVia tsmcN65/M2_M1/layout as STRUCTURE M2_M1_CDNS_75865436889207.
INFO (XSTRM-223): 457. Translating stdVia tsmcN65/M2_M1/layout as STRUCTURE M2_M1_CDNS_75865436889208.
INFO (XSTRM-223): 458. Translating stdVia tsmcN65/M2_M1/layout as STRUCTURE M2_M1_CDNS_75865436889209.
INFO (XSTRM-223): 459. Translating stdVia tsmcN65/M1_PO/layout as STRUCTURE M1_PO_CDNS_75865436889210.
INFO (XSTRM-223): 460. Translating cellView tsmcN65/pch_25/layout as STRUCTURE pch_25_CDNS_75865436889210.
INFO (XSTRM-223): 461. Translating cellView tsmcN65/nch_lvt/layout as STRUCTURE nch_lvt_CDNS_75865436889211.
INFO (XSTRM-223): 462. Translating cellView tsmcN65/pch_25/layout as STRUCTURE pch_25_CDNS_75865436889212.
INFO (XSTRM-223): 463. Translating cellView tsmcN65/pch_25/layout as STRUCTURE pch_25_CDNS_75865436889213.
INFO (XSTRM-223): 464. Translating cellView tsmcN65/nch_25/layout as STRUCTURE nch_25_CDNS_75865436889214.
INFO (XSTRM-223): 465. Translating cellView tsmcN65/pch_lvt/layout as STRUCTURE pch_lvt_CDNS_75865436889215.
INFO (XSTRM-223): 466. Translating cellView tsmcN65/pch_25/layout as STRUCTURE pch_25_CDNS_75865436889216.
INFO (XSTRM-223): 467. Translating cellView tsmcN65/nch_25/layout as STRUCTURE nch_25_CDNS_75865436889217.
INFO (XSTRM-223): 468. Translating cellView tsmcN65/pch_25/layout as STRUCTURE pch_25_CDNS_75865436889218.
INFO (XSTRM-223): 469. Translating cellView tsmcN65/nch_25/layout as STRUCTURE nch_25_CDNS_75865436889219.
INFO (XSTRM-223): 470. Translating cellView Better_ADCs/LS10TO25FastFallBuf_comp/layout as STRUCTURE LS10TO25FastFallBuf_comp.
INFO (XSTRM-223): 471. Translating cellView tsmcN65/nch_25/layout as STRUCTURE nch_25_CDNS_75865436889220.
INFO (XSTRM-223): 472. Translating cellView tsmcN65/nch_25/layout as STRUCTURE nch_25_CDNS_75865436889221.
INFO (XSTRM-223): 473. Translating cellView Better_ADCs/LS10TO25DualOutput_r1/layout as STRUCTURE LS10TO25DualOutput_r1.
INFO (XSTRM-223): 474. Translating cellView Better_ADCs/LS10TO25DualOutputX10_r1/layout as STRUCTURE LS10TO25DualOutputX10_r1.
INFO (XSTRM-223): 475. Translating cellView tsmcN65/rppolywo/layout as STRUCTURE rppolywo_CDNS_75865436889222.
INFO (XSTRM-223): 476. Translating stdVia tsmcN65/M1_PO/layout as STRUCTURE M1_PO_CDNS_75865436889211.
INFO (XSTRM-223): 477. Translating stdVia tsmcN65/M2_M1/layout as STRUCTURE M2_M1_CDNS_75865436889212.
INFO (XSTRM-223): 478. Translating stdVia tsmcN65/M3_M2/layout as STRUCTURE M3_M2_CDNS_75865436889213.
INFO (XSTRM-223): 479. Translating stdVia tsmcN65/M1_PO/layout as STRUCTURE M1_PO_CDNS_75865436889214.
INFO (XSTRM-223): 480. Translating cellView tsmcN65/pch_25_mac/layout as STRUCTURE pch_25_mac_CDNS_75865436889223.
INFO (XSTRM-223): 481. Translating cellView tsmcN65/nch_25_mac/layout as STRUCTURE nch_25_mac_CDNS_75865436889224.
INFO (XSTRM-223): 482. Translating cellView tsmcN65/nch_lvt_mac/layout as STRUCTURE nch_lvt_mac_CDNS_75865436889225.
INFO (XSTRM-223): 483. Translating cellView tsmcN65/pch_lvt_mac/layout as STRUCTURE pch_lvt_mac_CDNS_75865436889226.
INFO (XSTRM-223): 484. Translating cellView tsmcN65/nch_25_mac/layout as STRUCTURE nch_25_mac_CDNS_75865436889227.
INFO (XSTRM-223): 485. Translating cellView tsmcN65/pch_lvt_mac/layout as STRUCTURE pch_lvt_mac_CDNS_75865436889228.
INFO (XSTRM-223): 486. Translating cellView tsmcN65/nch_lvt_mac/layout as STRUCTURE nch_lvt_mac_CDNS_75865436889229.
INFO (XSTRM-223): 487. Translating cellView Better_ADCs/LS25TO10Dual/layout as STRUCTURE LS25TO10Dual.
INFO (XSTRM-223): 488. Translating stdVia tsmcN65/M7_M6/layout as STRUCTURE M7_M6_CDNS_75865436889215.
INFO (XSTRM-223): 489. Translating stdVia tsmcN65/M5_M4/layout as STRUCTURE M5_M4_CDNS_75865436889216.
INFO (XSTRM-223): 490. Translating stdVia tsmcN65/M6_M5/layout as STRUCTURE M6_M5_CDNS_75865436889217.
INFO (XSTRM-223): 491. Translating stdVia tsmcN65/M4_M3/layout as STRUCTURE M4_M3_CDNS_75865436889218.
INFO (XSTRM-223): 492. Translating stdVia tsmcN65/M6_M5/layout as STRUCTURE M6_M5_CDNS_75865436889219.
INFO (XSTRM-223): 493. Translating stdVia tsmcN65/M5_M4/layout as STRUCTURE M5_M4_CDNS_75865436889220.
INFO (XSTRM-223): 494. Translating stdVia tsmcN65/M7_M6/layout as STRUCTURE M7_M6_CDNS_75865436889221.
INFO (XSTRM-223): 495. Translating cellView Better_ADCs/Cap_DAC_2V5_D_0p13s_0p70lsb/layout as STRUCTURE Cap_DAC_2V5_D_0p13s_0p70lsb.
INFO (XSTRM-223): 496. Translating stdVia tsmcN65/M3_M2/layout as STRUCTURE M3_M2_CDNS_75865436889222.
INFO (XSTRM-223): 497. Translating stdVia tsmcN65/M1_PO/layout as STRUCTURE M1_PO_CDNS_75865436889223.
INFO (XSTRM-223): 498. Translating stdVia tsmcN65/M3_M2/layout as STRUCTURE M3_M2_CDNS_75865436889224.
INFO (XSTRM-223): 499. Translating stdVia tsmcN65/M2_M1/layout as STRUCTURE M2_M1_CDNS_75865436889225.
INFO (XSTRM-223): 500. Translating stdVia tsmcN65/M3_M2/layout as STRUCTURE M3_M2_CDNS_75865436889226.
INFO (XSTRM-223): 501. Translating stdVia tsmcN65/M1_OD/layout as STRUCTURE M1_OD_CDNS_75865436889227.
INFO (XSTRM-223): 502. Translating stdVia tsmcN65/M1_PO/layout as STRUCTURE M1_PO_CDNS_75865436889228.
INFO (XSTRM-223): 503. Translating stdVia tsmcN65/M1_OD/layout as STRUCTURE M1_OD_CDNS_75865436889229.
INFO (XSTRM-223): 504. Translating stdVia tsmcN65/M2_M1/layout as STRUCTURE M2_M1_CDNS_75865436889230.
INFO (XSTRM-223): 505. Translating stdVia tsmcN65/M3_M2/layout as STRUCTURE M3_M2_CDNS_75865436889231.
INFO (XSTRM-223): 506. Translating stdVia tsmcN65/M2_M1/layout as STRUCTURE M2_M1_CDNS_75865436889232.
INFO (XSTRM-223): 507. Translating cellView tsmcN65/pch_25_mac/layout as STRUCTURE pch_25_mac_CDNS_75865436889230.
INFO (XSTRM-223): 508. Translating cellView tsmcN65/nch_25_mac/layout as STRUCTURE nch_25_mac_CDNS_75865436889231.
INFO (XSTRM-223): 509. Translating cellView tsmcN65/pch_25_mac/layout as STRUCTURE pch_25_mac_CDNS_75865436889232.
INFO (XSTRM-223): 510. Translating cellView tsmcN65/pch_25_mac/layout as STRUCTURE pch_25_mac_CDNS_75865436889233.
INFO (XSTRM-223): 511. Translating cellView tsmcN65/pch_25_mac/layout as STRUCTURE pch_25_mac_CDNS_75865436889234.
INFO (XSTRM-223): 512. Translating cellView tsmcN65/nch_25_mac/layout as STRUCTURE nch_25_mac_CDNS_75865436889235.
INFO (XSTRM-223): 513. Translating cellView tsmcN65/pch_25_mac/layout as STRUCTURE pch_25_mac_CDNS_75865436889236.
INFO (XSTRM-223): 514. Translating cellView tsmcN65/pch_25_mac/layout as STRUCTURE pch_25_mac_CDNS_75865436889237.
INFO (XSTRM-223): 515. Translating cellView tsmcN65/nch_25_mac/layout as STRUCTURE nch_25_mac_CDNS_75865436889238.
INFO (XSTRM-223): 516. Translating cellView tsmcN65/nch_25_mac/layout as STRUCTURE nch_25_mac_CDNS_75865436889239.
INFO (XSTRM-223): 517. Translating cellView tsmcN65/nch_25_mac/layout as STRUCTURE nch_25_mac_CDNS_75865436889240.
INFO (XSTRM-223): 518. Translating cellView tsmcN65/nch_25_mac/layout as STRUCTURE nch_25_mac_CDNS_75865436889241.
INFO (XSTRM-223): 519. Translating cellView tsmcN65/pch_25_mac/layout as STRUCTURE pch_25_mac_CDNS_75865436889242.
INFO (XSTRM-223): 520. Translating cellView tsmcN65/nch_25_mac/layout as STRUCTURE nch_25_mac_CDNS_75865436889243.
INFO (XSTRM-223): 521. Translating cellView tsmcN65/nch_25_mac/layout as STRUCTURE nch_25_mac_CDNS_75865436889244.
INFO (XSTRM-223): 522. Translating cellView tsmcN65/pch_25_mac/layout as STRUCTURE pch_25_mac_CDNS_75865436889245.
INFO (XSTRM-223): 523. Translating cellView Better_ADCs/Comparator_2V5_Mei/layout as STRUCTURE Comparator_2V5_Mei.
INFO (XSTRM-223): 524. Translating stdVia tsmcN65/M2_M1/layout as STRUCTURE M2_M1_CDNS_75865436889233.
INFO (XSTRM-223): 525. Translating stdVia tsmcN65/M2_M1/layout as STRUCTURE M2_M1_CDNS_75865436889234.
INFO (XSTRM-223): 526. Translating stdVia tsmcN65/M3_M2/layout as STRUCTURE M3_M2_CDNS_75865436889235.
INFO (XSTRM-223): 527. Translating stdVia tsmcN65/M3_M2/layout as STRUCTURE M3_M2_CDNS_75865436889236.
INFO (XSTRM-223): 528. Translating stdVia tsmcN65/M2_M1/layout as STRUCTURE M2_M1_CDNS_75865436889237.
INFO (XSTRM-223): 529. Translating stdVia tsmcN65/M3_M2/layout as STRUCTURE M3_M2_CDNS_75865436889238.
INFO (XSTRM-223): 530. Translating stdVia tsmcN65/M1_OD/layout as STRUCTURE M1_OD_CDNS_75865436889239.
INFO (XSTRM-223): 531. Translating cellView tsmc65_sc_adv10/N8bnsSkggI9iAZ/layout as STRUCTURE N8bnsSkggI9iAZ.
INFO (XSTRM-223): 532. Translating cellView tsmc65_sc_adv10/NOR2X0P5MA10TH/layout as STRUCTURE NOR2X0P5MA10TH.
INFO (XSTRM-223): 533. Translating cellView tsmc65_sc_adv10/DrwlfY5M4YhGZR1/layout as STRUCTURE DrwlfY5M4YhGZR1.
INFO (XSTRM-223): 534. Translating cellView Better_ADCs/DFFSRPQX1MA10TH_Spacing_Modded/layout as STRUCTURE DFFSRPQX1MA10TH_Spacing_Modded.
INFO (XSTRM-223): 535. Translating cellView tsmc65_sc_adv10/OqWCBcuzlDW/layout as STRUCTURE OqWCBcuzlDW.
INFO (XSTRM-223): 536. Translating cellView tsmc65_sc_adv10/OR2X1MA10TH/layout as STRUCTURE OR2X1MA10TH.
INFO (XSTRM-223): 537. Translating cellView tsmc65_sc_adv10/ILXCiTuzlDW/layout as STRUCTURE ILXCiTuzlDW.
INFO (XSTRM-223): 538. Translating cellView tsmc65_sc_adv10/INVX2BA10TH/layout as STRUCTURE INVX2BA10TH.
INFO (XSTRM-223): 539. Translating cellView tsmc65_sc_adv10/ILXCBTuzlDW/layout as STRUCTURE ILXCBTuzlDW.
INFO (XSTRM-223): 540. Translating cellView tsmc65_sc_adv10/INVX1BA10TH/layout as STRUCTURE INVX1BA10TH.
INFO (XSTRM-223): 541. Translating cellView tsmc65_sc_adv10/DPjGsSkggI9iAZ/layout as STRUCTURE DPjGsSkggI9iAZ.
INFO (XSTRM-223): 542. Translating cellView tsmc65_sc_adv10/DLY4X0P5MA10TH/layout as STRUCTURE DLY4X0P5MA10TH.
INFO (XSTRM-223): 543. Translating cellView tsmc65_sc_adv10/A8enBUo0JTnai/layout as STRUCTURE A8enBUo0JTnai.
INFO (XSTRM-223): 544. Translating cellView tsmc65_sc_adv10/AOI21X1MA10TH/layout as STRUCTURE AOI21X1MA10TH.
INFO (XSTRM-223): 545. Translating cellView tsmc65_sc_adv10/BtwCnTuzlDW/layout as STRUCTURE BtwCnTuzlDW.
INFO (XSTRM-223): 546. Translating cellView tsmc65_sc_adv10/BUFX3BA10TH/layout as STRUCTURE BUFX3BA10TH.
INFO (XSTRM-223): 547. Translating cellView tsmc65_sc_adv10/BtwCicuzlDW/layout as STRUCTURE BtwCicuzlDW.
INFO (XSTRM-223): 548. Translating cellView tsmc65_sc_adv10/BUFX2MA10TH/layout as STRUCTURE BUFX2MA10TH.
INFO (XSTRM-223): 549. Translating cellView tsmc65_sc_adv10/ILXCjY0GJTnai/layout as STRUCTURE ILXCjY0GJTnai.
INFO (XSTRM-223): 550. Translating cellView tsmc65_sc_adv10/INVX0P5BA10TH/layout as STRUCTURE INVX0P5BA10TH.
INFO (XSTRM-223): 551. Translating cellView tsmc65_sc_adv10/ALansKHm4Wvn/layout as STRUCTURE ALansKHm4Wvn.
INFO (XSTRM-223): 552. Translating cellView tsmc65_sc_adv10/AND2X1MA10TH/layout as STRUCTURE AND2X1MA10TH.
INFO (XSTRM-223): 553. Translating cellView tsmc65_sc_adv10/NRPAiUo0JTnai/layout as STRUCTURE NRPAiUo0JTnai.
INFO (XSTRM-223): 554. Translating cellView tsmc65_sc_adv10/NAND2X1MA10TH/layout as STRUCTURE NAND2X1MA10TH.
INFO (XSTRM-223): 555. Translating cellView tsmc65_sc_adv10/NRPAiUoGJTnai/layout as STRUCTURE NRPAiUoGJTnai.
INFO (XSTRM-223): 556. Translating cellView tsmc65_sc_adv10/NAND2X1BA10TH/layout as STRUCTURE NAND2X1BA10TH.
INFO (XSTRM-223): 557. Translating cellView tsmc65_sc_adv10/ILXCnTuzlDW/layout as STRUCTURE ILXCnTuzlDW.
INFO (XSTRM-223): 558. Translating cellView tsmc65_sc_adv10/INVX3BA10TH/layout as STRUCTURE INVX3BA10TH.
INFO (XSTRM-223): 559. Translating cellView tsmc65_sc_adv10/DrwcfY5M4YhGZR1/layout as STRUCTURE DrwcfY5M4YhGZR1.
INFO (XSTRM-223): 560. Translating cellView Better_ADCs/DFFNRPQX1MA10TH_Spacing_Modded/layout as STRUCTURE DFFNRPQX1MA10TH_Spacing_Modded.
INFO (XSTRM-223): 561. Translating cellView tsmc65_sc_adv10/DrwcWMtzgI9iAZ/layout as STRUCTURE DrwcWMtzgI9iAZ.
INFO (XSTRM-223): 562. Translating cellView Better_ADCs/DFFNSQX1MA10TH_Spacing_Modded/layout as STRUCTURE DFFNSQX1MA10TH_Spacing_Modded.
INFO (XSTRM-223): 563. Translating cellView tsmc65_sc_adv10/DrwcWukN5Tke71qF/layout as STRUCTURE DrwcWukN5Tke71qF.
INFO (XSTRM-223): 564. Translating cellView Better_ADCs/DFFNSRPQX1MA10TH_Spacing_Modded/layout as STRUCTURE DFFNSRPQX1MA10TH_Spacing_Modded.
INFO (XSTRM-223): 565. Translating cellView Better_ADCs/Logic_Main_Neg_Out_Only_Sync/layout as STRUCTURE Logic_Main_Neg_Out_Only_Sync.
INFO (XSTRM-223): 566. Translating cellView Better_ADCs/LS10TO25FastRiseBuf_ssw/layout as STRUCTURE LS10TO25FastRiseBuf_ssw.
INFO (XSTRM-223): 567. Translating stdVia tsmcN65/M1_PO/layout as STRUCTURE M1_PO_CDNS_75865436889240.
INFO (XSTRM-223): 568. Translating stdVia tsmcN65/M1_PO/layout as STRUCTURE M1_PO_CDNS_75865436889241.
INFO (XSTRM-223): 569. Translating stdVia tsmcN65/M2_M1/layout as STRUCTURE M2_M1_CDNS_75865436889242.
INFO (XSTRM-223): 570. Translating stdVia tsmcN65/M2_M1/layout as STRUCTURE M2_M1_CDNS_75865436889243.
INFO (XSTRM-223): 571. Translating stdVia tsmcN65/M2_M1/layout as STRUCTURE M2_M1_CDNS_75865436889244.
INFO (XSTRM-223): 572. Translating stdVia tsmcN65/M2_M1/layout as STRUCTURE M2_M1_CDNS_75865436889245.
INFO (XSTRM-223): 573. Translating stdVia tsmcN65/M2_M1/layout as STRUCTURE M2_M1_CDNS_75865436889246.
INFO (XSTRM-223): 574. Translating stdVia tsmcN65/M1_PO/layout as STRUCTURE M1_PO_CDNS_75865436889247.
INFO (XSTRM-223): 575. Translating cellView tsmcN65/pch_25_mac/layout as STRUCTURE pch_25_mac_CDNS_75865436889246.
INFO (XSTRM-223): 576. Translating cellView tsmcN65/pch_25_mac/layout as STRUCTURE pch_25_mac_CDNS_75865436889247.
INFO (XSTRM-223): 577. Translating cellView tsmcN65/pch_25_mac/layout as STRUCTURE pch_25_mac_CDNS_75865436889248.
INFO (XSTRM-223): 578. Translating cellView tsmcN65/nch_25_mac/layout as STRUCTURE nch_25_mac_CDNS_75865436889249.
INFO (XSTRM-223): 579. Translating cellView tsmcN65/pch_25_mac/layout as STRUCTURE pch_25_mac_CDNS_75865436889250.
INFO (XSTRM-223): 580. Translating cellView tsmcN65/nch_25_mac/layout as STRUCTURE nch_25_mac_CDNS_75865436889251.
INFO (XSTRM-223): 581. Translating cellView tsmcN65/pch_25_mac/layout as STRUCTURE pch_25_mac_CDNS_75865436889252.
INFO (XSTRM-223): 582. Translating cellView tsmcN65/nch_25_mac/layout as STRUCTURE nch_25_mac_CDNS_75865436889253.
INFO (XSTRM-223): 583. Translating cellView tsmcN65/nch_25_mac/layout as STRUCTURE nch_25_mac_CDNS_75865436889254.
INFO (XSTRM-223): 584. Translating cellView tsmcN65/pch_25_mac/layout as STRUCTURE pch_25_mac_CDNS_75865436889255.
INFO (XSTRM-223): 585. Translating cellView tsmcN65/nch_25_mac/layout as STRUCTURE nch_25_mac_CDNS_75865436889256.
INFO (XSTRM-223): 586. Translating cellView tsmcN65/nch_25_mac/layout as STRUCTURE nch_25_mac_CDNS_75865436889257.
INFO (XSTRM-223): 587. Translating cellView tsmcN65/pch_25_mac/layout as STRUCTURE pch_25_mac_CDNS_75865436889258.
INFO (XSTRM-223): 588. Translating cellView tsmcN65/pch_25_mac/layout as STRUCTURE pch_25_mac_CDNS_75865436889259.
INFO (XSTRM-223): 589. Translating cellView tsmcN65/nch_25_mac/layout as STRUCTURE nch_25_mac_CDNS_75865436889260.
INFO (XSTRM-223): 590. Translating cellView tsmcN65/pch_25_mac/layout as STRUCTURE pch_25_mac_CDNS_75865436889261.
INFO (XSTRM-223): 591. Translating cellView tsmcN65/pch_25_mac/layout as STRUCTURE pch_25_mac_CDNS_75865436889262.
INFO (XSTRM-223): 592. Translating cellView tsmcN65/pch_25_mac/layout as STRUCTURE pch_25_mac_CDNS_75865436889263.
INFO (XSTRM-223): 593. Translating cellView tsmcN65/pch_25_mac/layout as STRUCTURE pch_25_mac_CDNS_75865436889264.
INFO (XSTRM-223): 594. Translating cellView tsmcN65/pch_25_mac/layout as STRUCTURE pch_25_mac_CDNS_75865436889265.
INFO (XSTRM-223): 595. Translating cellView tsmcN65/nch_25_mac/layout as STRUCTURE nch_25_mac_CDNS_75865436889266.
INFO (XSTRM-223): 596. Translating cellView tsmcN65/nch_25_mac/layout as STRUCTURE nch_25_mac_CDNS_75865436889267.
INFO (XSTRM-223): 597. Translating cellView tsmcN65/nch_25_mac/layout as STRUCTURE nch_25_mac_CDNS_75865436889268.
INFO (XSTRM-223): 598. Translating cellView tsmcN65/nch_25_mac/layout as STRUCTURE nch_25_mac_CDNS_75865436889269.
INFO (XSTRM-223): 599. Translating cellView tsmcN65/pch_25_mac/layout as STRUCTURE pch_25_mac_CDNS_75865436889270.
INFO (XSTRM-223): 600. Translating cellView tsmcN65/nch_25_mac/layout as STRUCTURE nch_25_mac_CDNS_75865436889271.
INFO (XSTRM-223): 601. Translating cellView tsmcN65/pch_25_mac/layout as STRUCTURE pch_25_mac_CDNS_75865436889272.
INFO (XSTRM-223): 602. Translating cellView tsmcN65/nch_25_mac/layout as STRUCTURE nch_25_mac_CDNS_75865436889273.
INFO (XSTRM-223): 603. Translating cellView tsmcN65/nch_25_mac/layout as STRUCTURE nch_25_mac_CDNS_75865436889274.
INFO (XSTRM-223): 604. Translating cellView tsmcN65/nch_25_mac/layout as STRUCTURE nch_25_mac_CDNS_75865436889275.
INFO (XSTRM-223): 605. Translating cellView tsmcN65/nch_25_mac/layout as STRUCTURE nch_25_mac_CDNS_75865436889276.
INFO (XSTRM-223): 606. Translating cellView tsmcN65/nch_25_mac/layout as STRUCTURE nch_25_mac_CDNS_75865436889277.
INFO (XSTRM-223): 607. Translating cellView tsmcN65/pch_25_mac/layout as STRUCTURE pch_25_mac_CDNS_75865436889278.
INFO (XSTRM-223): 608. Translating cellView tsmcN65/pch_25_mac/layout as STRUCTURE pch_25_mac_CDNS_75865436889279.
INFO (XSTRM-223): 609. Translating cellView tsmcN65/nch_25_mac/layout as STRUCTURE nch_25_mac_CDNS_75865436889280.
INFO (XSTRM-223): 610. Translating cellView Better_ADCs/Cap_DAC_Driver_2V5_r1/layout as STRUCTURE Cap_DAC_Driver_2V5_r1.
INFO (XSTRM-223): 611. Translating stdVia tsmcN65/M2_M1/layout as STRUCTURE M2_M1_CDNS_75865436889248.
INFO (XSTRM-223): 612. Translating stdVia tsmcN65/M2_M1/layout as STRUCTURE M2_M1_CDNS_75865436889249.
INFO (XSTRM-223): 613. Translating stdVia tsmcN65/M3_M2/layout as STRUCTURE M3_M2_CDNS_75865436889250.
INFO (XSTRM-223): 614. Translating stdVia tsmcN65/M3_M2/layout as STRUCTURE M3_M2_CDNS_75865436889251.
INFO (XSTRM-223): 615. Translating stdVia tsmcN65/M1_PO/layout as STRUCTURE M1_PO_CDNS_75865436889252.
INFO (XSTRM-223): 616. Translating stdVia tsmcN65/M2_M1/layout as STRUCTURE M2_M1_CDNS_75865436889253.
INFO (XSTRM-223): 617. Translating stdVia tsmcN65/M2_M1/layout as STRUCTURE M2_M1_CDNS_75865436889254.
INFO (XSTRM-223): 618. Translating stdVia tsmcN65/M2_M1/layout as STRUCTURE M2_M1_CDNS_75865436889255.
INFO (XSTRM-223): 619. Translating stdVia tsmcN65/M3_M2/layout as STRUCTURE M3_M2_CDNS_75865436889256.
INFO (XSTRM-223): 620. Translating stdVia tsmcN65/M2_M1/layout as STRUCTURE M2_M1_CDNS_75865436889257.
INFO (XSTRM-223): 621. Translating stdVia tsmcN65/M2_M1/layout as STRUCTURE M2_M1_CDNS_75865436889258.
INFO (XSTRM-223): 622. Translating stdVia tsmcN65/M2_M1/layout as STRUCTURE M2_M1_CDNS_75865436889259.
INFO (XSTRM-223): 623. Translating cellView tsmcN65/pch_25/layout as STRUCTURE pch_25_CDNS_75865436889281.
INFO (XSTRM-223): 624. Translating cellView tsmcN65/pch_25/layout as STRUCTURE pch_25_CDNS_75865436889282.
INFO (XSTRM-223): 625. Translating cellView tsmcN65/pch_25/layout as STRUCTURE pch_25_CDNS_75865436889283.
INFO (XSTRM-223): 626. Translating cellView tsmcN65/nch_25_dnw/layout as STRUCTURE nch_25_dnw_CDNS_75865436889284.
INFO (XSTRM-223): 627. Translating cellView tsmcN65/nch_25/layout as STRUCTURE nch_25_CDNS_75865436889285.
INFO (XSTRM-223): 628. Translating cellView tsmcN65/nch_25_dnw/layout as STRUCTURE nch_25_dnw_CDNS_75865436889286.
INFO (XSTRM-223): 629. Translating cellView tsmcN65/nch_25_dnw/layout as STRUCTURE nch_25_dnw_CDNS_75865436889287.
INFO (XSTRM-223): 630. Translating cellView tsmcN65/nch_25_dnw/layout as STRUCTURE nch_25_dnw_CDNS_75865436889288.
INFO (XSTRM-223): 631. Translating cellView tsmcN65/nch_25/layout as STRUCTURE nch_25_CDNS_75865436889289.
INFO (XSTRM-223): 632. Translating cellView tsmcN65/pch_25/layout as STRUCTURE pch_25_CDNS_75865436889290.
INFO (XSTRM-223): 633. Translating cellView tsmcN65/nch_25/layout as STRUCTURE nch_25_CDNS_75865436889291.
INFO (XSTRM-223): 634. Translating cellView Better_ADCs/Sample_Switch_2V5_r1/layout as STRUCTURE Sample_Switch_2V5_r1.
INFO (XSTRM-223): 635. Translating cellView Better_ADCs/NEW_ADC_Main_2V5_Sync_0p13s_0p70lsb/layout as STRUCTURE NEW_ADC_Main_2V5_Sync_0p13s_0p70lsb.
INFO (XSTRM-223): 636. Translating stdVia tsmcN65/M8_M7/layout as STRUCTURE M8_M7_CDNS_75865436889260.
INFO (XSTRM-223): 637. Translating stdVia tsmcN65/M7_M6/layout as STRUCTURE M7_M6_CDNS_75865436889261.
INFO (XSTRM-223): 638. Translating stdVia tsmcN65/M6_M5/layout as STRUCTURE M6_M5_CDNS_75865436889262.
INFO (XSTRM-223): 639. Translating stdVia tsmcN65/M5_M4/layout as STRUCTURE M5_M4_CDNS_75865436889263.
INFO (XSTRM-223): 640. Translating stdVia tsmcN65/M4_M3/layout as STRUCTURE M4_M3_CDNS_75865436889264.
INFO (XSTRM-223): 641. Translating cellView tsmcN65/mimcap/layout as STRUCTURE mimcap_CDNS_75865436889292.
INFO (XSTRM-223): 642. Translating cellView tsmcN65/mimcap/layout as STRUCTURE mimcap_CDNS_75865436889293.
INFO (XSTRM-223): 643. Translating cellView tsmcN65/rppolywo/layout as STRUCTURE rppolywo_CDNS_75865436889294.
INFO (XSTRM-223): 644. Translating cellView tsmcN65/rppolywo/layout as STRUCTURE rppolywo_CDNS_75865436889295.
INFO (XSTRM-223): 645. Translating cellView tsmcN65/rppolywo/layout as STRUCTURE rppolywo_CDNS_75865436889296.
INFO (XSTRM-223): 646. Translating cellView tsmcN65/rppolywo/layout as STRUCTURE rppolywo_CDNS_75865436889297.
INFO (XSTRM-223): 647. Translating cellView tsmcN65/rppolywo/layout as STRUCTURE rppolywo_CDNS_75865436889298.
INFO (XSTRM-223): 648. Translating cellView tsmcN65/rppolywo/layout as STRUCTURE rppolywo_CDNS_75865436889299.
INFO (XSTRM-223): 649. Translating cellView tsmcN65/rppolywo/layout as STRUCTURE rppolywo_CDNS_75865436889300.
INFO (XSTRM-223): 650. Translating cellView tsmcN65/rnpoly/layout as STRUCTURE rnpoly_CDNS_75865436889301.
INFO (XSTRM-223): 651. Translating cellView tsmcN65/pch_25_macx/layout as STRUCTURE pch_25_macx_CDNS_75865436889302.
INFO (XSTRM-223): 652. Translating cellView tsmcN65/nch_25_macx/layout as STRUCTURE nch_25_macx_CDNS_75865436889303.
INFO (XSTRM-223): 653. Translating cellView tsmcN65/pch_25/layout as STRUCTURE pch_25_CDNS_75865436889304.
INFO (XSTRM-223): 654. Translating cellView tsmcN65/nch_25/layout as STRUCTURE nch_25_CDNS_75865436889305.
INFO (XSTRM-223): 655. Translating cellView potentiostat_final/NOR2X1/layout as STRUCTURE NOR2X1.
INFO (XSTRM-223): 656. Translating cellView potentiostat_final/AdcMimComparatorMei/layout as STRUCTURE AdcMimComparatorMei.
INFO (XSTRM-223): 657. Translating cellView potentiostat_final/dualSlope_sch4lay/layout as STRUCTURE dualSlope_sch4lay.
INFO (XSTRM-223): 658. Translating stdVia tsmcN65/M1_PO/layout as STRUCTURE M1_PO_CDNS_75865436889265.
INFO (XSTRM-223): 659. Translating cellView potentiostat_final/LVLA25D10PP/layout as STRUCTURE LVLA25D10PP.
INFO (XSTRM-223): 660. Translating cellView potentiostat_final/top_level_sch/layout as STRUCTURE top_level_sch.

Summary of Objects Translated:
	Scalar Instances:                       1241
	Array Instances:                        119
	Polygons:                               334
	Paths:                                  248
	Rectangles:                             94700
	Lines:                                  0
	Arcs:                                   0
	Donuts:                                 0
	Dots:                                   0
	Ellipses:                               0
	Boundaries:                             0
	Area Blockages:                         0
	Layer Blockages:                        0
	Area Halos:                             0
	Markers:                                0
	Rows:                                   0
	Standard Vias                           6025
	Custom Vias:                            0
	CdsGen Vias:                            0
	Pathsegs:                               5369
	Text:                                   4388
	TextDisplay:                            27
	Cells:                                  660

Elapsed Time: 0.9s   User Time: 0.8s   CPU Time: 0.1s   Peak VM: 139948KB
INFO (XSTRM-234): Translation completed. '0' error(s) and '0' warning(s) found.
