********************************************************************************
Product   : Virtuoso(R) XStream Out
Program   : @(#)$CDS: strmout version 6.1.8-64b 11/10/2020 19:36 (cpgsrv13) $
          : sub-version  IC6.1.8-64b.500.15 
Started at: 25-Feb-2022  15:14:24
User Name : smurray5
Host Name : atlas
Directory : /home/smurray5/chips/washakie/ic
CADENCE Design Systems, Inc.
********************************************************************************
Info: Cellview Rev Num:99,  Tech Rev Num:59

INFO (XSTRM-217): Reading the layer map file, /opt/design_kits/TSMC65-PDK/tsmcN65/tsmcN65.layermap
INFO (XSTRM-162): You have not used the viaMap option. If the OpenAccess design has native oaVia instances, use the -viaMap option for preserving oaVia instances in a Stream Out - Stream In round trip. Using the -viaMap option improves performance and VM usage of applications using the Streamed-In design.  For details on the viaMap option, refer to the "Design Data Translator's Reference" guide for XStream.

Summary of Options :
library                                 washakie
strmFile                                ./pvs/washakie/LpfCapacitor/washakie.LpfCapacitor.gds
topCell                                 LpfCapacitor
view                                    layout
logFile                                 ./strmout/washakie.LpfCapacitor.strmout.log
techLib                                 tsmcN65
layerMap                                /opt/design_kits/TSMC65-PDK/tsmcN65/tsmcN65.layermap
case                                    Preserve
convertDot                              node
convertPin                              geometryAndText
noWarn                                  20 32 33 35 315

INFO (XSTRM-223): 1. Translating stdVia tsmcN65/M3_M2/layout as STRUCTURE M3_M2_CDNS_645823664800.
INFO (XSTRM-223): 2. Translating stdVia tsmcN65/M2_M1/layout as STRUCTURE M2_M1_CDNS_645823664801.
INFO (XSTRM-223): 3. Translating stdVia tsmcN65/M4_M3/layout as STRUCTURE M4_M3_CDNS_645823664802.
INFO (XSTRM-223): 4. Translating stdVia tsmcN65/M8_M7/layout as STRUCTURE M8_M7_CDNS_645823664803.
INFO (XSTRM-223): 5. Translating stdVia tsmcN65/M7_M6/layout as STRUCTURE M7_M6_CDNS_645823664804.
INFO (XSTRM-223): 6. Translating stdVia tsmcN65/M6_M5/layout as STRUCTURE M6_M5_CDNS_645823664805.
INFO (XSTRM-223): 7. Translating stdVia tsmcN65/M3_M2/layout as STRUCTURE M3_M2_CDNS_645823664806.
INFO (XSTRM-223): 8. Translating stdVia tsmcN65/M5_M4/layout as STRUCTURE M5_M4_CDNS_645823664807.
INFO (XSTRM-223): 9. Translating stdVia tsmcN65/M2_M1/layout as STRUCTURE M2_M1_CDNS_645823664808.
INFO (XSTRM-223): 10. Translating cellView tsmcN65/mimcap/layout as STRUCTURE mimcap_CDNS_645823664800.
INFO (XSTRM-223): 11. Translating cellView tsmcN65/mimcap/layout as STRUCTURE mimcap_CDNS_645823664801.
INFO (XSTRM-223): 12. Translating cellView tsmcN65/mimcap/layout as STRUCTURE mimcap_CDNS_645823664802.
INFO (XSTRM-223): 13. Translating cellView tsmcN65/mimcap/layout as STRUCTURE mimcap_CDNS_645823664803.
INFO (XSTRM-223): 14. Translating cellView tsmcN65/mimcap/layout as STRUCTURE mimcap_CDNS_645823664804.
INFO (XSTRM-223): 15. Translating cellView tsmcN65/mimcap/layout as STRUCTURE mimcap_CDNS_645823664805.
INFO (XSTRM-223): 16. Translating stdVia tsmcN65/M1_PO/layout as STRUCTURE M1_PO_CDNS_645823664809.
INFO (XSTRM-223): 17. Translating stdVia tsmcN65/M1_PO/layout as STRUCTURE M1_PO_CDNS_6458236648010.
INFO (XSTRM-223): 18. Translating stdVia tsmcN65/M1_OD/layout as STRUCTURE M1_OD_CDNS_6458236648011.
INFO (XSTRM-223): 19. Translating cellView tsmcN65/nch_25_macx/layout as STRUCTURE nch_25_macx_CDNS_645823664806.
INFO (XSTRM-223): 20. Translating cellView tsmcN65/pch_25_macx/layout as STRUCTURE pch_25_macx_CDNS_645823664807.
INFO (XSTRM-223): 21. Translating cellView tsmcN65/pch_25_macx/layout as STRUCTURE pch_25_macx_CDNS_645823664808.
INFO (XSTRM-223): 22. Translating cellView tsmcN65/nch_25_macx/layout as STRUCTURE nch_25_macx_CDNS_645823664809.
INFO (XSTRM-223): 23. Translating cellView washakie/TGP16A/layout as STRUCTURE TGP16A.
INFO (XSTRM-180): You have not used the objectMap option. The design has instance(s) of at least one of following OpenAccess objects: oaBlockage, oaBoundary, oaRow, and oaMarker. Any information about these objects will not be translated into the generated stream file. Use the objectMap option to translate/preserve these objects using XStream. For details on the objectMap option, refer to the "Design Data Translator's Reference" guide for XStream.
INFO (XSTRM-223): 24. Translating cellView washakie/LpfCapacitor/layout as STRUCTURE LpfCapacitor.

Summary of Objects Translated:
	Scalar Instances:                       18
	Array Instances:                        0
	Polygons:                               4
	Paths:                                  0
	Rectangles:                             8608
	Lines:                                  0
	Arcs:                                   0
	Donuts:                                 0
	Dots:                                   0
	Ellipses:                               0
	Boundaries:                             0
	Area Blockages:                         0
	Layer Blockages:                        0
	Area Halos:                             0
	Markers:                                0
	Rows:                                   0
	Standard Vias                           72
	Custom Vias:                            0
	CdsGen Vias:                            0
	Pathsegs:                               118
	Text:                                   108
	TextDisplay:                            0
	Cells:                                  24

Elapsed Time: 0.2s   User Time: 0.2s   CPU Time: 0.0s   Peak VM: 102432KB
INFO (XSTRM-234): Translation completed. '0' error(s) and '0' warning(s) found.
