********************************************************************************
db2gds 20.10-p029 64 bit (Mon Sep 28 20:09:41 PDT 2020)
Build Ref No.: 029 Production (09-28-2020) [pvs_2010]

Copyright 2020 Cadence Design Systems, Inc.
All rights reserved worldwide.

Build O/S:       Linux x86_64 2.6.32-431.11.2.el6.x86_64
Executed on:     atlas (Linux x86_64 5.3.18-lp152.106-default)
Process Id:      96815
Starting Time:   Mon Sep 22 16:21:29 2025 (Mon Sep 22 21:21:29 2025 GMT)
With parameters: NOR2X1_96677 erc.db NOR2X1 -lmap lmapU1oHaC -gdslib drc.db -gds_scale 1000 -property 
********************************************************************************

Library name: NOR2X1_96677
GDSII file name: erc.db
Cells to be written out: NOR2X1
Source Library: NOR2X1_96677
Layer mapping file(GDS <- DMC): lmapU1oHaC
    0 (dt:0) <- 0
    0 (dt:0) <- 0
    0 (dt:0) <- 0
    0 (dt:0) <- 0
    0 (dt:0) <- 0
    0 (dt:0) <- 0
    0 (dt:0) <- 0
    0 (dt:0) <- 0
    0 (dt:0) <- 0
Cell name case: PRESERVE
Option: output object property


                Object Statistics of Cells                            
Cell Name         Box  Polygon     Path   Label Instance Array    Total
----------------------------------------------------------------------
NOR2X1              0        0        0       0     6      0         6
M1_PO_CDNS_758576088150        0        0        0       0     0      0         0
pch_25_CDNS_758576088150        0        0        0       0     0      0         0
nch_25_CDNS_758576088151        0        0        0       0     0      0         0
----------------------------------------------------------------------

Object Statistics of Layers
Layer   Objects
----------------
----------------

Object Summary
------------------
     Box         0
 Polygon         0
    Path         0
   Label         0
Instance         6
   Array         0
------------------
   Total         6


Output property: 6
Total CPU Time          : 0(s)
Total Real Time         : 0(s)
Peak Memory Used        : 7(M)
