INFO (ABS-19020): Starting @(#)$CDS: Abstract version 6.1.8-64b 11/10/2020 19:30 (cpgsrv13) $, sub-version  IC6.1.8-64b.500.15 , on  2.6.32-431.11.2.el6.x86_64
INFO (ABS-10500): Library myshkin Opening /home/mseminario2/chips/myshkin/ic/myshkin
Initializing from libInit.il for library tsmcN65...
   --  /opt/design_kits/TSMC65-PDK/tsmcN65/../skill/pcode1.cxt
   --  /opt/design_kits/TSMC65-PDK/tsmcN65/../skill/pcode2.cxt
   --  tsmcN65_updateCDFs.il
   --  tsmcPdkParamTable.il
   --  tsmc_esti.ile
   --  /opt/design_kits/TSMC65-PDK/tsmcN65/../skill/tsmcN65gp_v1d0c.cxt
   --  /opt/design_kits/TSMC65-PDK/tsmcN65/../skill/tsmcN65_newAMS.cxt
   --  /opt/design_kits/TSMC65-PDK/tsmcN65/../skill/tsmcN65_newRTMOM.cxt
   --  /opt/design_kits/TSMC65-PDK/tsmcN65/../skill/tsmcN65GP_v1d0.cxt
   --  tif_tcf_crn65gp_v1.0a.cxt
   --  tsmcN65.cxt
   --  tsmcN65Tool.cxt
   --  /opt/design_kits/TSMC65-PDK/tsmcN65/../skill/tsmcN65GP_v1d0.cxt
   --  /opt/design_kits/TSMC65-PDK/tsmcN65/../skill/tsmcN65_newRTMOM.cxt
*WARNING* (loadContext): context //opt/design_kits/TSMC65-PDK/tsmcN65/../skill/64bit/tsmcN65GP_v1d0.cxt already loaded
   --  /opt/design_kits/TSMC65-PDK/tsmcN65/../skill/tsmcN65_newAMS.cxt
*WARNING* (loadContext): context //opt/design_kits/TSMC65-PDK/tsmcN65/../skill/64bit/tsmcN65_newRTMOM.cxt already loaded
Loading Working place Display File '/home/mseminario2/chips/myshkin/ic/display.drf'
*WARNING* (loadContext): context //opt/design_kits/TSMC65-PDK/tsmcN65/../skill/64bit/tsmcN65_newAMS.cxt already loaded
INFO (ABS-10011): Verifying Technology Data ...
INFO (ABS-10012): Layer summary: 9 metal layer(s), 9 via layer(s), 3 poly layer(s), and 1 diff layer(s) found
INFO (ABS-20023): Via summary: 9 valid via(s) found
INFO (ABS-10501): Library myshkin Loading 45 cells
INFO (ABS-11021): Cell PowerOnResetCheng: Failed to write to the layout view because you do not have write permissions.
INFO (ABS-11021): Cell PowerOnResetCheng: Failed to write to the abstract.pin view because you do not have write permissions.
INFO (ABS-11021): Cell PowerOnResetCheng: Failed to write to the abstract.ext view because you do not have write permissions.
INFO (ABS-11021): Cell PowerOnResetCheng: Failed to write to the abstract view because you do not have write permissions.
*Error* (ABS-11020): Cell PowerOnResetCheng: Failed to write to the host directory because you do not have adequate permissions.Ensure that you have write permissions on the directory and then try again.

INFO (ABS-11021): Cell GlitchFilter: Failed to write to the layout view because you do not have write permissions.
INFO (ABS-11021): Cell GlitchFilter: Failed to write to the abstract.pin view because you do not have write permissions.
INFO (ABS-11021): Cell GlitchFilter: Failed to write to the abstract.ext view because you do not have write permissions.
INFO (ABS-11021): Cell GlitchFilter: Failed to write to the abstract view because you do not have write permissions.
*Error* (ABS-11020): Cell GlitchFilter: Failed to write to the host directory because you do not have adequate permissions.Ensure that you have write permissions on the directory and then try again.

INFO (ABS-11021): Cell OscillatorCurrentStarved: Failed to write to the layout view because you do not have write permissions.
INFO (ABS-11021): Cell OscillatorCurrentStarved: Failed to write to the abstract.pin view because you do not have write permissions.
INFO (ABS-11021): Cell OscillatorCurrentStarved: Failed to write to the abstract.ext view because you do not have write permissions.
INFO (ABS-11021): Cell OscillatorCurrentStarved: Failed to write to the abstract view because you do not have write permissions.
*Error* (ABS-11020): Cell OscillatorCurrentStarved: Failed to write to the host directory because you do not have adequate permissions.Ensure that you have write permissions on the directory and then try again.

INFO (ABS-10502): Library myshkin Loaded 45 cells
INFO (ABS-10507): Library myshkin opened
INFO (ABS-19046): Abstract Generator no longer uses the '.abstract.options' file in the selected design library as the default options file. The new default file location is <current working directory>/.abstract/<library name>/.abstract.options. 
INFO (ABS-19047): Abstract Generator no longer uses the '.abstract.status' file present in the selected lib/cell directory . The new default file location for each cell is <current working directory>/.abstract/<library name>/cellStatus/.abstract.status.<cellName>. 
*WARNING* (ABS-20061): Abstract Generator will ignore the value of the 'ReadOnlyTechnology' option and will not save the layer-purpose pairs in the technology file. Support for the 'ReadOnlyTechnology' option will be removed in a future release.
INFO (ABS-10508): Library myshkin closing /home/mseminario2/chips/myshkin/ic/myshkin
INFO (ABS-10511): Saving current option settings for library myshkin to the file /home/mseminario2/chips/myshkin/ic/.abstract/myshkin/.abstract.options.
INFO (ABS-10515): Library myshkin closed
INFO (ABS-10529): Abstract Generation finished for Library myshkin 
INFO (ABS-19021): Finished sub-version  IC6.1.8-64b.500.15 
