
********************************************************************************
Product   : Virtuoso(R) LEF Out 
Program   : @(#)$CDS: lefout version 6.1.8-64b 11/10/2020 19:35 (cpgsrv13) $
SubVersion: sub-version  IC6.1.8-64b.500.15 
Started at: 29-Sep-2025  18:35:21
User Name : mseminario2
Host Name : atlas
Directory : /home/mseminario2/chips/myshkin/ic
DB Version: 	20201110 (SJ)
CADENCE Design Systems, Inc.
********************************************************************************
Running: lefout -lib myshkin -cells "pad_ring" -lef /home/mseminario2/chips/myshkin/ic/myshkin_padring -ver 5.7
ERROR: (OALEFDEF-50103): Cannot find view(s) 'abstract' for cell 'pad_ring' in library 'myshkin'. This cellview was ignored. Check whether the correct cellview was specified.
WARNING: (OALEFDEF-50104): LAYER PO: The routing direction for this layer is not specified. A HORIZONTAL routing direction was assumed. Ensure that routing layers in the technology database have valid routing directions.
WARNING: (OALEFDEF-50039): VIA DFM_M1_PODc: The via uses more than three layers. This via was ignored. Ensure that the vias are correctly defined.
WARNING: (OALEFDEF-50039): VIA DFM_M1_NODc: The via uses more than three layers. This via was ignored. Ensure that the vias are correctly defined.
WARNING: (OALEFDEF-50039): VIA DFM_M1_PPOc: The via uses more than three layers. This via was ignored. Ensure that the vias are correctly defined.
WARNING: (OALEFDEF-50039): VIA DFM_M1_NPOc: The via uses more than three layers. This via was ignored. Ensure that the vias are correctly defined.
WARNING: (OALEFDEF-50039): VIA M1_PODc: The via uses more than three layers. This via was ignored. Ensure that the vias are correctly defined.
WARNING: (OALEFDEF-50039): VIA M1_NODc: The via uses more than three layers. This via was ignored. Ensure that the vias are correctly defined.
WARNING: (OALEFDEF-50039): VIA M1_PPOc: The via uses more than three layers. This via was ignored. Ensure that the vias are correctly defined.
WARNING: (OALEFDEF-50039): VIA M1_NPOc: The via uses more than three layers. This via was ignored. Ensure that the vias are correctly defined.
WARNING: (OALEFDEF-50039): VIA DFM_M1_NWs: The via uses more than three layers. This via was ignored. Ensure that the vias are correctly defined.
WARNING: (OALEFDEF-50039): VIA DFM_M1_SUBs: The via uses more than three layers. This via was ignored. Ensure that the vias are correctly defined.
WARNING: (OALEFDEF-50039): VIA M1_NWs: The via uses more than three layers. This via was ignored. Ensure that the vias are correctly defined.
WARNING: (OALEFDEF-50039): VIA M1_SUBs: The via uses more than three layers. This via was ignored. Ensure that the vias are correctly defined.
WARNING: (OALEFDEF-50144): NONDEFAULTRULE virtuosoDefaultSetup: LAYER OD: invalid definition. This rule will be ignored. Ensure all layers in the valid routing layers constraint have a minWidth constraint defined and are metal or poly-routing material.
WARNING: (OALEFDEF-50144): NONDEFAULTRULE virtuosoDefaultExtractorSetup: LAYER RV: invalid definition. This rule will be ignored. Ensure all layers in the valid routing layers constraint have a minWidth constraint defined and are metal or poly-routing material.
WARNING: (OALEFDEF-50144): NONDEFAULTRULE VLMDefaultSetup: LAYER RV: invalid definition. This rule will be ignored. Ensure all layers in the valid routing layers constraint have a minWidth constraint defined and are metal or poly-routing material.

Elapsed Time: 0.3s

lefout translation completed (errors: 1, warnings: 16).
