Parameters:
	-laylib
	washakie
	-laycell
	CsaHighCurrent
	-layview
	layout
	-runDir
	/home/smurray5/chips/demo-washakie/ic/pvs/washakie/CsaHighCurrent
	-ossdir
	/home/smurray5/chips/demo-washakie/ic/pvs/washakie/CsaHighCurrent
	-nvndb
	/home/smurray5/chips/demo-washakie/ic/pvs/washakie/CsaHighCurrent/.probeData
	-ppid
	50993
	-form
	-viewer
	virtuoso
	-schview
	schematic
	-tag
	JAOSGFJDNBQNMDTKL


Checking out SoftShare license Phys_Ver_Sys_Results_Mgr 20.1 Qty: 1 ... failed.
Checking out SoftShare license Pegasus_RV 20.3 Qty: 1
ERROR (LMF-03005): License call failed for feature Phys_Ver_Sys_Results_Mgr, version 20.100 and quantity 1. The license server search path is defined as 5280@poseidon:5280@poseidon:27020@poseidon:1717@poseidon. The FLEXnet error message is as follows,
    FLEXnet ERROR(-5, 0, 0): No such feature exists.

Run 'lic_error LMF-03005' for more information.
Unable to queue for a license on the license server.
License checkout failed.
 ... succeeded (1s).
starting pvsProbeServer: port= 46515
Starting probe server on port: 46515
Checking in SoftShare license Pegasus_RV ... succeeded (1s).
