********************************************************************************
db2gds 20.10-p029 64 bit (Mon Sep 28 20:09:41 PDT 2020)
Build Ref No.: 029 Production (09-28-2020) [pvs_2010]

Copyright 2020 Cadence Design Systems, Inc.
All rights reserved worldwide.

Build O/S:       Linux x86_64 2.6.32-431.11.2.el6.x86_64
Executed on:     atlas (Linux x86_64 5.3.18-lp152.106-default)
Process Id:      99134
Starting Time:   Mon Sep 22 16:30:23 2025 (Mon Sep 22 21:30:23 2025 GMT)
With parameters: NEW_ADC_Main_2V5_Sync_0p13s_0p70lsb_98996 erc.db NEW_ADC_Main_2V5_Sync_0p13s_0p70lsb -lmap lmaphya91r -gdslib drc.db -gds_scale 1000 -property 
********************************************************************************

Library name: NEW_ADC_Main_2V5_Sync_0p13s_0p70lsb_98996
GDSII file name: erc.db
Cells to be written out: NEW_ADC_Main_2V5_Sync_0p13s_0p70lsb
Source Library: NEW_ADC_Main_2V5_Sync_0p13s_0p70lsb_98996
Layer mapping file(GDS <- DMC): lmaphya91r
    0 (dt:0) <- 0
    0 (dt:0) <- 0
    0 (dt:0) <- 0
    0 (dt:0) <- 0
    0 (dt:0) <- 0
    0 (dt:0) <- 0
    0 (dt:0) <- 0
    0 (dt:0) <- 0
    0 (dt:0) <- 0
Cell name case: PRESERVE
Option: output object property


                Object Statistics of Cells                            
Cell Name         Box  Polygon     Path   Label Instance Array    Total
----------------------------------------------------------------------
NEW_ADC_Main_2V5_Sync_0p13s_0p70lsb        0        0        0       0  1843      0      1843
M3_M2_CDNS_758576621230        0        0        0       0     0      0         0
M5_M4_CDNS_758576621233        0        0        0       0     0      0         0
M2_M1_CDNS_758576621235        0        0        0       0     0      0         0
M2_M1_CDNS_758576621237        0        0        0       0     0      0         0
M3_M2_CDNS_758576621238        0        0        0       0     0      0         0
M4_M3_CDNS_758576621239        0        0        0       0     0      0         0
M1_OD_CDNS_7585766212310        0        0        0       0     0      0         0
M5_M4_CDNS_7585766212311        0        0        0       0     0      0         0
M3_M2_CDNS_7585766212312        0        0        0       0     0      0         0
M5_M4_CDNS_7585766212316        0        0        0       0     0      0         0
M1_OD_CDNS_7585766212317        0        0        0       0     0      0         0
M3_M2_CDNS_7585766212318        0        0        0       0     0      0         0
M7_M6_CDNS_7585766212319        0        0        0       0     0      0         0
M2_M1_CDNS_7585766212320        0        0        0       0     0      0         0
M3_M2_CDNS_7585766212321        0        0        0       0     0      0         0
M6_M5_CDNS_7585766212322        0        0        0       0     0      0         0
M5_M4_CDNS_7585766212323        0        0        0       0     0      0         0
M5_M4_CDNS_7585766212326        0        0        0       0     0      0         0
M2_M1_CDNS_7585766212327        0        0        0       0     0      0         0
M2_M1_CDNS_7585766212328        0        0        0       0     0      0         0
M2_M1_CDNS_7585766212330        0        0        0       0     0      0         0
M2_M1_CDNS_7585766212331        0        0        0       0     0      0         0
M2_M1_CDNS_7585766212333        0        0        0       0     0      0         0
M2_M1_CDNS_7585766212335        0        0        0       0     0      0         0
M3_M2_CDNS_7585766212337        0        0        0       0     0      0         0
M5_M4_CDNS_7585766212340        0        0        0       0     0      0         0
M5_M4_CDNS_7585766212342        0        0        0       0     0      0         0
M2_M1_CDNS_7585766212343        0        0        0       0     0      0         0
M1_PO_CDNS_7585766212345        0        0        0       0     0      0         0
M2_M1_CDNS_7585766212346        0        0        0       0     0      0         0
M2_M1_CDNS_7585766212347        0        0        0       0     0      0         0
M2_M1_CDNS_7585766212348        0        0        0       0     0      0         0
M1_PO_CDNS_7585766212349        0        0        0       0     0      0         0
pch_25_CDNS_758576621230        0        0        0       0     0      0         0
pch_25_CDNS_758576621232        0        0        0       0     0      0         0
pch_25_CDNS_758576621233        0        0        0       0     0      0         0
pch_25_CDNS_758576621236        0        0        0       0     0      0         0
nch_25_CDNS_758576621237        0        0        0       0     0      0         0
nch_25_CDNS_758576621239        0        0        0       0     0      0         0
LS10TO25FastFallBuf_comp        0        0        0       0    40      0        40
LS10TO25DualOutput_r1        0        0        0       0    39      0        39
rppolywo_CDNS_7585766212312        0        0        0       0     0      0         0
LS25TO10Dual        0        0        0       0    38      0        38
M7_M6_CDNS_7585766212354        0        0        0       0     0      0         0
M5_M4_CDNS_7585766212355        0        0        0       0     0      0         0
M6_M5_CDNS_7585766212356        0        0        0       0     0      0         0
M4_M3_CDNS_7585766212357        0        0        0       0     0      0         0
M6_M5_CDNS_7585766212358        0        0        0       0     0      0         0
M5_M4_CDNS_7585766212359        0        0        0       0     0      0         0
M7_M6_CDNS_7585766212360        0        0        0       0     0      0         0
M3_M2_CDNS_7585766212364        0        0        0       0     0      0         0
M1_PO_CDNS_7585766212368        0        0        0       0     0      0         0
M2_M1_CDNS_7585766212373        0        0        0       0     0      0         0
nch_25_mac_CDNS_7585766212322        0        0        0       0     0      0         0
pch_25_mac_CDNS_7585766212327        0        0        0       0     0      0         0
nch_25_mac_CDNS_7585766212335        0        0        0       0     0      0         0
pch_25_mac_CDNS_7585766212336        0        0        0       0     0      0         0
Comparator_2V5_Mei        0        0        0       0   176      0       176
M2_M1_CDNS_7585766212376        0        0        0       0     0      0         0
M3_M2_CDNS_7585766212377        0        0        0       0     0      0         0
M2_M1_CDNS_7585766212378        0        0        0       0     0      0         0
M3_M2_CDNS_7585766212379        0        0        0       0     0      0         0
M3_M2_CDNS_7585766212380        0        0        0       0     0      0         0
M3_M2_CDNS_7585766212382        0        0        0       0     0      0         0
M1_OD_CDNS_7585766212383        0        0        0       0     0      0         0
NOR2X0P5MA10TH        0        0        0       0     0      0         0
DFFSRPQX1MA10TH_Spacing_Modded        0        0        0       0     0      0         0
OR2X1MA10TH         0        0        0       0     0      0         0
INVX2BA10TH         0        0        0       0     0      0         0
INVX1BA10TH         0        0        0       0     0      0         0
DLY4X0P5MA10TH        0        0        0       0     0      0         0
AOI21X1MA10TH        0        0        0       0     0      0         0
BUFX3BA10TH         0        0        0       0     0      0         0
BUFX2MA10TH         0        0        0       0     0      0         0
INVX0P5BA10TH        0        0        0       0     0      0         0
AND2X1MA10TH        0        0        0       0     0      0         0
NAND2X1MA10TH        0        0        0       0     0      0         0
NAND2X1BA10TH        0        0        0       0     0      0         0
INVX3BA10TH         0        0        0       0     0      0         0
DFFNRPQX1MA10TH_Spacing_Modded        0        0        0       0     0      0         0
DFFNSQX1MA10TH_Spacing_Modded        0        0        0       0     0      0         0
DFFNSRPQX1MA10TH_Spacing_Modded        0        0        0       0     0      0         0
M1_PO_CDNS_7585766212384        0        0        0       0     0      0         0
M1_PO_CDNS_7585766212385        0        0        0       0     0      0         0
M1_PO_CDNS_7585766212386        0        0        0       0     0      0         0
M1_PO_CDNS_7585766212387        0        0        0       0     0      0         0
M2_M1_CDNS_7585766212388        0        0        0       0     0      0         0
M2_M1_CDNS_7585766212389        0        0        0       0     0      0         0
M2_M1_CDNS_7585766212390        0        0        0       0     0      0         0
M2_M1_CDNS_7585766212391        0        0        0       0     0      0         0
M2_M1_CDNS_7585766212392        0        0        0       0     0      0         0
M1_PO_CDNS_7585766212393        0        0        0       0     0      0         0
pch_25_mac_CDNS_7585766212337        0        0        0       0     0      0         0
pch_25_mac_CDNS_7585766212338        0        0        0       0     0      0         0
pch_25_mac_CDNS_7585766212339        0        0        0       0     0      0         0
nch_25_mac_CDNS_7585766212340        0        0        0       0     0      0         0
pch_25_mac_CDNS_7585766212341        0        0        0       0     0      0         0
nch_25_mac_CDNS_7585766212342        0        0        0       0     0      0         0
pch_25_mac_CDNS_7585766212343        0        0        0       0     0      0         0
nch_25_mac_CDNS_7585766212344        0        0        0       0     0      0         0
nch_25_mac_CDNS_7585766212345        0        0        0       0     0      0         0
pch_25_mac_CDNS_7585766212346        0        0        0       0     0      0         0
nch_25_mac_CDNS_7585766212347        0        0        0       0     0      0         0
nch_25_mac_CDNS_7585766212348        0        0        0       0     0      0         0
pch_25_mac_CDNS_7585766212349        0        0        0       0     0      0         0
pch_25_mac_CDNS_7585766212350        0        0        0       0     0      0         0
nch_25_mac_CDNS_7585766212351        0        0        0       0     0      0         0
pch_25_mac_CDNS_7585766212352        0        0        0       0     0      0         0
pch_25_mac_CDNS_7585766212353        0        0        0       0     0      0         0
pch_25_mac_CDNS_7585766212354        0        0        0       0     0      0         0
pch_25_mac_CDNS_7585766212355        0        0        0       0     0      0         0
pch_25_mac_CDNS_7585766212356        0        0        0       0     0      0         0
nch_25_mac_CDNS_7585766212357        0        0        0       0     0      0         0
nch_25_mac_CDNS_7585766212358        0        0        0       0     0      0         0
nch_25_mac_CDNS_7585766212359        0        0        0       0     0      0         0
nch_25_mac_CDNS_7585766212360        0        0        0       0     0      0         0
pch_25_mac_CDNS_7585766212361        0        0        0       0     0      0         0
nch_25_mac_CDNS_7585766212362        0        0        0       0     0      0         0
pch_25_mac_CDNS_7585766212363        0        0        0       0     0      0         0
nch_25_mac_CDNS_7585766212364        0        0        0       0     0      0         0
nch_25_mac_CDNS_7585766212365        0        0        0       0     0      0         0
nch_25_mac_CDNS_7585766212366        0        0        0       0     0      0         0
nch_25_mac_CDNS_7585766212367        0        0        0       0     0      0         0
nch_25_mac_CDNS_7585766212368        0        0        0       0     0      0         0
pch_25_mac_CDNS_7585766212369        0        0        0       0     0      0         0
pch_25_mac_CDNS_7585766212370        0        0        0       0     0      0         0
nch_25_mac_CDNS_7585766212371        0        0        0       0     0      0         0
Sample_Switch_2V5_r1        0        0        0       0   260      0       260
MASCO__X1           0        0        0       0     4      0         4
M2_M1_CDNS_7585766212344        0        0        0       0     0      0         0
nch_lvt_CDNS_758576621231        0        0        0       0     0      0         0
pch_lvt_CDNS_758576621235        0        0        0       0     0      0         0
nch_25_CDNS_7585766212310        0        0        0       0     0      0         0
nch_25_CDNS_7585766212311        0        0        0       0     0      0         0
M1_PO_CDNS_7585766212350        0        0        0       0     0      0         0
M2_M1_CDNS_7585766212351        0        0        0       0     0      0         0
M3_M2_CDNS_7585766212352        0        0        0       0     0      0         0
M1_PO_CDNS_7585766212353        0        0        0       0     0      0         0
pch_25_mac_CDNS_7585766212313        0        0        0       0     0      0         0
nch_25_mac_CDNS_7585766212314        0        0        0       0     0      0         0
nch_lvt_mac_CDNS_7585766212315        0        0        0       0     0      0         0
pch_lvt_mac_CDNS_7585766212316        0        0        0       0     0      0         0
pch_25_mac_CDNS_7585766212317        0        0        0       0     0      0         0
nch_25_mac_CDNS_7585766212318        0        0        0       0     0      0         0
pch_lvt_mac_CDNS_7585766212319        0        0        0       0     0      0         0
nch_lvt_mac_CDNS_7585766212320        0        0        0       0     0      0         0
M1_PO_CDNS_7585766212361        0        0        0       0     0      0         0
M3_M2_CDNS_7585766212362        0        0        0       0     0      0         0
M2_M1_CDNS_7585766212363        0        0        0       0     0      0         0
M1_PO_CDNS_7585766212365        0        0        0       0     0      0         0
M3_M2_CDNS_7585766212366        0        0        0       0     0      0         0
M2_M1_CDNS_7585766212367        0        0        0       0     0      0         0
M3_M2_CDNS_7585766212369        0        0        0       0     0      0         0
M1_OD_CDNS_7585766212370        0        0        0       0     0      0         0
M1_PO_CDNS_7585766212371        0        0        0       0     0      0         0
M1_OD_CDNS_7585766212372        0        0        0       0     0      0         0
M3_M2_CDNS_7585766212374        0        0        0       0     0      0         0
M2_M1_CDNS_7585766212375        0        0        0       0     0      0         0
pch_25_mac_CDNS_7585766212321        0        0        0       0     0      0         0
pch_25_mac_CDNS_7585766212323        0        0        0       0     0      0         0
pch_25_mac_CDNS_7585766212324        0        0        0       0     0      0         0
pch_25_mac_CDNS_7585766212325        0        0        0       0     0      0         0
nch_25_mac_CDNS_7585766212326        0        0        0       0     0      0         0
pch_25_mac_CDNS_7585766212328        0        0        0       0     0      0         0
nch_25_mac_CDNS_7585766212329        0        0        0       0     0      0         0
nch_25_mac_CDNS_7585766212330        0        0        0       0     0      0         0
nch_25_mac_CDNS_7585766212331        0        0        0       0     0      0         0
nch_25_mac_CDNS_7585766212332        0        0        0       0     0      0         0
pch_25_mac_CDNS_7585766212333        0        0        0       0     0      0         0
nch_25_mac_CDNS_7585766212334        0        0        0       0     0      0         0
M2_M1_CDNS_7585766212395        0        0        0       0     0      0         0
M3_M2_CDNS_7585766212396        0        0        0       0     0      0         0
M3_M2_CDNS_7585766212397        0        0        0       0     0      0         0
M2_M1_CDNS_75857662123101        0        0        0       0     0      0         0
M3_M2_CDNS_75857662123102        0        0        0       0     0      0         0
M2_M1_CDNS_75857662123103        0        0        0       0     0      0         0
M2_M1_CDNS_75857662123104        0        0        0       0     0      0         0
pch_25_CDNS_7585766212372        0        0        0       0     0      0         0
pch_25_CDNS_7585766212373        0        0        0       0     0      0         0
pch_25_CDNS_7585766212374        0        0        0       0     0      0         0
nch_25_dnw_CDNS_7585766212375        0        0        0       0     0      0         0
nch_25_CDNS_7585766212376        0        0        0       0     0      0         0
nch_25_dnw_CDNS_7585766212377        0        0        0       0     0      0         0
nch_25_dnw_CDNS_7585766212378        0        0        0       0     0      0         0
nch_25_dnw_CDNS_7585766212379        0        0        0       0     0      0         0
nch_25_CDNS_7585766212380        0        0        0       0     0      0         0
pch_25_CDNS_7585766212381        0        0        0       0     0      0         0
nch_25_CDNS_7585766212382        0        0        0       0     0      0         0
----------------------------------------------------------------------

Object Statistics of Layers
Layer   Objects
----------------
----------------

Object Summary
------------------
     Box         0
 Polygon         0
    Path         0
   Label         0
Instance      2400
   Array         0
------------------
   Total      2400


Output property: 2400
Total CPU Time          : 0(s)
Total Real Time         : 0(s)
Peak Memory Used        : 7(M)
