********************************************************************************
db2gds 20.10-p029 64 bit (Mon Sep 28 20:09:41 PDT 2020)
Build Ref No.: 029 Production (09-28-2020) [pvs_2010]

Copyright 2020 Cadence Design Systems, Inc.
All rights reserved worldwide.

Build O/S:       Linux x86_64 2.6.32-431.11.2.el6.x86_64
Executed on:     atlas (Linux x86_64 5.3.18-lp152.106-default)
Process Id:      86256
Starting Time:   Mon Sep 22 15:50:34 2025 (Mon Sep 22 20:50:34 2025 GMT)
With parameters: INVX1_86118 erc.db INVX1 -lmap lmapmR9Eut -gdslib drc.db -gds_scale 1000 -property 
********************************************************************************

Library name: INVX1_86118
GDSII file name: erc.db
Cells to be written out: INVX1
Source Library: INVX1_86118
Layer mapping file(GDS <- DMC): lmapmR9Eut
    0 (dt:0) <- 0
    0 (dt:0) <- 0
    0 (dt:0) <- 0
    0 (dt:0) <- 0
    0 (dt:0) <- 0
    0 (dt:0) <- 0
    0 (dt:0) <- 0
    0 (dt:0) <- 0
    0 (dt:0) <- 0
Cell name case: PRESERVE
Option: output object property


                Object Statistics of Cells                            
Cell Name         Box  Polygon     Path   Label Instance Array    Total
----------------------------------------------------------------------
INVX1               0        0        0       0     4      0         4
M1_OD_CDNS_758574233051        0        0        0       0     0      0         0
nch_25_macx_CDNS_758574233050        0        0        0       0     0      0         0
pch_25_macx_CDNS_758574233051        0        0        0       0     0      0         0
----------------------------------------------------------------------

Object Statistics of Layers
Layer   Objects
----------------
----------------

Object Summary
------------------
     Box         0
 Polygon         0
    Path         0
   Label         0
Instance         4
   Array         0
------------------
   Total         4


Output property: 4
Total CPU Time          : 0(s)
Total Real Time         : 0(s)
Peak Memory Used        : 7(M)
