@(#)$CDS: ihdl version 6.1.8-64b 11/10/2020 19:36 (cpgsrv13) $  Tue Oct 21 22:58:49 2025

WARNING (VERILOGIN-19): The library, washakie, is not specified in the cds.lib file. Add the library in the
cds.lib file and run the command again.
WARNING (VERILOGIN-19): The library, sram1p1k_hvt_pg, is not specified in the cds.lib file. Add the library in the
cds.lib file and run the command again.
INFO (VERILOGIN-589): Using xmvlog binary for compilation.
INFO (VERILOGIN-126): Unable to find the Verilog definition for module BUFX13BA10TH. Therefore using library
tsmc65_sc_adv10, cell BUFX13BA10TH, and view symbol as the symbol.
INFO (VERILOGIN-126): Unable to find the Verilog definition for module BUFX13MA10TH. Therefore using library
tsmc65_sc_adv10, cell BUFX13MA10TH, and view symbol as the symbol.
INFO (VERILOGIN-126): Unable to find the Verilog definition for module INVX16BA10TH. Therefore using library
tsmc65_sc_adv10, cell INVX16BA10TH, and view symbol as the symbol.
INFO (VERILOGIN-126): Unable to find the Verilog definition for module INVX4BA10TH. Therefore using library
tsmc65_sc_adv10, cell INVX4BA10TH, and view symbol as the symbol.
INFO (VERILOGIN-126): Unable to find the Verilog definition for module BUFX1BA10TH. Therefore using library
tsmc65_sc_adv10, cell BUFX1BA10TH, and view symbol as the symbol.
INFO (VERILOGIN-126): Unable to find the Verilog definition for module BUFX2BA10TH. Therefore using library
tsmc65_sc_adv10, cell BUFX2BA10TH, and view symbol as the symbol.
INFO (VERILOGIN-126): Unable to find the Verilog definition for module INVX1P4BA10TH. Therefore using library
tsmc65_sc_adv10, cell INVX1P4BA10TH, and view symbol as the symbol.
INFO (VERILOGIN-126): Unable to find the Verilog definition for module BUFHX13MA10TH. Therefore using library
tsmc65_sc_adv10, cell BUFHX13MA10TH, and view symbol as the symbol.
INFO (VERILOGIN-126): Unable to find the Verilog definition for module BUFHX16MA10TH. Therefore using library
tsmc65_sc_adv10, cell BUFHX16MA10TH, and view symbol as the symbol.
INFO (VERILOGIN-126): Unable to find the Verilog definition for module INVX1MA10TH. Therefore using library
tsmc65_sc_adv10, cell INVX1MA10TH, and view symbol as the symbol.
INFO (VERILOGIN-126): Unable to find the Verilog definition for module INVX6BA10TH. Therefore using library
tsmc65_sc_adv10, cell INVX6BA10TH, and view symbol as the symbol.
INFO (VERILOGIN-126): Unable to find the Verilog definition for module INVX2MA10TH. Therefore using library
tsmc65_sc_adv10, cell INVX2MA10TH, and view symbol as the symbol.
INFO (VERILOGIN-126): Unable to find the Verilog definition for module BUFHX1MA10TH. Therefore using library
tsmc65_sc_adv10, cell BUFHX1MA10TH, and view symbol as the symbol.
INFO (VERILOGIN-126): Unable to find the Verilog definition for module INVX5BA10TH. Therefore using library
tsmc65_sc_adv10, cell INVX5BA10TH, and view symbol as the symbol.
INFO (VERILOGIN-126): Unable to find the Verilog definition for module INVX7P5BA10TH. Therefore using library
tsmc65_sc_adv10, cell INVX7P5BA10TH, and view symbol as the symbol.
INFO (VERILOGIN-126): Unable to find the Verilog definition for module INVX3MA10TH. Therefore using library
tsmc65_sc_adv10, cell INVX3MA10TH, and view symbol as the symbol.
INFO (VERILOGIN-126): Unable to find the Verilog definition for module INVX0P6BA10TH. Therefore using library
tsmc65_sc_adv10, cell INVX0P6BA10TH, and view symbol as the symbol.
INFO (VERILOGIN-126): Unable to find the Verilog definition for module INVX2BA10TH. Therefore using library
tsmc65_sc_adv10, cell INVX2BA10TH, and view symbol as the symbol.
INFO (VERILOGIN-126): Unable to find the Verilog definition for module INVX13BA10TH. Therefore using library
tsmc65_sc_adv10, cell INVX13BA10TH, and view symbol as the symbol.
INFO (VERILOGIN-126): Unable to find the Verilog definition for module INVX3BA10TH. Therefore using library
tsmc65_sc_adv10, cell INVX3BA10TH, and view symbol as the symbol.
INFO (VERILOGIN-126): Unable to find the Verilog definition for module BUFX9BA10TH. Therefore using library
tsmc65_sc_adv10, cell BUFX9BA10TH, and view symbol as the symbol.
INFO (VERILOGIN-126): Unable to find the Verilog definition for module BUFX3BA10TH. Therefore using library
tsmc65_sc_adv10, cell BUFX3BA10TH, and view symbol as the symbol.
INFO (VERILOGIN-126): Unable to find the Verilog definition for module BUFX2MA10TH. Therefore using library
tsmc65_sc_adv10, cell BUFX2MA10TH, and view symbol as the symbol.
INFO (VERILOGIN-126): Unable to find the Verilog definition for module BUFX1P7BA10TH. Therefore using library
tsmc65_sc_adv10, cell BUFX1P7BA10TH, and view symbol as the symbol.
INFO (VERILOGIN-126): Unable to find the Verilog definition for module BUFX4MA10TH. Therefore using library
tsmc65_sc_adv10, cell BUFX4MA10TH, and view symbol as the symbol.
INFO (VERILOGIN-126): Unable to find the Verilog definition for module INVX4MA10TH. Therefore using library
tsmc65_sc_adv10, cell INVX4MA10TH, and view symbol as the symbol.
INFO (VERILOGIN-126): Unable to find the Verilog definition for module BUFX1P2BA10TH. Therefore using library
tsmc65_sc_adv10, cell BUFX1P2BA10TH, and view symbol as the symbol.
INFO (VERILOGIN-126): Unable to find the Verilog definition for module INVX1BA10TH. Therefore using library
tsmc65_sc_adv10, cell INVX1BA10TH, and view symbol as the symbol.
INFO (VERILOGIN-126): Unable to find the Verilog definition for module BUFX1MA10TH. Therefore using library
tsmc65_sc_adv10, cell BUFX1MA10TH, and view symbol as the symbol.
INFO (VERILOGIN-126): Unable to find the Verilog definition for module INVX0P8BA10TH. Therefore using library
tsmc65_sc_adv10, cell INVX0P8BA10TH, and view symbol as the symbol.
INFO (VERILOGIN-126): Unable to find the Verilog definition for module INVX0P7BA10TH. Therefore using library
tsmc65_sc_adv10, cell INVX0P7BA10TH, and view symbol as the symbol.
INFO (VERILOGIN-126): Unable to find the Verilog definition for module INVX1P7BA10TH. Therefore using library
tsmc65_sc_adv10, cell INVX1P7BA10TH, and view symbol as the symbol.
INFO (VERILOGIN-126): Unable to find the Verilog definition for module BUFX6BA10TH. Therefore using library
tsmc65_sc_adv10, cell BUFX6BA10TH, and view symbol as the symbol.
INFO (VERILOGIN-126): Unable to find the Verilog definition for module BUFX16MA10TH. Therefore using library
tsmc65_sc_adv10, cell BUFX16MA10TH, and view symbol as the symbol.
INFO (VERILOGIN-126): Unable to find the Verilog definition for module BUFX16BA10TH. Therefore using library
tsmc65_sc_adv10, cell BUFX16BA10TH, and view symbol as the symbol.
INFO (VERILOGIN-126): Unable to find the Verilog definition for module BUFX7P5BA10TH. Therefore using library
tsmc65_sc_adv10, cell BUFX7P5BA10TH, and view symbol as the symbol.
INFO (VERILOGIN-126): Unable to find the Verilog definition for module BUFX5MA10TH. Therefore using library
tsmc65_sc_adv10, cell BUFX5MA10TH, and view symbol as the symbol.
INFO (VERILOGIN-126): Unable to find the Verilog definition for module INVX9BA10TH. Therefore using library
tsmc65_sc_adv10, cell INVX9BA10TH, and view symbol as the symbol.
INFO (VERILOGIN-126): Unable to find the Verilog definition for module BUFX6MA10TH. Therefore using library
tsmc65_sc_adv10, cell BUFX6MA10TH, and view symbol as the symbol.
INFO (VERILOGIN-126): Unable to find the Verilog definition for module BUFX5BA10TH. Therefore using library
tsmc65_sc_adv10, cell BUFX5BA10TH, and view symbol as the symbol.
INFO (VERILOGIN-126): Unable to find the Verilog definition for module TIELOX1MA10TH. Therefore using library
tsmc65_sc_adv10, cell TIELOX1MA10TH, and view symbol as the symbol.
INFO (VERILOGIN-126): Unable to find the Verilog definition for module INVX1P2BA10TH. Therefore using library
tsmc65_sc_adv10, cell INVX1P2BA10TH, and view symbol as the symbol.
INFO (VERILOGIN-126): Unable to find the Verilog definition for module INVX2P5BA10TH. Therefore using library
tsmc65_sc_adv10, cell INVX2P5BA10TH, and view symbol as the symbol.
INFO (VERILOGIN-126): Unable to find the Verilog definition for module OR4X8MA10TH. Therefore using library
tsmc65_sc_adv10, cell OR4X8MA10TH, and view symbol as the symbol.
INFO (VERILOGIN-126): Unable to find the Verilog definition for module BUFHX5MA10TH. Therefore using library
tsmc65_sc_adv10, cell BUFHX5MA10TH, and view symbol as the symbol.
INFO (VERILOGIN-126): Unable to find the Verilog definition for module BUFX4BA10TH. Therefore using library
tsmc65_sc_adv10, cell BUFX4BA10TH, and view symbol as the symbol.
INFO (VERILOGIN-126): Unable to find the Verilog definition for module INVX9MA10TH. Therefore using library
tsmc65_sc_adv10, cell INVX9MA10TH, and view symbol as the symbol.
INFO (VERILOGIN-126): Unable to find the Verilog definition for module NAND4X3MA10TH. Therefore using library
tsmc65_sc_adv10, cell NAND4X3MA10TH, and view symbol as the symbol.
INFO (VERILOGIN-126): Unable to find the Verilog definition for module NAND3X3MA10TH. Therefore using library
tsmc65_sc_adv10, cell NAND3X3MA10TH, and view symbol as the symbol.
INFO (VERILOGIN-126): Unable to find the Verilog definition for module AOI22X1MA10TH. Therefore using library
tsmc65_sc_adv10, cell AOI22X1MA10TH, and view symbol as the symbol.
INFO (VERILOGIN-126): Unable to find the Verilog definition for module NOR2XBX4MA10TH. Therefore using library
tsmc65_sc_adv10, cell NOR2XBX4MA10TH, and view symbol as the symbol.
INFO (VERILOGIN-126): Unable to find the Verilog definition for module AND3X2MA10TH. Therefore using library
tsmc65_sc_adv10, cell AND3X2MA10TH, and view symbol as the symbol.
INFO (VERILOGIN-126): Unable to find the Verilog definition for module AND2X1MA10TH. Therefore using library
tsmc65_sc_adv10, cell AND2X1MA10TH, and view symbol as the symbol.
INFO (VERILOGIN-126): Unable to find the Verilog definition for module AOI22X8MA10TH. Therefore using library
tsmc65_sc_adv10, cell AOI22X8MA10TH, and view symbol as the symbol.
INFO (VERILOGIN-126): Unable to find the Verilog definition for module AOI22X0P5MA10TH. Therefore using library
tsmc65_sc_adv10, cell AOI22X0P5MA10TH, and view symbol as the symbol.
INFO (VERILOGIN-126): Unable to find the Verilog definition for module NOR2BX4MA10TH. Therefore using library
tsmc65_sc_adv10, cell NOR2BX4MA10TH, and view symbol as the symbol.
INFO (VERILOGIN-126): Unable to find the Verilog definition for module NAND3X6AA10TH. Therefore using library
tsmc65_sc_adv10, cell NAND3X6AA10TH, and view symbol as the symbol.
INFO (VERILOGIN-126): Unable to find the Verilog definition for module AOI21X1P4MA10TH. Therefore using library
tsmc65_sc_adv10, cell AOI21X1P4MA10TH, and view symbol as the symbol.
INFO (VERILOGIN-126): Unable to find the Verilog definition for module NAND2X1BA10TH. Therefore using library
tsmc65_sc_adv10, cell NAND2X1BA10TH, and view symbol as the symbol.
INFO (VERILOGIN-126): Unable to find the Verilog definition for module AO21BX0P5MA10TH. Therefore using library
tsmc65_sc_adv10, cell AO21BX0P5MA10TH, and view symbol as the symbol.
INFO (VERILOGIN-126): Unable to find the Verilog definition for module NAND2X4BA10TH. Therefore using library
tsmc65_sc_adv10, cell NAND2X4BA10TH, and view symbol as the symbol.
INFO (VERILOGIN-126): Unable to find the Verilog definition for module NAND2XBX3MA10TH. Therefore using library
tsmc65_sc_adv10, cell NAND2XBX3MA10TH, and view symbol as the symbol.
INFO (VERILOGIN-126): Unable to find the Verilog definition for module OR4X6MA10TH. Therefore using library
tsmc65_sc_adv10, cell OR4X6MA10TH, and view symbol as the symbol.
INFO (VERILOGIN-126): Unable to find the Verilog definition for module NAND3X6MA10TH. Therefore using library
tsmc65_sc_adv10, cell NAND3X6MA10TH, and view symbol as the symbol.
INFO (VERILOGIN-126): Unable to find the Verilog definition for module AND2X0P5MA10TH. Therefore using library
tsmc65_sc_adv10, cell AND2X0P5MA10TH, and view symbol as the symbol.
INFO (VERILOGIN-126): Unable to find the Verilog definition for module NAND3XXBX4MA10TH. Therefore using library
tsmc65_sc_adv10, cell NAND3XXBX4MA10TH, and view symbol as the symbol.
INFO (VERILOGIN-126): Unable to find the Verilog definition for module NOR2XBX1MA10TH. Therefore using library
tsmc65_sc_adv10, cell NOR2XBX1MA10TH, and view symbol as the symbol.
INFO (VERILOGIN-126): Unable to find the Verilog definition for module NAND2X0P5MA10TH. Therefore using library
tsmc65_sc_adv10, cell NAND2X0P5MA10TH, and view symbol as the symbol.
INFO (VERILOGIN-126): Unable to find the Verilog definition for module AOI222X3MA10TH. Therefore using library
tsmc65_sc_adv10, cell AOI222X3MA10TH, and view symbol as the symbol.
INFO (VERILOGIN-126): Unable to find the Verilog definition for module NOR2XBX6MA10TH. Therefore using library
tsmc65_sc_adv10, cell NOR2XBX6MA10TH, and view symbol as the symbol.
INFO (VERILOGIN-126): Unable to find the Verilog definition for module AOI21X1MA10TH. Therefore using library
tsmc65_sc_adv10, cell AOI21X1MA10TH, and view symbol as the symbol.
INFO (VERILOGIN-126): Unable to find the Verilog definition for module NAND4X4MA10TH. Therefore using library
tsmc65_sc_adv10, cell NAND4X4MA10TH, and view symbol as the symbol.
INFO (VERILOGIN-126): Unable to find the Verilog definition for module NAND3XXBX6MA10TH. Therefore using library
tsmc65_sc_adv10, cell NAND3XXBX6MA10TH, and view symbol as the symbol.
INFO (VERILOGIN-126): Unable to find the Verilog definition for module NAND2XBX2MA10TH. Therefore using library
tsmc65_sc_adv10, cell NAND2XBX2MA10TH, and view symbol as the symbol.
INFO (VERILOGIN-126): Unable to find the Verilog definition for module NOR2XBX3MA10TH. Therefore using library
tsmc65_sc_adv10, cell NOR2XBX3MA10TH, and view symbol as the symbol.
INFO (VERILOGIN-126): Unable to find the Verilog definition for module BUFX3MA10TH. Therefore using library
tsmc65_sc_adv10, cell BUFX3MA10TH, and view symbol as the symbol.
INFO (VERILOGIN-126): Unable to find the Verilog definition for module BUFHX3MA10TH. Therefore using library
tsmc65_sc_adv10, cell BUFHX3MA10TH, and view symbol as the symbol.
INFO (VERILOGIN-126): Unable to find the Verilog definition for module BUFX9MA10TH. Therefore using library
tsmc65_sc_adv10, cell BUFX9MA10TH, and view symbol as the symbol.
INFO (VERILOGIN-126): Unable to find the Verilog definition for module PREICGX0P5BA10TH. Therefore using library
tsmc65_sc_adv10, cell PREICGX0P5BA10TH, and view symbol as the symbol.
INFO (VERILOGIN-126): Unable to find the Verilog definition for module PREICGX1BA10TH. Therefore using library
tsmc65_sc_adv10, cell PREICGX1BA10TH, and view symbol as the symbol.
INFO (VERILOGIN-126): Unable to find the Verilog definition for module PREICGX2BA10TH. Therefore using library
tsmc65_sc_adv10, cell PREICGX2BA10TH, and view symbol as the symbol.
INFO (VERILOGIN-126): Unable to find the Verilog definition for module PREICGX13BA10TH. Therefore using library
tsmc65_sc_adv10, cell PREICGX13BA10TH, and view symbol as the symbol.
INFO (VERILOGIN-126): Unable to find the Verilog definition for module PREICGX5BA10TH. Therefore using library
tsmc65_sc_adv10, cell PREICGX5BA10TH, and view symbol as the symbol.
INFO (VERILOGIN-126): Unable to find the Verilog definition for module PREICGX7P5BA10TH. Therefore using library
tsmc65_sc_adv10, cell PREICGX7P5BA10TH, and view symbol as the symbol.
INFO (VERILOGIN-126): Unable to find the Verilog definition for module PREICGX4BA10TH. Therefore using library
tsmc65_sc_adv10, cell PREICGX4BA10TH, and view symbol as the symbol.
INFO (VERILOGIN-126): Unable to find the Verilog definition for module PREICGX6BA10TH. Therefore using library
tsmc65_sc_adv10, cell PREICGX6BA10TH, and view symbol as the symbol.
INFO (VERILOGIN-126): Unable to find the Verilog definition for module PREICGX3BA10TH. Therefore using library
tsmc65_sc_adv10, cell PREICGX3BA10TH, and view symbol as the symbol.
INFO (VERILOGIN-126): Unable to find the Verilog definition for module PREICGX11BA10TH. Therefore using library
tsmc65_sc_adv10, cell PREICGX11BA10TH, and view symbol as the symbol.
INFO (VERILOGIN-126): Unable to find the Verilog definition for module PREICGX9BA10TH. Therefore using library
tsmc65_sc_adv10, cell PREICGX9BA10TH, and view symbol as the symbol.
INFO (VERILOGIN-126): Unable to find the Verilog definition for module AND4X1MA10TH. Therefore using library
tsmc65_sc_adv10, cell AND4X1MA10TH, and view symbol as the symbol.
INFO (VERILOGIN-126): Unable to find the Verilog definition for module DFFQX0P5MA10TH. Therefore using library
tsmc65_sc_adv10, cell DFFQX0P5MA10TH, and view symbol as the symbol.
INFO (VERILOGIN-126): Unable to find the Verilog definition for module DFFQNX0P5MA10TH. Therefore using library
tsmc65_sc_adv10, cell DFFQNX0P5MA10TH, and view symbol as the symbol.
INFO (VERILOGIN-126): Unable to find the Verilog definition for module NAND2X4AA10TH. Therefore using library
tsmc65_sc_adv10, cell NAND2X4AA10TH, and view symbol as the symbol.
INFO (VERILOGIN-126): Unable to find the Verilog definition for module NAND2X6MA10TH. Therefore using library
tsmc65_sc_adv10, cell NAND2X6MA10TH, and view symbol as the symbol.
INFO (VERILOGIN-126): Unable to find the Verilog definition for module NAND2X6AA10TH. Therefore using library
tsmc65_sc_adv10, cell NAND2X6AA10TH, and view symbol as the symbol.
INFO (VERILOGIN-126): Unable to find the Verilog definition for module NAND2X4MA10TH. Therefore using library
tsmc65_sc_adv10, cell NAND2X4MA10TH, and view symbol as the symbol.
INFO (VERILOGIN-126): Unable to find the Verilog definition for module NAND4X2MA10TH. Therefore using library
tsmc65_sc_adv10, cell NAND4X2MA10TH, and view symbol as the symbol.
INFO (VERILOGIN-126): Unable to find the Verilog definition for module NAND2X3MA10TH. Therefore using library
tsmc65_sc_adv10, cell NAND2X3MA10TH, and view symbol as the symbol.
INFO (VERILOGIN-126): Unable to find the Verilog definition for module NAND4X1MA10TH. Therefore using library
tsmc65_sc_adv10, cell NAND4X1MA10TH, and view symbol as the symbol.
INFO (VERILOGIN-126): Unable to find the Verilog definition for module NAND2X8BA10TH. Therefore using library
tsmc65_sc_adv10, cell NAND2X8BA10TH, and view symbol as the symbol.
INFO (VERILOGIN-126): Unable to find the Verilog definition for module NAND2X6BA10TH. Therefore using library
tsmc65_sc_adv10, cell NAND2X6BA10TH, and view symbol as the symbol.
INFO (VERILOGIN-126): Unable to find the Verilog definition for module NAND4X4AA10TH. Therefore using library
tsmc65_sc_adv10, cell NAND4X4AA10TH, and view symbol as the symbol.
INFO (VERILOGIN-126): Unable to find the Verilog definition for module NAND4BX4MA10TH. Therefore using library
tsmc65_sc_adv10, cell NAND4BX4MA10TH, and view symbol as the symbol.
INFO (VERILOGIN-126): Unable to find the Verilog definition for module OR2X4MA10TH. Therefore using library
tsmc65_sc_adv10, cell OR2X4MA10TH, and view symbol as the symbol.
INFO (VERILOGIN-126): Unable to find the Verilog definition for module NAND4X2AA10TH. Therefore using library
tsmc65_sc_adv10, cell NAND4X2AA10TH, and view symbol as the symbol.
INFO (VERILOGIN-126): Unable to find the Verilog definition for module NOR3X1AA10TH. Therefore using library
tsmc65_sc_adv10, cell NOR3X1AA10TH, and view symbol as the symbol.
INFO (VERILOGIN-126): Unable to find the Verilog definition for module AOI221X4MA10TH. Therefore using library
tsmc65_sc_adv10, cell AOI221X4MA10TH, and view symbol as the symbol.
INFO (VERILOGIN-126): Unable to find the Verilog definition for module AOI221X3MA10TH. Therefore using library
tsmc65_sc_adv10, cell AOI221X3MA10TH, and view symbol as the symbol.
INFO (VERILOGIN-126): Unable to find the Verilog definition for module NAND4BX1MA10TH. Therefore using library
tsmc65_sc_adv10, cell NAND4BX1MA10TH, and view symbol as the symbol.
INFO (VERILOGIN-126): Unable to find the Verilog definition for module AND4X4MA10TH. Therefore using library
tsmc65_sc_adv10, cell AND4X4MA10TH, and view symbol as the symbol.
INFO (VERILOGIN-126): Unable to find the Verilog definition for module AOI221X1MA10TH. Therefore using library
tsmc65_sc_adv10, cell AOI221X1MA10TH, and view symbol as the symbol.
INFO (VERILOGIN-126): Unable to find the Verilog definition for module AND4X3MA10TH. Therefore using library
tsmc65_sc_adv10, cell AND4X3MA10TH, and view symbol as the symbol.
INFO (VERILOGIN-126): Unable to find the Verilog definition for module NAND4X3AA10TH. Therefore using library
tsmc65_sc_adv10, cell NAND4X3AA10TH, and view symbol as the symbol.
INFO (VERILOGIN-126): Unable to find the Verilog definition for module OAI211X1MA10TH. Therefore using library
tsmc65_sc_adv10, cell OAI211X1MA10TH, and view symbol as the symbol.
INFO (VERILOGIN-126): Unable to find the Verilog definition for module OAI211X3MA10TH. Therefore using library
tsmc65_sc_adv10, cell OAI211X3MA10TH, and view symbol as the symbol.
INFO (VERILOGIN-126): Unable to find the Verilog definition for module NAND4BX2MA10TH. Therefore using library
tsmc65_sc_adv10, cell NAND4BX2MA10TH, and view symbol as the symbol.
INFO (VERILOGIN-126): Unable to find the Verilog definition for module AOI221X2MA10TH. Therefore using library
tsmc65_sc_adv10, cell AOI221X2MA10TH, and view symbol as the symbol.
INFO (VERILOGIN-126): Unable to find the Verilog definition for module AND4X0P7MA10TH. Therefore using library
tsmc65_sc_adv10, cell AND4X0P7MA10TH, and view symbol as the symbol.
INFO (VERILOGIN-126): Unable to find the Verilog definition for module NAND2X3AA10TH. Therefore using library
tsmc65_sc_adv10, cell NAND2X3AA10TH, and view symbol as the symbol.
INFO (VERILOGIN-126): Unable to find the Verilog definition for module NAND4X1AA10TH. Therefore using library
tsmc65_sc_adv10, cell NAND4X1AA10TH, and view symbol as the symbol.
INFO (VERILOGIN-126): Unable to find the Verilog definition for module AOI222X1MA10TH. Therefore using library
tsmc65_sc_adv10, cell AOI222X1MA10TH, and view symbol as the symbol.
INFO (VERILOGIN-126): Unable to find the Verilog definition for module AOI222X2MA10TH. Therefore using library
tsmc65_sc_adv10, cell AOI222X2MA10TH, and view symbol as the symbol.
INFO (VERILOGIN-126): Unable to find the Verilog definition for module AOI22X4MA10TH. Therefore using library
tsmc65_sc_adv10, cell AOI22X4MA10TH, and view symbol as the symbol.
INFO (VERILOGIN-126): Unable to find the Verilog definition for module AOI22X3MA10TH. Therefore using library
tsmc65_sc_adv10, cell AOI22X3MA10TH, and view symbol as the symbol.
INFO (VERILOGIN-126): Unable to find the Verilog definition for module AOI22X2MA10TH. Therefore using library
tsmc65_sc_adv10, cell AOI22X2MA10TH, and view symbol as the symbol.
INFO (VERILOGIN-126): Unable to find the Verilog definition for module AO22X1MA10TH. Therefore using library
tsmc65_sc_adv10, cell AO22X1MA10TH, and view symbol as the symbol.
INFO (VERILOGIN-126): Unable to find the Verilog definition for module AND4X6MA10TH. Therefore using library
tsmc65_sc_adv10, cell AND4X6MA10TH, and view symbol as the symbol.
INFO (VERILOGIN-126): Unable to find the Verilog definition for module NAND2X1MA10TH. Therefore using library
tsmc65_sc_adv10, cell NAND2X1MA10TH, and view symbol as the symbol.
INFO (VERILOGIN-126): Unable to find the Verilog definition for module AOI222X4MA10TH. Therefore using library
tsmc65_sc_adv10, cell AOI222X4MA10TH, and view symbol as the symbol.
INFO (VERILOGIN-126): Unable to find the Verilog definition for module NOR2X1AA10TH. Therefore using library
tsmc65_sc_adv10, cell NOR2X1AA10TH, and view symbol as the symbol.
INFO (VERILOGIN-126): Unable to find the Verilog definition for module NOR2X1MA10TH. Therefore using library
tsmc65_sc_adv10, cell NOR2X1MA10TH, and view symbol as the symbol.
INFO (VERILOGIN-126): Unable to find the Verilog definition for module AOI22X1P4MA10TH. Therefore using library
tsmc65_sc_adv10, cell AOI22X1P4MA10TH, and view symbol as the symbol.
INFO (VERILOGIN-126): Unable to find the Verilog definition for module NAND4XXXBX3MA10TH. Therefore using library
tsmc65_sc_adv10, cell NAND4XXXBX3MA10TH, and view symbol as the symbol.
INFO (VERILOGIN-126): Unable to find the Verilog definition for module NAND4XXXBX1MA10TH. Therefore using library
tsmc65_sc_adv10, cell NAND4XXXBX1MA10TH, and view symbol as the symbol.
INFO (VERILOGIN-126): Unable to find the Verilog definition for module NOR2X2AA10TH. Therefore using library
tsmc65_sc_adv10, cell NOR2X2AA10TH, and view symbol as the symbol.
INFO (VERILOGIN-126): Unable to find the Verilog definition for module NAND3XXBX1MA10TH. Therefore using library
tsmc65_sc_adv10, cell NAND3XXBX1MA10TH, and view symbol as the symbol.
INFO (VERILOGIN-126): Unable to find the Verilog definition for module NOR2X2MA10TH. Therefore using library
tsmc65_sc_adv10, cell NOR2X2MA10TH, and view symbol as the symbol.
INFO (VERILOGIN-126): Unable to find the Verilog definition for module NOR2X0P5MA10TH. Therefore using library
tsmc65_sc_adv10, cell NOR2X0P5MA10TH, and view symbol as the symbol.
INFO (VERILOGIN-126): Unable to find the Verilog definition for module NOR2X3AA10TH. Therefore using library
tsmc65_sc_adv10, cell NOR2X3AA10TH, and view symbol as the symbol.
INFO (VERILOGIN-126): Unable to find the Verilog definition for module AOI22X6MA10TH. Therefore using library
tsmc65_sc_adv10, cell AOI22X6MA10TH, and view symbol as the symbol.
INFO (VERILOGIN-126): Unable to find the Verilog definition for module NAND4XXXBX2MA10TH. Therefore using library
tsmc65_sc_adv10, cell NAND4XXXBX2MA10TH, and view symbol as the symbol.
INFO (VERILOGIN-126): Unable to find the Verilog definition for module NOR2BX3MA10TH. Therefore using library
tsmc65_sc_adv10, cell NOR2BX3MA10TH, and view symbol as the symbol.
INFO (VERILOGIN-126): Unable to find the Verilog definition for module AND2X1P4MA10TH. Therefore using library
tsmc65_sc_adv10, cell AND2X1P4MA10TH, and view symbol as the symbol.
INFO (VERILOGIN-126): Unable to find the Verilog definition for module INVX0P5MA10TH. Therefore using library
tsmc65_sc_adv10, cell INVX0P5MA10TH, and view symbol as the symbol.
INFO (VERILOGIN-126): Unable to find the Verilog definition for module NOR3X1MA10TH. Therefore using library
tsmc65_sc_adv10, cell NOR3X1MA10TH, and view symbol as the symbol.
INFO (VERILOGIN-126): Unable to find the Verilog definition for module OR3X0P5MA10TH. Therefore using library
tsmc65_sc_adv10, cell OR3X0P5MA10TH, and view symbol as the symbol.
INFO (VERILOGIN-126): Unable to find the Verilog definition for module NAND3BX6MA10TH. Therefore using library
tsmc65_sc_adv10, cell NAND3BX6MA10TH, and view symbol as the symbol.
INFO (VERILOGIN-126): Unable to find the Verilog definition for module NAND2X2BA10TH. Therefore using library
tsmc65_sc_adv10, cell NAND2X2BA10TH, and view symbol as the symbol.
INFO (VERILOGIN-126): Unable to find the Verilog definition for module NAND2XBX1MA10TH. Therefore using library
tsmc65_sc_adv10, cell NAND2XBX1MA10TH, and view symbol as the symbol.
INFO (VERILOGIN-126): Unable to find the Verilog definition for module NAND2X2AA10TH. Therefore using library
tsmc65_sc_adv10, cell NAND2X2AA10TH, and view symbol as the symbol.
INFO (VERILOGIN-126): Unable to find the Verilog definition for module OR2X1MA10TH. Therefore using library
tsmc65_sc_adv10, cell OR2X1MA10TH, and view symbol as the symbol.
INFO (VERILOGIN-126): Unable to find the Verilog definition for module NOR2BX0P5MA10TH. Therefore using library
tsmc65_sc_adv10, cell NOR2BX0P5MA10TH, and view symbol as the symbol.
INFO (VERILOGIN-126): Unable to find the Verilog definition for module AND2X3MA10TH. Therefore using library
tsmc65_sc_adv10, cell AND2X3MA10TH, and view symbol as the symbol.
INFO (VERILOGIN-126): Unable to find the Verilog definition for module NOR2XBX0P5MA10TH. Therefore using library
tsmc65_sc_adv10, cell NOR2XBX0P5MA10TH, and view symbol as the symbol.
INFO (VERILOGIN-126): Unable to find the Verilog definition for module INVX0P7MA10TH. Therefore using library
tsmc65_sc_adv10, cell INVX0P7MA10TH, and view symbol as the symbol.
INFO (VERILOGIN-126): Unable to find the Verilog definition for module DFFNQX1MA10TH. Therefore using library
tsmc65_sc_adv10, cell DFFNQX1MA10TH, and view symbol as the symbol.
INFO (VERILOGIN-126): Unable to find the Verilog definition for module OR2X2MA10TH. Therefore using library
tsmc65_sc_adv10, cell OR2X2MA10TH, and view symbol as the symbol.
INFO (VERILOGIN-126): Unable to find the Verilog definition for module NAND2X2MA10TH. Therefore using library
tsmc65_sc_adv10, cell NAND2X2MA10TH, and view symbol as the symbol.
INFO (VERILOGIN-126): Unable to find the Verilog definition for module NOR2X4MA10TH. Therefore using library
tsmc65_sc_adv10, cell NOR2X4MA10TH, and view symbol as the symbol.
INFO (VERILOGIN-126): Unable to find the Verilog definition for module OR4X3MA10TH. Therefore using library
tsmc65_sc_adv10, cell OR4X3MA10TH, and view symbol as the symbol.
INFO (VERILOGIN-126): Unable to find the Verilog definition for module NOR2X3MA10TH. Therefore using library
tsmc65_sc_adv10, cell NOR2X3MA10TH, and view symbol as the symbol.
INFO (VERILOGIN-126): Unable to find the Verilog definition for module DFFNQX2MA10TH. Therefore using library
tsmc65_sc_adv10, cell DFFNQX2MA10TH, and view symbol as the symbol.
INFO (VERILOGIN-126): Unable to find the Verilog definition for module DFFQX4MA10TH. Therefore using library
tsmc65_sc_adv10, cell DFFQX4MA10TH, and view symbol as the symbol.
INFO (VERILOGIN-126): Unable to find the Verilog definition for module DFFQX2MA10TH. Therefore using library
tsmc65_sc_adv10, cell DFFQX2MA10TH, and view symbol as the symbol.
INFO (VERILOGIN-126): Unable to find the Verilog definition for module DFFQX1MA10TH. Therefore using library
tsmc65_sc_adv10, cell DFFQX1MA10TH, and view symbol as the symbol.
INFO (VERILOGIN-126): Unable to find the Verilog definition for module NAND2BX1MA10TH. Therefore using library
tsmc65_sc_adv10, cell NAND2BX1MA10TH, and view symbol as the symbol.
INFO (VERILOGIN-126): Unable to find the Verilog definition for module NOR2X6MA10TH. Therefore using library
tsmc65_sc_adv10, cell NOR2X6MA10TH, and view symbol as the symbol.
INFO (VERILOGIN-126): Unable to find the Verilog definition for module NAND2XBX4MA10TH. Therefore using library
tsmc65_sc_adv10, cell NAND2XBX4MA10TH, and view symbol as the symbol.
INFO (VERILOGIN-126): Unable to find the Verilog definition for module OR2X6MA10TH. Therefore using library
tsmc65_sc_adv10, cell OR2X6MA10TH, and view symbol as the symbol.
INFO (VERILOGIN-126): Unable to find the Verilog definition for module NAND2X1P4AA10TH. Therefore using library
tsmc65_sc_adv10, cell NAND2X1P4AA10TH, and view symbol as the symbol.
INFO (VERILOGIN-126): Unable to find the Verilog definition for module NAND2BX2MA10TH. Therefore using library
tsmc65_sc_adv10, cell NAND2BX2MA10TH, and view symbol as the symbol.
INFO (VERILOGIN-126): Unable to find the Verilog definition for module NAND2BX6MA10TH. Therefore using library
tsmc65_sc_adv10, cell NAND2BX6MA10TH, and view symbol as the symbol.
INFO (VERILOGIN-126): Unable to find the Verilog definition for module NAND3XXBX2MA10TH. Therefore using library
tsmc65_sc_adv10, cell NAND3XXBX2MA10TH, and view symbol as the symbol.
INFO (VERILOGIN-126): Unable to find the Verilog definition for module BUFX0P8BA10TH. Therefore using library
tsmc65_sc_adv10, cell BUFX0P8BA10TH, and view symbol as the symbol.
INFO (VERILOGIN-126): Unable to find the Verilog definition for module SDFFRPQX1MA10TH. Therefore using library
tsmc65_sc_adv10, cell SDFFRPQX1MA10TH, and view symbol as the symbol.
INFO (VERILOGIN-126): Unable to find the Verilog definition for module DFFRPQX1MA10TH. Therefore using library
tsmc65_sc_adv10, cell DFFRPQX1MA10TH, and view symbol as the symbol.
INFO (VERILOGIN-126): Unable to find the Verilog definition for module AO21BX1MA10TH. Therefore using library
tsmc65_sc_adv10, cell AO21BX1MA10TH, and view symbol as the symbol.
INFO (VERILOGIN-126): Unable to find the Verilog definition for module AOI222X0P5MA10TH. Therefore using library
tsmc65_sc_adv10, cell AOI222X0P5MA10TH, and view symbol as the symbol.
INFO (VERILOGIN-126): Unable to find the Verilog definition for module XNOR2X1MA10TH. Therefore using library
tsmc65_sc_adv10, cell XNOR2X1MA10TH, and view symbol as the symbol.
INFO (VERILOGIN-126): Unable to find the Verilog definition for module XOR2X1MA10TH. Therefore using library
tsmc65_sc_adv10, cell XOR2X1MA10TH, and view symbol as the symbol.
INFO (VERILOGIN-126): Unable to find the Verilog definition for module ADDHX1MA10TH. Therefore using library
tsmc65_sc_adv10, cell ADDHX1MA10TH, and view symbol as the symbol.
INFO (VERILOGIN-126): Unable to find the Verilog definition for module OAI21X1MA10TH. Therefore using library
tsmc65_sc_adv10, cell OAI21X1MA10TH, and view symbol as the symbol.
INFO (VERILOGIN-126): Unable to find the Verilog definition for module NAND2X1AA10TH. Therefore using library
tsmc65_sc_adv10, cell NAND2X1AA10TH, and view symbol as the symbol.
INFO (VERILOGIN-126): Unable to find the Verilog definition for module NAND2X0P7AA10TH. Therefore using library
tsmc65_sc_adv10, cell NAND2X0P7AA10TH, and view symbol as the symbol.
INFO (VERILOGIN-126): Unable to find the Verilog definition for module NAND3X0P7MA10TH. Therefore using library
tsmc65_sc_adv10, cell NAND3X0P7MA10TH, and view symbol as the symbol.
INFO (VERILOGIN-126): Unable to find the Verilog definition for module NOR2BX1MA10TH. Therefore using library
tsmc65_sc_adv10, cell NOR2BX1MA10TH, and view symbol as the symbol.
INFO (VERILOGIN-126): Unable to find the Verilog definition for module LATQX1MA10TH. Therefore using library
tsmc65_sc_adv10, cell LATQX1MA10TH, and view symbol as the symbol.
INFO (VERILOGIN-126): Unable to find the Verilog definition for module OAI222X1MA10TH. Therefore using library
tsmc65_sc_adv10, cell OAI222X1MA10TH, and view symbol as the symbol.
INFO (VERILOGIN-126): Unable to find the Verilog definition for module OAI221X1MA10TH. Therefore using library
tsmc65_sc_adv10, cell OAI221X1MA10TH, and view symbol as the symbol.
INFO (VERILOGIN-126): Unable to find the Verilog definition for module AOI2XB1X1MA10TH. Therefore using library
tsmc65_sc_adv10, cell AOI2XB1X1MA10TH, and view symbol as the symbol.
INFO (VERILOGIN-126): Unable to find the Verilog definition for module OAI21X0P5MA10TH. Therefore using library
tsmc65_sc_adv10, cell OAI21X0P5MA10TH, and view symbol as the symbol.
INFO (VERILOGIN-126): Unable to find the Verilog definition for module NOR3X0P5MA10TH. Therefore using library
tsmc65_sc_adv10, cell NOR3X0P5MA10TH, and view symbol as the symbol.
INFO (VERILOGIN-126): Unable to find the Verilog definition for module OR6X1MA10TH. Therefore using library
tsmc65_sc_adv10, cell OR6X1MA10TH, and view symbol as the symbol.
INFO (VERILOGIN-126): Unable to find the Verilog definition for module NOR2BX0P7MA10TH. Therefore using library
tsmc65_sc_adv10, cell NOR2BX0P7MA10TH, and view symbol as the symbol.
INFO (VERILOGIN-126): Unable to find the Verilog definition for module NOR2XBX0P7MA10TH. Therefore using library
tsmc65_sc_adv10, cell NOR2XBX0P7MA10TH, and view symbol as the symbol.
INFO (VERILOGIN-126): Unable to find the Verilog definition for module NAND2BX0P7MA10TH. Therefore using library
tsmc65_sc_adv10, cell NAND2BX0P7MA10TH, and view symbol as the symbol.
INFO (VERILOGIN-126): Unable to find the Verilog definition for module DFFRPQNX1MA10TH. Therefore using library
tsmc65_sc_adv10, cell DFFRPQNX1MA10TH, and view symbol as the symbol.
INFO (VERILOGIN-126): Unable to find the Verilog definition for module AOI211X1MA10TH. Therefore using library
tsmc65_sc_adv10, cell AOI211X1MA10TH, and view symbol as the symbol.
INFO (VERILOGIN-126): Unable to find the Verilog definition for module OAI2XB1X0P5MA10TH. Therefore using library
tsmc65_sc_adv10, cell OAI2XB1X0P5MA10TH, and view symbol as the symbol.
INFO (VERILOGIN-126): Unable to find the Verilog definition for module AOI31X0P5MA10TH. Therefore using library
tsmc65_sc_adv10, cell AOI31X0P5MA10TH, and view symbol as the symbol.
INFO (VERILOGIN-126): Unable to find the Verilog definition for module OR2X0P5MA10TH. Therefore using library
tsmc65_sc_adv10, cell OR2X0P5MA10TH, and view symbol as the symbol.
INFO (VERILOGIN-126): Unable to find the Verilog definition for module OR2X1P4MA10TH. Therefore using library
tsmc65_sc_adv10, cell OR2X1P4MA10TH, and view symbol as the symbol.
INFO (VERILOGIN-126): Unable to find the Verilog definition for module NAND2XBX0P7MA10TH. Therefore using library
tsmc65_sc_adv10, cell NAND2XBX0P7MA10TH, and view symbol as the symbol.
INFO (VERILOGIN-126): Unable to find the Verilog definition for module DFFNRPQX1MA10TH. Therefore using library
tsmc65_sc_adv10, cell DFFNRPQX1MA10TH, and view symbol as the symbol.
INFO (VERILOGIN-126): Unable to find the Verilog definition for module OAI2XB1X1MA10TH. Therefore using library
tsmc65_sc_adv10, cell OAI2XB1X1MA10TH, and view symbol as the symbol.
INFO (VERILOGIN-126): Unable to find the Verilog definition for module AOI21BX1MA10TH. Therefore using library
tsmc65_sc_adv10, cell AOI21BX1MA10TH, and view symbol as the symbol.
INFO (VERILOGIN-126): Unable to find the Verilog definition for module AOI31X1MA10TH. Therefore using library
tsmc65_sc_adv10, cell AOI31X1MA10TH, and view symbol as the symbol.
INFO (VERILOGIN-126): Unable to find the Verilog definition for module OAI22X1MA10TH. Therefore using library
tsmc65_sc_adv10, cell OAI22X1MA10TH, and view symbol as the symbol.
INFO (VERILOGIN-126): Unable to find the Verilog definition for module NAND3BX0P5MA10TH. Therefore using library
tsmc65_sc_adv10, cell NAND3BX0P5MA10TH, and view symbol as the symbol.
INFO (VERILOGIN-126): Unable to find the Verilog definition for module AOI32X1MA10TH. Therefore using library
tsmc65_sc_adv10, cell AOI32X1MA10TH, and view symbol as the symbol.
INFO (VERILOGIN-126): Unable to find the Verilog definition for module NAND2X0P5AA10TH. Therefore using library
tsmc65_sc_adv10, cell NAND2X0P5AA10TH, and view symbol as the symbol.
INFO (VERILOGIN-126): Unable to find the Verilog definition for module NOR2X0P7MA10TH. Therefore using library
tsmc65_sc_adv10, cell NOR2X0P7MA10TH, and view symbol as the symbol.
INFO (VERILOGIN-126): Unable to find the Verilog definition for module NAND2BX3MA10TH. Therefore using library
tsmc65_sc_adv10, cell NAND2BX3MA10TH, and view symbol as the symbol.
INFO (VERILOGIN-126): Unable to find the Verilog definition for module NAND2BX1P4MA10TH. Therefore using library
tsmc65_sc_adv10, cell NAND2BX1P4MA10TH, and view symbol as the symbol.
INFO (VERILOGIN-126): Unable to find the Verilog definition for module NAND2X1P4BA10TH. Therefore using library
tsmc65_sc_adv10, cell NAND2X1P4BA10TH, and view symbol as the symbol.
INFO (VERILOGIN-126): Unable to find the Verilog definition for module NAND3BX1MA10TH. Therefore using library
tsmc65_sc_adv10, cell NAND3BX1MA10TH, and view symbol as the symbol.
INFO (VERILOGIN-126): Unable to find the Verilog definition for module OAI2XB1X0P7MA10TH. Therefore using library
tsmc65_sc_adv10, cell OAI2XB1X0P7MA10TH, and view symbol as the symbol.
INFO (VERILOGIN-126): Unable to find the Verilog definition for module DFFQX3MA10TH. Therefore using library
tsmc65_sc_adv10, cell DFFQX3MA10TH, and view symbol as the symbol.
INFO (VERILOGIN-126): Unable to find the Verilog definition for module AOI221X0P5MA10TH. Therefore using library
tsmc65_sc_adv10, cell AOI221X0P5MA10TH, and view symbol as the symbol.
INFO (VERILOGIN-126): Unable to find the Verilog definition for module OAI211X0P5MA10TH. Therefore using library
tsmc65_sc_adv10, cell OAI211X0P5MA10TH, and view symbol as the symbol.
INFO (VERILOGIN-126): Unable to find the Verilog definition for module AO21X1MA10TH. Therefore using library
tsmc65_sc_adv10, cell AO21X1MA10TH, and view symbol as the symbol.
INFO (VERILOGIN-126): Unable to find the Verilog definition for module OAI22X0P7MA10TH. Therefore using library
tsmc65_sc_adv10, cell OAI22X0P7MA10TH, and view symbol as the symbol.
INFO (VERILOGIN-126): Unable to find the Verilog definition for module DFFSQX1MA10TH. Therefore using library
tsmc65_sc_adv10, cell DFFSQX1MA10TH, and view symbol as the symbol.
INFO (VERILOGIN-126): Unable to find the Verilog definition for module A2DFFQX1MA10TH. Therefore using library
tsmc65_sc_adv10, cell A2DFFQX1MA10TH, and view symbol as the symbol.
INFO (VERILOGIN-126): Unable to find the Verilog definition for module AOI221X0P7MA10TH. Therefore using library
tsmc65_sc_adv10, cell AOI221X0P7MA10TH, and view symbol as the symbol.
INFO (VERILOGIN-126): Unable to find the Verilog definition for module AOI21X0P7MA10TH. Therefore using library
tsmc65_sc_adv10, cell AOI21X0P7MA10TH, and view symbol as the symbol.
INFO (VERILOGIN-126): Unable to find the Verilog definition for module AOI22X0P7MA10TH. Therefore using library
tsmc65_sc_adv10, cell AOI22X0P7MA10TH, and view symbol as the symbol.
INFO (VERILOGIN-126): Unable to find the Verilog definition for module DFFSQNX1MA10TH. Therefore using library
tsmc65_sc_adv10, cell DFFSQNX1MA10TH, and view symbol as the symbol.
INFO (VERILOGIN-126): Unable to find the Verilog definition for module NAND3X1MA10TH. Therefore using library
tsmc65_sc_adv10, cell NAND3X1MA10TH, and view symbol as the symbol.
INFO (VERILOGIN-126): Unable to find the Verilog definition for module AOI2XB1X0P7MA10TH. Therefore using library
tsmc65_sc_adv10, cell AOI2XB1X0P7MA10TH, and view symbol as the symbol.
INFO (VERILOGIN-126): Unable to find the Verilog definition for module TIEHIX1MA10TH. Therefore using library
tsmc65_sc_adv10, cell TIEHIX1MA10TH, and view symbol as the symbol.
INFO (VERILOGIN-126): Unable to find the Verilog definition for module BUFHX6MA10TH. Therefore using library
tsmc65_sc_adv10, cell BUFHX6MA10TH, and view symbol as the symbol.
INFO (VERILOGIN-126): Unable to find the Verilog definition for module BUFHX4MA10TH. Therefore using library
tsmc65_sc_adv10, cell BUFHX4MA10TH, and view symbol as the symbol.
INFO (VERILOGIN-126): Unable to find the Verilog definition for module INVX11BA10TH. Therefore using library
tsmc65_sc_adv10, cell INVX11BA10TH, and view symbol as the symbol.
INFO (VERILOGIN-126): Unable to find the Verilog definition for module AO21BX3MA10TH. Therefore using library
tsmc65_sc_adv10, cell AO21BX3MA10TH, and view symbol as the symbol.
INFO (VERILOGIN-126): Unable to find the Verilog definition for module AOI21X3MA10TH. Therefore using library
tsmc65_sc_adv10, cell AOI21X3MA10TH, and view symbol as the symbol.
INFO (VERILOGIN-126): Unable to find the Verilog definition for module NAND3X2AA10TH. Therefore using library
tsmc65_sc_adv10, cell NAND3X2AA10TH, and view symbol as the symbol.
INFO (VERILOGIN-126): Unable to find the Verilog definition for module AO1B2X6MA10TH. Therefore using library
tsmc65_sc_adv10, cell AO1B2X6MA10TH, and view symbol as the symbol.
INFO (VERILOGIN-126): Unable to find the Verilog definition for module AOI21X2MA10TH. Therefore using library
tsmc65_sc_adv10, cell AOI21X2MA10TH, and view symbol as the symbol.
INFO (VERILOGIN-126): Unable to find the Verilog definition for module AO1B2X4MA10TH. Therefore using library
tsmc65_sc_adv10, cell AO1B2X4MA10TH, and view symbol as the symbol.
INFO (VERILOGIN-126): Unable to find the Verilog definition for module AOI21X6MA10TH. Therefore using library
tsmc65_sc_adv10, cell AOI21X6MA10TH, and view symbol as the symbol.
INFO (VERILOGIN-126): Unable to find the Verilog definition for module AOI21X4MA10TH. Therefore using library
tsmc65_sc_adv10, cell AOI21X4MA10TH, and view symbol as the symbol.
INFO (VERILOGIN-126): Unable to find the Verilog definition for module AOI211X4MA10TH. Therefore using library
tsmc65_sc_adv10, cell AOI211X4MA10TH, and view symbol as the symbol.
INFO (VERILOGIN-126): Unable to find the Verilog definition for module NAND2BX0P5MA10TH. Therefore using library
tsmc65_sc_adv10, cell NAND2BX0P5MA10TH, and view symbol as the symbol.
INFO (VERILOGIN-126): Unable to find the Verilog definition for module BUFHX1P7MA10TH. Therefore using library
tsmc65_sc_adv10, cell BUFHX1P7MA10TH, and view symbol as the symbol.
INFO (VERILOGIN-126): Unable to find the Verilog definition for module INVX6MA10TH. Therefore using library
tsmc65_sc_adv10, cell INVX6MA10TH, and view symbol as the symbol.
INFO (VERILOGIN-126): Unable to find the Verilog definition for module OAI21X3MA10TH. Therefore using library
tsmc65_sc_adv10, cell OAI21X3MA10TH, and view symbol as the symbol.
INFO (VERILOGIN-126): Unable to find the Verilog definition for module NAND3X4MA10TH. Therefore using library
tsmc65_sc_adv10, cell NAND3X4MA10TH, and view symbol as the symbol.
INFO (VERILOGIN-126): Unable to find the Verilog definition for module NOR3X2AA10TH. Therefore using library
tsmc65_sc_adv10, cell NOR3X2AA10TH, and view symbol as the symbol.
INFO (VERILOGIN-126): Unable to find the Verilog definition for module NAND3X4AA10TH. Therefore using library
tsmc65_sc_adv10, cell NAND3X4AA10TH, and view symbol as the symbol.
INFO (VERILOGIN-126): Unable to find the Verilog definition for module NAND3X1AA10TH. Therefore using library
tsmc65_sc_adv10, cell NAND3X1AA10TH, and view symbol as the symbol.
INFO (VERILOGIN-126): Unable to find the Verilog definition for module AND2X4MA10TH. Therefore using library
tsmc65_sc_adv10, cell AND2X4MA10TH, and view symbol as the symbol.
INFO (VERILOGIN-126): Unable to find the Verilog definition for module OAI211X2MA10TH. Therefore using library
tsmc65_sc_adv10, cell OAI211X2MA10TH, and view symbol as the symbol.
INFO (VERILOGIN-126): Unable to find the Verilog definition for module NAND4XXXBX1P4MA10TH. Therefore using library
tsmc65_sc_adv10, cell NAND4XXXBX1P4MA10TH, and view symbol as the symbol.
INFO (VERILOGIN-126): Unable to find the Verilog definition for module OAI22X2MA10TH. Therefore using library
tsmc65_sc_adv10, cell OAI22X2MA10TH, and view symbol as the symbol.
INFO (VERILOGIN-126): Unable to find the Verilog definition for module OAI211X1P4MA10TH. Therefore using library
tsmc65_sc_adv10, cell OAI211X1P4MA10TH, and view symbol as the symbol.
INFO (VERILOGIN-126): Unable to find the Verilog definition for module OAI21X2MA10TH. Therefore using library
tsmc65_sc_adv10, cell OAI21X2MA10TH, and view symbol as the symbol.
INFO (VERILOGIN-126): Unable to find the Verilog definition for module OAI21BX1MA10TH. Therefore using library
tsmc65_sc_adv10, cell OAI21BX1MA10TH, and view symbol as the symbol.
INFO (VERILOGIN-126): Unable to find the Verilog definition for module AOI222X1P4MA10TH. Therefore using library
tsmc65_sc_adv10, cell AOI222X1P4MA10TH, and view symbol as the symbol.
INFO (VERILOGIN-126): Unable to find the Verilog definition for module AOI221X1P4MA10TH. Therefore using library
tsmc65_sc_adv10, cell AOI221X1P4MA10TH, and view symbol as the symbol.
INFO (VERILOGIN-126): Unable to find the Verilog definition for module OAI2XB1X2MA10TH. Therefore using library
tsmc65_sc_adv10, cell OAI2XB1X2MA10TH, and view symbol as the symbol.
INFO (VERILOGIN-126): Unable to find the Verilog definition for module OA211X0P7MA10TH. Therefore using library
tsmc65_sc_adv10, cell OA211X0P7MA10TH, and view symbol as the symbol.
INFO (VERILOGIN-126): Unable to find the Verilog definition for module NAND2X3BA10TH. Therefore using library
tsmc65_sc_adv10, cell NAND2X3BA10TH, and view symbol as the symbol.
INFO (VERILOGIN-126): Unable to find the Verilog definition for module NOR2X6AA10TH. Therefore using library
tsmc65_sc_adv10, cell NOR2X6AA10TH, and view symbol as the symbol.
INFO (VERILOGIN-126): Unable to find the Verilog definition for module AOI211X2MA10TH. Therefore using library
tsmc65_sc_adv10, cell AOI211X2MA10TH, and view symbol as the symbol.
INFO (VERILOGIN-126): Unable to find the Verilog definition for module NOR2X1P4AA10TH. Therefore using library
tsmc65_sc_adv10, cell NOR2X1P4AA10TH, and view symbol as the symbol.
INFO (VERILOGIN-126): Unable to find the Verilog definition for module NOR2BX2MA10TH. Therefore using library
tsmc65_sc_adv10, cell NOR2BX2MA10TH, and view symbol as the symbol.
INFO (VERILOGIN-126): Unable to find the Verilog definition for module NOR2BX1P4MA10TH. Therefore using library
tsmc65_sc_adv10, cell NOR2BX1P4MA10TH, and view symbol as the symbol.
INFO (VERILOGIN-126): Unable to find the Verilog definition for module AND2X6MA10TH. Therefore using library
tsmc65_sc_adv10, cell AND2X6MA10TH, and view symbol as the symbol.
INFO (VERILOGIN-126): Unable to find the Verilog definition for module OA21X1MA10TH. Therefore using library
tsmc65_sc_adv10, cell OA21X1MA10TH, and view symbol as the symbol.
INFO (VERILOGIN-126): Unable to find the Verilog definition for module NAND3XXBX3MA10TH. Therefore using library
tsmc65_sc_adv10, cell NAND3XXBX3MA10TH, and view symbol as the symbol.
INFO (VERILOGIN-126): Unable to find the Verilog definition for module OA22X1MA10TH. Therefore using library
tsmc65_sc_adv10, cell OA22X1MA10TH, and view symbol as the symbol.
INFO (VERILOGIN-126): Unable to find the Verilog definition for module NOR2X1P4MA10TH. Therefore using library
tsmc65_sc_adv10, cell NOR2X1P4MA10TH, and view symbol as the symbol.
INFO (VERILOGIN-126): Unable to find the Verilog definition for module NOR2X8MA10TH. Therefore using library
tsmc65_sc_adv10, cell NOR2X8MA10TH, and view symbol as the symbol.
INFO (VERILOGIN-126): Unable to find the Verilog definition for module NAND2X0P7BA10TH. Therefore using library
tsmc65_sc_adv10, cell NAND2X0P7BA10TH, and view symbol as the symbol.
INFO (VERILOGIN-126): Unable to find the Verilog definition for module NOR3X4MA10TH. Therefore using library
tsmc65_sc_adv10, cell NOR3X4MA10TH, and view symbol as the symbol.
INFO (VERILOGIN-126): Unable to find the Verilog definition for module NOR2X8AA10TH. Therefore using library
tsmc65_sc_adv10, cell NOR2X8AA10TH, and view symbol as the symbol.
INFO (VERILOGIN-126): Unable to find the Verilog definition for module XNOR2X3MA10TH. Therefore using library
tsmc65_sc_adv10, cell XNOR2X3MA10TH, and view symbol as the symbol.
INFO (VERILOGIN-126): Unable to find the Verilog definition for module AOI2XB1X3MA10TH. Therefore using library
tsmc65_sc_adv10, cell AOI2XB1X3MA10TH, and view symbol as the symbol.
INFO (VERILOGIN-126): Unable to find the Verilog definition for module OAI21BX4MA10TH. Therefore using library
tsmc65_sc_adv10, cell OAI21BX4MA10TH, and view symbol as the symbol.
INFO (VERILOGIN-126): Unable to find the Verilog definition for module NOR2XBX2MA10TH. Therefore using library
tsmc65_sc_adv10, cell NOR2XBX2MA10TH, and view symbol as the symbol.
INFO (VERILOGIN-126): Unable to find the Verilog definition for module AOI21BX2MA10TH. Therefore using library
tsmc65_sc_adv10, cell AOI21BX2MA10TH, and view symbol as the symbol.
INFO (VERILOGIN-126): Unable to find the Verilog definition for module NAND4BX1P4MA10TH. Therefore using library
tsmc65_sc_adv10, cell NAND4BX1P4MA10TH, and view symbol as the symbol.
INFO (VERILOGIN-126): Unable to find the Verilog definition for module NAND4XXXBX4MA10TH. Therefore using library
tsmc65_sc_adv10, cell NAND4XXXBX4MA10TH, and view symbol as the symbol.
INFO (VERILOGIN-126): Unable to find the Verilog definition for module NAND4XXXBX0P5MA10TH. Therefore using library
tsmc65_sc_adv10, cell NAND4XXXBX0P5MA10TH, and view symbol as the symbol.
INFO (VERILOGIN-126): Unable to find the Verilog definition for module AND2X2MA10TH. Therefore using library
tsmc65_sc_adv10, cell AND2X2MA10TH, and view symbol as the symbol.
INFO (VERILOGIN-126): Unable to find the Verilog definition for module NOR3X1P4MA10TH. Therefore using library
tsmc65_sc_adv10, cell NOR3X1P4MA10TH, and view symbol as the symbol.
INFO (VERILOGIN-126): Unable to find the Verilog definition for module AO1B2X1MA10TH. Therefore using library
tsmc65_sc_adv10, cell AO1B2X1MA10TH, and view symbol as the symbol.
INFO (VERILOGIN-126): Unable to find the Verilog definition for module NOR3X2MA10TH. Therefore using library
tsmc65_sc_adv10, cell NOR3X2MA10TH, and view symbol as the symbol.
INFO (VERILOGIN-126): Unable to find the Verilog definition for module NOR3X3MA10TH. Therefore using library
tsmc65_sc_adv10, cell NOR3X3MA10TH, and view symbol as the symbol.
INFO (VERILOGIN-126): Unable to find the Verilog definition for module NAND4BX0P7MA10TH. Therefore using library
tsmc65_sc_adv10, cell NAND4BX0P7MA10TH, and view symbol as the symbol.
INFO (VERILOGIN-126): Unable to find the Verilog definition for module OR4X1MA10TH. Therefore using library
tsmc65_sc_adv10, cell OR4X1MA10TH, and view symbol as the symbol.
INFO (VERILOGIN-126): Unable to find the Verilog definition for module AND3X1MA10TH. Therefore using library
tsmc65_sc_adv10, cell AND3X1MA10TH, and view symbol as the symbol.
INFO (VERILOGIN-126): Unable to find the Verilog definition for module AND3X0P7MA10TH. Therefore using library
tsmc65_sc_adv10, cell AND3X0P7MA10TH, and view symbol as the symbol.
INFO (VERILOGIN-126): Unable to find the Verilog definition for module NAND3X0P5MA10TH. Therefore using library
tsmc65_sc_adv10, cell NAND3X0P5MA10TH, and view symbol as the symbol.
INFO (VERILOGIN-126): Unable to find the Verilog definition for module NAND2XBX0P5MA10TH. Therefore using library
tsmc65_sc_adv10, cell NAND2XBX0P5MA10TH, and view symbol as the symbol.
INFO (VERILOGIN-126): Unable to find the Verilog definition for module NOR2X4AA10TH. Therefore using library
tsmc65_sc_adv10, cell NOR2X4AA10TH, and view symbol as the symbol.
INFO (VERILOGIN-126): Unable to find the Verilog definition for module AND3X3MA10TH. Therefore using library
tsmc65_sc_adv10, cell AND3X3MA10TH, and view symbol as the symbol.
INFO (VERILOGIN-126): Unable to find the Verilog definition for module NOR3X0P7MA10TH. Therefore using library
tsmc65_sc_adv10, cell NOR3X0P7MA10TH, and view symbol as the symbol.
INFO (VERILOGIN-126): Unable to find the Verilog definition for module OR2X3MA10TH. Therefore using library
tsmc65_sc_adv10, cell OR2X3MA10TH, and view symbol as the symbol.
INFO (VERILOGIN-126): Unable to find the Verilog definition for module MXIT2X0P7MA10TH. Therefore using library
tsmc65_sc_adv10, cell MXIT2X0P7MA10TH, and view symbol as the symbol.
INFO (VERILOGIN-126): Unable to find the Verilog definition for module OA21X0P7MA10TH. Therefore using library
tsmc65_sc_adv10, cell OA21X0P7MA10TH, and view symbol as the symbol.
INFO (VERILOGIN-126): Unable to find the Verilog definition for module MXT2X2MA10TH. Therefore using library
tsmc65_sc_adv10, cell MXT2X2MA10TH, and view symbol as the symbol.
INFO (VERILOGIN-126): Unable to find the Verilog definition for module AO22X2MA10TH. Therefore using library
tsmc65_sc_adv10, cell AO22X2MA10TH, and view symbol as the symbol.
INFO (VERILOGIN-126): Unable to find the Verilog definition for module OA21X2MA10TH. Therefore using library
tsmc65_sc_adv10, cell OA21X2MA10TH, and view symbol as the symbol.
INFO (VERILOGIN-126): Unable to find the Verilog definition for module AO1B2X0P7MA10TH. Therefore using library
tsmc65_sc_adv10, cell AO1B2X0P7MA10TH, and view symbol as the symbol.
INFO (VERILOGIN-126): Unable to find the Verilog definition for module AOI21X0P5MA10TH. Therefore using library
tsmc65_sc_adv10, cell AOI21X0P5MA10TH, and view symbol as the symbol.
INFO (VERILOGIN-126): Unable to find the Verilog definition for module OAI21X1P4MA10TH. Therefore using library
tsmc65_sc_adv10, cell OAI21X1P4MA10TH, and view symbol as the symbol.
INFO (VERILOGIN-126): Unable to find the Verilog definition for module BUFX7P5MA10TH. Therefore using library
tsmc65_sc_adv10, cell BUFX7P5MA10TH, and view symbol as the symbol.
INFO (VERILOGIN-126): Unable to find the Verilog definition for module NAND2X8AA10TH. Therefore using library
tsmc65_sc_adv10, cell NAND2X8AA10TH, and view symbol as the symbol.
INFO (VERILOGIN-126): Unable to find the Verilog definition for module AO21BX6MA10TH. Therefore using library
tsmc65_sc_adv10, cell AO21BX6MA10TH, and view symbol as the symbol.
INFO (VERILOGIN-126): Unable to find the Verilog definition for module MXT2X1MA10TH. Therefore using library
tsmc65_sc_adv10, cell MXT2X1MA10TH, and view symbol as the symbol.
INFO (VERILOGIN-126): Unable to find the Verilog definition for module AO21BX2MA10TH. Therefore using library
tsmc65_sc_adv10, cell AO21BX2MA10TH, and view symbol as the symbol.
INFO (VERILOGIN-126): Unable to find the Verilog definition for module MXIT2X1MA10TH. Therefore using library
tsmc65_sc_adv10, cell MXIT2X1MA10TH, and view symbol as the symbol.
INFO (VERILOGIN-126): Unable to find the Verilog definition for module XNOR2X0P5MA10TH. Therefore using library
tsmc65_sc_adv10, cell XNOR2X0P5MA10TH, and view symbol as the symbol.
INFO (VERILOGIN-126): Unable to find the Verilog definition for module AOI21BX0P5MA10TH. Therefore using library
tsmc65_sc_adv10, cell AOI21BX0P5MA10TH, and view symbol as the symbol.
INFO (VERILOGIN-126): Unable to find the Verilog definition for module NAND2X0P5BA10TH. Therefore using library
tsmc65_sc_adv10, cell NAND2X0P5BA10TH, and view symbol as the symbol.
INFO (VERILOGIN-126): Unable to find the Verilog definition for module AO21BX4MA10TH. Therefore using library
tsmc65_sc_adv10, cell AO21BX4MA10TH, and view symbol as the symbol.
INFO (VERILOGIN-126): Unable to find the Verilog definition for module INVX11MA10TH. Therefore using library
tsmc65_sc_adv10, cell INVX11MA10TH, and view symbol as the symbol.
INFO (VERILOGIN-126): Unable to find the Verilog definition for module BUFX11MA10TH. Therefore using library
tsmc65_sc_adv10, cell BUFX11MA10TH, and view symbol as the symbol.
INFO (VERILOGIN-126): Unable to find the Verilog definition for module XNOR2X0P7MA10TH. Therefore using library
tsmc65_sc_adv10, cell XNOR2X0P7MA10TH, and view symbol as the symbol.
INFO (VERILOGIN-126): Unable to find the Verilog definition for module OR6X6MA10TH. Therefore using library
tsmc65_sc_adv10, cell OR6X6MA10TH, and view symbol as the symbol.
INFO (VERILOGIN-126): Unable to find the Verilog definition for module MXIT2X2MA10TH. Therefore using library
tsmc65_sc_adv10, cell MXIT2X2MA10TH, and view symbol as the symbol.
INFO (VERILOGIN-126): Unable to find the Verilog definition for module AO22X4MA10TH. Therefore using library
tsmc65_sc_adv10, cell AO22X4MA10TH, and view symbol as the symbol.
INFO (VERILOGIN-126): Unable to find the Verilog definition for module XOR2X0P5MA10TH. Therefore using library
tsmc65_sc_adv10, cell XOR2X0P5MA10TH, and view symbol as the symbol.
INFO (VERILOGIN-126): Unable to find the Verilog definition for module NAND2XBX6MA10TH. Therefore using library
tsmc65_sc_adv10, cell NAND2XBX6MA10TH, and view symbol as the symbol.
INFO (VERILOGIN-126): Unable to find the Verilog definition for module AO1B2X0P5MA10TH. Therefore using library
tsmc65_sc_adv10, cell AO1B2X0P5MA10TH, and view symbol as the symbol.
INFO (VERILOGIN-126): Unable to find the Verilog definition for module AO22X0P5MA10TH. Therefore using library
tsmc65_sc_adv10, cell AO22X0P5MA10TH, and view symbol as the symbol.
INFO (VERILOGIN-126): Unable to find the Verilog definition for module MXIT2X0P5MA10TH. Therefore using library
tsmc65_sc_adv10, cell MXIT2X0P5MA10TH, and view symbol as the symbol.
INFO (VERILOGIN-126): Unable to find the Verilog definition for module XOR2X0P7MA10TH. Therefore using library
tsmc65_sc_adv10, cell XOR2X0P7MA10TH, and view symbol as the symbol.
INFO (VERILOGIN-126): Unable to find the Verilog definition for module MX2X0P5MA10TH. Therefore using library
tsmc65_sc_adv10, cell MX2X0P5MA10TH, and view symbol as the symbol.
INFO (VERILOGIN-126): Unable to find the Verilog definition for module NOR2XBX8MA10TH. Therefore using library
tsmc65_sc_adv10, cell NOR2XBX8MA10TH, and view symbol as the symbol.
INFO (VERILOGIN-126): Unable to find the Verilog definition for module INVX7P5MA10TH. Therefore using library
tsmc65_sc_adv10, cell INVX7P5MA10TH, and view symbol as the symbol.
INFO (VERILOGIN-126): Unable to find the Verilog definition for module NAND3X0P7AA10TH. Therefore using library
tsmc65_sc_adv10, cell NAND3X0P7AA10TH, and view symbol as the symbol.
INFO (VERILOGIN-126): Unable to find the Verilog definition for module LATNQX1MA10TH. Therefore using library
tsmc65_sc_adv10, cell LATNQX1MA10TH, and view symbol as the symbol.
INFO (VERILOGIN-126): Unable to find the Verilog definition for module NAND4X0P5MA10TH. Therefore using library
tsmc65_sc_adv10, cell NAND4X0P5MA10TH, and view symbol as the symbol.
INFO (VERILOGIN-126): Unable to find the Verilog definition for module NAND4X0P7AA10TH. Therefore using library
tsmc65_sc_adv10, cell NAND4X0P7AA10TH, and view symbol as the symbol.
INFO (VERILOGIN-126): Unable to find the Verilog definition for module AND4X0P5MA10TH. Therefore using library
tsmc65_sc_adv10, cell AND4X0P5MA10TH, and view symbol as the symbol.
INFO (VERILOGIN-126): Unable to find the Verilog definition for module OR6X0P5MA10TH. Therefore using library
tsmc65_sc_adv10, cell OR6X0P5MA10TH, and view symbol as the symbol.
INFO (VERILOGIN-126): Unable to find the Verilog definition for module ADDFX1MA10TH. Therefore using library
tsmc65_sc_adv10, cell ADDFX1MA10TH, and view symbol as the symbol.
INFO (VERILOGIN-126): Unable to find the Verilog definition for module XOR3X1MA10TH. Therefore using library
tsmc65_sc_adv10, cell XOR3X1MA10TH, and view symbol as the symbol.
INFO (VERILOGIN-126): Unable to find the Verilog definition for module OAI211X4MA10TH. Therefore using library
tsmc65_sc_adv10, cell OAI211X4MA10TH, and view symbol as the symbol.
INFO (VERILOGIN-126): Unable to find the Verilog definition for module OR6X2MA10TH. Therefore using library
tsmc65_sc_adv10, cell OR6X2MA10TH, and view symbol as the symbol.
INFO (VERILOGIN-126): Unable to find the Verilog definition for module NAND4X1P4AA10TH. Therefore using library
tsmc65_sc_adv10, cell NAND4X1P4AA10TH, and view symbol as the symbol.
INFO (VERILOGIN-126): Unable to find the Verilog definition for module AOI211X3MA10TH. Therefore using library
tsmc65_sc_adv10, cell AOI211X3MA10TH, and view symbol as the symbol.
INFO (VERILOGIN-126): Unable to find the Verilog definition for module OR3X1P4MA10TH. Therefore using library
tsmc65_sc_adv10, cell OR3X1P4MA10TH, and view symbol as the symbol.
INFO (VERILOGIN-126): Unable to find the Verilog definition for module XNOR3X1MA10TH. Therefore using library
tsmc65_sc_adv10, cell XNOR3X1MA10TH, and view symbol as the symbol.
INFO (VERILOGIN-126): Unable to find the Verilog definition for module XNOR3X0P5MA10TH. Therefore using library
tsmc65_sc_adv10, cell XNOR3X0P5MA10TH, and view symbol as the symbol.
INFO (VERILOGIN-126): Unable to find the Verilog definition for module NAND4BX0P5MA10TH. Therefore using library
tsmc65_sc_adv10, cell NAND4BX0P5MA10TH, and view symbol as the symbol.
INFO (VERILOGIN-126): Unable to find the Verilog definition for module XNOR3X0P7MA10TH. Therefore using library
tsmc65_sc_adv10, cell XNOR3X0P7MA10TH, and view symbol as the symbol.
INFO (VERILOGIN-126): Unable to find the Verilog definition for module AOI211X0P5MA10TH. Therefore using library
tsmc65_sc_adv10, cell AOI211X0P5MA10TH, and view symbol as the symbol.
INFO (VERILOGIN-126): Unable to find the Verilog definition for module NAND3X2MA10TH. Therefore using library
tsmc65_sc_adv10, cell NAND3X2MA10TH, and view symbol as the symbol.
INFO (VERILOGIN-126): Unable to find the Verilog definition for module AOI32X0P7MA10TH. Therefore using library
tsmc65_sc_adv10, cell AOI32X0P7MA10TH, and view symbol as the symbol.
INFO (VERILOGIN-126): Unable to find the Verilog definition for module AND4X8MA10TH. Therefore using library
tsmc65_sc_adv10, cell AND4X8MA10TH, and view symbol as the symbol.
INFO (VERILOGIN-126): Unable to find the Verilog definition for module NAND3X1P4MA10TH. Therefore using library
tsmc65_sc_adv10, cell NAND3X1P4MA10TH, and view symbol as the symbol.
INFO (VERILOGIN-126): Unable to find the Verilog definition for module NAND3X0P5AA10TH. Therefore using library
tsmc65_sc_adv10, cell NAND3X0P5AA10TH, and view symbol as the symbol.
INFO (VERILOGIN-126): Unable to find the Verilog definition for module AOI32X0P5MA10TH. Therefore using library
tsmc65_sc_adv10, cell AOI32X0P5MA10TH, and view symbol as the symbol.
INFO (VERILOGIN-126): Unable to find the Verilog definition for module AOI2XB1X2MA10TH. Therefore using library
tsmc65_sc_adv10, cell AOI2XB1X2MA10TH, and view symbol as the symbol.
INFO (VERILOGIN-126): Unable to find the Verilog definition for module OAI21X0P7MA10TH. Therefore using library
tsmc65_sc_adv10, cell OAI21X0P7MA10TH, and view symbol as the symbol.
INFO (VERILOGIN-126): Unable to find the Verilog definition for module XOR3X0P5MA10TH. Therefore using library
tsmc65_sc_adv10, cell XOR3X0P5MA10TH, and view symbol as the symbol.
INFO (VERILOGIN-126): Unable to find the Verilog definition for module OAI22X0P5MA10TH. Therefore using library
tsmc65_sc_adv10, cell OAI22X0P5MA10TH, and view symbol as the symbol.
INFO (VERILOGIN-126): Unable to find the Verilog definition for module AND3X0P5MA10TH. Therefore using library
tsmc65_sc_adv10, cell AND3X0P5MA10TH, and view symbol as the symbol.
INFO (VERILOGIN-126): Unable to find the Verilog definition for module OR3X1MA10TH. Therefore using library
tsmc65_sc_adv10, cell OR3X1MA10TH, and view symbol as the symbol.
INFO (VERILOGIN-126): Unable to find the Verilog definition for module NAND3BX0P7MA10TH. Therefore using library
tsmc65_sc_adv10, cell NAND3BX0P7MA10TH, and view symbol as the symbol.
INFO (VERILOGIN-126): Unable to find the Verilog definition for module NOR2X0P5AA10TH. Therefore using library
tsmc65_sc_adv10, cell NOR2X0P5AA10TH, and view symbol as the symbol.
INFO (VERILOGIN-126): Unable to find the Verilog definition for module NOR2X0P7AA10TH. Therefore using library
tsmc65_sc_adv10, cell NOR2X0P7AA10TH, and view symbol as the symbol.
INFO (VERILOGIN-126): Unable to find the Verilog definition for module OAI222X0P7MA10TH. Therefore using library
tsmc65_sc_adv10, cell OAI222X0P7MA10TH, and view symbol as the symbol.
INFO (VERILOGIN-126): Unable to find the Verilog definition for module XNOR3X4MA10TH. Therefore using library
tsmc65_sc_adv10, cell XNOR3X4MA10TH, and view symbol as the symbol.
INFO (VERILOGIN-126): Unable to find the Verilog definition for module ADDFX2MA10TH. Therefore using library
tsmc65_sc_adv10, cell ADDFX2MA10TH, and view symbol as the symbol.
INFO (VERILOGIN-126): Unable to find the Verilog definition for module ADDHX1P4MA10TH. Therefore using library
tsmc65_sc_adv10, cell ADDHX1P4MA10TH, and view symbol as the symbol.
INFO (VERILOGIN-126): Unable to find the Verilog definition for module MXT2X4MA10TH. Therefore using library
tsmc65_sc_adv10, cell MXT2X4MA10TH, and view symbol as the symbol.
INFO (VERILOGIN-126): Unable to find the Verilog definition for module MXT2X6MA10TH. Therefore using library
tsmc65_sc_adv10, cell MXT2X6MA10TH, and view symbol as the symbol.
INFO (VERILOGIN-126): Unable to find the Verilog definition for module MX2X4MA10TH. Therefore using library
tsmc65_sc_adv10, cell MX2X4MA10TH, and view symbol as the symbol.
INFO (VERILOGIN-126): Unable to find the Verilog definition for module MX2X4BA10TH. Therefore using library
tsmc65_sc_adv10, cell MX2X4BA10TH, and view symbol as the symbol.
INFO (VERILOGIN-126): Unable to find the Verilog definition for module MXT2X3MA10TH. Therefore using library
tsmc65_sc_adv10, cell MXT2X3MA10TH, and view symbol as the symbol.
INFO (VERILOGIN-126): Unable to find the Verilog definition for module MX2X3BA10TH. Therefore using library
tsmc65_sc_adv10, cell MX2X3BA10TH, and view symbol as the symbol.
INFO (VERILOGIN-126): Unable to find the Verilog definition for module MXT2X1P4MA10TH. Therefore using library
tsmc65_sc_adv10, cell MXT2X1P4MA10TH, and view symbol as the symbol.
INFO (VERILOGIN-126): Unable to find the Verilog definition for module OAI21BX0P7MA10TH. Therefore using library
tsmc65_sc_adv10, cell OAI21BX0P7MA10TH, and view symbol as the symbol.
INFO (VERILOGIN-126): Unable to find the Verilog definition for module NOR2XBX1P4MA10TH. Therefore using library
tsmc65_sc_adv10, cell NOR2XBX1P4MA10TH, and view symbol as the symbol.
INFO (VERILOGIN-126): Unable to find the Verilog definition for module AND3X4MA10TH. Therefore using library
tsmc65_sc_adv10, cell AND3X4MA10TH, and view symbol as the symbol.
INFO (VERILOGIN-126): Unable to find the Verilog definition for module BUFHX9MA10TH. Therefore using library
tsmc65_sc_adv10, cell BUFHX9MA10TH, and view symbol as the symbol.
INFO (VERILOGIN-126): Unable to find the Verilog definition for module NAND3X3AA10TH. Therefore using library
tsmc65_sc_adv10, cell NAND3X3AA10TH, and view symbol as the symbol.
INFO (VERILOGIN-126): Unable to find the Verilog definition for module OAI221X2MA10TH. Therefore using library
tsmc65_sc_adv10, cell OAI221X2MA10TH, and view symbol as the symbol.
INFO (VERILOGIN-126): Unable to find the Verilog definition for module AOI31X2MA10TH. Therefore using library
tsmc65_sc_adv10, cell AOI31X2MA10TH, and view symbol as the symbol.
INFO (VERILOGIN-126): Unable to find the Verilog definition for module AOI211X1P4MA10TH. Therefore using library
tsmc65_sc_adv10, cell AOI211X1P4MA10TH, and view symbol as the symbol.
INFO (VERILOGIN-126): Unable to find the Verilog definition for module NAND4XXXBX0P7MA10TH. Therefore using library
tsmc65_sc_adv10, cell NAND4XXXBX0P7MA10TH, and view symbol as the symbol.
INFO (VERILOGIN-126): Unable to find the Verilog definition for module OAI222X2MA10TH. Therefore using library
tsmc65_sc_adv10, cell OAI222X2MA10TH, and view symbol as the symbol.
INFO (VERILOGIN-126): Unable to find the Verilog definition for module AND3X1P4MA10TH. Therefore using library
tsmc65_sc_adv10, cell AND3X1P4MA10TH, and view symbol as the symbol.
INFO (VERILOGIN-126): Unable to find the Verilog definition for module MX2X2BA10TH. Therefore using library
tsmc65_sc_adv10, cell MX2X2BA10TH, and view symbol as the symbol.
INFO (VERILOGIN-126): Unable to find the Verilog definition for module AO22X6MA10TH. Therefore using library
tsmc65_sc_adv10, cell AO22X6MA10TH, and view symbol as the symbol.
INFO (VERILOGIN-126): Unable to find the Verilog definition for module AND2X8MA10TH. Therefore using library
tsmc65_sc_adv10, cell AND2X8MA10TH, and view symbol as the symbol.
INFO (VERILOGIN-126): Unable to find the Verilog definition for module AND2X11MA10TH. Therefore using library
tsmc65_sc_adv10, cell AND2X11MA10TH, and view symbol as the symbol.
INFO (VERILOGIN-126): Unable to find the Verilog definition for module NOR2BX8MA10TH. Therefore using library
tsmc65_sc_adv10, cell NOR2BX8MA10TH, and view symbol as the symbol.
INFO (VERILOGIN-126): Unable to find the Verilog definition for module AOI31X1P4MA10TH. Therefore using library
tsmc65_sc_adv10, cell AOI31X1P4MA10TH, and view symbol as the symbol.
INFO (VERILOGIN-126): Unable to find the Verilog definition for module DFFRPQX3MA10TH. Therefore using library
tsmc65_sc_adv10, cell DFFRPQX3MA10TH, and view symbol as the symbol.
INFO (VERILOGIN-126): Unable to find the Verilog definition for module NAND2X1P4MA10TH. Therefore using library
tsmc65_sc_adv10, cell NAND2X1P4MA10TH, and view symbol as the symbol.
INFO (VERILOGIN-126): Unable to find the Verilog definition for module AO21BX1P4MA10TH. Therefore using library
tsmc65_sc_adv10, cell AO21BX1P4MA10TH, and view symbol as the symbol.
INFO (VERILOGIN-126): Unable to find the Verilog definition for module AO21BX0P7MA10TH. Therefore using library
tsmc65_sc_adv10, cell AO21BX0P7MA10TH, and view symbol as the symbol.
INFO (VERILOGIN-126): Unable to find the Verilog definition for module OAI211X0P7MA10TH. Therefore using library
tsmc65_sc_adv10, cell OAI211X0P7MA10TH, and view symbol as the symbol.
INFO (VERILOGIN-126): Unable to find the Verilog definition for module OAI21BX0P5MA10TH. Therefore using library
tsmc65_sc_adv10, cell OAI21BX0P5MA10TH, and view symbol as the symbol.
INFO (VERILOGIN-126): Unable to find the Verilog definition for module OR4X0P5MA10TH. Therefore using library
tsmc65_sc_adv10, cell OR4X0P5MA10TH, and view symbol as the symbol.
INFO (VERILOGIN-126): Unable to find the Verilog definition for module NAND3XXBX0P5MA10TH. Therefore using library
tsmc65_sc_adv10, cell NAND3XXBX0P5MA10TH, and view symbol as the symbol.
INFO (VERILOGIN-126): Unable to find the Verilog definition for module NAND3XXBX0P7MA10TH. Therefore using library
tsmc65_sc_adv10, cell NAND3XXBX0P7MA10TH, and view symbol as the symbol.
INFO (VERILOGIN-126): Unable to find the Verilog definition for module OR4X0P7MA10TH. Therefore using library
tsmc65_sc_adv10, cell OR4X0P7MA10TH, and view symbol as the symbol.
INFO (VERILOGIN-126): Unable to find the Verilog definition for module AOI2XB1X0P5MA10TH. Therefore using library
tsmc65_sc_adv10, cell AOI2XB1X0P5MA10TH, and view symbol as the symbol.
INFO (VERILOGIN-126): Unable to find the Verilog definition for module AOI211X0P7MA10TH. Therefore using library
tsmc65_sc_adv10, cell AOI211X0P7MA10TH, and view symbol as the symbol.
INFO (VERILOGIN-126): Unable to find the Verilog definition for module AO1B2X3MA10TH. Therefore using library
tsmc65_sc_adv10, cell AO1B2X3MA10TH, and view symbol as the symbol.
INFO (VERILOGIN-126): Unable to find the Verilog definition for module OR2X0P7MA10TH. Therefore using library
tsmc65_sc_adv10, cell OR2X0P7MA10TH, and view symbol as the symbol.
INFO (VERILOGIN-126): Unable to find the Verilog definition for module AO1B2X2MA10TH. Therefore using library
tsmc65_sc_adv10, cell AO1B2X2MA10TH, and view symbol as the symbol.
INFO (VERILOGIN-126): Unable to find the Verilog definition for module AOI222X0P7MA10TH. Therefore using library
tsmc65_sc_adv10, cell AOI222X0P7MA10TH, and view symbol as the symbol.
INFO (VERILOGIN-126): Unable to find the Verilog definition for module AO1B2X1P4MA10TH. Therefore using library
tsmc65_sc_adv10, cell AO1B2X1P4MA10TH, and view symbol as the symbol.
INFO (VERILOGIN-126): Unable to find the Verilog definition for module OR3X0P7MA10TH. Therefore using library
tsmc65_sc_adv10, cell OR3X0P7MA10TH, and view symbol as the symbol.
INFO (VERILOGIN-126): Unable to find the Verilog definition for module NAND2XBX1P4MA10TH. Therefore using library
tsmc65_sc_adv10, cell NAND2XBX1P4MA10TH, and view symbol as the symbol.
INFO (VERILOGIN-126): Unable to find the Verilog definition for module NAND3BX2MA10TH. Therefore using library
tsmc65_sc_adv10, cell NAND3BX2MA10TH, and view symbol as the symbol.
INFO (VERILOGIN-126): Unable to find the Verilog definition for module OAI222X0P5MA10TH. Therefore using library
tsmc65_sc_adv10, cell OAI222X0P5MA10TH, and view symbol as the symbol.
INFO (VERILOGIN-126): Unable to find the Verilog definition for module AO21X0P5MA10TH. Therefore using library
tsmc65_sc_adv10, cell AO21X0P5MA10TH, and view symbol as the symbol.
INFO (VERILOGIN-126): Unable to find the Verilog definition for module OscillatorCurrentStarved. Therefore using library
myshkin, cell OscillatorCurrentStarved, and view symbol as the symbol.
INFO (VERILOGIN-126): Unable to find the Verilog definition for module NAND3XXBX1P4MA10TH. Therefore using library
tsmc65_sc_adv10, cell NAND3XXBX1P4MA10TH, and view symbol as the symbol.
INFO (VERILOGIN-126): Unable to find the Verilog definition for module NAND2X0P7MA10TH. Therefore using library
tsmc65_sc_adv10, cell NAND2X0P7MA10TH, and view symbol as the symbol.
INFO (VERILOGIN-126): Unable to find the Verilog definition for module SDFFSQX1MA10TH. Therefore using library
tsmc65_sc_adv10, cell SDFFSQX1MA10TH, and view symbol as the symbol.
INFO (VERILOGIN-126): Unable to find the Verilog definition for module A2DFFQX4MA10TH. Therefore using library
tsmc65_sc_adv10, cell A2DFFQX4MA10TH, and view symbol as the symbol.
INFO (VERILOGIN-126): Unable to find the Verilog definition for module A2DFFQX3MA10TH. Therefore using library
tsmc65_sc_adv10, cell A2DFFQX3MA10TH, and view symbol as the symbol.
INFO (VERILOGIN-126): Unable to find the Verilog definition for module OAI21X6MA10TH. Therefore using library
tsmc65_sc_adv10, cell OAI21X6MA10TH, and view symbol as the symbol.
INFO (VERILOGIN-126): Unable to find the Verilog definition for module AOI2XB1X6MA10TH. Therefore using library
tsmc65_sc_adv10, cell AOI2XB1X6MA10TH, and view symbol as the symbol.
INFO (VERILOGIN-126): Unable to find the Verilog definition for module DFFSRPQX1MA10TH. Therefore using library
tsmc65_sc_adv10, cell DFFSRPQX1MA10TH, and view symbol as the symbol.
INFO (VERILOGIN-126): Unable to find the Verilog definition for module SDFFSRPQX1MA10TH. Therefore using library
tsmc65_sc_adv10, cell SDFFSRPQX1MA10TH, and view symbol as the symbol.
INFO (VERILOGIN-126): Unable to find the Verilog definition for module SDFFRPQNX0P5MA10TH. Therefore using library
tsmc65_sc_adv10, cell SDFFRPQNX0P5MA10TH, and view symbol as the symbol.
INFO (VERILOGIN-126): Unable to find the Verilog definition for module OAI221X0P5MA10TH. Therefore using library
tsmc65_sc_adv10, cell OAI221X0P5MA10TH, and view symbol as the symbol.
INFO (VERILOGIN-126): Unable to find the Verilog definition for module AOI2XB1X4MA10TH. Therefore using library
tsmc65_sc_adv10, cell AOI2XB1X4MA10TH, and view symbol as the symbol.
INFO (VERILOGIN-126): Unable to find the Verilog definition for module SDFFRPQX0P5MA10TH. Therefore using library
tsmc65_sc_adv10, cell SDFFRPQX0P5MA10TH, and view symbol as the symbol.
INFO (VERILOGIN-126): Unable to find the Verilog definition for module GlitchFilter. Therefore using library
myshkin, cell GlitchFilter, and view symbol as the symbol.
INFO (VERILOGIN-126): Unable to find the Verilog definition for module AO22X0P7MA10TH. Therefore using library
tsmc65_sc_adv10, cell AO22X0P7MA10TH, and view symbol as the symbol.
INFO (VERILOGIN-126): Unable to find the Verilog definition for module AO21X1P4MA10TH. Therefore using library
tsmc65_sc_adv10, cell AO21X1P4MA10TH, and view symbol as the symbol.
INFO (VERILOGIN-126): Unable to find the Verilog definition for module AO21X2MA10TH. Therefore using library
tsmc65_sc_adv10, cell AO21X2MA10TH, and view symbol as the symbol.
INFO (VERILOGIN-126): Unable to find the Verilog definition for module AO21X3MA10TH. Therefore using library
tsmc65_sc_adv10, cell AO21X3MA10TH, and view symbol as the symbol.
INFO (VERILOGIN-126): Unable to find the Verilog definition for module AO22X3MA10TH. Therefore using library
tsmc65_sc_adv10, cell AO22X3MA10TH, and view symbol as the symbol.
INFO (VERILOGIN-126): Unable to find the Verilog definition for module SDFFNSQX1MA10TH. Therefore using library
tsmc65_sc_adv10, cell SDFFNSQX1MA10TH, and view symbol as the symbol.
INFO (VERILOGIN-126): Unable to find the Verilog definition for module AO22X1P4MA10TH. Therefore using library
tsmc65_sc_adv10, cell AO22X1P4MA10TH, and view symbol as the symbol.
INFO (VERILOGIN-126): Unable to find the Verilog definition for module DFFRPQX2MA10TH. Therefore using library
tsmc65_sc_adv10, cell DFFRPQX2MA10TH, and view symbol as the symbol.
INFO (VERILOGIN-126): Unable to find the Verilog definition for module PowerOnResetCheng. Therefore using library
myshkin, cell PowerOnResetCheng, and view symbol as the symbol.
INFO (VERILOGIN-126): Unable to find the Verilog definition for module BUFHX2MA10TH. Therefore using library
tsmc65_sc_adv10, cell BUFHX2MA10TH, and view symbol as the symbol.
INFO (VERILOGIN-126): Unable to find the Verilog definition for module BUFX3P5MA10TH. Therefore using library
tsmc65_sc_adv10, cell BUFX3P5MA10TH, and view symbol as the symbol.
INFO (VERILOGIN-126): Unable to find the Verilog definition for module INVX0P5BA10TH. Therefore using library
tsmc65_sc_adv10, cell INVX0P5BA10TH, and view symbol as the symbol.
INFO (VERILOGIN-126): Unable to find the Verilog definition for module BUFHX0P8MA10TH. Therefore using library
tsmc65_sc_adv10, cell BUFHX0P8MA10TH, and view symbol as the symbol.
INFO (VERILOGIN-126): Unable to find the Verilog definition for module BUFX0P7MA10TH. Therefore using library
tsmc65_sc_adv10, cell BUFX0P7MA10TH, and view symbol as the symbol.
INFO (VERILOGIN-126): Unable to find the Verilog definition for module DLY2X0P5MA10TH. Therefore using library
tsmc65_sc_adv10, cell DLY2X0P5MA10TH, and view symbol as the symbol.
INFO (VERILOGIN-126): Unable to find the Verilog definition for module DLY4X0P5MA10TH. Therefore using library
tsmc65_sc_adv10, cell DLY4X0P5MA10TH, and view symbol as the symbol.
INFO (VERILOGIN-126): Unable to find the Verilog definition for module OAI2XB1X1P4MA10TH. Therefore using library
tsmc65_sc_adv10, cell OAI2XB1X1P4MA10TH, and view symbol as the symbol.
INFO (VERILOGIN-126): Unable to find the Verilog definition for module SDFFNRPQX1MA10TH. Therefore using library
tsmc65_sc_adv10, cell SDFFNRPQX1MA10TH, and view symbol as the symbol.
INFO (VERILOGIN-126): Unable to find the Verilog definition for module SDFFNQX1MA10TH. Therefore using library
tsmc65_sc_adv10, cell SDFFNQX1MA10TH, and view symbol as the symbol.
INFO (VERILOGIN-126): Unable to find the Verilog definition for module OA22X0P5MA10TH. Therefore using library
tsmc65_sc_adv10, cell OA22X0P5MA10TH, and view symbol as the symbol.
INFO (VERILOGIN-126): Unable to find the Verilog definition for module XOR2X4MA10TH. Therefore using library
tsmc65_sc_adv10, cell XOR2X4MA10TH, and view symbol as the symbol.
INFO (VERILOGIN-126): Unable to find the Verilog definition for module SDFFRPQNX1MA10TH. Therefore using library
tsmc65_sc_adv10, cell SDFFRPQNX1MA10TH, and view symbol as the symbol.
INFO (VERILOGIN-126): Unable to find the Verilog definition for module SDFFSRPQX0P5MA10TH. Therefore using library
tsmc65_sc_adv10, cell SDFFSRPQX0P5MA10TH, and view symbol as the symbol.
INFO (VERILOGIN-126): Unable to find the Verilog definition for module XOR2X3MA10TH. Therefore using library
tsmc65_sc_adv10, cell XOR2X3MA10TH, and view symbol as the symbol.
INFO (VERILOGIN-126): Unable to find the Verilog definition for module SDFFQX0P5MA10TH. Therefore using library
tsmc65_sc_adv10, cell SDFFQX0P5MA10TH, and view symbol as the symbol.
INFO (VERILOGIN-126): Unable to find the Verilog definition for module A2SDFFQX0P5MA10TH. Therefore using library
tsmc65_sc_adv10, cell A2SDFFQX0P5MA10TH, and view symbol as the symbol.
INFO (VERILOGIN-126): Unable to find the Verilog definition for module NOR3X0P5AA10TH. Therefore using library
tsmc65_sc_adv10, cell NOR3X0P5AA10TH, and view symbol as the symbol.
INFO (VERILOGIN-126): Unable to find the Verilog definition for module SDFFQX1MA10TH. Therefore using library
tsmc65_sc_adv10, cell SDFFQX1MA10TH, and view symbol as the symbol.
INFO (VERILOGIN-126): Unable to find the Verilog definition for module SDFFQNX0P5MA10TH. Therefore using library
tsmc65_sc_adv10, cell SDFFQNX0P5MA10TH, and view symbol as the symbol.
INFO (VERILOGIN-126): Unable to find the Verilog definition for module OAI21BX2MA10TH. Therefore using library
tsmc65_sc_adv10, cell OAI21BX2MA10TH, and view symbol as the symbol.
INFO (VERILOGIN-126): Unable to find the Verilog definition for module OA21X0P5MA10TH. Therefore using library
tsmc65_sc_adv10, cell OA21X0P5MA10TH, and view symbol as the symbol.
INFO (VERILOGIN-126): Unable to find the Verilog definition for module OAI21X8MA10TH. Therefore using library
tsmc65_sc_adv10, cell OAI21X8MA10TH, and view symbol as the symbol.
INFO (VERILOGIN-126): Unable to find the Verilog definition for module SDFFSQNX1MA10TH. Therefore using library
tsmc65_sc_adv10, cell SDFFSQNX1MA10TH, and view symbol as the symbol.
INFO (VERILOGIN-126): Unable to find the Verilog definition for module DFFNSQX1MA10TH. Therefore using library
tsmc65_sc_adv10, cell DFFNSQX1MA10TH, and view symbol as the symbol.
INFO (VERILOGIN-126): Unable to find the Verilog definition for module sram1p16k_hvt_pg. Therefore using library
sram1p16k_hvt_pg, cell sram1p16k_hvt_pg, and view symbol as the symbol.
INFO (VERILOGIN-126): Unable to find the Verilog definition for module rom_hvt_pg. Therefore using library
rom_hvt_pg, cell rom_hvt_pg, and view symbol as the symbol.
INFO (VERILOGIN-357): Checked in symbol MCU.
INFO (VERILOGIN-412): Checked-in connect by name schematic MCU.
INFO (VERILOGIN-206): End of Logfile.
